-- Found ament_cmake: 1.3.10 (/opt/ros/humble/share/ament_cmake/cmake)
-- Found ament_lint_auto: 0.12.11 (/opt/ros/humble/share/ament_lint_auto/cmake)
WARNING: Package name "KR600_2830_description" does not follow the naming conventions. It should start with a lower case letter and only contain lower case letters, digits, underscores, and dashes.
-- Added test 'flake8' to check Python code syntax and style conventions
-- Added test 'lint_cmake' to check CMake code style
-- Added test 'pep257' to check Python code against some of the docstring style conventions in PEP 257
-- Added test 'xmllint' to check XML markup files
-- Configuring done
-- Generating done
-- Build files have been written to: /root/dream_ws/build/KR600_2830_description
-- Install configuration: ""
-- Up-to-date: /root/dream_ws/install/KR600_2830_description/share/KR600_2830_description/launch
-- Up-to-date: /root/dream_ws/install/KR600_2830_description/share/KR600_2830_description/launch/view_description.launch.py
-- Installing: /root/dream_ws/install/KR600_2830_description/share/KR600_2830_description/launch/test1.launch.py
-- Installing: /root/dream_ws/install/KR600_2830_description/share/KR600_2830_description/launch/test2.launch.py
-- Up-to-date: /root/dream_ws/install/KR600_2830_description/share/KR600_2830_description/meshes
-- Up-to-date: /root/dream_ws/install/KR600_2830_description/share/KR600_2830_description/meshes/link6.stl
-- Up-to-date: /root/dream_ws/install/KR600_2830_description/share/KR600_2830_description/meshes/base_link.stl
-- Up-to-date: /root/dream_ws/install/KR600_2830_description/share/KR600_2830_description/meshes/link4.stl
-- Up-to-date: /root/dream_ws/install/KR600_2830_description/share/KR600_2830_description/meshes/link5.stl
-- Up-to-date: /root/dream_ws/install/KR600_2830_description/share/KR600_2830_description/meshes/link3.stl
-- Up-to-date: /root/dream_ws/install/KR600_2830_description/share/KR600_2830_description/meshes/link2.stl
-- Up-to-date: /root/dream_ws/install/KR600_2830_description/share/KR600_2830_description/meshes/link1.stl
-- Up-to-date: /root/dream_ws/install/KR600_2830_description/share/KR600_2830_description/rviz
-- Up-to-date: /root/dream_ws/install/KR600_2830_description/share/KR600_2830_description/rviz/config.rviz
-- Up-to-date: /root/dream_ws/install/KR600_2830_description/share/KR600_2830_description/urdf
-- Up-to-date: /root/dream_ws/install/KR600_2830_description/share/KR600_2830_description/urdf/model.urdf
-- Installing: /root/dream_ws/install/KR600_2830_description/share/KR600_2830_description/urdf/simple_model.urdf
-- Installing: /root/dream_ws/install/KR600_2830_description/share/ament_index/resource_index/package_run_dependencies/KR600_2830_description
-- Installing: /root/dream_ws/install/KR600_2830_description/share/ament_index/resource_index/parent_prefix_path/KR600_2830_description
-- Installing: /root/dream_ws/install/KR600_2830_description/share/KR600_2830_description/environment/ament_prefix_path.sh
-- Installing: /root/dream_ws/install/KR600_2830_description/share/KR600_2830_description/environment/ament_prefix_path.dsv
-- Installing: /root/dream_ws/install/KR600_2830_description/share/KR600_2830_description/environment/path.sh
-- Installing: /root/dream_ws/install/KR600_2830_description/share/KR600_2830_description/environment/path.dsv
-- Installing: /root/dream_ws/install/KR600_2830_description/share/KR600_2830_description/local_setup.bash
-- Installing: /root/dream_ws/install/KR600_2830_description/share/KR600_2830_description/local_setup.sh
-- Installing: /root/dream_ws/install/KR600_2830_description/share/KR600_2830_description/local_setup.zsh
-- Installing: /root/dream_ws/install/KR600_2830_description/share/KR600_2830_description/local_setup.dsv
-- Installing: /root/dream_ws/install/KR600_2830_description/share/KR600_2830_description/package.dsv
-- Installing: /root/dream_ws/install/KR600_2830_description/share/ament_index/resource_index/packages/KR600_2830_description
-- Installing: /root/dream_ws/install/KR600_2830_description/share/KR600_2830_description/cmake/KR600_2830_descriptionConfig.cmake
-- Installing: /root/dream_ws/install/KR600_2830_description/share/KR600_2830_description/cmake/KR600_2830_descriptionConfig-version.cmake
-- Up-to-date: /root/dream_ws/install/KR600_2830_description/share/KR600_2830_description/package.xml
