[0.017s] Invoking command in '/root/dream_ws/build/KR600_2830_description': CMAKE_PREFIX_PATH=${CMAKE_PREFIX_PATH}:/opt/ros/humble /usr/bin/cmake --build /root/dream_ws/build/KR600_2830_description -- -j12 -l12
[0.054s] -- Found ament_cmake: 1.3.10 (/opt/ros/humble/share/ament_cmake/cmake)
[0.246s] -- Found ament_lint_auto: 0.12.11 (/opt/ros/humble/share/ament_lint_auto/cmake)
[0.306s] WARNING: Package name "KR600_2830_description" does not follow the naming conventions. It should start with a lower case letter and only contain lower case letters, digits, underscores, and dashes.
[0.336s] -- Added test 'flake8' to check Python code syntax and style conventions
[0.336s] -- Added test 'lint_cmake' to check CMake code style
[0.337s] -- Added test 'pep257' to check Python code against some of the docstring style conventions in PEP 257
[0.339s] -- Added test 'xmllint' to check XML markup files
[0.342s] -- Configuring done
[0.349s] -- Generating done
[0.350s] -- Build files have been written to: /root/dream_ws/build/KR600_2830_description
[0.370s] Invoked command in '/root/dream_ws/build/KR600_2830_description' returned '0': CMAKE_PREFIX_PATH=${CMAKE_PREFIX_PATH}:/opt/ros/humble /usr/bin/cmake --build /root/dream_ws/build/KR600_2830_description -- -j12 -l12
[0.403s] Invoking command in '/root/dream_ws/build/KR600_2830_description': CMAKE_PREFIX_PATH=${CMAKE_PREFIX_PATH}:/opt/ros/humble /usr/bin/cmake --install /root/dream_ws/build/KR600_2830_description
[0.410s] -- Install configuration: ""
[0.410s] -- Up-to-date: /root/dream_ws/install/KR600_2830_description/share/KR600_2830_description/launch
[0.410s] -- Up-to-date: /root/dream_ws/install/KR600_2830_description/share/KR600_2830_description/launch/view_description.launch.py
[0.410s] -- Installing: /root/dream_ws/install/KR600_2830_description/share/KR600_2830_description/launch/test1.launch.py
[0.411s] -- Installing: /root/dream_ws/install/KR600_2830_description/share/KR600_2830_description/launch/test2.launch.py
[0.411s] -- Up-to-date: /root/dream_ws/install/KR600_2830_description/share/KR600_2830_description/meshes
[0.411s] -- Up-to-date: /root/dream_ws/install/KR600_2830_description/share/KR600_2830_description/meshes/link6.stl
[0.411s] -- Up-to-date: /root/dream_ws/install/KR600_2830_description/share/KR600_2830_description/meshes/base_link.stl
[0.411s] -- Up-to-date: /root/dream_ws/install/KR600_2830_description/share/KR600_2830_description/meshes/link4.stl
[0.412s] -- Up-to-date: /root/dream_ws/install/KR600_2830_description/share/KR600_2830_description/meshes/link5.stl
[0.412s] -- Up-to-date: /root/dream_ws/install/KR600_2830_description/share/KR600_2830_description/meshes/link3.stl
[0.412s] -- Up-to-date: /root/dream_ws/install/KR600_2830_description/share/KR600_2830_description/meshes/link2.stl
[0.412s] -- Up-to-date: /root/dream_ws/install/KR600_2830_description/share/KR600_2830_description/meshes/link1.stl
[0.412s] -- Up-to-date: /root/dream_ws/install/KR600_2830_description/share/KR600_2830_description/rviz
[0.413s] -- Up-to-date: /root/dream_ws/install/KR600_2830_description/share/KR600_2830_description/rviz/config.rviz
[0.413s] -- Up-to-date: /root/dream_ws/install/KR600_2830_description/share/KR600_2830_description/urdf
[0.413s] -- Up-to-date: /root/dream_ws/install/KR600_2830_description/share/KR600_2830_description/urdf/model.urdf
[0.413s] -- Installing: /root/dream_ws/install/KR600_2830_description/share/KR600_2830_description/urdf/simple_model.urdf
[0.413s] -- Installing: /root/dream_ws/install/KR600_2830_description/share/ament_index/resource_index/package_run_dependencies/KR600_2830_description
[0.414s] -- Installing: /root/dream_ws/install/KR600_2830_description/share/ament_index/resource_index/parent_prefix_path/KR600_2830_description
[0.414s] -- Installing: /root/dream_ws/install/KR600_2830_description/share/KR600_2830_description/environment/ament_prefix_path.sh
[0.414s] -- Installing: /root/dream_ws/install/KR600_2830_description/share/KR600_2830_description/environment/ament_prefix_path.dsv
[0.414s] -- Installing: /root/dream_ws/install/KR600_2830_description/share/KR600_2830_description/environment/path.sh
[0.415s] -- Installing: /root/dream_ws/install/KR600_2830_description/share/KR600_2830_description/environment/path.dsv
[0.415s] -- Installing: /root/dream_ws/install/KR600_2830_description/share/KR600_2830_description/local_setup.bash
[0.415s] -- Installing: /root/dream_ws/install/KR600_2830_description/share/KR600_2830_description/local_setup.sh
[0.415s] -- Installing: /root/dream_ws/install/KR600_2830_description/share/KR600_2830_description/local_setup.zsh
[0.415s] -- Installing: /root/dream_ws/install/KR600_2830_description/share/KR600_2830_description/local_setup.dsv
[0.416s] -- Installing: /root/dream_ws/install/KR600_2830_description/share/KR600_2830_description/package.dsv
[0.416s] -- Installing: /root/dream_ws/install/KR600_2830_description/share/ament_index/resource_index/packages/KR600_2830_description
[0.417s] -- Installing: /root/dream_ws/install/KR600_2830_description/share/KR600_2830_description/cmake/KR600_2830_descriptionConfig.cmake
[0.417s] -- Installing: /root/dream_ws/install/KR600_2830_description/share/KR600_2830_description/cmake/KR600_2830_descriptionConfig-version.cmake
[0.418s] -- Up-to-date: /root/dream_ws/install/KR600_2830_description/share/KR600_2830_description/package.xml
[0.418s] Invoked command in '/root/dream_ws/build/KR600_2830_description' returned '0': CMAKE_PREFIX_PATH=${CMAKE_PREFIX_PATH}:/opt/ros/humble /usr/bin/cmake --install /root/dream_ws/build/KR600_2830_description
