[0.059s] Invoking command in '/root/dream_ws/build/ros2_control_demo_example_4': AMENT_PREFIX_PATH=/root/dream_ws/install/ros2_control_demo_testing:/root/dream_ws/install/ros2_control_demo_description:${AMENT_PREFIX_PATH} CMAKE_PREFIX_PATH=/root/dream_ws/install/ros2_control_demo_description:/root/dream_ws/install/ros2_control_demo_example_7:/root/dream_ws/install/ros2_control_demo_example_2:/root/dream_ws/install/kr600:/root/dev_ws/install/simple_bot_config:/root/dev_ws/install/movbot_config:/root/dev_ws/install/simple_bot:/root/dev_ws/install/moveit_demo:/root/dev_ws/install/cobot_simulation_config:/root/dev_ws/install/cobot_simulation:/root/dev_ws/install/basic_mobile_robot:/root/dev_ws/install/arm6axis:/opt/ros/humble PYTHONPATH=/root/dream_ws/install/ros2_control_demo_testing/lib/python3.10/site-packages:${PYTHONPATH} /usr/bin/cmake /root/dream_ws/src/ros2_control_demos/example_4 -DCMAKE_INSTALL_PREFIX=/root/dream_ws/install/ros2_control_demo_example_4
[4.821s] -- The CXX compiler identification is GNU 11.4.0
[4.821s] -- Detecting CXX compiler ABI info
[4.822s] -- Detecting CXX compiler ABI info - done
[4.822s] -- Check for working CXX compiler: /usr/bin/c++ - skipped
[4.822s] -- Detecting CXX compile features
[4.822s] -- Detecting CXX compile features - done
[4.822s] -- Found ament_cmake: 1.3.10 (/opt/ros/humble/share/ament_cmake/cmake)
[4.822s] -- Found Python3: /usr/bin/python3 (found version "3.10.12") found components: Interpreter 
[4.822s] -- Found hardware_interface: 2.42.0 (/opt/ros/humble/share/hardware_interface/cmake)
[4.823s] -- Found rosidl_generator_c: 3.1.5 (/opt/ros/humble/share/rosidl_generator_c/cmake)
[4.823s] -- Found rosidl_adapter: 3.1.5 (/opt/ros/humble/share/rosidl_adapter/cmake)
[4.823s] -- Found rosidl_generator_cpp: 3.1.5 (/opt/ros/humble/share/rosidl_generator_cpp/cmake)
[4.823s] -- Using all available rosidl_typesupport_c: rosidl_typesupport_fastrtps_c;rosidl_typesupport_introspection_c
[4.823s] -- Using all available rosidl_typesupport_cpp: rosidl_typesupport_fastrtps_cpp;rosidl_typesupport_introspection_cpp
[4.823s] -- Found rmw_implementation_cmake: 6.1.2 (/opt/ros/humble/share/rmw_implementation_cmake/cmake)
[4.823s] -- Found rmw_fastrtps_cpp: 6.2.7 (/opt/ros/humble/share/rmw_fastrtps_cpp/cmake)
[4.824s] -- Found TinyXML2 via Config file: TinyXML2_DIR-NOTFOUND
[4.824s] -- Found OpenSSL: /usr/lib/x86_64-linux-gnu/libcrypto.so (found version "3.0.2")  
[4.824s] -- Found TinyXML2 via Config file: TinyXML2_DIR-NOTFOUND
[4.824s] -- Found FastRTPS: /opt/ros/humble/include  
[4.824s] -- Found TinyXML2 via Config file: TinyXML2_DIR-NOTFOUND
[4.824s] -- Found TinyXML2 via Config file: TinyXML2_DIR-NOTFOUND
[4.824s] -- Using RMW implementation 'rmw_fastrtps_cpp' as default
[4.825s] -- Looking for C++ include pthread.h
[4.825s] -- Looking for C++ include pthread.h - found
[4.825s] -- Performing Test CMAKE_HAVE_LIBC_PTHREAD
[4.825s] -- Performing Test CMAKE_HAVE_LIBC_PTHREAD - Success
[4.825s] -- Found Threads: TRUE  
[4.825s] -- Found ament_cmake_pytest: 1.3.10 (/opt/ros/humble/share/ament_cmake_pytest/cmake)
[4.924s] -- Configuring done
[5.035s] -- Generating done
[5.066s] -- Build files have been written to: /root/dream_ws/build/ros2_control_demo_example_4
[5.067s] Invoked command in '/root/dream_ws/build/ros2_control_demo_example_4' returned '0': AMENT_PREFIX_PATH=/root/dream_ws/install/ros2_control_demo_testing:/root/dream_ws/install/ros2_control_demo_description:${AMENT_PREFIX_PATH} CMAKE_PREFIX_PATH=/root/dream_ws/install/ros2_control_demo_description:/root/dream_ws/install/ros2_control_demo_example_7:/root/dream_ws/install/ros2_control_demo_example_2:/root/dream_ws/install/kr600:/root/dev_ws/install/simple_bot_config:/root/dev_ws/install/movbot_config:/root/dev_ws/install/simple_bot:/root/dev_ws/install/moveit_demo:/root/dev_ws/install/cobot_simulation_config:/root/dev_ws/install/cobot_simulation:/root/dev_ws/install/basic_mobile_robot:/root/dev_ws/install/arm6axis:/opt/ros/humble PYTHONPATH=/root/dream_ws/install/ros2_control_demo_testing/lib/python3.10/site-packages:${PYTHONPATH} /usr/bin/cmake /root/dream_ws/src/ros2_control_demos/example_4 -DCMAKE_INSTALL_PREFIX=/root/dream_ws/install/ros2_control_demo_example_4
[5.068s] Invoking command in '/root/dream_ws/build/ros2_control_demo_example_4': AMENT_PREFIX_PATH=/root/dream_ws/install/ros2_control_demo_testing:/root/dream_ws/install/ros2_control_demo_description:${AMENT_PREFIX_PATH} CMAKE_PREFIX_PATH=/root/dream_ws/install/ros2_control_demo_description:/root/dream_ws/install/ros2_control_demo_example_7:/root/dream_ws/install/ros2_control_demo_example_2:/root/dream_ws/install/kr600:/root/dev_ws/install/simple_bot_config:/root/dev_ws/install/movbot_config:/root/dev_ws/install/simple_bot:/root/dev_ws/install/moveit_demo:/root/dev_ws/install/cobot_simulation_config:/root/dev_ws/install/cobot_simulation:/root/dev_ws/install/basic_mobile_robot:/root/dev_ws/install/arm6axis:/opt/ros/humble PYTHONPATH=/root/dream_ws/install/ros2_control_demo_testing/lib/python3.10/site-packages:${PYTHONPATH} /usr/bin/cmake --build /root/dream_ws/build/ros2_control_demo_example_4 -- -j12 -l12
[5.163s] [ 50%] [32mBuilding CXX object CMakeFiles/ros2_control_demo_example_4.dir/hardware/rrbot_system_with_sensor.cpp.o[0m
[16.173s] [100%] [32m[1mLinking CXX shared library libros2_control_demo_example_4.so[0m
[16.663s] [100%] Built target ros2_control_demo_example_4
[16.767s] Invoked command in '/root/dream_ws/build/ros2_control_demo_example_4' returned '0': AMENT_PREFIX_PATH=/root/dream_ws/install/ros2_control_demo_testing:/root/dream_ws/install/ros2_control_demo_description:${AMENT_PREFIX_PATH} CMAKE_PREFIX_PATH=/root/dream_ws/install/ros2_control_demo_description:/root/dream_ws/install/ros2_control_demo_example_7:/root/dream_ws/install/ros2_control_demo_example_2:/root/dream_ws/install/kr600:/root/dev_ws/install/simple_bot_config:/root/dev_ws/install/movbot_config:/root/dev_ws/install/simple_bot:/root/dev_ws/install/moveit_demo:/root/dev_ws/install/cobot_simulation_config:/root/dev_ws/install/cobot_simulation:/root/dev_ws/install/basic_mobile_robot:/root/dev_ws/install/arm6axis:/opt/ros/humble PYTHONPATH=/root/dream_ws/install/ros2_control_demo_testing/lib/python3.10/site-packages:${PYTHONPATH} /usr/bin/cmake --build /root/dream_ws/build/ros2_control_demo_example_4 -- -j12 -l12
[16.852s] Invoking command in '/root/dream_ws/build/ros2_control_demo_example_4': AMENT_PREFIX_PATH=/root/dream_ws/install/ros2_control_demo_testing:/root/dream_ws/install/ros2_control_demo_description:${AMENT_PREFIX_PATH} CMAKE_PREFIX_PATH=/root/dream_ws/install/ros2_control_demo_description:/root/dream_ws/install/ros2_control_demo_example_7:/root/dream_ws/install/ros2_control_demo_example_2:/root/dream_ws/install/kr600:/root/dev_ws/install/simple_bot_config:/root/dev_ws/install/movbot_config:/root/dev_ws/install/simple_bot:/root/dev_ws/install/moveit_demo:/root/dev_ws/install/cobot_simulation_config:/root/dev_ws/install/cobot_simulation:/root/dev_ws/install/basic_mobile_robot:/root/dev_ws/install/arm6axis:/opt/ros/humble PYTHONPATH=/root/dream_ws/install/ros2_control_demo_testing/lib/python3.10/site-packages:${PYTHONPATH} /usr/bin/cmake --install /root/dream_ws/build/ros2_control_demo_example_4
[16.885s] -- Install configuration: ""
[16.885s] -- Installing: /root/dream_ws/install/ros2_control_demo_example_4/share/ros2_control_demo_example_4/ros2_control_demo_example_4.xml
[16.885s] -- Installing: /root/dream_ws/install/ros2_control_demo_example_4/include/ros2_control_demo_example_4
[16.885s] -- Installing: /root/dream_ws/install/ros2_control_demo_example_4/include/ros2_control_demo_example_4/ros2_control_demo_example_4
[16.885s] -- Installing: /root/dream_ws/install/ros2_control_demo_example_4/include/ros2_control_demo_example_4/ros2_control_demo_example_4/rrbot_system_with_sensor.hpp
[16.885s] -- Installing: /root/dream_ws/install/ros2_control_demo_example_4/share/ros2_control_demo_example_4/launch
[16.886s] -- Installing: /root/dream_ws/install/ros2_control_demo_example_4/share/ros2_control_demo_example_4/launch/view_robot.launch.py
[16.886s] -- Installing: /root/dream_ws/install/ros2_control_demo_example_4/share/ros2_control_demo_example_4/ros2_control
[16.886s] -- Installing: /root/dream_ws/install/ros2_control_demo_example_4/share/ros2_control_demo_example_4/ros2_control/rrbot_system_with_sensor.ros2_control.xacro
[16.887s] -- Installing: /root/dream_ws/install/ros2_control_demo_example_4/share/ros2_control_demo_example_4/urdf
[16.887s] -- Installing: /root/dream_ws/install/ros2_control_demo_example_4/share/ros2_control_demo_example_4/urdf/rrbot_system_with_sensor.urdf.xacro
[16.888s] -- Installing: /root/dream_ws/install/ros2_control_demo_example_4/share/ros2_control_demo_example_4/rviz
[16.890s] -- Installing: /root/dream_ws/install/ros2_control_demo_example_4/share/ros2_control_demo_example_4/rviz/rrbot.rviz
[16.891s] -- Up-to-date: /root/dream_ws/install/ros2_control_demo_example_4/share/ros2_control_demo_example_4/launch
[16.891s] -- Installing: /root/dream_ws/install/ros2_control_demo_example_4/share/ros2_control_demo_example_4/launch/test_forward_position_controller.launch.py
[16.891s] -- Installing: /root/dream_ws/install/ros2_control_demo_example_4/share/ros2_control_demo_example_4/launch/rrbot_system_with_sensor.launch.py
[16.892s] -- Installing: /root/dream_ws/install/ros2_control_demo_example_4/share/ros2_control_demo_example_4/config
[16.892s] -- Installing: /root/dream_ws/install/ros2_control_demo_example_4/share/ros2_control_demo_example_4/config/rrbot_with_sensor_controllers.yaml
[16.893s] -- Installing: /root/dream_ws/install/ros2_control_demo_example_4/share/ros2_control_demo_example_4/config/rrbot_forward_position_publisher.yaml
[16.893s] -- Installing: /root/dream_ws/install/ros2_control_demo_example_4/lib/libros2_control_demo_example_4.so
[16.893s] -- Set runtime path of "/root/dream_ws/install/ros2_control_demo_example_4/lib/libros2_control_demo_example_4.so" to ""
[16.894s] -- Installing: /root/dream_ws/install/ros2_control_demo_example_4/share/ros2_control_demo_example_4/environment/library_path.sh
[16.894s] -- Installing: /root/dream_ws/install/ros2_control_demo_example_4/share/ros2_control_demo_example_4/environment/library_path.dsv
[16.894s] -- Installing: /root/dream_ws/install/ros2_control_demo_example_4/share/ament_index/resource_index/package_run_dependencies/ros2_control_demo_example_4
[16.895s] -- Installing: /root/dream_ws/install/ros2_control_demo_example_4/share/ament_index/resource_index/parent_prefix_path/ros2_control_demo_example_4
[16.895s] -- Installing: /root/dream_ws/install/ros2_control_demo_example_4/share/ros2_control_demo_example_4/environment/ament_prefix_path.sh
[16.896s] -- Installing: /root/dream_ws/install/ros2_control_demo_example_4/share/ros2_control_demo_example_4/environment/ament_prefix_path.dsv
[16.896s] -- Installing: /root/dream_ws/install/ros2_control_demo_example_4/share/ros2_control_demo_example_4/environment/path.sh
[16.897s] -- Installing: /root/dream_ws/install/ros2_control_demo_example_4/share/ros2_control_demo_example_4/environment/path.dsv
[16.897s] -- Installing: /root/dream_ws/install/ros2_control_demo_example_4/share/ros2_control_demo_example_4/local_setup.bash
[16.897s] -- Installing: /root/dream_ws/install/ros2_control_demo_example_4/share/ros2_control_demo_example_4/local_setup.sh
[16.898s] -- Installing: /root/dream_ws/install/ros2_control_demo_example_4/share/ros2_control_demo_example_4/local_setup.zsh
[16.898s] -- Installing: /root/dream_ws/install/ros2_control_demo_example_4/share/ros2_control_demo_example_4/local_setup.dsv
[16.899s] -- Installing: /root/dream_ws/install/ros2_control_demo_example_4/share/ros2_control_demo_example_4/package.dsv
[16.899s] -- Installing: /root/dream_ws/install/ros2_control_demo_example_4/share/ament_index/resource_index/packages/ros2_control_demo_example_4
[16.899s] -- Installing: /root/dream_ws/install/ros2_control_demo_example_4/share/ament_index/resource_index/hardware_interface__pluginlib__plugin/ros2_control_demo_example_4
[16.900s] -- Installing: /root/dream_ws/install/ros2_control_demo_example_4/share/ros2_control_demo_example_4/cmake/export_ros2_control_demo_example_4Export.cmake
[16.900s] -- Installing: /root/dream_ws/install/ros2_control_demo_example_4/share/ros2_control_demo_example_4/cmake/export_ros2_control_demo_example_4Export-noconfig.cmake
[16.900s] -- Installing: /root/dream_ws/install/ros2_control_demo_example_4/share/ros2_control_demo_example_4/cmake/ament_cmake_export_targets-extras.cmake
[16.901s] -- Installing: /root/dream_ws/install/ros2_control_demo_example_4/share/ros2_control_demo_example_4/cmake/ament_cmake_export_dependencies-extras.cmake
[16.901s] -- Installing: /root/dream_ws/install/ros2_control_demo_example_4/share/ros2_control_demo_example_4/cmake/ros2_control_demo_example_4Config.cmake
[16.902s] -- Installing: /root/dream_ws/install/ros2_control_demo_example_4/share/ros2_control_demo_example_4/cmake/ros2_control_demo_example_4Config-version.cmake
[16.902s] -- Installing: /root/dream_ws/install/ros2_control_demo_example_4/share/ros2_control_demo_example_4/package.xml
[16.930s] Invoked command in '/root/dream_ws/build/ros2_control_demo_example_4' returned '0': AMENT_PREFIX_PATH=/root/dream_ws/install/ros2_control_demo_testing:/root/dream_ws/install/ros2_control_demo_description:${AMENT_PREFIX_PATH} CMAKE_PREFIX_PATH=/root/dream_ws/install/ros2_control_demo_description:/root/dream_ws/install/ros2_control_demo_example_7:/root/dream_ws/install/ros2_control_demo_example_2:/root/dream_ws/install/kr600:/root/dev_ws/install/simple_bot_config:/root/dev_ws/install/movbot_config:/root/dev_ws/install/simple_bot:/root/dev_ws/install/moveit_demo:/root/dev_ws/install/cobot_simulation_config:/root/dev_ws/install/cobot_simulation:/root/dev_ws/install/basic_mobile_robot:/root/dev_ws/install/arm6axis:/opt/ros/humble PYTHONPATH=/root/dream_ws/install/ros2_control_demo_testing/lib/python3.10/site-packages:${PYTHONPATH} /usr/bin/cmake --install /root/dream_ws/build/ros2_control_demo_example_4
