[0.042s] Invoking command in '/root/dream_ws/build/kr600': CMAKE_PREFIX_PATH=${CMAKE_PREFIX_PATH}:/opt/ros/humble /usr/bin/cmake /root/dream_ws/src/kr600 -DCMAKE_INSTALL_PREFIX=/root/dream_ws/install/kr600
[0.480s] -- The C compiler identification is GNU 11.4.0
[0.717s] -- The CXX compiler identification is GNU 11.4.0
[0.739s] -- Detecting C compiler ABI info
[0.873s] -- Detecting C compiler ABI info - done
[0.890s] -- Check for working C compiler: /usr/bin/cc - skipped
[0.891s] -- Detecting C compile features
[0.892s] -- Detecting C compile features - done
[0.900s] -- Detecting CXX compiler ABI info
[1.026s] -- Detecting CXX compiler ABI info - done
[1.045s] -- Check for working CXX compiler: /usr/bin/c++ - skipped
[1.046s] -- Detecting CXX compile features
[1.047s] -- Detecting CXX compile features - done
[1.085s] -- Found ament_cmake: 1.3.10 (/opt/ros/humble/share/ament_cmake/cmake)
[1.379s] -- Found Python3: /usr/bin/python3 (found version "3.10.12") found components: Interpreter 
[1.624s] -- Found ament_lint_auto: 0.12.11 (/opt/ros/humble/share/ament_lint_auto/cmake)
[1.803s] -- Added test 'flake8' to check Python code syntax and style conventions
[1.806s] -- Added test 'lint_cmake' to check CMake code style
[1.809s] -- Added test 'pep257' to check Python code against some of the docstring style conventions in PEP 257
[1.815s] -- Added test 'xmllint' to check XML markup files
[1.820s] -- Configuring done
[1.825s] -- Generating done
[1.827s] -- Build files have been written to: /root/dream_ws/build/kr600
[1.835s] Invoked command in '/root/dream_ws/build/kr600' returned '0': CMAKE_PREFIX_PATH=${CMAKE_PREFIX_PATH}:/opt/ros/humble /usr/bin/cmake /root/dream_ws/src/kr600 -DCMAKE_INSTALL_PREFIX=/root/dream_ws/install/kr600
[1.839s] Invoking command in '/root/dream_ws/build/kr600': CMAKE_PREFIX_PATH=${CMAKE_PREFIX_PATH}:/opt/ros/humble /usr/bin/cmake --build /root/dream_ws/build/kr600 -- -j12 -l12
[1.892s] Invoked command in '/root/dream_ws/build/kr600' returned '0': CMAKE_PREFIX_PATH=${CMAKE_PREFIX_PATH}:/opt/ros/humble /usr/bin/cmake --build /root/dream_ws/build/kr600 -- -j12 -l12
[1.939s] Invoking command in '/root/dream_ws/build/kr600': CMAKE_PREFIX_PATH=${CMAKE_PREFIX_PATH}:/opt/ros/humble /usr/bin/cmake --install /root/dream_ws/build/kr600
[1.949s] -- Install configuration: ""
[1.949s] -- Installing: /root/dream_ws/install/kr600/share/kr600/launch
[1.949s] -- Installing: /root/dream_ws/install/kr600/share/kr600/launch/kr600.launch.py
[1.950s] -- Installing: /root/dream_ws/install/kr600/share/kr600/launch/kr600_1.launch.py
[1.951s] -- Installing: /root/dream_ws/install/kr600/share/kr600/meshes
[1.951s] -- Installing: /root/dream_ws/install/kr600/share/kr600/meshes/link6.stl
[1.956s] -- Installing: /root/dream_ws/install/kr600/share/kr600/meshes/base_link.stl
[1.962s] -- Installing: /root/dream_ws/install/kr600/share/kr600/meshes/link4.stl
[1.969s] -- Installing: /root/dream_ws/install/kr600/share/kr600/meshes/link5.stl
[1.974s] -- Installing: /root/dream_ws/install/kr600/share/kr600/meshes/link3.stl
[1.984s] -- Installing: /root/dream_ws/install/kr600/share/kr600/meshes/link2.stl
[1.993s] -- Installing: /root/dream_ws/install/kr600/share/kr600/meshes/description.txt
[1.993s] -- Installing: /root/dream_ws/install/kr600/share/kr600/meshes/link1.stl
[2.001s] -- Installing: /root/dream_ws/install/kr600/share/kr600/rviz
[2.001s] -- Installing: /root/dream_ws/install/kr600/share/kr600/rviz/config.rviz
[2.001s] -- Installing: /root/dream_ws/install/kr600/share/kr600/urdf
[2.001s] -- Installing: /root/dream_ws/install/kr600/share/kr600/urdf/model.urdf.xacro
[2.002s] -- Installing: /root/dream_ws/install/kr600/share/ament_index/resource_index/package_run_dependencies/kr600
[2.002s] -- Installing: /root/dream_ws/install/kr600/share/ament_index/resource_index/parent_prefix_path/kr600
[2.003s] -- Installing: /root/dream_ws/install/kr600/share/kr600/environment/ament_prefix_path.sh
[2.003s] -- Installing: /root/dream_ws/install/kr600/share/kr600/environment/ament_prefix_path.dsv
[2.003s] -- Installing: /root/dream_ws/install/kr600/share/kr600/environment/path.sh
[2.004s] -- Installing: /root/dream_ws/install/kr600/share/kr600/environment/path.dsv
[2.004s] -- Installing: /root/dream_ws/install/kr600/share/kr600/local_setup.bash
[2.005s] -- Installing: /root/dream_ws/install/kr600/share/kr600/local_setup.sh
[2.005s] -- Installing: /root/dream_ws/install/kr600/share/kr600/local_setup.zsh
[2.006s] -- Installing: /root/dream_ws/install/kr600/share/kr600/local_setup.dsv
[2.006s] -- Installing: /root/dream_ws/install/kr600/share/kr600/package.dsv
[2.006s] -- Installing: /root/dream_ws/install/kr600/share/ament_index/resource_index/packages/kr600
[2.006s] -- Installing: /root/dream_ws/install/kr600/share/kr600/cmake/kr600Config.cmake
[2.007s] -- Installing: /root/dream_ws/install/kr600/share/kr600/cmake/kr600Config-version.cmake
[2.007s] -- Installing: /root/dream_ws/install/kr600/share/kr600/package.xml
[2.010s] Invoked command in '/root/dream_ws/build/kr600' returned '0': CMAKE_PREFIX_PATH=${CMAKE_PREFIX_PATH}:/opt/ros/humble /usr/bin/cmake --install /root/dream_ws/build/kr600
