[0.034s] Invoking command in '/root/dream_ws/build/kr600_gazebo': CMAKE_PREFIX_PATH=/root/dream_ws/install/kr600:/root/dream_ws/install/kr600_gazebo:/root/dream_ws/install/ros2_control_demos:/root/dream_ws/install/ros2_control_demo_example_9:/root/dream_ws/install/ros2_control_demo_example_8:/root/dream_ws/install/ros2_control_demo_example_7:/root/dream_ws/install/ros2_control_demo_example_6:/root/dream_ws/install/ros2_control_demo_example_15:/root/dream_ws/install/ros2_control_demo_example_5:/root/dream_ws/install/ros2_control_demo_example_4:/root/dream_ws/install/ros2_control_demo_example_3:/root/dream_ws/install/ros2_control_demo_example_2:/root/dream_ws/install/ros2_control_demo_example_14:/root/dream_ws/install/ros2_control_demo_example_12:/root/dream_ws/install/ros2_control_demo_example_11:/root/dream_ws/install/ros2_control_demo_example_10:/root/dream_ws/install/ros2_control_demo_example_1:/root/dream_ws/install/ros2_control_demo_description:/root/ros2_ws/install/mycobot_ros2:/root/ros2_ws/install/mycobot_gazebo:/root/ros2_ws/install/mycobot_description:/root/dev_ws/install/simple_bot_config:/root/dev_ws/install/movbot_config:/root/dev_ws/install/simple_bot:/root/dev_ws/install/moveit_demo:/root/dev_ws/install/cobot_simulation_config:/root/dev_ws/install/cobot_simulation:/root/dev_ws/install/basic_mobile_robot:/root/dev_ws/install/arm6axis:/root/dream_ws/install/ros2_control_demo_testing:/opt/ros/humble /usr/bin/cmake --build /root/dream_ws/build/kr600_gazebo -- -j12 -l12
[0.060s] -- Found ament_cmake: 1.3.10 (/opt/ros/humble/share/ament_cmake/cmake)
[0.204s] -- Found ros_gz_sim: 0.244.15 (/opt/ros/humble/share/ros_gz_sim/cmake)
[0.242s] -- Found rosidl_generator_c: 3.1.5 (/opt/ros/humble/share/rosidl_generator_c/cmake)
[0.246s] -- Found rosidl_adapter: 3.1.5 (/opt/ros/humble/share/rosidl_adapter/cmake)
[0.253s] -- Found rosidl_generator_cpp: 3.1.5 (/opt/ros/humble/share/rosidl_generator_cpp/cmake)
[0.267s] -- Using all available rosidl_typesupport_c: rosidl_typesupport_fastrtps_c;rosidl_typesupport_introspection_c
[0.285s] -- Using all available rosidl_typesupport_cpp: rosidl_typesupport_fastrtps_cpp;rosidl_typesupport_introspection_cpp
[0.333s] -- Found rmw_implementation_cmake: 6.1.2 (/opt/ros/humble/share/rmw_implementation_cmake/cmake)
[0.336s] -- Found rmw_fastrtps_cpp: 6.2.7 (/opt/ros/humble/share/rmw_fastrtps_cpp/cmake)
[0.493s] -- Using RMW implementation 'rmw_fastrtps_cpp' as default
[0.578s] -- Found kr600: 0.0.0 (/root/dream_ws/install/kr600/share/kr600/cmake)
[0.579s] -- Found ament_lint_auto: 0.12.11 (/opt/ros/humble/share/ament_lint_auto/cmake)
[0.658s] -- Added test 'flake8' to check Python code syntax and style conventions
[0.658s] -- Added test 'lint_cmake' to check CMake code style
[0.659s] -- Added test 'pep257' to check Python code against some of the docstring style conventions in PEP 257
[0.660s] -- Added test 'xmllint' to check XML markup files
[0.661s] -- Configuring done
[0.666s] -- Generating done
[0.668s] -- Build files have been written to: /root/dream_ws/build/kr600_gazebo
[0.694s] Invoked command in '/root/dream_ws/build/kr600_gazebo' returned '0': CMAKE_PREFIX_PATH=/root/dream_ws/install/kr600:/root/dream_ws/install/kr600_gazebo:/root/dream_ws/install/ros2_control_demos:/root/dream_ws/install/ros2_control_demo_example_9:/root/dream_ws/install/ros2_control_demo_example_8:/root/dream_ws/install/ros2_control_demo_example_7:/root/dream_ws/install/ros2_control_demo_example_6:/root/dream_ws/install/ros2_control_demo_example_15:/root/dream_ws/install/ros2_control_demo_example_5:/root/dream_ws/install/ros2_control_demo_example_4:/root/dream_ws/install/ros2_control_demo_example_3:/root/dream_ws/install/ros2_control_demo_example_2:/root/dream_ws/install/ros2_control_demo_example_14:/root/dream_ws/install/ros2_control_demo_example_12:/root/dream_ws/install/ros2_control_demo_example_11:/root/dream_ws/install/ros2_control_demo_example_10:/root/dream_ws/install/ros2_control_demo_example_1:/root/dream_ws/install/ros2_control_demo_description:/root/ros2_ws/install/mycobot_ros2:/root/ros2_ws/install/mycobot_gazebo:/root/ros2_ws/install/mycobot_description:/root/dev_ws/install/simple_bot_config:/root/dev_ws/install/movbot_config:/root/dev_ws/install/simple_bot:/root/dev_ws/install/moveit_demo:/root/dev_ws/install/cobot_simulation_config:/root/dev_ws/install/cobot_simulation:/root/dev_ws/install/basic_mobile_robot:/root/dev_ws/install/arm6axis:/root/dream_ws/install/ros2_control_demo_testing:/opt/ros/humble /usr/bin/cmake --build /root/dream_ws/build/kr600_gazebo -- -j12 -l12
[0.731s] Invoking command in '/root/dream_ws/build/kr600_gazebo': CMAKE_PREFIX_PATH=/root/dream_ws/install/kr600:/root/dream_ws/install/kr600_gazebo:/root/dream_ws/install/ros2_control_demos:/root/dream_ws/install/ros2_control_demo_example_9:/root/dream_ws/install/ros2_control_demo_example_8:/root/dream_ws/install/ros2_control_demo_example_7:/root/dream_ws/install/ros2_control_demo_example_6:/root/dream_ws/install/ros2_control_demo_example_15:/root/dream_ws/install/ros2_control_demo_example_5:/root/dream_ws/install/ros2_control_demo_example_4:/root/dream_ws/install/ros2_control_demo_example_3:/root/dream_ws/install/ros2_control_demo_example_2:/root/dream_ws/install/ros2_control_demo_example_14:/root/dream_ws/install/ros2_control_demo_example_12:/root/dream_ws/install/ros2_control_demo_example_11:/root/dream_ws/install/ros2_control_demo_example_10:/root/dream_ws/install/ros2_control_demo_example_1:/root/dream_ws/install/ros2_control_demo_description:/root/ros2_ws/install/mycobot_ros2:/root/ros2_ws/install/mycobot_gazebo:/root/ros2_ws/install/mycobot_description:/root/dev_ws/install/simple_bot_config:/root/dev_ws/install/movbot_config:/root/dev_ws/install/simple_bot:/root/dev_ws/install/moveit_demo:/root/dev_ws/install/cobot_simulation_config:/root/dev_ws/install/cobot_simulation:/root/dev_ws/install/basic_mobile_robot:/root/dev_ws/install/arm6axis:/root/dream_ws/install/ros2_control_demo_testing:/opt/ros/humble /usr/bin/cmake --install /root/dream_ws/build/kr600_gazebo
[0.739s] -- Install configuration: ""
[0.739s] -- Installing: /root/dream_ws/install/kr600_gazebo/share/kr600_gazebo//launch
[0.739s] -- Installing: /root/dream_ws/install/kr600_gazebo/share/kr600_gazebo//launch/gazebo.launch.py
[0.739s] -- Installing: /root/dream_ws/install/kr600_gazebo/share/kr600_gazebo//urdf
[0.739s] -- Installing: /root/dream_ws/install/kr600_gazebo/share/kr600_gazebo//urdf/model.urdf
[0.740s] -- Installing: /root/dream_ws/install/kr600_gazebo/share/ament_index/resource_index/package_run_dependencies/kr600_gazebo
[0.740s] -- Installing: /root/dream_ws/install/kr600_gazebo/share/ament_index/resource_index/parent_prefix_path/kr600_gazebo
[0.740s] -- Up-to-date: /root/dream_ws/install/kr600_gazebo/share/kr600_gazebo/environment/ament_prefix_path.sh
[0.740s] -- Installing: /root/dream_ws/install/kr600_gazebo/share/kr600_gazebo/environment/ament_prefix_path.dsv
[0.740s] -- Up-to-date: /root/dream_ws/install/kr600_gazebo/share/kr600_gazebo/environment/path.sh
[0.740s] -- Installing: /root/dream_ws/install/kr600_gazebo/share/kr600_gazebo/environment/path.dsv
[0.741s] -- Up-to-date: /root/dream_ws/install/kr600_gazebo/share/kr600_gazebo/local_setup.bash
[0.741s] -- Up-to-date: /root/dream_ws/install/kr600_gazebo/share/kr600_gazebo/local_setup.sh
[0.741s] -- Up-to-date: /root/dream_ws/install/kr600_gazebo/share/kr600_gazebo/local_setup.zsh
[0.741s] -- Installing: /root/dream_ws/install/kr600_gazebo/share/kr600_gazebo/local_setup.dsv
[0.741s] -- Installing: /root/dream_ws/install/kr600_gazebo/share/kr600_gazebo/package.dsv
[0.741s] -- Up-to-date: /root/dream_ws/install/kr600_gazebo/share/ament_index/resource_index/packages/kr600_gazebo
[0.741s] -- Up-to-date: /root/dream_ws/install/kr600_gazebo/share/kr600_gazebo/cmake/kr600_gazeboConfig.cmake
[0.741s] -- Up-to-date: /root/dream_ws/install/kr600_gazebo/share/kr600_gazebo/cmake/kr600_gazeboConfig-version.cmake
[0.742s] -- Installing: /root/dream_ws/install/kr600_gazebo/share/kr600_gazebo/package.xml
[0.743s] Invoked command in '/root/dream_ws/build/kr600_gazebo' returned '0': CMAKE_PREFIX_PATH=/root/dream_ws/install/kr600:/root/dream_ws/install/kr600_gazebo:/root/dream_ws/install/ros2_control_demos:/root/dream_ws/install/ros2_control_demo_example_9:/root/dream_ws/install/ros2_control_demo_example_8:/root/dream_ws/install/ros2_control_demo_example_7:/root/dream_ws/install/ros2_control_demo_example_6:/root/dream_ws/install/ros2_control_demo_example_15:/root/dream_ws/install/ros2_control_demo_example_5:/root/dream_ws/install/ros2_control_demo_example_4:/root/dream_ws/install/ros2_control_demo_example_3:/root/dream_ws/install/ros2_control_demo_example_2:/root/dream_ws/install/ros2_control_demo_example_14:/root/dream_ws/install/ros2_control_demo_example_12:/root/dream_ws/install/ros2_control_demo_example_11:/root/dream_ws/install/ros2_control_demo_example_10:/root/dream_ws/install/ros2_control_demo_example_1:/root/dream_ws/install/ros2_control_demo_description:/root/ros2_ws/install/mycobot_ros2:/root/ros2_ws/install/mycobot_gazebo:/root/ros2_ws/install/mycobot_description:/root/dev_ws/install/simple_bot_config:/root/dev_ws/install/movbot_config:/root/dev_ws/install/simple_bot:/root/dev_ws/install/moveit_demo:/root/dev_ws/install/cobot_simulation_config:/root/dev_ws/install/cobot_simulation:/root/dev_ws/install/basic_mobile_robot:/root/dev_ws/install/arm6axis:/root/dream_ws/install/ros2_control_demo_testing:/opt/ros/humble /usr/bin/cmake --install /root/dream_ws/build/kr600_gazebo
