[0.018s] Invoking command in '/root/dream_ws/build/kr600': CMAKE_PREFIX_PATH=${CMAKE_PREFIX_PATH}:/opt/ros/humble /usr/bin/cmake /root/dream_ws/src/kr600 -DCMAKE_INSTALL_PREFIX=/root/dream_ws/install/kr600
[0.071s] -- The C compiler identification is GNU 11.4.0
[0.126s] -- The CXX compiler identification is GNU 11.4.0
[0.133s] -- Detecting C compiler ABI info
[0.195s] -- Detecting C compiler ABI info - done
[0.206s] -- Check for working C compiler: /usr/bin/cc - skipped
[0.206s] -- Detecting C compile features
[0.207s] -- Detecting C compile features - done
[0.210s] -- Detecting CXX compiler ABI info
[0.286s] -- Detecting CXX compiler ABI info - done
[0.297s] -- Check for working CXX compiler: /usr/bin/c++ - skipped
[0.297s] -- Detecting CXX compile features
[0.298s] -- Detecting CXX compile features - done
[0.303s] -- Found ament_cmake: 1.3.10 (/opt/ros/humble/share/ament_cmake/cmake)
[0.455s] -- Found Python3: /usr/bin/python3 (found version "3.10.12") found components: Interpreter 
[0.574s] -- Found xacro: 2.0.8 (/opt/ros/humble/share/xacro/cmake)
[0.578s] -- Found ros_gz_sim: 0.244.15 (/opt/ros/humble/share/ros_gz_sim/cmake)
[0.654s] -- Found rosidl_generator_c: 3.1.5 (/opt/ros/humble/share/rosidl_generator_c/cmake)
[0.664s] -- Found rosidl_adapter: 3.1.5 (/opt/ros/humble/share/rosidl_adapter/cmake)
[0.678s] -- Found rosidl_generator_cpp: 3.1.5 (/opt/ros/humble/share/rosidl_generator_cpp/cmake)
[0.698s] -- Using all available rosidl_typesupport_c: rosidl_typesupport_fastrtps_c;rosidl_typesupport_introspection_c
[0.725s] -- Using all available rosidl_typesupport_cpp: rosidl_typesupport_fastrtps_cpp;rosidl_typesupport_introspection_cpp
[0.803s] -- Found rmw_implementation_cmake: 6.1.2 (/opt/ros/humble/share/rmw_implementation_cmake/cmake)
[0.808s] -- Found rmw_fastrtps_cpp: 6.2.7 (/opt/ros/humble/share/rmw_fastrtps_cpp/cmake)
[0.910s] -- Found OpenSSL: /usr/lib/x86_64-linux-gnu/libcrypto.so (found version "3.0.2")  
[0.945s] -- Found FastRTPS: /opt/ros/humble/include  
[1.000s] -- Using RMW implementation 'rmw_fastrtps_cpp' as default
[1.016s] -- Looking for pthread.h
[1.094s] -- Looking for pthread.h - found
[1.094s] -- Performing Test CMAKE_HAVE_LIBC_PTHREAD
[1.160s] -- Performing Test CMAKE_HAVE_LIBC_PTHREAD - Success
[1.162s] -- Found Threads: TRUE  
[1.251s] -- Found ament_lint_auto: 0.12.11 (/opt/ros/humble/share/ament_lint_auto/cmake)
[1.349s] -- Added test 'flake8' to check Python code syntax and style conventions
[1.350s] -- Added test 'lint_cmake' to check CMake code style
[1.351s] -- Added test 'pep257' to check Python code against some of the docstring style conventions in PEP 257
[1.353s] -- Added test 'xmllint' to check XML markup files
[1.355s] -- Configuring done
[1.360s] -- Generating done
[1.362s] -- Build files have been written to: /root/dream_ws/build/kr600
[1.370s] Invoked command in '/root/dream_ws/build/kr600' returned '0': CMAKE_PREFIX_PATH=${CMAKE_PREFIX_PATH}:/opt/ros/humble /usr/bin/cmake /root/dream_ws/src/kr600 -DCMAKE_INSTALL_PREFIX=/root/dream_ws/install/kr600
[1.372s] Invoking command in '/root/dream_ws/build/kr600': CMAKE_PREFIX_PATH=${CMAKE_PREFIX_PATH}:/opt/ros/humble /usr/bin/cmake --build /root/dream_ws/build/kr600 -- -j12 -l12
[1.406s] Invoked command in '/root/dream_ws/build/kr600' returned '0': CMAKE_PREFIX_PATH=${CMAKE_PREFIX_PATH}:/opt/ros/humble /usr/bin/cmake --build /root/dream_ws/build/kr600 -- -j12 -l12
[1.435s] Invoking command in '/root/dream_ws/build/kr600': CMAKE_PREFIX_PATH=${CMAKE_PREFIX_PATH}:/opt/ros/humble /usr/bin/cmake --install /root/dream_ws/build/kr600
[1.440s] -- Install configuration: ""
[1.441s] -- Installing: /root/dream_ws/install/kr600/share/kr600/launch
[1.441s] -- Installing: /root/dream_ws/install/kr600/share/kr600/launch/kr600.launch.py
[1.441s] -- Installing: /root/dream_ws/install/kr600/share/kr600/launch/kr600_1.launch.py
[1.441s] -- Installing: /root/dream_ws/install/kr600/share/kr600/meshes
[1.441s] -- Installing: /root/dream_ws/install/kr600/share/kr600/meshes/link6.stl
[1.442s] -- Installing: /root/dream_ws/install/kr600/share/kr600/meshes/base_link.stl
[1.443s] -- Installing: /root/dream_ws/install/kr600/share/kr600/meshes/link4.stl
[1.444s] -- Installing: /root/dream_ws/install/kr600/share/kr600/meshes/link5.stl
[1.445s] -- Installing: /root/dream_ws/install/kr600/share/kr600/meshes/link3.stl
[1.446s] -- Installing: /root/dream_ws/install/kr600/share/kr600/meshes/link2.stl
[1.447s] -- Installing: /root/dream_ws/install/kr600/share/kr600/meshes/link1.stl
[1.448s] -- Installing: /root/dream_ws/install/kr600/share/kr600/rviz
[1.448s] -- Installing: /root/dream_ws/install/kr600/share/kr600/rviz/config.rviz
[1.448s] -- Installing: /root/dream_ws/install/kr600/share/kr600/urdf
[1.448s] -- Installing: /root/dream_ws/install/kr600/share/kr600/urdf/model.urdf.xacro
[1.449s] -- Installing: /root/dream_ws/install/kr600/share/kr600/urdf/old_model.urdf.xacro
[1.449s] -- Installing: /root/dream_ws/install/kr600/share/ament_index/resource_index/package_run_dependencies/kr600
[1.449s] -- Installing: /root/dream_ws/install/kr600/share/ament_index/resource_index/parent_prefix_path/kr600
[1.449s] -- Installing: /root/dream_ws/install/kr600/share/kr600/environment/ament_prefix_path.sh
[1.450s] -- Installing: /root/dream_ws/install/kr600/share/kr600/environment/ament_prefix_path.dsv
[1.450s] -- Installing: /root/dream_ws/install/kr600/share/kr600/environment/path.sh
[1.450s] -- Installing: /root/dream_ws/install/kr600/share/kr600/environment/path.dsv
[1.450s] -- Installing: /root/dream_ws/install/kr600/share/kr600/local_setup.bash
[1.451s] -- Installing: /root/dream_ws/install/kr600/share/kr600/local_setup.sh
[1.451s] -- Installing: /root/dream_ws/install/kr600/share/kr600/local_setup.zsh
[1.451s] -- Installing: /root/dream_ws/install/kr600/share/kr600/local_setup.dsv
[1.451s] -- Installing: /root/dream_ws/install/kr600/share/kr600/package.dsv
[1.451s] -- Installing: /root/dream_ws/install/kr600/share/ament_index/resource_index/packages/kr600
[1.451s] -- Installing: /root/dream_ws/install/kr600/share/kr600/cmake/kr600Config.cmake
[1.451s] -- Installing: /root/dream_ws/install/kr600/share/kr600/cmake/kr600Config-version.cmake
[1.452s] -- Installing: /root/dream_ws/install/kr600/share/kr600/package.xml
[1.453s] Invoked command in '/root/dream_ws/build/kr600' returned '0': CMAKE_PREFIX_PATH=${CMAKE_PREFIX_PATH}:/opt/ros/humble /usr/bin/cmake --install /root/dream_ws/build/kr600
