[0.057s] Invoking command in '/root/dream_ws/build/ros2_control_demo_example_6': AMENT_PREFIX_PATH=/root/dream_ws/install/ros2_control_demo_testing:/root/dream_ws/install/ros2_control_demo_description:${AMENT_PREFIX_PATH} CMAKE_PREFIX_PATH=/root/dream_ws/install/ros2_control_demo_description:/root/dream_ws/install/kr600:/root/dev_ws/install/simple_bot_config:/root/dev_ws/install/movbot_config:/root/dev_ws/install/simple_bot:/root/dev_ws/install/moveit_demo:/root/dev_ws/install/cobot_simulation_config:/root/dev_ws/install/cobot_simulation:/root/dev_ws/install/basic_mobile_robot:/root/dev_ws/install/arm6axis:/opt/ros/humble PYTHONPATH=/root/dream_ws/install/ros2_control_demo_testing/lib/python3.10/site-packages:${PYTHONPATH} /usr/bin/cmake /root/dream_ws/src/ros2_control_demos/example_6 -DCMAKE_INSTALL_PREFIX=/root/dream_ws/install/ros2_control_demo_example_6
[5.479s] -- Found ament_cmake: 1.3.10 (/opt/ros/humble/share/ament_cmake/cmake)
[5.479s] -- Found Python3: /usr/bin/python3 (found version "3.10.12") found components: Interpreter 
[5.479s] -- Found hardware_interface: 2.42.0 (/opt/ros/humble/share/hardware_interface/cmake)
[5.479s] -- Found rosidl_generator_c: 3.1.5 (/opt/ros/humble/share/rosidl_generator_c/cmake)
[5.479s] -- Found rosidl_adapter: 3.1.5 (/opt/ros/humble/share/rosidl_adapter/cmake)
[5.480s] -- Found rosidl_generator_cpp: 3.1.5 (/opt/ros/humble/share/rosidl_generator_cpp/cmake)
[5.480s] -- Using all available rosidl_typesupport_c: rosidl_typesupport_fastrtps_c;rosidl_typesupport_introspection_c
[5.480s] -- Using all available rosidl_typesupport_cpp: rosidl_typesupport_fastrtps_cpp;rosidl_typesupport_introspection_cpp
[5.481s] -- Found rmw_implementation_cmake: 6.1.2 (/opt/ros/humble/share/rmw_implementation_cmake/cmake)
[5.481s] -- Found rmw_fastrtps_cpp: 6.2.7 (/opt/ros/humble/share/rmw_fastrtps_cpp/cmake)
[5.481s] -- Found TinyXML2 via Config file: TinyXML2_DIR-NOTFOUND
[5.481s] -- Found OpenSSL: /usr/lib/x86_64-linux-gnu/libcrypto.so (found version "3.0.2")  
[5.482s] -- Found TinyXML2 via Config file: TinyXML2_DIR-NOTFOUND
[5.482s] -- Found FastRTPS: /opt/ros/humble/include  
[5.482s] -- Found TinyXML2 via Config file: TinyXML2_DIR-NOTFOUND
[5.482s] -- Found TinyXML2 via Config file: TinyXML2_DIR-NOTFOUND
[5.482s] -- Using RMW implementation 'rmw_fastrtps_cpp' as default
[5.482s] -- Looking for C++ include pthread.h
[5.483s] -- Looking for C++ include pthread.h - found
[5.483s] -- Performing Test CMAKE_HAVE_LIBC_PTHREAD
[5.483s] -- Performing Test CMAKE_HAVE_LIBC_PTHREAD - Success
[5.483s] -- Found Threads: TRUE  
[5.484s] -- Found ament_cmake_pytest: 1.3.10 (/opt/ros/humble/share/ament_cmake_pytest/cmake)
[5.484s] -- Configuring done
[5.484s] -- Generating done
[5.484s] -- Build files have been written to: /root/dream_ws/build/ros2_control_demo_example_6
[5.502s] Invoked command in '/root/dream_ws/build/ros2_control_demo_example_6' returned '0': AMENT_PREFIX_PATH=/root/dream_ws/install/ros2_control_demo_testing:/root/dream_ws/install/ros2_control_demo_description:${AMENT_PREFIX_PATH} CMAKE_PREFIX_PATH=/root/dream_ws/install/ros2_control_demo_description:/root/dream_ws/install/kr600:/root/dev_ws/install/simple_bot_config:/root/dev_ws/install/movbot_config:/root/dev_ws/install/simple_bot:/root/dev_ws/install/moveit_demo:/root/dev_ws/install/cobot_simulation_config:/root/dev_ws/install/cobot_simulation:/root/dev_ws/install/basic_mobile_robot:/root/dev_ws/install/arm6axis:/opt/ros/humble PYTHONPATH=/root/dream_ws/install/ros2_control_demo_testing/lib/python3.10/site-packages:${PYTHONPATH} /usr/bin/cmake /root/dream_ws/src/ros2_control_demos/example_6 -DCMAKE_INSTALL_PREFIX=/root/dream_ws/install/ros2_control_demo_example_6
[5.505s] Invoking command in '/root/dream_ws/build/ros2_control_demo_example_6': AMENT_PREFIX_PATH=/root/dream_ws/install/ros2_control_demo_testing:/root/dream_ws/install/ros2_control_demo_description:${AMENT_PREFIX_PATH} CMAKE_PREFIX_PATH=/root/dream_ws/install/ros2_control_demo_description:/root/dream_ws/install/kr600:/root/dev_ws/install/simple_bot_config:/root/dev_ws/install/movbot_config:/root/dev_ws/install/simple_bot:/root/dev_ws/install/moveit_demo:/root/dev_ws/install/cobot_simulation_config:/root/dev_ws/install/cobot_simulation:/root/dev_ws/install/basic_mobile_robot:/root/dev_ws/install/arm6axis:/opt/ros/humble PYTHONPATH=/root/dream_ws/install/ros2_control_demo_testing/lib/python3.10/site-packages:${PYTHONPATH} /usr/bin/cmake --build /root/dream_ws/build/ros2_control_demo_example_6 -- -j12 -l12
[5.586s] [ 50%] [32mBuilding CXX object CMakeFiles/ros2_control_demo_example_6.dir/hardware/rrbot_actuator.cpp.o[0m
[16.806s] [100%] [32m[1mLinking CXX shared library libros2_control_demo_example_6.so[0m
[17.281s] [100%] Built target ros2_control_demo_example_6
[17.303s] Invoked command in '/root/dream_ws/build/ros2_control_demo_example_6' returned '0': AMENT_PREFIX_PATH=/root/dream_ws/install/ros2_control_demo_testing:/root/dream_ws/install/ros2_control_demo_description:${AMENT_PREFIX_PATH} CMAKE_PREFIX_PATH=/root/dream_ws/install/ros2_control_demo_description:/root/dream_ws/install/kr600:/root/dev_ws/install/simple_bot_config:/root/dev_ws/install/movbot_config:/root/dev_ws/install/simple_bot:/root/dev_ws/install/moveit_demo:/root/dev_ws/install/cobot_simulation_config:/root/dev_ws/install/cobot_simulation:/root/dev_ws/install/basic_mobile_robot:/root/dev_ws/install/arm6axis:/opt/ros/humble PYTHONPATH=/root/dream_ws/install/ros2_control_demo_testing/lib/python3.10/site-packages:${PYTHONPATH} /usr/bin/cmake --build /root/dream_ws/build/ros2_control_demo_example_6 -- -j12 -l12
[17.473s] Invoking command in '/root/dream_ws/build/ros2_control_demo_example_6': AMENT_PREFIX_PATH=/root/dream_ws/install/ros2_control_demo_testing:/root/dream_ws/install/ros2_control_demo_description:${AMENT_PREFIX_PATH} CMAKE_PREFIX_PATH=/root/dream_ws/install/ros2_control_demo_description:/root/dream_ws/install/kr600:/root/dev_ws/install/simple_bot_config:/root/dev_ws/install/movbot_config:/root/dev_ws/install/simple_bot:/root/dev_ws/install/moveit_demo:/root/dev_ws/install/cobot_simulation_config:/root/dev_ws/install/cobot_simulation:/root/dev_ws/install/basic_mobile_robot:/root/dev_ws/install/arm6axis:/opt/ros/humble PYTHONPATH=/root/dream_ws/install/ros2_control_demo_testing/lib/python3.10/site-packages:${PYTHONPATH} /usr/bin/cmake --install /root/dream_ws/build/ros2_control_demo_example_6
[17.522s] -- Install configuration: ""
[17.525s] -- Installing: /root/dream_ws/install/ros2_control_demo_example_6/share/ros2_control_demo_example_6/ros2_control_demo_example_6.xml
[17.525s] -- Installing: /root/dream_ws/install/ros2_control_demo_example_6/include/ros2_control_demo_example_6
[17.525s] -- Installing: /root/dream_ws/install/ros2_control_demo_example_6/include/ros2_control_demo_example_6/ros2_control_demo_example_6
[17.525s] -- Installing: /root/dream_ws/install/ros2_control_demo_example_6/include/ros2_control_demo_example_6/ros2_control_demo_example_6/rrbot_actuator.hpp
[17.526s] -- Installing: /root/dream_ws/install/ros2_control_demo_example_6/share/ros2_control_demo_example_6/launch
[17.526s] -- Installing: /root/dream_ws/install/ros2_control_demo_example_6/share/ros2_control_demo_example_6/launch/view_robot.launch.py
[17.526s] -- Installing: /root/dream_ws/install/ros2_control_demo_example_6/share/ros2_control_demo_example_6/ros2_control
[17.526s] -- Installing: /root/dream_ws/install/ros2_control_demo_example_6/share/ros2_control_demo_example_6/ros2_control/rrbot_modular_actuators.ros2_control.xacro
[17.527s] -- Installing: /root/dream_ws/install/ros2_control_demo_example_6/share/ros2_control_demo_example_6/urdf
[17.527s] -- Installing: /root/dream_ws/install/ros2_control_demo_example_6/share/ros2_control_demo_example_6/urdf/rrbot_modular_actuators.urdf.xacro
[17.527s] -- Up-to-date: /root/dream_ws/install/ros2_control_demo_example_6/share/ros2_control_demo_example_6/launch
[17.527s] -- Installing: /root/dream_ws/install/ros2_control_demo_example_6/share/ros2_control_demo_example_6/launch/test_forward_position_controller.launch.py
[17.527s] -- Installing: /root/dream_ws/install/ros2_control_demo_example_6/share/ros2_control_demo_example_6/launch/rrbot_modular_actuators.launch.py
[17.527s] -- Installing: /root/dream_ws/install/ros2_control_demo_example_6/share/ros2_control_demo_example_6/config
[17.528s] -- Installing: /root/dream_ws/install/ros2_control_demo_example_6/share/ros2_control_demo_example_6/config/rrbot_forward_position_publisher.yaml
[17.528s] -- Installing: /root/dream_ws/install/ros2_control_demo_example_6/share/ros2_control_demo_example_6/config/rrbot_modular_actuators.yaml
[17.528s] -- Installing: /root/dream_ws/install/ros2_control_demo_example_6/lib/libros2_control_demo_example_6.so
[17.528s] -- Set runtime path of "/root/dream_ws/install/ros2_control_demo_example_6/lib/libros2_control_demo_example_6.so" to ""
[17.529s] -- Installing: /root/dream_ws/install/ros2_control_demo_example_6/share/ros2_control_demo_example_6/environment/library_path.sh
[17.529s] -- Installing: /root/dream_ws/install/ros2_control_demo_example_6/share/ros2_control_demo_example_6/environment/library_path.dsv
[17.529s] -- Installing: /root/dream_ws/install/ros2_control_demo_example_6/share/ament_index/resource_index/package_run_dependencies/ros2_control_demo_example_6
[17.529s] -- Installing: /root/dream_ws/install/ros2_control_demo_example_6/share/ament_index/resource_index/parent_prefix_path/ros2_control_demo_example_6
[17.529s] -- Installing: /root/dream_ws/install/ros2_control_demo_example_6/share/ros2_control_demo_example_6/environment/ament_prefix_path.sh
[17.529s] -- Installing: /root/dream_ws/install/ros2_control_demo_example_6/share/ros2_control_demo_example_6/environment/ament_prefix_path.dsv
[17.530s] -- Installing: /root/dream_ws/install/ros2_control_demo_example_6/share/ros2_control_demo_example_6/environment/path.sh
[17.530s] -- Installing: /root/dream_ws/install/ros2_control_demo_example_6/share/ros2_control_demo_example_6/environment/path.dsv
[17.530s] -- Installing: /root/dream_ws/install/ros2_control_demo_example_6/share/ros2_control_demo_example_6/local_setup.bash
[17.530s] -- Installing: /root/dream_ws/install/ros2_control_demo_example_6/share/ros2_control_demo_example_6/local_setup.sh
[17.531s] -- Installing: /root/dream_ws/install/ros2_control_demo_example_6/share/ros2_control_demo_example_6/local_setup.zsh
[17.531s] -- Installing: /root/dream_ws/install/ros2_control_demo_example_6/share/ros2_control_demo_example_6/local_setup.dsv
[17.531s] -- Installing: /root/dream_ws/install/ros2_control_demo_example_6/share/ros2_control_demo_example_6/package.dsv
[17.531s] -- Installing: /root/dream_ws/install/ros2_control_demo_example_6/share/ament_index/resource_index/packages/ros2_control_demo_example_6
[17.531s] -- Installing: /root/dream_ws/install/ros2_control_demo_example_6/share/ament_index/resource_index/hardware_interface__pluginlib__plugin/ros2_control_demo_example_6
[17.533s] -- Installing: /root/dream_ws/install/ros2_control_demo_example_6/share/ros2_control_demo_example_6/cmake/export_ros2_control_demo_example_6Export.cmake
[17.534s] -- Installing: /root/dream_ws/install/ros2_control_demo_example_6/share/ros2_control_demo_example_6/cmake/export_ros2_control_demo_example_6Export-noconfig.cmake
[17.534s] -- Installing: /root/dream_ws/install/ros2_control_demo_example_6/share/ros2_control_demo_example_6/cmake/ament_cmake_export_targets-extras.cmake
[17.534s] -- Installing: /root/dream_ws/install/ros2_control_demo_example_6/share/ros2_control_demo_example_6/cmake/ament_cmake_export_dependencies-extras.cmake
[17.535s] -- Installing: /root/dream_ws/install/ros2_control_demo_example_6/share/ros2_control_demo_example_6/cmake/ros2_control_demo_example_6Config.cmake
[17.535s] -- Installing: /root/dream_ws/install/ros2_control_demo_example_6/share/ros2_control_demo_example_6/cmake/ros2_control_demo_example_6Config-version.cmake
[17.535s] -- Installing: /root/dream_ws/install/ros2_control_demo_example_6/share/ros2_control_demo_example_6/package.xml
[17.586s] Invoked command in '/root/dream_ws/build/ros2_control_demo_example_6' returned '0': AMENT_PREFIX_PATH=/root/dream_ws/install/ros2_control_demo_testing:/root/dream_ws/install/ros2_control_demo_description:${AMENT_PREFIX_PATH} CMAKE_PREFIX_PATH=/root/dream_ws/install/ros2_control_demo_description:/root/dream_ws/install/kr600:/root/dev_ws/install/simple_bot_config:/root/dev_ws/install/movbot_config:/root/dev_ws/install/simple_bot:/root/dev_ws/install/moveit_demo:/root/dev_ws/install/cobot_simulation_config:/root/dev_ws/install/cobot_simulation:/root/dev_ws/install/basic_mobile_robot:/root/dev_ws/install/arm6axis:/opt/ros/humble PYTHONPATH=/root/dream_ws/install/ros2_control_demo_testing/lib/python3.10/site-packages:${PYTHONPATH} /usr/bin/cmake --install /root/dream_ws/build/ros2_control_demo_example_6
