[0.306s] Invoking command in '/root/dream_ws/build/kr600': CMAKE_PREFIX_PATH=${CMAKE_PREFIX_PATH}:/opt/ros/humble /usr/bin/cmake /root/dream_ws/src/kr600 -DCMAKE_INSTALL_PREFIX=/root/dream_ws/install/kr600
[0.355s] -- The C compiler identification is GNU 11.4.0
[0.413s] -- The CXX compiler identification is GNU 11.4.0
[0.421s] -- Detecting C compiler ABI info
[0.486s] -- Detecting C compiler ABI info - done
[0.497s] -- Check for working C compiler: /usr/bin/cc - skipped
[0.498s] -- Detecting C compile features
[0.498s] -- Detecting C compile features - done
[0.502s] -- Detecting CXX compiler ABI info
[0.577s] -- Detecting CXX compiler ABI info - done
[0.589s] -- Check for working CXX compiler: /usr/bin/c++ - skipped
[0.589s] -- Detecting CXX compile features
[0.590s] -- Detecting CXX compile features - done
[0.594s] -- Found ament_cmake: 1.3.10 (/opt/ros/humble/share/ament_cmake/cmake)
[0.762s] -- Found Python3: /usr/bin/python3 (found version "3.10.12") found components: Interpreter 
[0.880s] -- Found ament_lint_auto: 0.12.11 (/opt/ros/humble/share/ament_lint_auto/cmake)
[0.990s] -- Added test 'flake8' to check Python code syntax and style conventions
[0.991s] -- Added test 'lint_cmake' to check CMake code style
[0.992s] -- Added test 'pep257' to check Python code against some of the docstring style conventions in PEP 257
[0.995s] -- Added test 'xmllint' to check XML markup files
[0.997s] -- Configuring done
[1.000s] -- Generating done
[1.001s] -- Build files have been written to: /root/dream_ws/build/kr600
[1.005s] Invoked command in '/root/dream_ws/build/kr600' returned '0': CMAKE_PREFIX_PATH=${CMAKE_PREFIX_PATH}:/opt/ros/humble /usr/bin/cmake /root/dream_ws/src/kr600 -DCMAKE_INSTALL_PREFIX=/root/dream_ws/install/kr600
[1.006s] Invoking command in '/root/dream_ws/build/kr600': CMAKE_PREFIX_PATH=${CMAKE_PREFIX_PATH}:/opt/ros/humble /usr/bin/cmake --build /root/dream_ws/build/kr600 -- -j12 -l12
[1.040s] Invoked command in '/root/dream_ws/build/kr600' returned '0': CMAKE_PREFIX_PATH=${CMAKE_PREFIX_PATH}:/opt/ros/humble /usr/bin/cmake --build /root/dream_ws/build/kr600 -- -j12 -l12
[1.128s] Invoking command in '/root/dream_ws/build/kr600': CMAKE_PREFIX_PATH=${CMAKE_PREFIX_PATH}:/opt/ros/humble /usr/bin/cmake --install /root/dream_ws/build/kr600
[1.134s] -- Install configuration: ""
[1.135s] -- Installing: /root/dream_ws/install/kr600/share/kr600/launch
[1.135s] -- Installing: /root/dream_ws/install/kr600/share/kr600/launch/kr600.launch.py
[1.136s] -- Installing: /root/dream_ws/install/kr600/share/kr600/launch/kr600_1.launch.py
[1.136s] -- Installing: /root/dream_ws/install/kr600/share/kr600/meshes
[1.136s] -- Installing: /root/dream_ws/install/kr600/share/kr600/meshes/link6.stl
[1.141s] -- Installing: /root/dream_ws/install/kr600/share/kr600/meshes/base_link.stl
[1.148s] -- Installing: /root/dream_ws/install/kr600/share/kr600/meshes/link4.stl
[1.159s] -- Installing: /root/dream_ws/install/kr600/share/kr600/meshes/link5.stl
[1.162s] -- Installing: /root/dream_ws/install/kr600/share/kr600/meshes/link3.stl
[1.172s] -- Installing: /root/dream_ws/install/kr600/share/kr600/meshes/link2.stl
[1.185s] -- Installing: /root/dream_ws/install/kr600/share/kr600/meshes/description.txt
[1.185s] -- Installing: /root/dream_ws/install/kr600/share/kr600/meshes/link1.stl
[1.207s] -- Installing: /root/dream_ws/install/kr600/share/kr600/rviz
[1.208s] -- Installing: /root/dream_ws/install/kr600/share/kr600/rviz/config.rviz
[1.208s] -- Installing: /root/dream_ws/install/kr600/share/kr600/urdf
[1.208s] -- Installing: /root/dream_ws/install/kr600/share/kr600/urdf/model.urdf.xacro
[1.208s] -- Installing: /root/dream_ws/install/kr600/share/ament_index/resource_index/package_run_dependencies/kr600
[1.208s] -- Installing: /root/dream_ws/install/kr600/share/ament_index/resource_index/parent_prefix_path/kr600
[1.208s] -- Installing: /root/dream_ws/install/kr600/share/kr600/environment/ament_prefix_path.sh
[1.209s] -- Installing: /root/dream_ws/install/kr600/share/kr600/environment/ament_prefix_path.dsv
[1.209s] -- Installing: /root/dream_ws/install/kr600/share/kr600/environment/path.sh
[1.209s] -- Installing: /root/dream_ws/install/kr600/share/kr600/environment/path.dsv
[1.209s] -- Installing: /root/dream_ws/install/kr600/share/kr600/local_setup.bash
[1.209s] -- Installing: /root/dream_ws/install/kr600/share/kr600/local_setup.sh
[1.209s] -- Installing: /root/dream_ws/install/kr600/share/kr600/local_setup.zsh
[1.210s] -- Installing: /root/dream_ws/install/kr600/share/kr600/local_setup.dsv
[1.210s] -- Installing: /root/dream_ws/install/kr600/share/kr600/package.dsv
[1.210s] -- Installing: /root/dream_ws/install/kr600/share/ament_index/resource_index/packages/kr600
[1.210s] -- Installing: /root/dream_ws/install/kr600/share/kr600/cmake/kr600Config.cmake
[1.210s] -- Installing: /root/dream_ws/install/kr600/share/kr600/cmake/kr600Config-version.cmake
[1.211s] -- Installing: /root/dream_ws/install/kr600/share/kr600/package.xml
[1.214s] Invoked command in '/root/dream_ws/build/kr600' returned '0': CMAKE_PREFIX_PATH=${CMAKE_PREFIX_PATH}:/opt/ros/humble /usr/bin/cmake --install /root/dream_ws/build/kr600
