[0.322s] Invoking command in '/root/dream_ws/build/kr600': CMAKE_PREFIX_PATH=${CMAKE_PREFIX_PATH}:/root/dream_ws/install/ros2_control_demo_testing:/opt/ros/humble /usr/bin/cmake --build /root/dream_ws/build/kr600 -- -j12 -l12
[0.362s] Invoked command in '/root/dream_ws/build/kr600' returned '0': CMAKE_PREFIX_PATH=${CMAKE_PREFIX_PATH}:/root/dream_ws/install/ros2_control_demo_testing:/opt/ros/humble /usr/bin/cmake --build /root/dream_ws/build/kr600 -- -j12 -l12
[0.400s] Invoking command in '/root/dream_ws/build/kr600': CMAKE_PREFIX_PATH=${CMAKE_PREFIX_PATH}:/root/dream_ws/install/ros2_control_demo_testing:/opt/ros/humble /usr/bin/cmake --install /root/dream_ws/build/kr600
[0.409s] -- Install configuration: ""
[0.409s] -- Up-to-date: /root/dream_ws/install/kr600/share/kr600/launch
[0.409s] -- Up-to-date: /root/dream_ws/install/kr600/share/kr600/launch/kr600.launch.py
[0.410s] -- Up-to-date: /root/dream_ws/install/kr600/share/kr600/launch/kr600_1.launch.py
[0.410s] -- Up-to-date: /root/dream_ws/install/kr600/share/kr600/meshes
[0.410s] -- Up-to-date: /root/dream_ws/install/kr600/share/kr600/meshes/link6.stl
[0.410s] -- Up-to-date: /root/dream_ws/install/kr600/share/kr600/meshes/base_link.stl
[0.411s] -- Up-to-date: /root/dream_ws/install/kr600/share/kr600/meshes/link4.stl
[0.411s] -- Up-to-date: /root/dream_ws/install/kr600/share/kr600/meshes/link5.stl
[0.411s] -- Up-to-date: /root/dream_ws/install/kr600/share/kr600/meshes/link3.stl
[0.411s] -- Up-to-date: /root/dream_ws/install/kr600/share/kr600/meshes/link2.stl
[0.411s] -- Up-to-date: /root/dream_ws/install/kr600/share/kr600/meshes/description.txt
[0.412s] -- Up-to-date: /root/dream_ws/install/kr600/share/kr600/meshes/link1.stl
[0.412s] -- Up-to-date: /root/dream_ws/install/kr600/share/kr600/rviz
[0.412s] -- Up-to-date: /root/dream_ws/install/kr600/share/kr600/rviz/config.rviz
[0.412s] -- Up-to-date: /root/dream_ws/install/kr600/share/kr600/urdf
[0.413s] -- Installing: /root/dream_ws/install/kr600/share/kr600/urdf/model.urdf.xacro
[0.413s] -- Up-to-date: /root/dream_ws/install/kr600/share/ament_index/resource_index/package_run_dependencies/kr600
[0.413s] -- Up-to-date: /root/dream_ws/install/kr600/share/ament_index/resource_index/parent_prefix_path/kr600
[0.413s] -- Up-to-date: /root/dream_ws/install/kr600/share/kr600/environment/ament_prefix_path.sh
[0.413s] -- Up-to-date: /root/dream_ws/install/kr600/share/kr600/environment/ament_prefix_path.dsv
[0.414s] -- Up-to-date: /root/dream_ws/install/kr600/share/kr600/environment/path.sh
[0.414s] -- Up-to-date: /root/dream_ws/install/kr600/share/kr600/environment/path.dsv
[0.415s] -- Up-to-date: /root/dream_ws/install/kr600/share/kr600/local_setup.bash
[0.416s] -- Up-to-date: /root/dream_ws/install/kr600/share/kr600/local_setup.sh
[0.416s] -- Up-to-date: /root/dream_ws/install/kr600/share/kr600/local_setup.zsh
[0.416s] -- Up-to-date: /root/dream_ws/install/kr600/share/kr600/local_setup.dsv
[0.417s] -- Up-to-date: /root/dream_ws/install/kr600/share/kr600/package.dsv
[0.417s] -- Up-to-date: /root/dream_ws/install/kr600/share/ament_index/resource_index/packages/kr600
[0.418s] -- Up-to-date: /root/dream_ws/install/kr600/share/kr600/cmake/kr600Config.cmake
[0.418s] -- Up-to-date: /root/dream_ws/install/kr600/share/kr600/cmake/kr600Config-version.cmake
[0.418s] -- Up-to-date: /root/dream_ws/install/kr600/share/kr600/package.xml
[0.418s] Invoked command in '/root/dream_ws/build/kr600' returned '0': CMAKE_PREFIX_PATH=${CMAKE_PREFIX_PATH}:/root/dream_ws/install/ros2_control_demo_testing:/opt/ros/humble /usr/bin/cmake --install /root/dream_ws/build/kr600
