-- Install configuration: ""
-- Up-to-date: /root/dream_ws/install/KR600_2830_description/share/KR600_2830_description/launch
-- Up-to-date: /root/dream_ws/install/KR600_2830_description/share/KR600_2830_description/launch/view_description.launch.py
-- Up-to-date: /root/dream_ws/install/KR600_2830_description/share/KR600_2830_description/meshes
-- Up-to-date: /root/dream_ws/install/KR600_2830_description/share/KR600_2830_description/meshes/link6.stl
-- Up-to-date: /root/dream_ws/install/KR600_2830_description/share/KR600_2830_description/meshes/base_link.stl
-- Up-to-date: /root/dream_ws/install/KR600_2830_description/share/KR600_2830_description/meshes/link4.stl
-- Up-to-date: /root/dream_ws/install/KR600_2830_description/share/KR600_2830_description/meshes/link5.stl
-- Up-to-date: /root/dream_ws/install/KR600_2830_description/share/KR600_2830_description/meshes/link3.stl
-- Up-to-date: /root/dream_ws/install/KR600_2830_description/share/KR600_2830_description/meshes/link2.stl
-- Up-to-date: /root/dream_ws/install/KR600_2830_description/share/KR600_2830_description/meshes/description.txt
-- Up-to-date: /root/dream_ws/install/KR600_2830_description/share/KR600_2830_description/meshes/link1.stl
-- Up-to-date: /root/dream_ws/install/KR600_2830_description/share/KR600_2830_description/rviz
-- Up-to-date: /root/dream_ws/install/KR600_2830_description/share/KR600_2830_description/rviz/config.rviz
-- Up-to-date: /root/dream_ws/install/KR600_2830_description/share/KR600_2830_description/urdf
-- Up-to-date: /root/dream_ws/install/KR600_2830_description/share/KR600_2830_description/urdf/model.urdf
-- Up-to-date: /root/dream_ws/install/KR600_2830_description/share/ament_index/resource_index/package_run_dependencies/KR600_2830_description
-- Up-to-date: /root/dream_ws/install/KR600_2830_description/share/ament_index/resource_index/parent_prefix_path/KR600_2830_description
-- Up-to-date: /root/dream_ws/install/KR600_2830_description/share/KR600_2830_description/environment/ament_prefix_path.sh
-- Up-to-date: /root/dream_ws/install/KR600_2830_description/share/KR600_2830_description/environment/ament_prefix_path.dsv
-- Up-to-date: /root/dream_ws/install/KR600_2830_description/share/KR600_2830_description/environment/path.sh
-- Up-to-date: /root/dream_ws/install/KR600_2830_description/share/KR600_2830_description/environment/path.dsv
-- Up-to-date: /root/dream_ws/install/KR600_2830_description/share/KR600_2830_description/local_setup.bash
-- Up-to-date: /root/dream_ws/install/KR600_2830_description/share/KR600_2830_description/local_setup.sh
-- Up-to-date: /root/dream_ws/install/KR600_2830_description/share/KR600_2830_description/local_setup.zsh
-- Up-to-date: /root/dream_ws/install/KR600_2830_description/share/KR600_2830_description/local_setup.dsv
-- Installing: /root/dream_ws/install/KR600_2830_description/share/KR600_2830_description/package.dsv
-- Up-to-date: /root/dream_ws/install/KR600_2830_description/share/ament_index/resource_index/packages/KR600_2830_description
-- Up-to-date: /root/dream_ws/install/KR600_2830_description/share/KR600_2830_description/cmake/KR600_2830_descriptionConfig.cmake
-- Up-to-date: /root/dream_ws/install/KR600_2830_description/share/KR600_2830_description/cmake/KR600_2830_descriptionConfig-version.cmake
-- Up-to-date: /root/dream_ws/install/KR600_2830_description/share/KR600_2830_description/package.xml
