[0.029s] Invoking command in '/root/dream_ws/build/KR600_2830_description': CMAKE_PREFIX_PATH=${CMAKE_PREFIX_PATH}:/opt/ros/humble /usr/bin/cmake --build /root/dream_ws/build/KR600_2830_description -- -j12 -l12
[0.076s] Invoked command in '/root/dream_ws/build/KR600_2830_description' returned '0': CMAKE_PREFIX_PATH=${CMAKE_PREFIX_PATH}:/opt/ros/humble /usr/bin/cmake --build /root/dream_ws/build/KR600_2830_description -- -j12 -l12
[0.123s] Invoking command in '/root/dream_ws/build/KR600_2830_description': CMAKE_PREFIX_PATH=${CMAKE_PREFIX_PATH}:/opt/ros/humble /usr/bin/cmake --install /root/dream_ws/build/KR600_2830_description
[0.132s] -- Install configuration: ""
[0.132s] -- Up-to-date: /root/dream_ws/install/KR600_2830_description/share/KR600_2830_description/launch
[0.133s] -- Up-to-date: /root/dream_ws/install/KR600_2830_description/share/KR600_2830_description/launch/view_description.launch.py
[0.133s] -- Up-to-date: /root/dream_ws/install/KR600_2830_description/share/KR600_2830_description/meshes
[0.133s] -- Up-to-date: /root/dream_ws/install/KR600_2830_description/share/KR600_2830_description/meshes/link6.stl
[0.134s] -- Up-to-date: /root/dream_ws/install/KR600_2830_description/share/KR600_2830_description/meshes/base_link.stl
[0.134s] -- Up-to-date: /root/dream_ws/install/KR600_2830_description/share/KR600_2830_description/meshes/link4.stl
[0.135s] -- Up-to-date: /root/dream_ws/install/KR600_2830_description/share/KR600_2830_description/meshes/link5.stl
[0.135s] -- Up-to-date: /root/dream_ws/install/KR600_2830_description/share/KR600_2830_description/meshes/link3.stl
[0.136s] -- Up-to-date: /root/dream_ws/install/KR600_2830_description/share/KR600_2830_description/meshes/link2.stl
[0.136s] -- Up-to-date: /root/dream_ws/install/KR600_2830_description/share/KR600_2830_description/meshes/description.txt
[0.136s] -- Up-to-date: /root/dream_ws/install/KR600_2830_description/share/KR600_2830_description/meshes/link1.stl
[0.136s] -- Up-to-date: /root/dream_ws/install/KR600_2830_description/share/KR600_2830_description/rviz
[0.136s] -- Up-to-date: /root/dream_ws/install/KR600_2830_description/share/KR600_2830_description/rviz/config.rviz
[0.137s] -- Up-to-date: /root/dream_ws/install/KR600_2830_description/share/KR600_2830_description/urdf
[0.137s] -- Up-to-date: /root/dream_ws/install/KR600_2830_description/share/KR600_2830_description/urdf/model.urdf
[0.137s] -- Up-to-date: /root/dream_ws/install/KR600_2830_description/share/ament_index/resource_index/package_run_dependencies/KR600_2830_description
[0.137s] -- Up-to-date: /root/dream_ws/install/KR600_2830_description/share/ament_index/resource_index/parent_prefix_path/KR600_2830_description
[0.137s] -- Up-to-date: /root/dream_ws/install/KR600_2830_description/share/KR600_2830_description/environment/ament_prefix_path.sh
[0.138s] -- Up-to-date: /root/dream_ws/install/KR600_2830_description/share/KR600_2830_description/environment/ament_prefix_path.dsv
[0.138s] -- Up-to-date: /root/dream_ws/install/KR600_2830_description/share/KR600_2830_description/environment/path.sh
[0.138s] -- Up-to-date: /root/dream_ws/install/KR600_2830_description/share/KR600_2830_description/environment/path.dsv
[0.138s] -- Up-to-date: /root/dream_ws/install/KR600_2830_description/share/KR600_2830_description/local_setup.bash
[0.139s] -- Up-to-date: /root/dream_ws/install/KR600_2830_description/share/KR600_2830_description/local_setup.sh
[0.139s] -- Up-to-date: /root/dream_ws/install/KR600_2830_description/share/KR600_2830_description/local_setup.zsh
[0.140s] -- Up-to-date: /root/dream_ws/install/KR600_2830_description/share/KR600_2830_description/local_setup.dsv
[0.141s] -- Installing: /root/dream_ws/install/KR600_2830_description/share/KR600_2830_description/package.dsv
[0.143s] -- Up-to-date: /root/dream_ws/install/KR600_2830_description/share/ament_index/resource_index/packages/KR600_2830_description
[0.143s] -- Up-to-date: /root/dream_ws/install/KR600_2830_description/share/KR600_2830_description/cmake/KR600_2830_descriptionConfig.cmake
[0.143s] -- Up-to-date: /root/dream_ws/install/KR600_2830_description/share/KR600_2830_description/cmake/KR600_2830_descriptionConfig-version.cmake
[0.144s] -- Up-to-date: /root/dream_ws/install/KR600_2830_description/share/KR600_2830_description/package.xml
[0.144s] Invoked command in '/root/dream_ws/build/KR600_2830_description' returned '0': CMAKE_PREFIX_PATH=${CMAKE_PREFIX_PATH}:/opt/ros/humble /usr/bin/cmake --install /root/dream_ws/build/KR600_2830_description
