[0.209s] DEBUG:colcon:Command line arguments: ['/usr/bin/colcon', 'build', '--packages-select', 'kr600', 'kr600_gazebo']
[0.209s] DEBUG:colcon:Parsed command line arguments: Namespace(log_base=None, log_level=None, verb_name='build', build_base='build', install_base='install', merge_install=False, symlink_install=False, test_result_base=None, continue_on_error=False, executor='parallel', parallel_workers=12, event_handlers=None, ignore_user_meta=False, metas=['./colcon.meta'], base_paths=['.'], packages_ignore=None, packages_ignore_regex=None, paths=None, packages_up_to=None, packages_up_to_regex=None, packages_above=None, packages_above_and_dependencies=None, packages_above_depth=None, packages_select_by_dep=None, packages_skip_by_dep=None, packages_skip_up_to=None, packages_select_build_failed=False, packages_skip_build_finished=False, packages_select_test_failures=False, packages_skip_test_passed=False, packages_select=['kr600', 'kr600_gazebo'], packages_skip=None, packages_select_regex=None, packages_skip_regex=None, packages_start=None, packages_end=None, cmake_args=None, cmake_target=None, cmake_target_skip_unavailable=False, cmake_clean_cache=False, cmake_clean_first=False, cmake_force_configure=False, ament_cmake_args=None, catkin_cmake_args=None, catkin_skip_building_tests=False, mixin_files=None, mixin=None, verb_parser=<colcon_mixin.mixin.mixin_argument.MixinArgumentDecorator object at 0x7f9584a688e0>, verb_extension=<colcon_core.verb.build.BuildVerb object at 0x7f9584b78fd0>, main=<bound method BuildVerb.main of <colcon_core.verb.build.BuildVerb object at 0x7f9584b78fd0>>, mixin_verb=('build',))
[0.466s] Level 1:colcon.colcon_core.package_discovery:discover_packages(colcon_meta) check parameters
[0.467s] INFO:colcon.colcon_metadata.package_discovery.colcon_meta:Using configuration from '/root/.colcon/metadata/default/Gazebo.meta'
[0.468s] INFO:colcon.colcon_metadata.package_discovery.colcon_meta:Using configuration from '/root/.colcon/metadata/default/fastrtps.meta'
[0.468s] Level 1:colcon.colcon_core.package_discovery:discover_packages(recursive) check parameters
[0.468s] Level 1:colcon.colcon_core.package_discovery:discover_packages(ignore) check parameters
[0.468s] Level 1:colcon.colcon_core.package_discovery:discover_packages(path) check parameters
[0.468s] Level 1:colcon.colcon_core.package_discovery:discover_packages(colcon_meta) discover
[0.468s] Level 1:colcon.colcon_core.package_discovery:discover_packages(recursive) discover
[0.468s] INFO:colcon.colcon_core.package_discovery:Crawling recursively for packages in '/root/dream_ws'
[0.468s] Level 1:colcon.colcon_core.package_identification:_identify(.) by extensions ['ignore', 'ignore_ament_install']
[0.469s] Level 1:colcon.colcon_core.package_identification:_identify(.) by extension 'ignore'
[0.469s] Level 1:colcon.colcon_core.package_identification:_identify(.) by extension 'ignore_ament_install'
[0.469s] Level 1:colcon.colcon_core.package_identification:_identify(.) by extensions ['colcon_pkg']
[0.469s] Level 1:colcon.colcon_core.package_identification:_identify(.) by extension 'colcon_pkg'
[0.469s] Level 1:colcon.colcon_core.package_identification:_identify(.) by extensions ['colcon_meta']
[0.469s] Level 1:colcon.colcon_core.package_identification:_identify(.) by extension 'colcon_meta'
[0.469s] Level 1:colcon.colcon_core.package_identification:_identify(.) by extensions ['ros']
[0.469s] Level 1:colcon.colcon_core.package_identification:_identify(.) by extension 'ros'
[0.490s] Level 1:colcon.colcon_core.package_identification:_identify(.) by extensions ['cmake', 'python']
[0.490s] Level 1:colcon.colcon_core.package_identification:_identify(.) by extension 'cmake'
[0.490s] Level 1:colcon.colcon_core.package_identification:_identify(.) by extension 'python'
[0.490s] Level 1:colcon.colcon_core.package_identification:_identify(.) by extensions ['python_setup_py']
[0.490s] Level 1:colcon.colcon_core.package_identification:_identify(.) by extension 'python_setup_py'
[0.490s] Level 1:colcon.colcon_core.package_identification:_identify(build) by extensions ['ignore', 'ignore_ament_install']
[0.490s] Level 1:colcon.colcon_core.package_identification:_identify(build) by extension 'ignore'
[0.490s] Level 1:colcon.colcon_core.package_identification:_identify(build) ignored
[0.491s] Level 1:colcon.colcon_core.package_identification:_identify(install) by extensions ['ignore', 'ignore_ament_install']
[0.491s] Level 1:colcon.colcon_core.package_identification:_identify(install) by extension 'ignore'
[0.491s] Level 1:colcon.colcon_core.package_identification:_identify(install) ignored
[0.491s] Level 1:colcon.colcon_core.package_identification:_identify(log) by extensions ['ignore', 'ignore_ament_install']
[0.491s] Level 1:colcon.colcon_core.package_identification:_identify(log) by extension 'ignore'
[0.491s] Level 1:colcon.colcon_core.package_identification:_identify(log) ignored
[0.491s] Level 1:colcon.colcon_core.package_identification:_identify(src) by extensions ['ignore', 'ignore_ament_install']
[0.492s] Level 1:colcon.colcon_core.package_identification:_identify(src) by extension 'ignore'
[0.492s] Level 1:colcon.colcon_core.package_identification:_identify(src) by extension 'ignore_ament_install'
[0.492s] Level 1:colcon.colcon_core.package_identification:_identify(src) by extensions ['colcon_pkg']
[0.492s] Level 1:colcon.colcon_core.package_identification:_identify(src) by extension 'colcon_pkg'
[0.492s] Level 1:colcon.colcon_core.package_identification:_identify(src) by extensions ['colcon_meta']
[0.492s] Level 1:colcon.colcon_core.package_identification:_identify(src) by extension 'colcon_meta'
[0.492s] Level 1:colcon.colcon_core.package_identification:_identify(src) by extensions ['ros']
[0.492s] Level 1:colcon.colcon_core.package_identification:_identify(src) by extension 'ros'
[0.492s] Level 1:colcon.colcon_core.package_identification:_identify(src) by extensions ['cmake', 'python']
[0.492s] Level 1:colcon.colcon_core.package_identification:_identify(src) by extension 'cmake'
[0.492s] Level 1:colcon.colcon_core.package_identification:_identify(src) by extension 'python'
[0.492s] Level 1:colcon.colcon_core.package_identification:_identify(src) by extensions ['python_setup_py']
[0.492s] Level 1:colcon.colcon_core.package_identification:_identify(src) by extension 'python_setup_py'
[0.493s] Level 1:colcon.colcon_core.package_identification:_identify(src/kr600) by extensions ['ignore', 'ignore_ament_install']
[0.493s] Level 1:colcon.colcon_core.package_identification:_identify(src/kr600) by extension 'ignore'
[0.493s] Level 1:colcon.colcon_core.package_identification:_identify(src/kr600) by extension 'ignore_ament_install'
[0.493s] Level 1:colcon.colcon_core.package_identification:_identify(src/kr600) by extensions ['colcon_pkg']
[0.493s] Level 1:colcon.colcon_core.package_identification:_identify(src/kr600) by extension 'colcon_pkg'
[0.493s] Level 1:colcon.colcon_core.package_identification:_identify(src/kr600) by extensions ['colcon_meta']
[0.493s] Level 1:colcon.colcon_core.package_identification:_identify(src/kr600) by extension 'colcon_meta'
[0.493s] Level 1:colcon.colcon_core.package_identification:_identify(src/kr600) by extensions ['ros']
[0.493s] Level 1:colcon.colcon_core.package_identification:_identify(src/kr600) by extension 'ros'
[0.497s] DEBUG:colcon.colcon_core.package_identification:Package 'src/kr600' with type 'ros.ament_cmake' and name 'kr600'
[0.497s] Level 1:colcon.colcon_core.package_identification:_identify(src/kr600_gazebo) by extensions ['ignore', 'ignore_ament_install']
[0.497s] Level 1:colcon.colcon_core.package_identification:_identify(src/kr600_gazebo) by extension 'ignore'
[0.497s] Level 1:colcon.colcon_core.package_identification:_identify(src/kr600_gazebo) by extension 'ignore_ament_install'
[0.497s] Level 1:colcon.colcon_core.package_identification:_identify(src/kr600_gazebo) by extensions ['colcon_pkg']
[0.497s] Level 1:colcon.colcon_core.package_identification:_identify(src/kr600_gazebo) by extension 'colcon_pkg'
[0.498s] Level 1:colcon.colcon_core.package_identification:_identify(src/kr600_gazebo) by extensions ['colcon_meta']
[0.498s] Level 1:colcon.colcon_core.package_identification:_identify(src/kr600_gazebo) by extension 'colcon_meta'
[0.498s] Level 1:colcon.colcon_core.package_identification:_identify(src/kr600_gazebo) by extensions ['ros']
[0.498s] Level 1:colcon.colcon_core.package_identification:_identify(src/kr600_gazebo) by extension 'ros'
[0.499s] DEBUG:colcon.colcon_core.package_identification:Package 'src/kr600_gazebo' with type 'ros.ament_cmake' and name 'kr600_gazebo'
[0.499s] Level 1:colcon.colcon_core.package_discovery:discover_packages(recursive) using defaults
[0.499s] Level 1:colcon.colcon_core.package_discovery:discover_packages(ignore) discover
[0.499s] Level 1:colcon.colcon_core.package_discovery:discover_packages(ignore) using defaults
[0.499s] Level 1:colcon.colcon_core.package_discovery:discover_packages(path) discover
[0.499s] Level 1:colcon.colcon_core.package_discovery:discover_packages(path) using defaults
[0.532s] Level 5:colcon.colcon_core.verb:set package 'kr600' build argument 'cmake_args' from command line to 'None'
[0.532s] Level 5:colcon.colcon_core.verb:set package 'kr600' build argument 'cmake_target' from command line to 'None'
[0.532s] Level 5:colcon.colcon_core.verb:set package 'kr600' build argument 'cmake_target_skip_unavailable' from command line to 'False'
[0.532s] Level 5:colcon.colcon_core.verb:set package 'kr600' build argument 'cmake_clean_cache' from command line to 'False'
[0.532s] Level 5:colcon.colcon_core.verb:set package 'kr600' build argument 'cmake_clean_first' from command line to 'False'
[0.532s] Level 5:colcon.colcon_core.verb:set package 'kr600' build argument 'cmake_force_configure' from command line to 'False'
[0.532s] Level 5:colcon.colcon_core.verb:set package 'kr600' build argument 'ament_cmake_args' from command line to 'None'
[0.532s] Level 5:colcon.colcon_core.verb:set package 'kr600' build argument 'catkin_cmake_args' from command line to 'None'
[0.532s] Level 5:colcon.colcon_core.verb:set package 'kr600' build argument 'catkin_skip_building_tests' from command line to 'False'
[0.532s] DEBUG:colcon.colcon_core.verb:Building package 'kr600' with the following arguments: {'ament_cmake_args': None, 'build_base': '/root/dream_ws/build/kr600', 'catkin_cmake_args': None, 'catkin_skip_building_tests': False, 'cmake_args': None, 'cmake_clean_cache': False, 'cmake_clean_first': False, 'cmake_force_configure': False, 'cmake_target': None, 'cmake_target_skip_unavailable': False, 'install_base': '/root/dream_ws/install/kr600', 'merge_install': False, 'path': '/root/dream_ws/src/kr600', 'symlink_install': False, 'test_result_base': None}
[0.533s] Level 5:colcon.colcon_core.verb:set package 'kr600_gazebo' build argument 'cmake_args' from command line to 'None'
[0.533s] Level 5:colcon.colcon_core.verb:set package 'kr600_gazebo' build argument 'cmake_target' from command line to 'None'
[0.533s] Level 5:colcon.colcon_core.verb:set package 'kr600_gazebo' build argument 'cmake_target_skip_unavailable' from command line to 'False'
[0.533s] Level 5:colcon.colcon_core.verb:set package 'kr600_gazebo' build argument 'cmake_clean_cache' from command line to 'False'
[0.533s] Level 5:colcon.colcon_core.verb:set package 'kr600_gazebo' build argument 'cmake_clean_first' from command line to 'False'
[0.533s] Level 5:colcon.colcon_core.verb:set package 'kr600_gazebo' build argument 'cmake_force_configure' from command line to 'False'
[0.533s] Level 5:colcon.colcon_core.verb:set package 'kr600_gazebo' build argument 'ament_cmake_args' from command line to 'None'
[0.533s] Level 5:colcon.colcon_core.verb:set package 'kr600_gazebo' build argument 'catkin_cmake_args' from command line to 'None'
[0.533s] Level 5:colcon.colcon_core.verb:set package 'kr600_gazebo' build argument 'catkin_skip_building_tests' from command line to 'False'
[0.533s] DEBUG:colcon.colcon_core.verb:Building package 'kr600_gazebo' with the following arguments: {'ament_cmake_args': None, 'build_base': '/root/dream_ws/build/kr600_gazebo', 'catkin_cmake_args': None, 'catkin_skip_building_tests': False, 'cmake_args': None, 'cmake_clean_cache': False, 'cmake_clean_first': False, 'cmake_force_configure': False, 'cmake_target': None, 'cmake_target_skip_unavailable': False, 'install_base': '/root/dream_ws/install/kr600_gazebo', 'merge_install': False, 'path': '/root/dream_ws/src/kr600_gazebo', 'symlink_install': False, 'test_result_base': None}
[0.534s] INFO:colcon.colcon_core.executor:Executing jobs using 'parallel' executor
[0.535s] DEBUG:colcon.colcon_parallel_executor.executor.parallel:run_until_complete
[0.535s] INFO:colcon.colcon_ros.task.ament_cmake.build:Building ROS package in '/root/dream_ws/src/kr600' with build type 'ament_cmake'
[0.536s] INFO:colcon.colcon_cmake.task.cmake.build:Building CMake package in '/root/dream_ws/src/kr600'
[0.539s] INFO:colcon.colcon_core.plugin_system:Skipping extension 'colcon_core.shell.bat': Not used on non-Windows systems
[0.540s] INFO:colcon.colcon_core.shell:Skip shell extension 'powershell' for command environment: Not usable outside of PowerShell
[0.540s] DEBUG:colcon.colcon_core.shell:Skip shell extension 'dsv' for command environment
[0.563s] DEBUG:colcon.colcon_core.event_handler.log_command:Invoking command in '/root/dream_ws/build/kr600': CMAKE_PREFIX_PATH=${CMAKE_PREFIX_PATH}:/opt/ros/humble /usr/bin/cmake --build /root/dream_ws/build/kr600 -- -j12 -l12
[0.608s] DEBUG:colcon.colcon_core.event_handler.log_command:Invoked command in '/root/dream_ws/build/kr600' returned '0': CMAKE_PREFIX_PATH=${CMAKE_PREFIX_PATH}:/opt/ros/humble /usr/bin/cmake --build /root/dream_ws/build/kr600 -- -j12 -l12
[0.651s] DEBUG:colcon.colcon_core.event_handler.log_command:Invoking command in '/root/dream_ws/build/kr600': CMAKE_PREFIX_PATH=${CMAKE_PREFIX_PATH}:/opt/ros/humble /usr/bin/cmake --install /root/dream_ws/build/kr600
[0.669s] Level 1:colcon.colcon_core.environment:create_environment_scripts_only(kr600)
[0.671s] DEBUG:colcon.colcon_core.event_handler.log_command:Invoked command in '/root/dream_ws/build/kr600' returned '0': CMAKE_PREFIX_PATH=${CMAKE_PREFIX_PATH}:/opt/ros/humble /usr/bin/cmake --install /root/dream_ws/build/kr600
[0.675s] Level 1:colcon.colcon_core.environment:checking '/root/dream_ws/install/kr600' for CMake module files
[0.676s] Level 1:colcon.colcon_core.environment:checking '/root/dream_ws/install/kr600' for CMake config files
[0.676s] Level 1:colcon.colcon_core.shell:create_environment_hook('kr600', 'cmake_prefix_path')
[0.677s] INFO:colcon.colcon_core.shell:Creating environment hook '/root/dream_ws/install/kr600/share/kr600/hook/cmake_prefix_path.ps1'
[0.678s] INFO:colcon.colcon_core.shell:Creating environment descriptor '/root/dream_ws/install/kr600/share/kr600/hook/cmake_prefix_path.dsv'
[0.678s] INFO:colcon.colcon_core.shell:Creating environment hook '/root/dream_ws/install/kr600/share/kr600/hook/cmake_prefix_path.sh'
[0.680s] Level 1:colcon.colcon_core.environment:checking '/root/dream_ws/install/kr600/bin'
[0.680s] Level 1:colcon.colcon_core.environment:checking '/root/dream_ws/install/kr600/lib/pkgconfig/kr600.pc'
[0.683s] Level 1:colcon.colcon_core.environment:checking '/root/dream_ws/install/kr600/lib/python3.10/site-packages'
[0.683s] Level 1:colcon.colcon_core.environment:checking '/root/dream_ws/install/kr600/bin'
[0.684s] INFO:colcon.colcon_core.shell:Creating package script '/root/dream_ws/install/kr600/share/kr600/package.ps1'
[0.685s] INFO:colcon.colcon_core.shell:Creating package descriptor '/root/dream_ws/install/kr600/share/kr600/package.dsv'
[0.686s] INFO:colcon.colcon_core.shell:Creating package script '/root/dream_ws/install/kr600/share/kr600/package.sh'
[0.687s] INFO:colcon.colcon_core.shell:Creating package script '/root/dream_ws/install/kr600/share/kr600/package.bash'
[0.690s] INFO:colcon.colcon_core.shell:Creating package script '/root/dream_ws/install/kr600/share/kr600/package.zsh'
[0.691s] Level 1:colcon.colcon_core.environment:create_file_with_runtime_dependencies(/root/dream_ws/install/kr600/share/colcon-core/packages/kr600)
[0.721s] Level 1:colcon.colcon_core.environment:create_environment_scripts_only(kr600)
[0.722s] Level 1:colcon.colcon_core.environment:checking '/root/dream_ws/install/kr600' for CMake module files
[0.723s] Level 1:colcon.colcon_core.environment:checking '/root/dream_ws/install/kr600' for CMake config files
[0.723s] Level 1:colcon.colcon_core.shell:create_environment_hook('kr600', 'cmake_prefix_path')
[0.724s] INFO:colcon.colcon_core.shell:Creating environment hook '/root/dream_ws/install/kr600/share/kr600/hook/cmake_prefix_path.ps1'
[0.724s] INFO:colcon.colcon_core.shell:Creating environment descriptor '/root/dream_ws/install/kr600/share/kr600/hook/cmake_prefix_path.dsv'
[0.725s] INFO:colcon.colcon_core.shell:Creating environment hook '/root/dream_ws/install/kr600/share/kr600/hook/cmake_prefix_path.sh'
[0.726s] Level 1:colcon.colcon_core.environment:checking '/root/dream_ws/install/kr600/bin'
[0.726s] Level 1:colcon.colcon_core.environment:checking '/root/dream_ws/install/kr600/lib/pkgconfig/kr600.pc'
[0.726s] Level 1:colcon.colcon_core.environment:checking '/root/dream_ws/install/kr600/lib/python3.10/site-packages'
[0.727s] Level 1:colcon.colcon_core.environment:checking '/root/dream_ws/install/kr600/bin'
[0.727s] INFO:colcon.colcon_core.shell:Creating package script '/root/dream_ws/install/kr600/share/kr600/package.ps1'
[0.728s] INFO:colcon.colcon_core.shell:Creating package descriptor '/root/dream_ws/install/kr600/share/kr600/package.dsv'
[0.729s] INFO:colcon.colcon_core.shell:Creating package script '/root/dream_ws/install/kr600/share/kr600/package.sh'
[0.730s] INFO:colcon.colcon_core.shell:Creating package script '/root/dream_ws/install/kr600/share/kr600/package.bash'
[0.730s] INFO:colcon.colcon_core.shell:Creating package script '/root/dream_ws/install/kr600/share/kr600/package.zsh'
[0.731s] Level 1:colcon.colcon_core.environment:create_file_with_runtime_dependencies(/root/dream_ws/install/kr600/share/colcon-core/packages/kr600)
[0.731s] INFO:colcon.colcon_ros.task.ament_cmake.build:Building ROS package in '/root/dream_ws/src/kr600_gazebo' with build type 'ament_cmake'
[0.731s] INFO:colcon.colcon_cmake.task.cmake.build:Building CMake package in '/root/dream_ws/src/kr600_gazebo'
[0.732s] INFO:colcon.colcon_core.shell:Skip shell extension 'powershell' for command environment: Not usable outside of PowerShell
[0.732s] DEBUG:colcon.colcon_core.shell:Skip shell extension 'dsv' for command environment
[0.755s] DEBUG:colcon.colcon_core.event_handler.log_command:Invoking command in '/root/dream_ws/build/kr600_gazebo': CMAKE_PREFIX_PATH=/root/dream_ws/install/kr600:/root/dream_ws/install/kr600_gazebo:/root/ros2_ws/install/mycobot_ros2:/root/ros2_ws/install/mycobot_gazebo:/root/ros2_ws/install/mycobot_description:/root/dev_ws/install/simple_bot_config:/root/dev_ws/install/movbot_config:/root/dev_ws/install/simple_bot:/root/dev_ws/install/moveit_demo:/root/dev_ws/install/cobot_simulation_config:/root/dev_ws/install/cobot_simulation:/root/dev_ws/install/basic_mobile_robot:/root/dev_ws/install/arm6axis:/opt/ros/humble /usr/bin/cmake --build /root/dream_ws/build/kr600_gazebo -- -j12 -l12
[0.814s] DEBUG:colcon.colcon_core.event_handler.log_command:Invoked command in '/root/dream_ws/build/kr600_gazebo' returned '0': CMAKE_PREFIX_PATH=/root/dream_ws/install/kr600:/root/dream_ws/install/kr600_gazebo:/root/ros2_ws/install/mycobot_ros2:/root/ros2_ws/install/mycobot_gazebo:/root/ros2_ws/install/mycobot_description:/root/dev_ws/install/simple_bot_config:/root/dev_ws/install/movbot_config:/root/dev_ws/install/simple_bot:/root/dev_ws/install/moveit_demo:/root/dev_ws/install/cobot_simulation_config:/root/dev_ws/install/cobot_simulation:/root/dev_ws/install/basic_mobile_robot:/root/dev_ws/install/arm6axis:/opt/ros/humble /usr/bin/cmake --build /root/dream_ws/build/kr600_gazebo -- -j12 -l12
[0.847s] DEBUG:colcon.colcon_core.event_handler.log_command:Invoking command in '/root/dream_ws/build/kr600_gazebo': CMAKE_PREFIX_PATH=/root/dream_ws/install/kr600:/root/dream_ws/install/kr600_gazebo:/root/ros2_ws/install/mycobot_ros2:/root/ros2_ws/install/mycobot_gazebo:/root/ros2_ws/install/mycobot_description:/root/dev_ws/install/simple_bot_config:/root/dev_ws/install/movbot_config:/root/dev_ws/install/simple_bot:/root/dev_ws/install/moveit_demo:/root/dev_ws/install/cobot_simulation_config:/root/dev_ws/install/cobot_simulation:/root/dev_ws/install/basic_mobile_robot:/root/dev_ws/install/arm6axis:/opt/ros/humble /usr/bin/cmake --install /root/dream_ws/build/kr600_gazebo
[0.865s] Level 1:colcon.colcon_core.environment:create_environment_scripts_only(kr600_gazebo)
[0.865s] Level 1:colcon.colcon_core.environment:checking '/root/dream_ws/install/kr600_gazebo' for CMake module files
[0.867s] DEBUG:colcon.colcon_core.event_handler.log_command:Invoked command in '/root/dream_ws/build/kr600_gazebo' returned '0': CMAKE_PREFIX_PATH=/root/dream_ws/install/kr600:/root/dream_ws/install/kr600_gazebo:/root/ros2_ws/install/mycobot_ros2:/root/ros2_ws/install/mycobot_gazebo:/root/ros2_ws/install/mycobot_description:/root/dev_ws/install/simple_bot_config:/root/dev_ws/install/movbot_config:/root/dev_ws/install/simple_bot:/root/dev_ws/install/moveit_demo:/root/dev_ws/install/cobot_simulation_config:/root/dev_ws/install/cobot_simulation:/root/dev_ws/install/basic_mobile_robot:/root/dev_ws/install/arm6axis:/opt/ros/humble /usr/bin/cmake --install /root/dream_ws/build/kr600_gazebo
[0.867s] Level 1:colcon.colcon_core.environment:checking '/root/dream_ws/install/kr600_gazebo' for CMake config files
[0.868s] Level 1:colcon.colcon_core.shell:create_environment_hook('kr600_gazebo', 'cmake_prefix_path')
[0.868s] INFO:colcon.colcon_core.shell:Creating environment hook '/root/dream_ws/install/kr600_gazebo/share/kr600_gazebo/hook/cmake_prefix_path.ps1'
[0.869s] INFO:colcon.colcon_core.shell:Creating environment descriptor '/root/dream_ws/install/kr600_gazebo/share/kr600_gazebo/hook/cmake_prefix_path.dsv'
[0.869s] INFO:colcon.colcon_core.shell:Creating environment hook '/root/dream_ws/install/kr600_gazebo/share/kr600_gazebo/hook/cmake_prefix_path.sh'
[0.870s] Level 1:colcon.colcon_core.environment:checking '/root/dream_ws/install/kr600_gazebo/bin'
[0.870s] Level 1:colcon.colcon_core.environment:checking '/root/dream_ws/install/kr600_gazebo/lib/pkgconfig/kr600_gazebo.pc'
[0.871s] Level 1:colcon.colcon_core.environment:checking '/root/dream_ws/install/kr600_gazebo/lib/python3.10/site-packages'
[0.871s] Level 1:colcon.colcon_core.environment:checking '/root/dream_ws/install/kr600_gazebo/bin'
[0.872s] INFO:colcon.colcon_core.shell:Creating package script '/root/dream_ws/install/kr600_gazebo/share/kr600_gazebo/package.ps1'
[0.873s] INFO:colcon.colcon_core.shell:Creating package descriptor '/root/dream_ws/install/kr600_gazebo/share/kr600_gazebo/package.dsv'
[0.873s] INFO:colcon.colcon_core.shell:Creating package script '/root/dream_ws/install/kr600_gazebo/share/kr600_gazebo/package.sh'
[0.874s] INFO:colcon.colcon_core.shell:Creating package script '/root/dream_ws/install/kr600_gazebo/share/kr600_gazebo/package.bash'
[0.875s] INFO:colcon.colcon_core.shell:Creating package script '/root/dream_ws/install/kr600_gazebo/share/kr600_gazebo/package.zsh'
[0.875s] Level 1:colcon.colcon_core.environment:create_file_with_runtime_dependencies(/root/dream_ws/install/kr600_gazebo/share/colcon-core/packages/kr600_gazebo)
[0.908s] Level 1:colcon.colcon_core.environment:create_environment_scripts_only(kr600_gazebo)
[0.908s] Level 1:colcon.colcon_core.environment:checking '/root/dream_ws/install/kr600_gazebo' for CMake module files
[0.909s] Level 1:colcon.colcon_core.environment:checking '/root/dream_ws/install/kr600_gazebo' for CMake config files
[0.910s] Level 1:colcon.colcon_core.shell:create_environment_hook('kr600_gazebo', 'cmake_prefix_path')
[0.910s] INFO:colcon.colcon_core.shell:Creating environment hook '/root/dream_ws/install/kr600_gazebo/share/kr600_gazebo/hook/cmake_prefix_path.ps1'
[0.911s] INFO:colcon.colcon_core.shell:Creating environment descriptor '/root/dream_ws/install/kr600_gazebo/share/kr600_gazebo/hook/cmake_prefix_path.dsv'
[0.911s] INFO:colcon.colcon_core.shell:Creating environment hook '/root/dream_ws/install/kr600_gazebo/share/kr600_gazebo/hook/cmake_prefix_path.sh'
[0.912s] Level 1:colcon.colcon_core.environment:checking '/root/dream_ws/install/kr600_gazebo/bin'
[0.912s] Level 1:colcon.colcon_core.environment:checking '/root/dream_ws/install/kr600_gazebo/lib/pkgconfig/kr600_gazebo.pc'
[0.912s] Level 1:colcon.colcon_core.environment:checking '/root/dream_ws/install/kr600_gazebo/lib/python3.10/site-packages'
[0.913s] Level 1:colcon.colcon_core.environment:checking '/root/dream_ws/install/kr600_gazebo/bin'
[0.913s] INFO:colcon.colcon_core.shell:Creating package script '/root/dream_ws/install/kr600_gazebo/share/kr600_gazebo/package.ps1'
[0.914s] INFO:colcon.colcon_core.shell:Creating package descriptor '/root/dream_ws/install/kr600_gazebo/share/kr600_gazebo/package.dsv'
[0.915s] INFO:colcon.colcon_core.shell:Creating package script '/root/dream_ws/install/kr600_gazebo/share/kr600_gazebo/package.sh'
[0.916s] INFO:colcon.colcon_core.shell:Creating package script '/root/dream_ws/install/kr600_gazebo/share/kr600_gazebo/package.bash'
[0.917s] INFO:colcon.colcon_core.shell:Creating package script '/root/dream_ws/install/kr600_gazebo/share/kr600_gazebo/package.zsh'
[0.917s] Level 1:colcon.colcon_core.environment:create_file_with_runtime_dependencies(/root/dream_ws/install/kr600_gazebo/share/colcon-core/packages/kr600_gazebo)
[0.918s] DEBUG:colcon.colcon_parallel_executor.executor.parallel:closing loop
[0.918s] DEBUG:colcon.colcon_parallel_executor.executor.parallel:loop closed
[0.918s] DEBUG:colcon.colcon_parallel_executor.executor.parallel:run_until_complete finished with '0'
[0.918s] DEBUG:colcon.colcon_core.event_reactor:joining thread
[0.928s] INFO:colcon.colcon_core.plugin_system:Skipping extension 'colcon_notification.desktop_notification.notify_send': Could not find 'notify-send'
[0.928s] INFO:colcon.colcon_core.plugin_system:Skipping extension 'colcon_notification.desktop_notification.terminal_notifier': Not used on non-Darwin systems
[0.928s] INFO:colcon.colcon_core.plugin_system:Skipping extension 'colcon_notification.desktop_notification.win32': Not used on non-Windows systems
[0.928s] INFO:colcon.colcon_notification.desktop_notification:Sending desktop notification using 'notify2'
[0.931s] DEBUG:colcon.colcon_notification.desktop_notification.notify2:Failed to initialize notify2: org.freedesktop.DBus.Error.Spawn.ExecFailed: /usr/bin/dbus-launch terminated abnormally without any error message
[0.931s] DEBUG:colcon.colcon_core.event_reactor:joined thread
[0.932s] INFO:colcon.colcon_core.shell:Creating prefix script '/root/dream_ws/install/local_setup.ps1'
[0.934s] INFO:colcon.colcon_core.shell:Creating prefix util module '/root/dream_ws/install/_local_setup_util_ps1.py'
[0.938s] INFO:colcon.colcon_core.shell:Creating prefix chain script '/root/dream_ws/install/setup.ps1'
[0.941s] INFO:colcon.colcon_core.shell:Creating prefix script '/root/dream_ws/install/local_setup.sh'
[0.944s] INFO:colcon.colcon_core.shell:Creating prefix util module '/root/dream_ws/install/_local_setup_util_sh.py'
[0.945s] INFO:colcon.colcon_core.shell:Creating prefix chain script '/root/dream_ws/install/setup.sh'
[0.948s] INFO:colcon.colcon_core.shell:Creating prefix script '/root/dream_ws/install/local_setup.bash'
[0.949s] INFO:colcon.colcon_core.shell:Creating prefix chain script '/root/dream_ws/install/setup.bash'
[0.952s] INFO:colcon.colcon_core.shell:Creating prefix script '/root/dream_ws/install/local_setup.zsh'
[0.953s] INFO:colcon.colcon_core.shell:Creating prefix chain script '/root/dream_ws/install/setup.zsh'
