[0.055s] Invoking command in '/root/dream_ws/build/KR600_2830_description': CMAKE_PREFIX_PATH=${CMAKE_PREFIX_PATH}:/opt/ros/humble /usr/bin/cmake --build /root/dream_ws/build/KR600_2830_description -- -j12 -l12
[0.166s] Invoked command in '/root/dream_ws/build/KR600_2830_description' returned '0': CMAKE_PREFIX_PATH=${CMAKE_PREFIX_PATH}:/opt/ros/humble /usr/bin/cmake --build /root/dream_ws/build/KR600_2830_description -- -j12 -l12
[0.282s] Invoking command in '/root/dream_ws/build/KR600_2830_description': CMAKE_PREFIX_PATH=${CMAKE_PREFIX_PATH}:/opt/ros/humble /usr/bin/cmake --install /root/dream_ws/build/KR600_2830_description
[0.306s] -- Install configuration: ""
[0.306s] -- Up-to-date: /root/dream_ws/install/KR600_2830_description/share/KR600_2830_description/launch
[0.307s] -- Installing: /root/dream_ws/install/KR600_2830_description/share/KR600_2830_description/launch/view_description.launch.py
[0.310s] -- Up-to-date: /root/dream_ws/install/KR600_2830_description/share/KR600_2830_description/meshes
[0.310s] -- Up-to-date: /root/dream_ws/install/KR600_2830_description/share/KR600_2830_description/meshes/link6.stl
[0.311s] -- Up-to-date: /root/dream_ws/install/KR600_2830_description/share/KR600_2830_description/meshes/base_link.stl
[0.312s] -- Up-to-date: /root/dream_ws/install/KR600_2830_description/share/KR600_2830_description/meshes/link4.stl
[0.313s] -- Up-to-date: /root/dream_ws/install/KR600_2830_description/share/KR600_2830_description/meshes/link5.stl
[0.314s] -- Up-to-date: /root/dream_ws/install/KR600_2830_description/share/KR600_2830_description/meshes/link3.stl
[0.315s] -- Up-to-date: /root/dream_ws/install/KR600_2830_description/share/KR600_2830_description/meshes/link2.stl
[0.316s] -- Up-to-date: /root/dream_ws/install/KR600_2830_description/share/KR600_2830_description/meshes/description.txt
[0.316s] -- Up-to-date: /root/dream_ws/install/KR600_2830_description/share/KR600_2830_description/meshes/link1.stl
[0.317s] -- Up-to-date: /root/dream_ws/install/KR600_2830_description/share/KR600_2830_description/rviz
[0.318s] -- Up-to-date: /root/dream_ws/install/KR600_2830_description/share/KR600_2830_description/rviz/config.rviz
[0.319s] -- Up-to-date: /root/dream_ws/install/KR600_2830_description/share/KR600_2830_description/urdf
[0.319s] -- Up-to-date: /root/dream_ws/install/KR600_2830_description/share/KR600_2830_description/urdf/model.urdf
[0.320s] -- Up-to-date: /root/dream_ws/install/KR600_2830_description/share/ament_index/resource_index/package_run_dependencies/KR600_2830_description
[0.321s] -- Up-to-date: /root/dream_ws/install/KR600_2830_description/share/ament_index/resource_index/parent_prefix_path/KR600_2830_description
[0.323s] -- Up-to-date: /root/dream_ws/install/KR600_2830_description/share/KR600_2830_description/environment/ament_prefix_path.sh
[0.327s] -- Up-to-date: /root/dream_ws/install/KR600_2830_description/share/KR600_2830_description/environment/ament_prefix_path.dsv
[0.328s] -- Up-to-date: /root/dream_ws/install/KR600_2830_description/share/KR600_2830_description/environment/path.sh
[0.328s] -- Up-to-date: /root/dream_ws/install/KR600_2830_description/share/KR600_2830_description/environment/path.dsv
[0.330s] -- Up-to-date: /root/dream_ws/install/KR600_2830_description/share/KR600_2830_description/local_setup.bash
[0.330s] -- Up-to-date: /root/dream_ws/install/KR600_2830_description/share/KR600_2830_description/local_setup.sh
[0.331s] -- Up-to-date: /root/dream_ws/install/KR600_2830_description/share/KR600_2830_description/local_setup.zsh
[0.332s] -- Up-to-date: /root/dream_ws/install/KR600_2830_description/share/KR600_2830_description/local_setup.dsv
[0.332s] -- Up-to-date: /root/dream_ws/install/KR600_2830_description/share/KR600_2830_description/package.dsv
[0.333s] -- Up-to-date: /root/dream_ws/install/KR600_2830_description/share/ament_index/resource_index/packages/KR600_2830_description
[0.333s] -- Up-to-date: /root/dream_ws/install/KR600_2830_description/share/KR600_2830_description/cmake/KR600_2830_descriptionConfig.cmake
[0.334s] -- Up-to-date: /root/dream_ws/install/KR600_2830_description/share/KR600_2830_description/cmake/KR600_2830_descriptionConfig-version.cmake
[0.335s] -- Up-to-date: /root/dream_ws/install/KR600_2830_description/share/KR600_2830_description/package.xml
[0.336s] Invoked command in '/root/dream_ws/build/KR600_2830_description' returned '0': CMAKE_PREFIX_PATH=${CMAKE_PREFIX_PATH}:/opt/ros/humble /usr/bin/cmake --install /root/dream_ws/build/KR600_2830_description
