[0.039s] Invoking command in '/root/dream_ws/build/kr600_gazebo': CMAKE_PREFIX_PATH=/root/dream_ws/install/kr600:/root/dream_ws/install/ros2_control_demos:/root/dream_ws/install/ros2_control_demo_example_9:/root/dream_ws/install/ros2_control_demo_example_8:/root/dream_ws/install/ros2_control_demo_example_7:/root/dream_ws/install/ros2_control_demo_example_6:/root/dream_ws/install/ros2_control_demo_example_15:/root/dream_ws/install/ros2_control_demo_example_5:/root/dream_ws/install/ros2_control_demo_example_4:/root/dream_ws/install/ros2_control_demo_example_3:/root/dream_ws/install/ros2_control_demo_example_2:/root/dream_ws/install/ros2_control_demo_example_14:/root/dream_ws/install/ros2_control_demo_example_12:/root/dream_ws/install/ros2_control_demo_example_11:/root/dream_ws/install/ros2_control_demo_example_10:/root/dream_ws/install/ros2_control_demo_example_1:/root/dream_ws/install/ros2_control_demo_description:/root/ros2_ws/install/mycobot_ros2:/root/ros2_ws/install/mycobot_gazebo:/root/ros2_ws/install/mycobot_description:/root/dev_ws/install/simple_bot_config:/root/dev_ws/install/movbot_config:/root/dev_ws/install/simple_bot:/root/dev_ws/install/moveit_demo:/root/dev_ws/install/cobot_simulation_config:/root/dev_ws/install/cobot_simulation:/root/dev_ws/install/basic_mobile_robot:/root/dev_ws/install/arm6axis:/root/dream_ws/install/ros2_control_demo_testing:/opt/ros/humble /usr/bin/cmake /root/dream_ws/src/kr600_gazebo -DCMAKE_INSTALL_PREFIX=/root/dream_ws/install/kr600_gazebo
[0.377s] -- The C compiler identification is GNU 11.4.0
[0.550s] -- The CXX compiler identification is GNU 11.4.0
[0.567s] -- Detecting C compiler ABI info
[0.663s] -- Detecting C compiler ABI info - done
[0.675s] -- Check for working C compiler: /usr/bin/cc - skipped
[0.675s] -- Detecting C compile features
[0.676s] -- Detecting C compile features - done
[0.681s] -- Detecting CXX compiler ABI info
[0.774s] -- Detecting CXX compiler ABI info - done
[0.785s] -- Check for working CXX compiler: /usr/bin/c++ - skipped
[0.786s] -- Detecting CXX compile features
[0.786s] -- Detecting CXX compile features - done
[0.822s] -- Found ament_cmake: 1.3.10 (/opt/ros/humble/share/ament_cmake/cmake)
[1.011s] -- Found Python3: /usr/bin/python3 (found version "3.10.12") found components: Interpreter 
[1.213s] -- Found ros_gz_sim: 0.244.15 (/opt/ros/humble/share/ros_gz_sim/cmake)
[1.388s] -- Found rosidl_generator_c: 3.1.5 (/opt/ros/humble/share/rosidl_generator_c/cmake)
[1.407s] -- Found rosidl_adapter: 3.1.5 (/opt/ros/humble/share/rosidl_adapter/cmake)
[1.435s] -- Found rosidl_generator_cpp: 3.1.5 (/opt/ros/humble/share/rosidl_generator_cpp/cmake)
[1.475s] -- Using all available rosidl_typesupport_c: rosidl_typesupport_fastrtps_c;rosidl_typesupport_introspection_c
[1.524s] -- Using all available rosidl_typesupport_cpp: rosidl_typesupport_fastrtps_cpp;rosidl_typesupport_introspection_cpp
[1.662s] -- Found rmw_implementation_cmake: 6.1.2 (/opt/ros/humble/share/rmw_implementation_cmake/cmake)
[1.673s] -- Found rmw_fastrtps_cpp: 6.2.7 (/opt/ros/humble/share/rmw_fastrtps_cpp/cmake)
[1.851s] -- Found OpenSSL: /usr/lib/x86_64-linux-gnu/libcrypto.so (found version "3.0.2")  
[1.895s] -- Found FastRTPS: /opt/ros/humble/include  
[1.959s] -- Using RMW implementation 'rmw_fastrtps_cpp' as default
[1.991s] -- Looking for pthread.h
[2.084s] -- Looking for pthread.h - found
[2.084s] -- Performing Test CMAKE_HAVE_LIBC_PTHREAD
[2.161s] -- Performing Test CMAKE_HAVE_LIBC_PTHREAD - Success
[2.163s] -- Found Threads: TRUE  
[2.300s] -- Found kr600: 0.0.0 (/root/dream_ws/install/kr600/share/kr600/cmake)
[2.308s] -- Found ament_lint_auto: 0.12.11 (/opt/ros/humble/share/ament_lint_auto/cmake)
[2.453s] -- Added test 'flake8' to check Python code syntax and style conventions
[2.454s] -- Added test 'lint_cmake' to check CMake code style
[2.456s] -- Added test 'pep257' to check Python code against some of the docstring style conventions in PEP 257
[2.459s] -- Added test 'xmllint' to check XML markup files
[2.462s] -- Configuring done
[2.468s] -- Generating done
[2.470s] -- Build files have been written to: /root/dream_ws/build/kr600_gazebo
[2.480s] Invoked command in '/root/dream_ws/build/kr600_gazebo' returned '0': CMAKE_PREFIX_PATH=/root/dream_ws/install/kr600:/root/dream_ws/install/ros2_control_demos:/root/dream_ws/install/ros2_control_demo_example_9:/root/dream_ws/install/ros2_control_demo_example_8:/root/dream_ws/install/ros2_control_demo_example_7:/root/dream_ws/install/ros2_control_demo_example_6:/root/dream_ws/install/ros2_control_demo_example_15:/root/dream_ws/install/ros2_control_demo_example_5:/root/dream_ws/install/ros2_control_demo_example_4:/root/dream_ws/install/ros2_control_demo_example_3:/root/dream_ws/install/ros2_control_demo_example_2:/root/dream_ws/install/ros2_control_demo_example_14:/root/dream_ws/install/ros2_control_demo_example_12:/root/dream_ws/install/ros2_control_demo_example_11:/root/dream_ws/install/ros2_control_demo_example_10:/root/dream_ws/install/ros2_control_demo_example_1:/root/dream_ws/install/ros2_control_demo_description:/root/ros2_ws/install/mycobot_ros2:/root/ros2_ws/install/mycobot_gazebo:/root/ros2_ws/install/mycobot_description:/root/dev_ws/install/simple_bot_config:/root/dev_ws/install/movbot_config:/root/dev_ws/install/simple_bot:/root/dev_ws/install/moveit_demo:/root/dev_ws/install/cobot_simulation_config:/root/dev_ws/install/cobot_simulation:/root/dev_ws/install/basic_mobile_robot:/root/dev_ws/install/arm6axis:/root/dream_ws/install/ros2_control_demo_testing:/opt/ros/humble /usr/bin/cmake /root/dream_ws/src/kr600_gazebo -DCMAKE_INSTALL_PREFIX=/root/dream_ws/install/kr600_gazebo
[2.482s] Invoking command in '/root/dream_ws/build/kr600_gazebo': CMAKE_PREFIX_PATH=/root/dream_ws/install/kr600:/root/dream_ws/install/ros2_control_demos:/root/dream_ws/install/ros2_control_demo_example_9:/root/dream_ws/install/ros2_control_demo_example_8:/root/dream_ws/install/ros2_control_demo_example_7:/root/dream_ws/install/ros2_control_demo_example_6:/root/dream_ws/install/ros2_control_demo_example_15:/root/dream_ws/install/ros2_control_demo_example_5:/root/dream_ws/install/ros2_control_demo_example_4:/root/dream_ws/install/ros2_control_demo_example_3:/root/dream_ws/install/ros2_control_demo_example_2:/root/dream_ws/install/ros2_control_demo_example_14:/root/dream_ws/install/ros2_control_demo_example_12:/root/dream_ws/install/ros2_control_demo_example_11:/root/dream_ws/install/ros2_control_demo_example_10:/root/dream_ws/install/ros2_control_demo_example_1:/root/dream_ws/install/ros2_control_demo_description:/root/ros2_ws/install/mycobot_ros2:/root/ros2_ws/install/mycobot_gazebo:/root/ros2_ws/install/mycobot_description:/root/dev_ws/install/simple_bot_config:/root/dev_ws/install/movbot_config:/root/dev_ws/install/simple_bot:/root/dev_ws/install/moveit_demo:/root/dev_ws/install/cobot_simulation_config:/root/dev_ws/install/cobot_simulation:/root/dev_ws/install/basic_mobile_robot:/root/dev_ws/install/arm6axis:/root/dream_ws/install/ros2_control_demo_testing:/opt/ros/humble /usr/bin/cmake --build /root/dream_ws/build/kr600_gazebo -- -j12 -l12
[2.524s] Invoked command in '/root/dream_ws/build/kr600_gazebo' returned '0': CMAKE_PREFIX_PATH=/root/dream_ws/install/kr600:/root/dream_ws/install/ros2_control_demos:/root/dream_ws/install/ros2_control_demo_example_9:/root/dream_ws/install/ros2_control_demo_example_8:/root/dream_ws/install/ros2_control_demo_example_7:/root/dream_ws/install/ros2_control_demo_example_6:/root/dream_ws/install/ros2_control_demo_example_15:/root/dream_ws/install/ros2_control_demo_example_5:/root/dream_ws/install/ros2_control_demo_example_4:/root/dream_ws/install/ros2_control_demo_example_3:/root/dream_ws/install/ros2_control_demo_example_2:/root/dream_ws/install/ros2_control_demo_example_14:/root/dream_ws/install/ros2_control_demo_example_12:/root/dream_ws/install/ros2_control_demo_example_11:/root/dream_ws/install/ros2_control_demo_example_10:/root/dream_ws/install/ros2_control_demo_example_1:/root/dream_ws/install/ros2_control_demo_description:/root/ros2_ws/install/mycobot_ros2:/root/ros2_ws/install/mycobot_gazebo:/root/ros2_ws/install/mycobot_description:/root/dev_ws/install/simple_bot_config:/root/dev_ws/install/movbot_config:/root/dev_ws/install/simple_bot:/root/dev_ws/install/moveit_demo:/root/dev_ws/install/cobot_simulation_config:/root/dev_ws/install/cobot_simulation:/root/dev_ws/install/basic_mobile_robot:/root/dev_ws/install/arm6axis:/root/dream_ws/install/ros2_control_demo_testing:/opt/ros/humble /usr/bin/cmake --build /root/dream_ws/build/kr600_gazebo -- -j12 -l12
[2.564s] Invoking command in '/root/dream_ws/build/kr600_gazebo': CMAKE_PREFIX_PATH=/root/dream_ws/install/kr600:/root/dream_ws/install/ros2_control_demos:/root/dream_ws/install/ros2_control_demo_example_9:/root/dream_ws/install/ros2_control_demo_example_8:/root/dream_ws/install/ros2_control_demo_example_7:/root/dream_ws/install/ros2_control_demo_example_6:/root/dream_ws/install/ros2_control_demo_example_15:/root/dream_ws/install/ros2_control_demo_example_5:/root/dream_ws/install/ros2_control_demo_example_4:/root/dream_ws/install/ros2_control_demo_example_3:/root/dream_ws/install/ros2_control_demo_example_2:/root/dream_ws/install/ros2_control_demo_example_14:/root/dream_ws/install/ros2_control_demo_example_12:/root/dream_ws/install/ros2_control_demo_example_11:/root/dream_ws/install/ros2_control_demo_example_10:/root/dream_ws/install/ros2_control_demo_example_1:/root/dream_ws/install/ros2_control_demo_description:/root/ros2_ws/install/mycobot_ros2:/root/ros2_ws/install/mycobot_gazebo:/root/ros2_ws/install/mycobot_description:/root/dev_ws/install/simple_bot_config:/root/dev_ws/install/movbot_config:/root/dev_ws/install/simple_bot:/root/dev_ws/install/moveit_demo:/root/dev_ws/install/cobot_simulation_config:/root/dev_ws/install/cobot_simulation:/root/dev_ws/install/basic_mobile_robot:/root/dev_ws/install/arm6axis:/root/dream_ws/install/ros2_control_demo_testing:/opt/ros/humble /usr/bin/cmake --install /root/dream_ws/build/kr600_gazebo
[2.571s] -- Install configuration: ""
[2.571s] -- Installing: /root/dream_ws/install/kr600_gazebo/share/ament_index/resource_index/package_run_dependencies/kr600_gazebo
[2.571s] -- Installing: /root/dream_ws/install/kr600_gazebo/share/ament_index/resource_index/parent_prefix_path/kr600_gazebo
[2.571s] -- Installing: /root/dream_ws/install/kr600_gazebo/share/kr600_gazebo/environment/ament_prefix_path.sh
[2.572s] -- Installing: /root/dream_ws/install/kr600_gazebo/share/kr600_gazebo/environment/ament_prefix_path.dsv
[2.572s] -- Installing: /root/dream_ws/install/kr600_gazebo/share/kr600_gazebo/environment/path.sh
[2.572s] -- Installing: /root/dream_ws/install/kr600_gazebo/share/kr600_gazebo/environment/path.dsv
[2.572s] -- Installing: /root/dream_ws/install/kr600_gazebo/share/kr600_gazebo/local_setup.bash
[2.572s] -- Installing: /root/dream_ws/install/kr600_gazebo/share/kr600_gazebo/local_setup.sh
[2.573s] -- Installing: /root/dream_ws/install/kr600_gazebo/share/kr600_gazebo/local_setup.zsh
[2.573s] -- Installing: /root/dream_ws/install/kr600_gazebo/share/kr600_gazebo/local_setup.dsv
[2.573s] -- Installing: /root/dream_ws/install/kr600_gazebo/share/kr600_gazebo/package.dsv
[2.573s] -- Installing: /root/dream_ws/install/kr600_gazebo/share/ament_index/resource_index/packages/kr600_gazebo
[2.573s] -- Installing: /root/dream_ws/install/kr600_gazebo/share/kr600_gazebo/cmake/kr600_gazeboConfig.cmake
[2.574s] -- Installing: /root/dream_ws/install/kr600_gazebo/share/kr600_gazebo/cmake/kr600_gazeboConfig-version.cmake
[2.574s] -- Installing: /root/dream_ws/install/kr600_gazebo/share/kr600_gazebo/package.xml
[2.576s] Invoked command in '/root/dream_ws/build/kr600_gazebo' returned '0': CMAKE_PREFIX_PATH=/root/dream_ws/install/kr600:/root/dream_ws/install/ros2_control_demos:/root/dream_ws/install/ros2_control_demo_example_9:/root/dream_ws/install/ros2_control_demo_example_8:/root/dream_ws/install/ros2_control_demo_example_7:/root/dream_ws/install/ros2_control_demo_example_6:/root/dream_ws/install/ros2_control_demo_example_15:/root/dream_ws/install/ros2_control_demo_example_5:/root/dream_ws/install/ros2_control_demo_example_4:/root/dream_ws/install/ros2_control_demo_example_3:/root/dream_ws/install/ros2_control_demo_example_2:/root/dream_ws/install/ros2_control_demo_example_14:/root/dream_ws/install/ros2_control_demo_example_12:/root/dream_ws/install/ros2_control_demo_example_11:/root/dream_ws/install/ros2_control_demo_example_10:/root/dream_ws/install/ros2_control_demo_example_1:/root/dream_ws/install/ros2_control_demo_description:/root/ros2_ws/install/mycobot_ros2:/root/ros2_ws/install/mycobot_gazebo:/root/ros2_ws/install/mycobot_description:/root/dev_ws/install/simple_bot_config:/root/dev_ws/install/movbot_config:/root/dev_ws/install/simple_bot:/root/dev_ws/install/moveit_demo:/root/dev_ws/install/cobot_simulation_config:/root/dev_ws/install/cobot_simulation:/root/dev_ws/install/basic_mobile_robot:/root/dev_ws/install/arm6axis:/root/dream_ws/install/ros2_control_demo_testing:/opt/ros/humble /usr/bin/cmake --install /root/dream_ws/build/kr600_gazebo
