[0.073s] Invoking command in '/root/dream_ws/build/ros2_control_demo_example_11': AMENT_PREFIX_PATH=/root/dream_ws/install/ros2_control_demo_testing:/root/dream_ws/install/ros2_control_demo_description:${AMENT_PREFIX_PATH} CMAKE_PREFIX_PATH=/root/dream_ws/install/ros2_control_demo_description:/root/dream_ws/install/ros2_control_demo_example_7:/root/dream_ws/install/ros2_control_demo_example_2:/root/dream_ws/install/kr600:/root/dev_ws/install/simple_bot_config:/root/dev_ws/install/movbot_config:/root/dev_ws/install/simple_bot:/root/dev_ws/install/moveit_demo:/root/dev_ws/install/cobot_simulation_config:/root/dev_ws/install/cobot_simulation:/root/dev_ws/install/basic_mobile_robot:/root/dev_ws/install/arm6axis:/opt/ros/humble PYTHONPATH=/root/dream_ws/install/ros2_control_demo_testing/lib/python3.10/site-packages:${PYTHONPATH} /usr/bin/cmake /root/dream_ws/src/ros2_control_demos/example_11 -DCMAKE_INSTALL_PREFIX=/root/dream_ws/install/ros2_control_demo_example_11
[0.212s] -- The CXX compiler identification is GNU 11.4.0
[0.231s] -- Detecting CXX compiler ABI info
[0.385s] -- Detecting CXX compiler ABI info - done
[0.407s] -- Check for working CXX compiler: /usr/bin/c++ - skipped
[0.408s] -- Detecting CXX compile features
[0.409s] -- Detecting CXX compile features - done
[0.428s] -- Found ament_cmake: 1.3.10 (/opt/ros/humble/share/ament_cmake/cmake)
[0.765s] -- Found Python3: /usr/bin/python3 (found version "3.10.12") found components: Interpreter 
[1.053s] -- Found hardware_interface: 2.42.0 (/opt/ros/humble/share/hardware_interface/cmake)
[1.177s] -- Found rosidl_generator_c: 3.1.5 (/opt/ros/humble/share/rosidl_generator_c/cmake)
[1.196s] -- Found rosidl_adapter: 3.1.5 (/opt/ros/humble/share/rosidl_adapter/cmake)
[1.222s] -- Found rosidl_generator_cpp: 3.1.5 (/opt/ros/humble/share/rosidl_generator_cpp/cmake)
[1.259s] -- Using all available rosidl_typesupport_c: rosidl_typesupport_fastrtps_c;rosidl_typesupport_introspection_c
[1.306s] -- Using all available rosidl_typesupport_cpp: rosidl_typesupport_fastrtps_cpp;rosidl_typesupport_introspection_cpp
[1.965s] -- Found rmw_implementation_cmake: 6.1.2 (/opt/ros/humble/share/rmw_implementation_cmake/cmake)
[1.974s] -- Found rmw_fastrtps_cpp: 6.2.7 (/opt/ros/humble/share/rmw_fastrtps_cpp/cmake)
[2.059s] -- Found TinyXML2 via Config file: TinyXML2_DIR-NOTFOUND
[2.161s] -- Found OpenSSL: /usr/lib/x86_64-linux-gnu/libcrypto.so (found version "3.0.2")  
[2.168s] -- Found TinyXML2 via Config file: TinyXML2_DIR-NOTFOUND
[2.202s] -- Found FastRTPS: /opt/ros/humble/include  
[2.210s] -- Found TinyXML2 via Config file: TinyXML2_DIR-NOTFOUND
[2.233s] -- Found TinyXML2 via Config file: TinyXML2_DIR-NOTFOUND
[2.258s] -- Using RMW implementation 'rmw_fastrtps_cpp' as default
[2.288s] -- Looking for C++ include pthread.h
[2.477s] -- Looking for C++ include pthread.h - found
[2.477s] -- Performing Test CMAKE_HAVE_LIBC_PTHREAD
[2.675s] -- Performing Test CMAKE_HAVE_LIBC_PTHREAD - Success
[2.677s] -- Found Threads: TRUE  
[2.854s] -- Found ament_cmake_pytest: 1.3.10 (/opt/ros/humble/share/ament_cmake_pytest/cmake)
[4.995s] -- Configuring done
[5.099s] -- Generating done
[5.099s] -- Build files have been written to: /root/dream_ws/build/ros2_control_demo_example_11
[5.123s] Invoked command in '/root/dream_ws/build/ros2_control_demo_example_11' returned '0': AMENT_PREFIX_PATH=/root/dream_ws/install/ros2_control_demo_testing:/root/dream_ws/install/ros2_control_demo_description:${AMENT_PREFIX_PATH} CMAKE_PREFIX_PATH=/root/dream_ws/install/ros2_control_demo_description:/root/dream_ws/install/ros2_control_demo_example_7:/root/dream_ws/install/ros2_control_demo_example_2:/root/dream_ws/install/kr600:/root/dev_ws/install/simple_bot_config:/root/dev_ws/install/movbot_config:/root/dev_ws/install/simple_bot:/root/dev_ws/install/moveit_demo:/root/dev_ws/install/cobot_simulation_config:/root/dev_ws/install/cobot_simulation:/root/dev_ws/install/basic_mobile_robot:/root/dev_ws/install/arm6axis:/opt/ros/humble PYTHONPATH=/root/dream_ws/install/ros2_control_demo_testing/lib/python3.10/site-packages:${PYTHONPATH} /usr/bin/cmake /root/dream_ws/src/ros2_control_demos/example_11 -DCMAKE_INSTALL_PREFIX=/root/dream_ws/install/ros2_control_demo_example_11
[5.124s] Invoking command in '/root/dream_ws/build/ros2_control_demo_example_11': AMENT_PREFIX_PATH=/root/dream_ws/install/ros2_control_demo_testing:/root/dream_ws/install/ros2_control_demo_description:${AMENT_PREFIX_PATH} CMAKE_PREFIX_PATH=/root/dream_ws/install/ros2_control_demo_description:/root/dream_ws/install/ros2_control_demo_example_7:/root/dream_ws/install/ros2_control_demo_example_2:/root/dream_ws/install/kr600:/root/dev_ws/install/simple_bot_config:/root/dev_ws/install/movbot_config:/root/dev_ws/install/simple_bot:/root/dev_ws/install/moveit_demo:/root/dev_ws/install/cobot_simulation_config:/root/dev_ws/install/cobot_simulation:/root/dev_ws/install/basic_mobile_robot:/root/dev_ws/install/arm6axis:/opt/ros/humble PYTHONPATH=/root/dream_ws/install/ros2_control_demo_testing/lib/python3.10/site-packages:${PYTHONPATH} /usr/bin/cmake --build /root/dream_ws/build/ros2_control_demo_example_11 -- -j12 -l12
[5.243s] [ 50%] [32mBuilding CXX object CMakeFiles/ros2_control_demo_example_11.dir/hardware/carlikebot_system.cpp.o[0m
[17.175s] [100%] [32m[1mLinking CXX shared library libros2_control_demo_example_11.so[0m
[17.433s] [100%] Built target ros2_control_demo_example_11
[17.446s] Invoked command in '/root/dream_ws/build/ros2_control_demo_example_11' returned '0': AMENT_PREFIX_PATH=/root/dream_ws/install/ros2_control_demo_testing:/root/dream_ws/install/ros2_control_demo_description:${AMENT_PREFIX_PATH} CMAKE_PREFIX_PATH=/root/dream_ws/install/ros2_control_demo_description:/root/dream_ws/install/ros2_control_demo_example_7:/root/dream_ws/install/ros2_control_demo_example_2:/root/dream_ws/install/kr600:/root/dev_ws/install/simple_bot_config:/root/dev_ws/install/movbot_config:/root/dev_ws/install/simple_bot:/root/dev_ws/install/moveit_demo:/root/dev_ws/install/cobot_simulation_config:/root/dev_ws/install/cobot_simulation:/root/dev_ws/install/basic_mobile_robot:/root/dev_ws/install/arm6axis:/opt/ros/humble PYTHONPATH=/root/dream_ws/install/ros2_control_demo_testing/lib/python3.10/site-packages:${PYTHONPATH} /usr/bin/cmake --build /root/dream_ws/build/ros2_control_demo_example_11 -- -j12 -l12
[17.483s] Invoking command in '/root/dream_ws/build/ros2_control_demo_example_11': AMENT_PREFIX_PATH=/root/dream_ws/install/ros2_control_demo_testing:/root/dream_ws/install/ros2_control_demo_description:${AMENT_PREFIX_PATH} CMAKE_PREFIX_PATH=/root/dream_ws/install/ros2_control_demo_description:/root/dream_ws/install/ros2_control_demo_example_7:/root/dream_ws/install/ros2_control_demo_example_2:/root/dream_ws/install/kr600:/root/dev_ws/install/simple_bot_config:/root/dev_ws/install/movbot_config:/root/dev_ws/install/simple_bot:/root/dev_ws/install/moveit_demo:/root/dev_ws/install/cobot_simulation_config:/root/dev_ws/install/cobot_simulation:/root/dev_ws/install/basic_mobile_robot:/root/dev_ws/install/arm6axis:/opt/ros/humble PYTHONPATH=/root/dream_ws/install/ros2_control_demo_testing/lib/python3.10/site-packages:${PYTHONPATH} /usr/bin/cmake --install /root/dream_ws/build/ros2_control_demo_example_11
[17.491s] -- Install configuration: ""
[17.491s] -- Installing: /root/dream_ws/install/ros2_control_demo_example_11/share/ros2_control_demo_example_11/ros2_control_demo_example_11.xml
[17.492s] -- Installing: /root/dream_ws/install/ros2_control_demo_example_11/include/ros2_control_demo_example_11
[17.492s] -- Installing: /root/dream_ws/install/ros2_control_demo_example_11/include/ros2_control_demo_example_11/ros2_control_demo_example_11
[17.492s] -- Installing: /root/dream_ws/install/ros2_control_demo_example_11/include/ros2_control_demo_example_11/ros2_control_demo_example_11/carlikebot_system.hpp
[17.492s] -- Installing: /root/dream_ws/install/ros2_control_demo_example_11/share/ros2_control_demo_example_11/launch
[17.493s] -- Installing: /root/dream_ws/install/ros2_control_demo_example_11/share/ros2_control_demo_example_11/launch/view_robot.launch.py
[17.493s] -- Installing: /root/dream_ws/install/ros2_control_demo_example_11/share/ros2_control_demo_example_11/ros2_control
[17.493s] -- Installing: /root/dream_ws/install/ros2_control_demo_example_11/share/ros2_control_demo_example_11/ros2_control/carlikebot.ros2_control.xacro
[17.493s] -- Installing: /root/dream_ws/install/ros2_control_demo_example_11/share/ros2_control_demo_example_11/urdf
[17.494s] -- Installing: /root/dream_ws/install/ros2_control_demo_example_11/share/ros2_control_demo_example_11/urdf/carlikebot.urdf.xacro
[17.494s] -- Up-to-date: /root/dream_ws/install/ros2_control_demo_example_11/share/ros2_control_demo_example_11/launch
[17.494s] -- Installing: /root/dream_ws/install/ros2_control_demo_example_11/share/ros2_control_demo_example_11/launch/carlikebot.launch.py
[17.494s] -- Installing: /root/dream_ws/install/ros2_control_demo_example_11/share/ros2_control_demo_example_11/config
[17.494s] -- Installing: /root/dream_ws/install/ros2_control_demo_example_11/share/ros2_control_demo_example_11/config/carlikebot_controllers.yaml
[17.495s] -- Installing: /root/dream_ws/install/ros2_control_demo_example_11/lib/libros2_control_demo_example_11.so
[17.495s] -- Set runtime path of "/root/dream_ws/install/ros2_control_demo_example_11/lib/libros2_control_demo_example_11.so" to ""
[17.495s] -- Installing: /root/dream_ws/install/ros2_control_demo_example_11/share/ros2_control_demo_example_11/environment/library_path.sh
[17.496s] -- Installing: /root/dream_ws/install/ros2_control_demo_example_11/share/ros2_control_demo_example_11/environment/library_path.dsv
[17.496s] -- Installing: /root/dream_ws/install/ros2_control_demo_example_11/share/ament_index/resource_index/package_run_dependencies/ros2_control_demo_example_11
[17.497s] -- Installing: /root/dream_ws/install/ros2_control_demo_example_11/share/ament_index/resource_index/parent_prefix_path/ros2_control_demo_example_11
[17.497s] -- Installing: /root/dream_ws/install/ros2_control_demo_example_11/share/ros2_control_demo_example_11/environment/ament_prefix_path.sh
[17.497s] -- Installing: /root/dream_ws/install/ros2_control_demo_example_11/share/ros2_control_demo_example_11/environment/ament_prefix_path.dsv
[17.497s] -- Installing: /root/dream_ws/install/ros2_control_demo_example_11/share/ros2_control_demo_example_11/environment/path.sh
[17.498s] -- Installing: /root/dream_ws/install/ros2_control_demo_example_11/share/ros2_control_demo_example_11/environment/path.dsv
[17.498s] -- Installing: /root/dream_ws/install/ros2_control_demo_example_11/share/ros2_control_demo_example_11/local_setup.bash
[17.498s] -- Installing: /root/dream_ws/install/ros2_control_demo_example_11/share/ros2_control_demo_example_11/local_setup.sh
[17.498s] -- Installing: /root/dream_ws/install/ros2_control_demo_example_11/share/ros2_control_demo_example_11/local_setup.zsh
[17.499s] -- Installing: /root/dream_ws/install/ros2_control_demo_example_11/share/ros2_control_demo_example_11/local_setup.dsv
[17.499s] -- Installing: /root/dream_ws/install/ros2_control_demo_example_11/share/ros2_control_demo_example_11/package.dsv
[17.499s] -- Installing: /root/dream_ws/install/ros2_control_demo_example_11/share/ament_index/resource_index/packages/ros2_control_demo_example_11
[17.500s] -- Installing: /root/dream_ws/install/ros2_control_demo_example_11/share/ament_index/resource_index/hardware_interface__pluginlib__plugin/ros2_control_demo_example_11
[17.500s] -- Installing: /root/dream_ws/install/ros2_control_demo_example_11/share/ros2_control_demo_example_11/cmake/export_ros2_control_demo_example_11Export.cmake
[17.500s] -- Installing: /root/dream_ws/install/ros2_control_demo_example_11/share/ros2_control_demo_example_11/cmake/export_ros2_control_demo_example_11Export-noconfig.cmake
[17.501s] -- Installing: /root/dream_ws/install/ros2_control_demo_example_11/share/ros2_control_demo_example_11/cmake/ament_cmake_export_targets-extras.cmake
[17.501s] -- Installing: /root/dream_ws/install/ros2_control_demo_example_11/share/ros2_control_demo_example_11/cmake/ament_cmake_export_dependencies-extras.cmake
[17.501s] -- Installing: /root/dream_ws/install/ros2_control_demo_example_11/share/ros2_control_demo_example_11/cmake/ros2_control_demo_example_11Config.cmake
[17.502s] -- Installing: /root/dream_ws/install/ros2_control_demo_example_11/share/ros2_control_demo_example_11/cmake/ros2_control_demo_example_11Config-version.cmake
[17.502s] -- Installing: /root/dream_ws/install/ros2_control_demo_example_11/share/ros2_control_demo_example_11/package.xml
[17.504s] Invoked command in '/root/dream_ws/build/ros2_control_demo_example_11' returned '0': AMENT_PREFIX_PATH=/root/dream_ws/install/ros2_control_demo_testing:/root/dream_ws/install/ros2_control_demo_description:${AMENT_PREFIX_PATH} CMAKE_PREFIX_PATH=/root/dream_ws/install/ros2_control_demo_description:/root/dream_ws/install/ros2_control_demo_example_7:/root/dream_ws/install/ros2_control_demo_example_2:/root/dream_ws/install/kr600:/root/dev_ws/install/simple_bot_config:/root/dev_ws/install/movbot_config:/root/dev_ws/install/simple_bot:/root/dev_ws/install/moveit_demo:/root/dev_ws/install/cobot_simulation_config:/root/dev_ws/install/cobot_simulation:/root/dev_ws/install/basic_mobile_robot:/root/dev_ws/install/arm6axis:/opt/ros/humble PYTHONPATH=/root/dream_ws/install/ros2_control_demo_testing/lib/python3.10/site-packages:${PYTHONPATH} /usr/bin/cmake --install /root/dream_ws/build/ros2_control_demo_example_11
