-- Install configuration: ""
-- Up-to-date: /root/dream_ws/install/kr600_gazebo/share/kr600_gazebo//launch
-- Up-to-date: /root/dream_ws/install/kr600_gazebo/share/kr600_gazebo//launch/gazebo.launch.py
-- Up-to-date: /root/dream_ws/install/kr600_gazebo/share/kr600_gazebo//urdf
-- Up-to-date: /root/dream_ws/install/kr600_gazebo/share/kr600_gazebo//urdf/model.urdf
-- Up-to-date: /root/dream_ws/install/kr600_gazebo/share/ament_index/resource_index/package_run_dependencies/kr600_gazebo
-- Up-to-date: /root/dream_ws/install/kr600_gazebo/share/ament_index/resource_index/parent_prefix_path/kr600_gazebo
-- Up-to-date: /root/dream_ws/install/kr600_gazebo/share/kr600_gazebo/environment/ament_prefix_path.sh
-- Up-to-date: /root/dream_ws/install/kr600_gazebo/share/kr600_gazebo/environment/ament_prefix_path.dsv
-- Up-to-date: /root/dream_ws/install/kr600_gazebo/share/kr600_gazebo/environment/path.sh
-- Up-to-date: /root/dream_ws/install/kr600_gazebo/share/kr600_gazebo/environment/path.dsv
-- Up-to-date: /root/dream_ws/install/kr600_gazebo/share/kr600_gazebo/local_setup.bash
-- Up-to-date: /root/dream_ws/install/kr600_gazebo/share/kr600_gazebo/local_setup.sh
-- Up-to-date: /root/dream_ws/install/kr600_gazebo/share/kr600_gazebo/local_setup.zsh
-- Up-to-date: /root/dream_ws/install/kr600_gazebo/share/kr600_gazebo/local_setup.dsv
-- Up-to-date: /root/dream_ws/install/kr600_gazebo/share/kr600_gazebo/package.dsv
-- Up-to-date: /root/dream_ws/install/kr600_gazebo/share/ament_index/resource_index/packages/kr600_gazebo
-- Up-to-date: /root/dream_ws/install/kr600_gazebo/share/kr600_gazebo/cmake/kr600_gazeboConfig.cmake
-- Up-to-date: /root/dream_ws/install/kr600_gazebo/share/kr600_gazebo/cmake/kr600_gazeboConfig-version.cmake
-- Up-to-date: /root/dream_ws/install/kr600_gazebo/share/kr600_gazebo/package.xml
