-- The C compiler identification is GNU 11.4.0
-- The CXX compiler identification is GNU 11.4.0
-- Detecting C compiler ABI info
-- Detecting C compiler ABI info - done
-- Check for working C compiler: /usr/bin/cc - skipped
-- Detecting C compile features
-- Detecting C compile features - done
-- Detecting CXX compiler ABI info
-- Detecting CXX compiler ABI info - done
-- Check for working CXX compiler: /usr/bin/c++ - skipped
-- Detecting CXX compile features
-- Detecting CXX compile features - done
-- Found ament_cmake: 1.3.10 (/opt/ros/humble/share/ament_cmake/cmake)
-- Found Python3: /usr/bin/python3 (found version "3.10.12") found components: Interpreter 
-- Found ament_lint_auto: 0.12.11 (/opt/ros/humble/share/ament_lint_auto/cmake)
WARNING: Package name "KR600_2830_description" does not follow the naming conventions. It should start with a lower case letter and only contain lower case letters, digits, underscores, and dashes.
-- Added test 'lint_cmake' to check CMake code style
-- Added test 'xmllint' to check XML markup files
-- Configuring done
-- Generating done
-- Build files have been written to: /root/dream_ws/src/build/KR600_2830_description
-- Install configuration: ""
-- Installing: /root/dream_ws/src/install/KR600_2830_description/share/ament_index/resource_index/package_run_dependencies/KR600_2830_description
-- Installing: /root/dream_ws/src/install/KR600_2830_description/share/ament_index/resource_index/parent_prefix_path/KR600_2830_description
-- Installing: /root/dream_ws/src/install/KR600_2830_description/share/KR600_2830_description/environment/ament_prefix_path.sh
-- Installing: /root/dream_ws/src/install/KR600_2830_description/share/KR600_2830_description/environment/ament_prefix_path.dsv
-- Installing: /root/dream_ws/src/install/KR600_2830_description/share/KR600_2830_description/environment/path.sh
-- Installing: /root/dream_ws/src/install/KR600_2830_description/share/KR600_2830_description/environment/path.dsv
-- Installing: /root/dream_ws/src/install/KR600_2830_description/share/KR600_2830_description/local_setup.bash
-- Installing: /root/dream_ws/src/install/KR600_2830_description/share/KR600_2830_description/local_setup.sh
-- Installing: /root/dream_ws/src/install/KR600_2830_description/share/KR600_2830_description/local_setup.zsh
-- Installing: /root/dream_ws/src/install/KR600_2830_description/share/KR600_2830_description/local_setup.dsv
-- Installing: /root/dream_ws/src/install/KR600_2830_description/share/KR600_2830_description/package.dsv
-- Installing: /root/dream_ws/src/install/KR600_2830_description/share/ament_index/resource_index/packages/KR600_2830_description
-- Installing: /root/dream_ws/src/install/KR600_2830_description/share/KR600_2830_description/cmake/KR600_2830_descriptionConfig.cmake
-- Installing: /root/dream_ws/src/install/KR600_2830_description/share/KR600_2830_description/cmake/KR600_2830_descriptionConfig-version.cmake
-- Installing: /root/dream_ws/src/install/KR600_2830_description/share/KR600_2830_description/package.xml
