[0.022s] Invoking command in '/root/dream_ws/src/build/KR600_2830_description': CMAKE_PREFIX_PATH=${CMAKE_PREFIX_PATH}:/opt/ros/humble /usr/bin/cmake /root/dream_ws/src/KR600_2830_description -DCMAKE_INSTALL_PREFIX=/root/dream_ws/src/install/KR600_2830_description
[0.229s] -- The C compiler identification is GNU 11.4.0
[0.368s] -- The CXX compiler identification is GNU 11.4.0
[0.379s] -- Detecting C compiler ABI info
[0.493s] -- Detecting C compiler ABI info - done
[0.505s] -- Check for working C compiler: /usr/bin/cc - skipped
[0.505s] -- Detecting C compile features
[0.506s] -- Detecting C compile features - done
[0.511s] -- Detecting CXX compiler ABI info
[0.611s] -- Detecting CXX compiler ABI info - done
[0.623s] -- Check for working CXX compiler: /usr/bin/c++ - skipped
[0.623s] -- Detecting CXX compile features
[0.624s] -- Detecting CXX compile features - done
[0.647s] -- Found ament_cmake: 1.3.10 (/opt/ros/humble/share/ament_cmake/cmake)
[0.815s] -- Found Python3: /usr/bin/python3 (found version "3.10.12") found components: Interpreter 
[0.968s] -- Found ament_lint_auto: 0.12.11 (/opt/ros/humble/share/ament_lint_auto/cmake)
[1.037s] WARNING: Package name "KR600_2830_description" does not follow the naming conventions. It should start with a lower case letter and only contain lower case letters, digits, underscores, and dashes.
[1.080s] -- Added test 'lint_cmake' to check CMake code style
[1.082s] -- Added test 'xmllint' to check XML markup files
[1.084s] -- Configuring done
[1.093s] -- Generating done
[1.095s] -- Build files have been written to: /root/dream_ws/src/build/KR600_2830_description
[1.101s] Invoked command in '/root/dream_ws/src/build/KR600_2830_description' returned '0': CMAKE_PREFIX_PATH=${CMAKE_PREFIX_PATH}:/opt/ros/humble /usr/bin/cmake /root/dream_ws/src/KR600_2830_description -DCMAKE_INSTALL_PREFIX=/root/dream_ws/src/install/KR600_2830_description
[1.104s] Invoking command in '/root/dream_ws/src/build/KR600_2830_description': CMAKE_PREFIX_PATH=${CMAKE_PREFIX_PATH}:/opt/ros/humble /usr/bin/cmake --build /root/dream_ws/src/build/KR600_2830_description -- -j12 -l12
[1.139s] Invoked command in '/root/dream_ws/src/build/KR600_2830_description' returned '0': CMAKE_PREFIX_PATH=${CMAKE_PREFIX_PATH}:/opt/ros/humble /usr/bin/cmake --build /root/dream_ws/src/build/KR600_2830_description -- -j12 -l12
[1.173s] Invoking command in '/root/dream_ws/src/build/KR600_2830_description': CMAKE_PREFIX_PATH=${CMAKE_PREFIX_PATH}:/opt/ros/humble /usr/bin/cmake --install /root/dream_ws/src/build/KR600_2830_description
[1.180s] -- Install configuration: ""
[1.180s] -- Installing: /root/dream_ws/src/install/KR600_2830_description/share/ament_index/resource_index/package_run_dependencies/KR600_2830_description
[1.181s] -- Installing: /root/dream_ws/src/install/KR600_2830_description/share/ament_index/resource_index/parent_prefix_path/KR600_2830_description
[1.182s] -- Installing: /root/dream_ws/src/install/KR600_2830_description/share/KR600_2830_description/environment/ament_prefix_path.sh
[1.182s] -- Installing: /root/dream_ws/src/install/KR600_2830_description/share/KR600_2830_description/environment/ament_prefix_path.dsv
[1.182s] -- Installing: /root/dream_ws/src/install/KR600_2830_description/share/KR600_2830_description/environment/path.sh
[1.183s] -- Installing: /root/dream_ws/src/install/KR600_2830_description/share/KR600_2830_description/environment/path.dsv
[1.183s] -- Installing: /root/dream_ws/src/install/KR600_2830_description/share/KR600_2830_description/local_setup.bash
[1.183s] -- Installing: /root/dream_ws/src/install/KR600_2830_description/share/KR600_2830_description/local_setup.sh
[1.183s] -- Installing: /root/dream_ws/src/install/KR600_2830_description/share/KR600_2830_description/local_setup.zsh
[1.184s] -- Installing: /root/dream_ws/src/install/KR600_2830_description/share/KR600_2830_description/local_setup.dsv
[1.184s] -- Installing: /root/dream_ws/src/install/KR600_2830_description/share/KR600_2830_description/package.dsv
[1.185s] -- Installing: /root/dream_ws/src/install/KR600_2830_description/share/ament_index/resource_index/packages/KR600_2830_description
[1.185s] -- Installing: /root/dream_ws/src/install/KR600_2830_description/share/KR600_2830_description/cmake/KR600_2830_descriptionConfig.cmake
[1.186s] -- Installing: /root/dream_ws/src/install/KR600_2830_description/share/KR600_2830_description/cmake/KR600_2830_descriptionConfig-version.cmake
[1.186s] -- Installing: /root/dream_ws/src/install/KR600_2830_description/share/KR600_2830_description/package.xml
[1.188s] Invoked command in '/root/dream_ws/src/build/KR600_2830_description' returned '0': CMAKE_PREFIX_PATH=${CMAKE_PREFIX_PATH}:/opt/ros/humble /usr/bin/cmake --install /root/dream_ws/src/build/KR600_2830_description
