[0.077s] Invoking command in '/root/dream_ws/build/ros2_control_demo_example_10': AMENT_PREFIX_PATH=/root/dream_ws/install/ros2_control_demo_testing:/root/dream_ws/install/ros2_control_demo_description:${AMENT_PREFIX_PATH} CMAKE_PREFIX_PATH=/root/dream_ws/install/ros2_control_demo_description:/root/dream_ws/install/kr600:/root/dev_ws/install/simple_bot_config:/root/dev_ws/install/movbot_config:/root/dev_ws/install/simple_bot:/root/dev_ws/install/moveit_demo:/root/dev_ws/install/cobot_simulation_config:/root/dev_ws/install/cobot_simulation:/root/dev_ws/install/basic_mobile_robot:/root/dev_ws/install/arm6axis:/opt/ros/humble PYTHONPATH=/root/dream_ws/install/ros2_control_demo_testing/lib/python3.10/site-packages:${PYTHONPATH} /usr/bin/cmake /root/dream_ws/src/ros2_control_demos/example_10 -DCMAKE_INSTALL_PREFIX=/root/dream_ws/install/ros2_control_demo_example_10
[0.219s] -- The CXX compiler identification is GNU 11.4.0
[0.242s] -- Detecting CXX compiler ABI info
[0.375s] -- Detecting CXX compiler ABI info - done
[0.398s] -- Check for working CXX compiler: /usr/bin/c++ - skipped
[0.399s] -- Detecting CXX compile features
[0.400s] -- Detecting CXX compile features - done
[0.466s] [33mCMake Warning at CMakeLists.txt:23 (find_package):
[0.466s]   Could not find a configuration file for package "controller_manager" that
[0.467s]   is compatible with requested version "4.0.0".
[0.467s] 
[0.467s]   The following configuration files were considered but not accepted:
[0.467s] 
[0.467s]     /opt/ros/humble/share/controller_manager/cmake/controller_managerConfig.cmake, version: 2.42.0
[0.467s] 
[0.468s] 
[0.468s] [0m
[0.468s] [31mCMake Error at CMakeLists.txt:26 (message):
[0.469s]   ros2_control version 4.0.0 or higher is required.  Are you using the
[0.469s]   correct branch of the ros2_control_demos repository?
[0.469s] 
[0.469s] [0m
[0.472s] -- Configuring incomplete, errors occurred!
[0.473s] See also "/root/dream_ws/build/ros2_control_demo_example_10/CMakeFiles/CMakeOutput.log".
[0.507s] Invoked command in '/root/dream_ws/build/ros2_control_demo_example_10' returned '1': AMENT_PREFIX_PATH=/root/dream_ws/install/ros2_control_demo_testing:/root/dream_ws/install/ros2_control_demo_description:${AMENT_PREFIX_PATH} CMAKE_PREFIX_PATH=/root/dream_ws/install/ros2_control_demo_description:/root/dream_ws/install/kr600:/root/dev_ws/install/simple_bot_config:/root/dev_ws/install/movbot_config:/root/dev_ws/install/simple_bot:/root/dev_ws/install/moveit_demo:/root/dev_ws/install/cobot_simulation_config:/root/dev_ws/install/cobot_simulation:/root/dev_ws/install/basic_mobile_robot:/root/dev_ws/install/arm6axis:/opt/ros/humble PYTHONPATH=/root/dream_ws/install/ros2_control_demo_testing/lib/python3.10/site-packages:${PYTHONPATH} /usr/bin/cmake /root/dream_ws/src/ros2_control_demos/example_10 -DCMAKE_INSTALL_PREFIX=/root/dream_ws/install/ros2_control_demo_example_10
