[0.064s] Invoking command in '/root/dream_ws/build/ros2_control_demo_example_3': AMENT_PREFIX_PATH=/root/dream_ws/install/ros2_control_demo_testing:/root/dream_ws/install/ros2_control_demo_description:${AMENT_PREFIX_PATH} CMAKE_PREFIX_PATH=/root/dream_ws/install/ros2_control_demo_description:/root/dream_ws/install/kr600:/root/dev_ws/install/simple_bot_config:/root/dev_ws/install/movbot_config:/root/dev_ws/install/simple_bot:/root/dev_ws/install/moveit_demo:/root/dev_ws/install/cobot_simulation_config:/root/dev_ws/install/cobot_simulation:/root/dev_ws/install/basic_mobile_robot:/root/dev_ws/install/arm6axis:/opt/ros/humble PYTHONPATH=/root/dream_ws/install/ros2_control_demo_testing/lib/python3.10/site-packages:${PYTHONPATH} /usr/bin/cmake /root/dream_ws/src/ros2_control_demos/example_3 -DCMAKE_INSTALL_PREFIX=/root/dream_ws/install/ros2_control_demo_example_3
[0.103s] -- Found ament_cmake: 1.3.10 (/opt/ros/humble/share/ament_cmake/cmake)
[0.410s] -- Found Python3: /usr/bin/python3 (found version "3.10.12") found components: Interpreter 
[0.679s] -- Found hardware_interface: 2.42.0 (/opt/ros/humble/share/hardware_interface/cmake)
[0.855s] -- Found rosidl_generator_c: 3.1.5 (/opt/ros/humble/share/rosidl_generator_c/cmake)
[0.883s] -- Found rosidl_adapter: 3.1.5 (/opt/ros/humble/share/rosidl_adapter/cmake)
[0.922s] -- Found rosidl_generator_cpp: 3.1.5 (/opt/ros/humble/share/rosidl_generator_cpp/cmake)
[0.985s] -- Using all available rosidl_typesupport_c: rosidl_typesupport_fastrtps_c;rosidl_typesupport_introspection_c
[1.052s] -- Using all available rosidl_typesupport_cpp: rosidl_typesupport_fastrtps_cpp;rosidl_typesupport_introspection_cpp
[1.816s] -- Found rmw_implementation_cmake: 6.1.2 (/opt/ros/humble/share/rmw_implementation_cmake/cmake)
[1.833s] -- Found rmw_fastrtps_cpp: 6.2.7 (/opt/ros/humble/share/rmw_fastrtps_cpp/cmake)
[1.941s] -- Found TinyXML2 via Config file: TinyXML2_DIR-NOTFOUND
[2.054s] -- Found OpenSSL: /usr/lib/x86_64-linux-gnu/libcrypto.so (found version "3.0.2")  
[2.070s] -- Found TinyXML2 via Config file: TinyXML2_DIR-NOTFOUND
[2.086s] -- Found FastRTPS: /opt/ros/humble/include  
[2.094s] -- Found TinyXML2 via Config file: TinyXML2_DIR-NOTFOUND
[2.111s] -- Found TinyXML2 via Config file: TinyXML2_DIR-NOTFOUND
[2.132s] -- Using RMW implementation 'rmw_fastrtps_cpp' as default
[2.177s] -- Looking for C++ include pthread.h
[2.502s] -- Looking for C++ include pthread.h - found
[2.502s] -- Performing Test CMAKE_HAVE_LIBC_PTHREAD
[2.683s] -- Performing Test CMAKE_HAVE_LIBC_PTHREAD - Success
[2.686s] -- Found Threads: TRUE  
[2.890s] -- Found ament_cmake_pytest: 1.3.10 (/opt/ros/humble/share/ament_cmake_pytest/cmake)
[5.314s] -- Configuring done
[5.455s] -- Generating done
[5.462s] -- Build files have been written to: /root/dream_ws/build/ros2_control_demo_example_3
[5.533s] Invoked command in '/root/dream_ws/build/ros2_control_demo_example_3' returned '0': AMENT_PREFIX_PATH=/root/dream_ws/install/ros2_control_demo_testing:/root/dream_ws/install/ros2_control_demo_description:${AMENT_PREFIX_PATH} CMAKE_PREFIX_PATH=/root/dream_ws/install/ros2_control_demo_description:/root/dream_ws/install/kr600:/root/dev_ws/install/simple_bot_config:/root/dev_ws/install/movbot_config:/root/dev_ws/install/simple_bot:/root/dev_ws/install/moveit_demo:/root/dev_ws/install/cobot_simulation_config:/root/dev_ws/install/cobot_simulation:/root/dev_ws/install/basic_mobile_robot:/root/dev_ws/install/arm6axis:/opt/ros/humble PYTHONPATH=/root/dream_ws/install/ros2_control_demo_testing/lib/python3.10/site-packages:${PYTHONPATH} /usr/bin/cmake /root/dream_ws/src/ros2_control_demos/example_3 -DCMAKE_INSTALL_PREFIX=/root/dream_ws/install/ros2_control_demo_example_3
[5.535s] Invoking command in '/root/dream_ws/build/ros2_control_demo_example_3': AMENT_PREFIX_PATH=/root/dream_ws/install/ros2_control_demo_testing:/root/dream_ws/install/ros2_control_demo_description:${AMENT_PREFIX_PATH} CMAKE_PREFIX_PATH=/root/dream_ws/install/ros2_control_demo_description:/root/dream_ws/install/kr600:/root/dev_ws/install/simple_bot_config:/root/dev_ws/install/movbot_config:/root/dev_ws/install/simple_bot:/root/dev_ws/install/moveit_demo:/root/dev_ws/install/cobot_simulation_config:/root/dev_ws/install/cobot_simulation:/root/dev_ws/install/basic_mobile_robot:/root/dev_ws/install/arm6axis:/opt/ros/humble PYTHONPATH=/root/dream_ws/install/ros2_control_demo_testing/lib/python3.10/site-packages:${PYTHONPATH} /usr/bin/cmake --build /root/dream_ws/build/ros2_control_demo_example_3 -- -j12 -l12
[5.615s] [ 50%] [32mBuilding CXX object CMakeFiles/ros2_control_demo_example_3.dir/hardware/rrbot_system_multi_interface.cpp.o[0m
[17.229s] [100%] [32m[1mLinking CXX shared library libros2_control_demo_example_3.so[0m
[17.635s] [100%] Built target ros2_control_demo_example_3
[17.703s] Invoked command in '/root/dream_ws/build/ros2_control_demo_example_3' returned '0': AMENT_PREFIX_PATH=/root/dream_ws/install/ros2_control_demo_testing:/root/dream_ws/install/ros2_control_demo_description:${AMENT_PREFIX_PATH} CMAKE_PREFIX_PATH=/root/dream_ws/install/ros2_control_demo_description:/root/dream_ws/install/kr600:/root/dev_ws/install/simple_bot_config:/root/dev_ws/install/movbot_config:/root/dev_ws/install/simple_bot:/root/dev_ws/install/moveit_demo:/root/dev_ws/install/cobot_simulation_config:/root/dev_ws/install/cobot_simulation:/root/dev_ws/install/basic_mobile_robot:/root/dev_ws/install/arm6axis:/opt/ros/humble PYTHONPATH=/root/dream_ws/install/ros2_control_demo_testing/lib/python3.10/site-packages:${PYTHONPATH} /usr/bin/cmake --build /root/dream_ws/build/ros2_control_demo_example_3 -- -j12 -l12
[17.817s] Invoking command in '/root/dream_ws/build/ros2_control_demo_example_3': AMENT_PREFIX_PATH=/root/dream_ws/install/ros2_control_demo_testing:/root/dream_ws/install/ros2_control_demo_description:${AMENT_PREFIX_PATH} CMAKE_PREFIX_PATH=/root/dream_ws/install/ros2_control_demo_description:/root/dream_ws/install/kr600:/root/dev_ws/install/simple_bot_config:/root/dev_ws/install/movbot_config:/root/dev_ws/install/simple_bot:/root/dev_ws/install/moveit_demo:/root/dev_ws/install/cobot_simulation_config:/root/dev_ws/install/cobot_simulation:/root/dev_ws/install/basic_mobile_robot:/root/dev_ws/install/arm6axis:/opt/ros/humble PYTHONPATH=/root/dream_ws/install/ros2_control_demo_testing/lib/python3.10/site-packages:${PYTHONPATH} /usr/bin/cmake --install /root/dream_ws/build/ros2_control_demo_example_3
[17.841s] -- Install configuration: ""
[17.842s] -- Installing: /root/dream_ws/install/ros2_control_demo_example_3/share/ros2_control_demo_example_3/ros2_control_demo_example_3.xml
[17.844s] -- Installing: /root/dream_ws/install/ros2_control_demo_example_3/include/ros2_control_demo_example_3
[17.844s] -- Installing: /root/dream_ws/install/ros2_control_demo_example_3/include/ros2_control_demo_example_3/ros2_control_demo_example_3
[17.845s] -- Installing: /root/dream_ws/install/ros2_control_demo_example_3/include/ros2_control_demo_example_3/ros2_control_demo_example_3/rrbot_system_multi_interface.hpp
[17.845s] -- Installing: /root/dream_ws/install/ros2_control_demo_example_3/share/ros2_control_demo_example_3/launch
[17.846s] -- Installing: /root/dream_ws/install/ros2_control_demo_example_3/share/ros2_control_demo_example_3/launch/view_robot.launch.py
[17.846s] -- Installing: /root/dream_ws/install/ros2_control_demo_example_3/share/ros2_control_demo_example_3/ros2_control
[17.846s] -- Installing: /root/dream_ws/install/ros2_control_demo_example_3/share/ros2_control_demo_example_3/ros2_control/rrbot_system_multi_interface.ros2_control.xacro
[17.846s] -- Installing: /root/dream_ws/install/ros2_control_demo_example_3/share/ros2_control_demo_example_3/urdf
[17.847s] -- Installing: /root/dream_ws/install/ros2_control_demo_example_3/share/ros2_control_demo_example_3/urdf/rrbot_system_multi_interface.urdf.xacro
[17.847s] -- Up-to-date: /root/dream_ws/install/ros2_control_demo_example_3/share/ros2_control_demo_example_3/launch
[17.847s] -- Installing: /root/dream_ws/install/ros2_control_demo_example_3/share/ros2_control_demo_example_3/launch/test_forward_position_controller.launch.py
[17.853s] -- Installing: /root/dream_ws/install/ros2_control_demo_example_3/share/ros2_control_demo_example_3/launch/rrbot_system_multi_interface.launch.py
[17.856s] -- Installing: /root/dream_ws/install/ros2_control_demo_example_3/share/ros2_control_demo_example_3/config
[17.858s] -- Installing: /root/dream_ws/install/ros2_control_demo_example_3/share/ros2_control_demo_example_3/config/rrbot_multi_interface_forward_controllers.yaml
[17.859s] -- Installing: /root/dream_ws/install/ros2_control_demo_example_3/share/ros2_control_demo_example_3/config/rrbot_forward_position_publisher.yaml
[17.859s] -- Installing: /root/dream_ws/install/ros2_control_demo_example_3/lib/libros2_control_demo_example_3.so
[17.860s] -- Set runtime path of "/root/dream_ws/install/ros2_control_demo_example_3/lib/libros2_control_demo_example_3.so" to ""
[17.861s] -- Installing: /root/dream_ws/install/ros2_control_demo_example_3/share/ros2_control_demo_example_3/environment/library_path.sh
[17.861s] -- Installing: /root/dream_ws/install/ros2_control_demo_example_3/share/ros2_control_demo_example_3/environment/library_path.dsv
[17.861s] -- Installing: /root/dream_ws/install/ros2_control_demo_example_3/share/ament_index/resource_index/package_run_dependencies/ros2_control_demo_example_3
[17.864s] -- Installing: /root/dream_ws/install/ros2_control_demo_example_3/share/ament_index/resource_index/parent_prefix_path/ros2_control_demo_example_3
[17.864s] -- Installing: /root/dream_ws/install/ros2_control_demo_example_3/share/ros2_control_demo_example_3/environment/ament_prefix_path.sh
[17.864s] -- Installing: /root/dream_ws/install/ros2_control_demo_example_3/share/ros2_control_demo_example_3/environment/ament_prefix_path.dsv
[17.865s] -- Installing: /root/dream_ws/install/ros2_control_demo_example_3/share/ros2_control_demo_example_3/environment/path.sh
[17.865s] -- Installing: /root/dream_ws/install/ros2_control_demo_example_3/share/ros2_control_demo_example_3/environment/path.dsv
[17.866s] -- Installing: /root/dream_ws/install/ros2_control_demo_example_3/share/ros2_control_demo_example_3/local_setup.bash
[17.866s] -- Installing: /root/dream_ws/install/ros2_control_demo_example_3/share/ros2_control_demo_example_3/local_setup.sh
[17.866s] -- Installing: /root/dream_ws/install/ros2_control_demo_example_3/share/ros2_control_demo_example_3/local_setup.zsh
[17.867s] -- Installing: /root/dream_ws/install/ros2_control_demo_example_3/share/ros2_control_demo_example_3/local_setup.dsv
[17.867s] -- Installing: /root/dream_ws/install/ros2_control_demo_example_3/share/ros2_control_demo_example_3/package.dsv
[17.867s] -- Installing: /root/dream_ws/install/ros2_control_demo_example_3/share/ament_index/resource_index/packages/ros2_control_demo_example_3
[17.868s] -- Installing: /root/dream_ws/install/ros2_control_demo_example_3/share/ament_index/resource_index/hardware_interface__pluginlib__plugin/ros2_control_demo_example_3
[17.868s] -- Installing: /root/dream_ws/install/ros2_control_demo_example_3/share/ros2_control_demo_example_3/cmake/export_ros2_control_demo_example_3Export.cmake
[17.869s] -- Installing: /root/dream_ws/install/ros2_control_demo_example_3/share/ros2_control_demo_example_3/cmake/export_ros2_control_demo_example_3Export-noconfig.cmake
[17.870s] -- Installing: /root/dream_ws/install/ros2_control_demo_example_3/share/ros2_control_demo_example_3/cmake/ament_cmake_export_targets-extras.cmake
[17.870s] -- Installing: /root/dream_ws/install/ros2_control_demo_example_3/share/ros2_control_demo_example_3/cmake/ament_cmake_export_dependencies-extras.cmake
[17.871s] -- Installing: /root/dream_ws/install/ros2_control_demo_example_3/share/ros2_control_demo_example_3/cmake/ros2_control_demo_example_3Config.cmake
[17.871s] -- Installing: /root/dream_ws/install/ros2_control_demo_example_3/share/ros2_control_demo_example_3/cmake/ros2_control_demo_example_3Config-version.cmake
[17.872s] -- Installing: /root/dream_ws/install/ros2_control_demo_example_3/share/ros2_control_demo_example_3/package.xml
[17.943s] Invoked command in '/root/dream_ws/build/ros2_control_demo_example_3' returned '0': AMENT_PREFIX_PATH=/root/dream_ws/install/ros2_control_demo_testing:/root/dream_ws/install/ros2_control_demo_description:${AMENT_PREFIX_PATH} CMAKE_PREFIX_PATH=/root/dream_ws/install/ros2_control_demo_description:/root/dream_ws/install/kr600:/root/dev_ws/install/simple_bot_config:/root/dev_ws/install/movbot_config:/root/dev_ws/install/simple_bot:/root/dev_ws/install/moveit_demo:/root/dev_ws/install/cobot_simulation_config:/root/dev_ws/install/cobot_simulation:/root/dev_ws/install/basic_mobile_robot:/root/dev_ws/install/arm6axis:/opt/ros/humble PYTHONPATH=/root/dream_ws/install/ros2_control_demo_testing/lib/python3.10/site-packages:${PYTHONPATH} /usr/bin/cmake --install /root/dream_ws/build/ros2_control_demo_example_3
