[0.071s] Invoking command in '/root/dream_ws/build/ros2_control_demo_example_14': AMENT_PREFIX_PATH=/root/dream_ws/install/ros2_control_demo_testing:/root/dream_ws/install/ros2_control_demo_description:${AMENT_PREFIX_PATH} CMAKE_PREFIX_PATH=/root/dream_ws/install/ros2_control_demo_description:/root/dream_ws/install/kr600:/root/dev_ws/install/simple_bot_config:/root/dev_ws/install/movbot_config:/root/dev_ws/install/simple_bot:/root/dev_ws/install/moveit_demo:/root/dev_ws/install/cobot_simulation_config:/root/dev_ws/install/cobot_simulation:/root/dev_ws/install/basic_mobile_robot:/root/dev_ws/install/arm6axis:/opt/ros/humble PYTHONPATH=/root/dream_ws/install/ros2_control_demo_testing/lib/python3.10/site-packages:${PYTHONPATH} /usr/bin/cmake /root/dream_ws/src/ros2_control_demos/example_14 -DCMAKE_INSTALL_PREFIX=/root/dream_ws/install/ros2_control_demo_example_14
[0.115s] -- Found ament_cmake: 1.3.10 (/opt/ros/humble/share/ament_cmake/cmake)
[0.415s] -- Found Python3: /usr/bin/python3 (found version "3.10.12") found components: Interpreter 
[0.673s] -- Found hardware_interface: 2.42.0 (/opt/ros/humble/share/hardware_interface/cmake)
[0.869s] -- Found rosidl_generator_c: 3.1.5 (/opt/ros/humble/share/rosidl_generator_c/cmake)
[0.897s] -- Found rosidl_adapter: 3.1.5 (/opt/ros/humble/share/rosidl_adapter/cmake)
[0.937s] -- Found rosidl_generator_cpp: 3.1.5 (/opt/ros/humble/share/rosidl_generator_cpp/cmake)
[0.999s] -- Using all available rosidl_typesupport_c: rosidl_typesupport_fastrtps_c;rosidl_typesupport_introspection_c
[1.067s] -- Using all available rosidl_typesupport_cpp: rosidl_typesupport_fastrtps_cpp;rosidl_typesupport_introspection_cpp
[1.834s] -- Found rmw_implementation_cmake: 6.1.2 (/opt/ros/humble/share/rmw_implementation_cmake/cmake)
[1.847s] -- Found rmw_fastrtps_cpp: 6.2.7 (/opt/ros/humble/share/rmw_fastrtps_cpp/cmake)
[1.954s] -- Found TinyXML2 via Config file: TinyXML2_DIR-NOTFOUND
[2.059s] -- Found OpenSSL: /usr/lib/x86_64-linux-gnu/libcrypto.so (found version "3.0.2")  
[2.068s] -- Found TinyXML2 via Config file: TinyXML2_DIR-NOTFOUND
[2.099s] -- Found FastRTPS: /opt/ros/humble/include  
[2.107s] -- Found TinyXML2 via Config file: TinyXML2_DIR-NOTFOUND
[2.125s] -- Found TinyXML2 via Config file: TinyXML2_DIR-NOTFOUND
[2.146s] -- Using RMW implementation 'rmw_fastrtps_cpp' as default
[2.192s] -- Looking for C++ include pthread.h
[2.510s] -- Looking for C++ include pthread.h - found
[2.516s] -- Performing Test CMAKE_HAVE_LIBC_PTHREAD
[2.703s] -- Performing Test CMAKE_HAVE_LIBC_PTHREAD - Success
[2.705s] -- Found Threads: TRUE  
[2.885s] -- Found realtime_tools: 2.5.0 (/opt/ros/humble/share/realtime_tools/cmake)
[2.958s] -- Found ament_cmake_pytest: 1.3.10 (/opt/ros/humble/share/ament_cmake_pytest/cmake)
[5.316s] -- Configuring done
[5.469s] -- Generating done
[5.474s] -- Build files have been written to: /root/dream_ws/build/ros2_control_demo_example_14
[5.538s] Invoked command in '/root/dream_ws/build/ros2_control_demo_example_14' returned '0': AMENT_PREFIX_PATH=/root/dream_ws/install/ros2_control_demo_testing:/root/dream_ws/install/ros2_control_demo_description:${AMENT_PREFIX_PATH} CMAKE_PREFIX_PATH=/root/dream_ws/install/ros2_control_demo_description:/root/dream_ws/install/kr600:/root/dev_ws/install/simple_bot_config:/root/dev_ws/install/movbot_config:/root/dev_ws/install/simple_bot:/root/dev_ws/install/moveit_demo:/root/dev_ws/install/cobot_simulation_config:/root/dev_ws/install/cobot_simulation:/root/dev_ws/install/basic_mobile_robot:/root/dev_ws/install/arm6axis:/opt/ros/humble PYTHONPATH=/root/dream_ws/install/ros2_control_demo_testing/lib/python3.10/site-packages:${PYTHONPATH} /usr/bin/cmake /root/dream_ws/src/ros2_control_demos/example_14 -DCMAKE_INSTALL_PREFIX=/root/dream_ws/install/ros2_control_demo_example_14
[5.541s] Invoking command in '/root/dream_ws/build/ros2_control_demo_example_14': AMENT_PREFIX_PATH=/root/dream_ws/install/ros2_control_demo_testing:/root/dream_ws/install/ros2_control_demo_description:${AMENT_PREFIX_PATH} CMAKE_PREFIX_PATH=/root/dream_ws/install/ros2_control_demo_description:/root/dream_ws/install/kr600:/root/dev_ws/install/simple_bot_config:/root/dev_ws/install/movbot_config:/root/dev_ws/install/simple_bot:/root/dev_ws/install/moveit_demo:/root/dev_ws/install/cobot_simulation_config:/root/dev_ws/install/cobot_simulation:/root/dev_ws/install/basic_mobile_robot:/root/dev_ws/install/arm6axis:/opt/ros/humble PYTHONPATH=/root/dream_ws/install/ros2_control_demo_testing/lib/python3.10/site-packages:${PYTHONPATH} /usr/bin/cmake --build /root/dream_ws/build/ros2_control_demo_example_14 -- -j12 -l12
[5.622s] [ 33%] [32mBuilding CXX object CMakeFiles/ros2_control_demo_example_14.dir/hardware/rrbot_actuator_without_feedback.cpp.o[0m
[5.629s] [ 66%] [32mBuilding CXX object CMakeFiles/ros2_control_demo_example_14.dir/hardware/rrbot_sensor_for_position_feedback.cpp.o[0m
[17.048s] [100%] [32m[1mLinking CXX shared library libros2_control_demo_example_14.so[0m
[17.654s] [100%] Built target ros2_control_demo_example_14
[17.738s] Invoked command in '/root/dream_ws/build/ros2_control_demo_example_14' returned '0': AMENT_PREFIX_PATH=/root/dream_ws/install/ros2_control_demo_testing:/root/dream_ws/install/ros2_control_demo_description:${AMENT_PREFIX_PATH} CMAKE_PREFIX_PATH=/root/dream_ws/install/ros2_control_demo_description:/root/dream_ws/install/kr600:/root/dev_ws/install/simple_bot_config:/root/dev_ws/install/movbot_config:/root/dev_ws/install/simple_bot:/root/dev_ws/install/moveit_demo:/root/dev_ws/install/cobot_simulation_config:/root/dev_ws/install/cobot_simulation:/root/dev_ws/install/basic_mobile_robot:/root/dev_ws/install/arm6axis:/opt/ros/humble PYTHONPATH=/root/dream_ws/install/ros2_control_demo_testing/lib/python3.10/site-packages:${PYTHONPATH} /usr/bin/cmake --build /root/dream_ws/build/ros2_control_demo_example_14 -- -j12 -l12
[17.838s] Invoking command in '/root/dream_ws/build/ros2_control_demo_example_14': AMENT_PREFIX_PATH=/root/dream_ws/install/ros2_control_demo_testing:/root/dream_ws/install/ros2_control_demo_description:${AMENT_PREFIX_PATH} CMAKE_PREFIX_PATH=/root/dream_ws/install/ros2_control_demo_description:/root/dream_ws/install/kr600:/root/dev_ws/install/simple_bot_config:/root/dev_ws/install/movbot_config:/root/dev_ws/install/simple_bot:/root/dev_ws/install/moveit_demo:/root/dev_ws/install/cobot_simulation_config:/root/dev_ws/install/cobot_simulation:/root/dev_ws/install/basic_mobile_robot:/root/dev_ws/install/arm6axis:/opt/ros/humble PYTHONPATH=/root/dream_ws/install/ros2_control_demo_testing/lib/python3.10/site-packages:${PYTHONPATH} /usr/bin/cmake --install /root/dream_ws/build/ros2_control_demo_example_14
[17.847s] -- Install configuration: ""
[17.847s] -- Installing: /root/dream_ws/install/ros2_control_demo_example_14/share/ros2_control_demo_example_14/ros2_control_demo_example_14.xml
[17.847s] -- Installing: /root/dream_ws/install/ros2_control_demo_example_14/include/ros2_control_demo_example_14
[17.847s] -- Installing: /root/dream_ws/install/ros2_control_demo_example_14/include/ros2_control_demo_example_14/ros2_control_demo_example_14
[17.848s] -- Installing: /root/dream_ws/install/ros2_control_demo_example_14/include/ros2_control_demo_example_14/ros2_control_demo_example_14/rrbot_sensor_for_position_feedback.hpp
[17.848s] -- Installing: /root/dream_ws/install/ros2_control_demo_example_14/include/ros2_control_demo_example_14/ros2_control_demo_example_14/rrbot_actuator_without_feedback.hpp
[17.848s] -- Installing: /root/dream_ws/install/ros2_control_demo_example_14/share/ros2_control_demo_example_14/launch
[17.848s] -- Installing: /root/dream_ws/install/ros2_control_demo_example_14/share/ros2_control_demo_example_14/launch/view_robot.launch.py
[17.849s] -- Installing: /root/dream_ws/install/ros2_control_demo_example_14/share/ros2_control_demo_example_14/ros2_control
[17.849s] -- Installing: /root/dream_ws/install/ros2_control_demo_example_14/share/ros2_control_demo_example_14/ros2_control/rrbot_modular_actuators_without_feedback_sensors_for_position_feedback.ros2_control.xacro
[17.850s] -- Installing: /root/dream_ws/install/ros2_control_demo_example_14/share/ros2_control_demo_example_14/urdf
[17.850s] -- Installing: /root/dream_ws/install/ros2_control_demo_example_14/share/ros2_control_demo_example_14/urdf/rrbot_modular_actuators_without_feedback_sensors_for_position_feedback.urdf.xacro
[17.850s] -- Up-to-date: /root/dream_ws/install/ros2_control_demo_example_14/share/ros2_control_demo_example_14/launch
[17.851s] -- Installing: /root/dream_ws/install/ros2_control_demo_example_14/share/ros2_control_demo_example_14/launch/rrbot_modular_actuators_without_feedback_sensors_for_position_feedback.launch.py
[17.851s] -- Installing: /root/dream_ws/install/ros2_control_demo_example_14/share/ros2_control_demo_example_14/config
[17.851s] -- Installing: /root/dream_ws/install/ros2_control_demo_example_14/share/ros2_control_demo_example_14/config/rrbot_modular_actuators_without_feedback_sensors_for_position_feedback.yaml
[17.851s] -- Installing: /root/dream_ws/install/ros2_control_demo_example_14/lib/libros2_control_demo_example_14.so
[17.852s] -- Set runtime path of "/root/dream_ws/install/ros2_control_demo_example_14/lib/libros2_control_demo_example_14.so" to ""
[17.853s] -- Installing: /root/dream_ws/install/ros2_control_demo_example_14/share/ros2_control_demo_example_14/environment/library_path.sh
[17.853s] -- Installing: /root/dream_ws/install/ros2_control_demo_example_14/share/ros2_control_demo_example_14/environment/library_path.dsv
[17.853s] -- Installing: /root/dream_ws/install/ros2_control_demo_example_14/share/ament_index/resource_index/package_run_dependencies/ros2_control_demo_example_14
[17.854s] -- Installing: /root/dream_ws/install/ros2_control_demo_example_14/share/ament_index/resource_index/parent_prefix_path/ros2_control_demo_example_14
[17.854s] -- Installing: /root/dream_ws/install/ros2_control_demo_example_14/share/ros2_control_demo_example_14/environment/ament_prefix_path.sh
[17.854s] -- Installing: /root/dream_ws/install/ros2_control_demo_example_14/share/ros2_control_demo_example_14/environment/ament_prefix_path.dsv
[17.856s] -- Installing: /root/dream_ws/install/ros2_control_demo_example_14/share/ros2_control_demo_example_14/environment/path.sh
[17.856s] -- Installing: /root/dream_ws/install/ros2_control_demo_example_14/share/ros2_control_demo_example_14/environment/path.dsv
[17.856s] -- Installing: /root/dream_ws/install/ros2_control_demo_example_14/share/ros2_control_demo_example_14/local_setup.bash
[17.856s] -- Installing: /root/dream_ws/install/ros2_control_demo_example_14/share/ros2_control_demo_example_14/local_setup.sh
[17.857s] -- Installing: /root/dream_ws/install/ros2_control_demo_example_14/share/ros2_control_demo_example_14/local_setup.zsh
[17.858s] -- Installing: /root/dream_ws/install/ros2_control_demo_example_14/share/ros2_control_demo_example_14/local_setup.dsv
[17.858s] -- Installing: /root/dream_ws/install/ros2_control_demo_example_14/share/ros2_control_demo_example_14/package.dsv
[17.858s] -- Installing: /root/dream_ws/install/ros2_control_demo_example_14/share/ament_index/resource_index/packages/ros2_control_demo_example_14
[17.859s] -- Installing: /root/dream_ws/install/ros2_control_demo_example_14/share/ament_index/resource_index/hardware_interface__pluginlib__plugin/ros2_control_demo_example_14
[17.859s] -- Installing: /root/dream_ws/install/ros2_control_demo_example_14/share/ros2_control_demo_example_14/cmake/export_ros2_control_demo_example_14Export.cmake
[17.859s] -- Installing: /root/dream_ws/install/ros2_control_demo_example_14/share/ros2_control_demo_example_14/cmake/export_ros2_control_demo_example_14Export-noconfig.cmake
[17.861s] -- Installing: /root/dream_ws/install/ros2_control_demo_example_14/share/ros2_control_demo_example_14/cmake/ament_cmake_export_targets-extras.cmake
[17.868s] -- Installing: /root/dream_ws/install/ros2_control_demo_example_14/share/ros2_control_demo_example_14/cmake/ament_cmake_export_dependencies-extras.cmake
[17.868s] -- Installing: /root/dream_ws/install/ros2_control_demo_example_14/share/ros2_control_demo_example_14/cmake/ros2_control_demo_example_14Config.cmake
[17.874s] -- Installing: /root/dream_ws/install/ros2_control_demo_example_14/share/ros2_control_demo_example_14/cmake/ros2_control_demo_example_14Config-version.cmake
[17.874s] -- Installing: /root/dream_ws/install/ros2_control_demo_example_14/share/ros2_control_demo_example_14/package.xml
[17.876s] Invoked command in '/root/dream_ws/build/ros2_control_demo_example_14' returned '0': AMENT_PREFIX_PATH=/root/dream_ws/install/ros2_control_demo_testing:/root/dream_ws/install/ros2_control_demo_description:${AMENT_PREFIX_PATH} CMAKE_PREFIX_PATH=/root/dream_ws/install/ros2_control_demo_description:/root/dream_ws/install/kr600:/root/dev_ws/install/simple_bot_config:/root/dev_ws/install/movbot_config:/root/dev_ws/install/simple_bot:/root/dev_ws/install/moveit_demo:/root/dev_ws/install/cobot_simulation_config:/root/dev_ws/install/cobot_simulation:/root/dev_ws/install/basic_mobile_robot:/root/dev_ws/install/arm6axis:/opt/ros/humble PYTHONPATH=/root/dream_ws/install/ros2_control_demo_testing/lib/python3.10/site-packages:${PYTHONPATH} /usr/bin/cmake --install /root/dream_ws/build/ros2_control_demo_example_14
