[0.027s] Invoking command in '/root/dream_ws/build/kr600': CMAKE_PREFIX_PATH=${CMAKE_PREFIX_PATH}:/opt/ros/humble /usr/bin/cmake /root/dream_ws/src/kr600 -DCMAKE_INSTALL_PREFIX=/root/dream_ws/install/kr600
[0.082s] -- The C compiler identification is GNU 11.4.0
[0.141s] -- The CXX compiler identification is GNU 11.4.0
[0.150s] -- Detecting C compiler ABI info
[0.219s] -- Detecting C compiler ABI info - done
[0.231s] -- Check for working C compiler: /usr/bin/cc - skipped
[0.231s] -- Detecting C compile features
[0.231s] -- Detecting C compile features - done
[0.235s] -- Detecting CXX compiler ABI info
[0.313s] -- Detecting CXX compiler ABI info - done
[0.324s] -- Check for working CXX compiler: /usr/bin/c++ - skipped
[0.325s] -- Detecting CXX compile features
[0.325s] -- Detecting CXX compile features - done
[0.330s] -- Found ament_cmake: 1.3.10 (/opt/ros/humble/share/ament_cmake/cmake)
[0.486s] -- Found Python3: /usr/bin/python3 (found version "3.10.12") found components: Interpreter 
[0.638s] -- Found ament_lint_auto: 0.12.11 (/opt/ros/humble/share/ament_lint_auto/cmake)
[0.751s] -- Added test 'flake8' to check Python code syntax and style conventions
[0.752s] -- Added test 'lint_cmake' to check CMake code style
[0.753s] -- Added test 'pep257' to check Python code against some of the docstring style conventions in PEP 257
[0.755s] -- Added test 'xmllint' to check XML markup files
[0.756s] -- Configuring done
[0.761s] -- Generating done
[0.763s] -- Build files have been written to: /root/dream_ws/build/kr600
[0.768s] Invoked command in '/root/dream_ws/build/kr600' returned '0': CMAKE_PREFIX_PATH=${CMAKE_PREFIX_PATH}:/opt/ros/humble /usr/bin/cmake /root/dream_ws/src/kr600 -DCMAKE_INSTALL_PREFIX=/root/dream_ws/install/kr600
[0.770s] Invoking command in '/root/dream_ws/build/kr600': CMAKE_PREFIX_PATH=${CMAKE_PREFIX_PATH}:/opt/ros/humble /usr/bin/cmake --build /root/dream_ws/build/kr600 -- -j12 -l12
[0.813s] Invoked command in '/root/dream_ws/build/kr600' returned '0': CMAKE_PREFIX_PATH=${CMAKE_PREFIX_PATH}:/opt/ros/humble /usr/bin/cmake --build /root/dream_ws/build/kr600 -- -j12 -l12
[0.849s] Invoking command in '/root/dream_ws/build/kr600': CMAKE_PREFIX_PATH=${CMAKE_PREFIX_PATH}:/opt/ros/humble /usr/bin/cmake --install /root/dream_ws/build/kr600
[0.855s] -- Install configuration: ""
[0.855s] -- Installing: /root/dream_ws/install/kr600/share/kr600/launch
[0.856s] -- Installing: /root/dream_ws/install/kr600/share/kr600/launch/kr600.launch.py
[0.856s] -- Installing: /root/dream_ws/install/kr600/share/kr600/launch/kr600_1.launch.py
[0.856s] -- Installing: /root/dream_ws/install/kr600/share/kr600/meshes
[0.856s] -- Installing: /root/dream_ws/install/kr600/share/kr600/meshes/link6.stl
[0.856s] -- Installing: /root/dream_ws/install/kr600/share/kr600/meshes/base_link.stl
[0.857s] -- Installing: /root/dream_ws/install/kr600/share/kr600/meshes/link4.stl
[0.858s] -- Installing: /root/dream_ws/install/kr600/share/kr600/meshes/link5.stl
[0.859s] -- Installing: /root/dream_ws/install/kr600/share/kr600/meshes/link3.stl
[0.861s] -- Installing: /root/dream_ws/install/kr600/share/kr600/meshes/link2.stl
[0.863s] -- Installing: /root/dream_ws/install/kr600/share/kr600/meshes/description.txt
[0.863s] -- Installing: /root/dream_ws/install/kr600/share/kr600/meshes/link1.stl
[0.865s] -- Installing: /root/dream_ws/install/kr600/share/kr600/rviz
[0.865s] -- Installing: /root/dream_ws/install/kr600/share/kr600/rviz/config.rviz
[0.865s] -- Installing: /root/dream_ws/install/kr600/share/kr600/urdf
[0.865s] -- Installing: /root/dream_ws/install/kr600/share/kr600/urdf/model.urdf.xacro
[0.866s] -- Installing: /root/dream_ws/install/kr600/share/ament_index/resource_index/package_run_dependencies/kr600
[0.866s] -- Installing: /root/dream_ws/install/kr600/share/ament_index/resource_index/parent_prefix_path/kr600
[0.866s] -- Installing: /root/dream_ws/install/kr600/share/kr600/environment/ament_prefix_path.sh
[0.866s] -- Installing: /root/dream_ws/install/kr600/share/kr600/environment/ament_prefix_path.dsv
[0.867s] -- Installing: /root/dream_ws/install/kr600/share/kr600/environment/path.sh
[0.867s] -- Installing: /root/dream_ws/install/kr600/share/kr600/environment/path.dsv
[0.867s] -- Installing: /root/dream_ws/install/kr600/share/kr600/local_setup.bash
[0.867s] -- Installing: /root/dream_ws/install/kr600/share/kr600/local_setup.sh
[0.868s] -- Installing: /root/dream_ws/install/kr600/share/kr600/local_setup.zsh
[0.868s] -- Installing: /root/dream_ws/install/kr600/share/kr600/local_setup.dsv
[0.868s] -- Installing: /root/dream_ws/install/kr600/share/kr600/package.dsv
[0.868s] -- Installing: /root/dream_ws/install/kr600/share/ament_index/resource_index/packages/kr600
[0.868s] -- Installing: /root/dream_ws/install/kr600/share/kr600/cmake/kr600Config.cmake
[0.868s] -- Installing: /root/dream_ws/install/kr600/share/kr600/cmake/kr600Config-version.cmake
[0.868s] -- Installing: /root/dream_ws/install/kr600/share/kr600/package.xml
[0.870s] Invoked command in '/root/dream_ws/build/kr600' returned '0': CMAKE_PREFIX_PATH=${CMAKE_PREFIX_PATH}:/opt/ros/humble /usr/bin/cmake --install /root/dream_ws/build/kr600
