[0.029s] Invoking command in '/root/dream_ws/build/ros2_control_demo_example_15': AMENT_PREFIX_PATH=/root/dream_ws/install/ros2_control_demo_example_5:/root/dream_ws/install/ros2_control_demo_example_1:/root/dream_ws/install/ros2_control_demo_testing:/root/dream_ws/install/ros2_control_demo_description:${AMENT_PREFIX_PATH} CMAKE_PREFIX_PATH=/root/dream_ws/install/ros2_control_demo_example_5:/root/dream_ws/install/ros2_control_demo_example_1:/root/dream_ws/install/ros2_control_demo_description:/root/dream_ws/install/ros2_control_demo_example_7:/root/dream_ws/install/ros2_control_demo_example_2:/root/dream_ws/install/kr600:/root/dev_ws/install/simple_bot_config:/root/dev_ws/install/movbot_config:/root/dev_ws/install/simple_bot:/root/dev_ws/install/moveit_demo:/root/dev_ws/install/cobot_simulation_config:/root/dev_ws/install/cobot_simulation:/root/dev_ws/install/basic_mobile_robot:/root/dev_ws/install/arm6axis:/opt/ros/humble LD_LIBRARY_PATH=/root/dream_ws/install/ros2_control_demo_example_5/lib:/root/dream_ws/install/ros2_control_demo_example_1/lib:${LD_LIBRARY_PATH} PYTHONPATH=/root/dream_ws/install/ros2_control_demo_testing/lib/python3.10/site-packages:${PYTHONPATH} /usr/bin/cmake /root/dream_ws/src/ros2_control_demos/example_15 -DCMAKE_INSTALL_PREFIX=/root/dream_ws/install/ros2_control_demo_example_15
[0.124s] -- The CXX compiler identification is GNU 11.4.0
[0.138s] -- Detecting CXX compiler ABI info
[0.256s] -- Detecting CXX compiler ABI info - done
[0.275s] -- Check for working CXX compiler: /usr/bin/c++ - skipped
[0.275s] -- Detecting CXX compile features
[0.276s] -- Detecting CXX compile features - done
[0.284s] -- Found ament_cmake: 1.3.10 (/opt/ros/humble/share/ament_cmake/cmake)
[0.513s] -- Found Python3: /usr/bin/python3 (found version "3.10.12") found components: Interpreter 
[0.673s] -- Found ament_cmake_pytest: 1.3.10 (/opt/ros/humble/share/ament_cmake_pytest/cmake)
[0.757s] -- Configuring done
[0.760s] -- Generating done
[0.761s] -- Build files have been written to: /root/dream_ws/build/ros2_control_demo_example_15
[0.766s] Invoked command in '/root/dream_ws/build/ros2_control_demo_example_15' returned '0': AMENT_PREFIX_PATH=/root/dream_ws/install/ros2_control_demo_example_5:/root/dream_ws/install/ros2_control_demo_example_1:/root/dream_ws/install/ros2_control_demo_testing:/root/dream_ws/install/ros2_control_demo_description:${AMENT_PREFIX_PATH} CMAKE_PREFIX_PATH=/root/dream_ws/install/ros2_control_demo_example_5:/root/dream_ws/install/ros2_control_demo_example_1:/root/dream_ws/install/ros2_control_demo_description:/root/dream_ws/install/ros2_control_demo_example_7:/root/dream_ws/install/ros2_control_demo_example_2:/root/dream_ws/install/kr600:/root/dev_ws/install/simple_bot_config:/root/dev_ws/install/movbot_config:/root/dev_ws/install/simple_bot:/root/dev_ws/install/moveit_demo:/root/dev_ws/install/cobot_simulation_config:/root/dev_ws/install/cobot_simulation:/root/dev_ws/install/basic_mobile_robot:/root/dev_ws/install/arm6axis:/opt/ros/humble LD_LIBRARY_PATH=/root/dream_ws/install/ros2_control_demo_example_5/lib:/root/dream_ws/install/ros2_control_demo_example_1/lib:${LD_LIBRARY_PATH} PYTHONPATH=/root/dream_ws/install/ros2_control_demo_testing/lib/python3.10/site-packages:${PYTHONPATH} /usr/bin/cmake /root/dream_ws/src/ros2_control_demos/example_15 -DCMAKE_INSTALL_PREFIX=/root/dream_ws/install/ros2_control_demo_example_15
[0.769s] Invoking command in '/root/dream_ws/build/ros2_control_demo_example_15': AMENT_PREFIX_PATH=/root/dream_ws/install/ros2_control_demo_example_5:/root/dream_ws/install/ros2_control_demo_example_1:/root/dream_ws/install/ros2_control_demo_testing:/root/dream_ws/install/ros2_control_demo_description:${AMENT_PREFIX_PATH} CMAKE_PREFIX_PATH=/root/dream_ws/install/ros2_control_demo_example_5:/root/dream_ws/install/ros2_control_demo_example_1:/root/dream_ws/install/ros2_control_demo_description:/root/dream_ws/install/ros2_control_demo_example_7:/root/dream_ws/install/ros2_control_demo_example_2:/root/dream_ws/install/kr600:/root/dev_ws/install/simple_bot_config:/root/dev_ws/install/movbot_config:/root/dev_ws/install/simple_bot:/root/dev_ws/install/moveit_demo:/root/dev_ws/install/cobot_simulation_config:/root/dev_ws/install/cobot_simulation:/root/dev_ws/install/basic_mobile_robot:/root/dev_ws/install/arm6axis:/opt/ros/humble LD_LIBRARY_PATH=/root/dream_ws/install/ros2_control_demo_example_5/lib:/root/dream_ws/install/ros2_control_demo_example_1/lib:${LD_LIBRARY_PATH} PYTHONPATH=/root/dream_ws/install/ros2_control_demo_testing/lib/python3.10/site-packages:${PYTHONPATH} /usr/bin/cmake --build /root/dream_ws/build/ros2_control_demo_example_15 -- -j12 -l12
[0.806s] Invoked command in '/root/dream_ws/build/ros2_control_demo_example_15' returned '0': AMENT_PREFIX_PATH=/root/dream_ws/install/ros2_control_demo_example_5:/root/dream_ws/install/ros2_control_demo_example_1:/root/dream_ws/install/ros2_control_demo_testing:/root/dream_ws/install/ros2_control_demo_description:${AMENT_PREFIX_PATH} CMAKE_PREFIX_PATH=/root/dream_ws/install/ros2_control_demo_example_5:/root/dream_ws/install/ros2_control_demo_example_1:/root/dream_ws/install/ros2_control_demo_description:/root/dream_ws/install/ros2_control_demo_example_7:/root/dream_ws/install/ros2_control_demo_example_2:/root/dream_ws/install/kr600:/root/dev_ws/install/simple_bot_config:/root/dev_ws/install/movbot_config:/root/dev_ws/install/simple_bot:/root/dev_ws/install/moveit_demo:/root/dev_ws/install/cobot_simulation_config:/root/dev_ws/install/cobot_simulation:/root/dev_ws/install/basic_mobile_robot:/root/dev_ws/install/arm6axis:/opt/ros/humble LD_LIBRARY_PATH=/root/dream_ws/install/ros2_control_demo_example_5/lib:/root/dream_ws/install/ros2_control_demo_example_1/lib:${LD_LIBRARY_PATH} PYTHONPATH=/root/dream_ws/install/ros2_control_demo_testing/lib/python3.10/site-packages:${PYTHONPATH} /usr/bin/cmake --build /root/dream_ws/build/ros2_control_demo_example_15 -- -j12 -l12
[0.833s] Invoking command in '/root/dream_ws/build/ros2_control_demo_example_15': AMENT_PREFIX_PATH=/root/dream_ws/install/ros2_control_demo_example_5:/root/dream_ws/install/ros2_control_demo_example_1:/root/dream_ws/install/ros2_control_demo_testing:/root/dream_ws/install/ros2_control_demo_description:${AMENT_PREFIX_PATH} CMAKE_PREFIX_PATH=/root/dream_ws/install/ros2_control_demo_example_5:/root/dream_ws/install/ros2_control_demo_example_1:/root/dream_ws/install/ros2_control_demo_description:/root/dream_ws/install/ros2_control_demo_example_7:/root/dream_ws/install/ros2_control_demo_example_2:/root/dream_ws/install/kr600:/root/dev_ws/install/simple_bot_config:/root/dev_ws/install/movbot_config:/root/dev_ws/install/simple_bot:/root/dev_ws/install/moveit_demo:/root/dev_ws/install/cobot_simulation_config:/root/dev_ws/install/cobot_simulation:/root/dev_ws/install/basic_mobile_robot:/root/dev_ws/install/arm6axis:/opt/ros/humble LD_LIBRARY_PATH=/root/dream_ws/install/ros2_control_demo_example_5/lib:/root/dream_ws/install/ros2_control_demo_example_1/lib:${LD_LIBRARY_PATH} PYTHONPATH=/root/dream_ws/install/ros2_control_demo_testing/lib/python3.10/site-packages:${PYTHONPATH} /usr/bin/cmake --install /root/dream_ws/build/ros2_control_demo_example_15
[0.841s] -- Install configuration: ""
[0.841s] -- Installing: /root/dream_ws/install/ros2_control_demo_example_15/share/ros2_control_demo_example_15/rviz
[0.842s] -- Installing: /root/dream_ws/install/ros2_control_demo_example_15/share/ros2_control_demo_example_15/rviz/multi_controller_manager.rviz
[0.842s] -- Installing: /root/dream_ws/install/ros2_control_demo_example_15/share/ros2_control_demo_example_15/rviz/rrbot_namespace.rviz
[0.842s] -- Installing: /root/dream_ws/install/ros2_control_demo_example_15/share/ros2_control_demo_example_15/launch
[0.842s] -- Installing: /root/dream_ws/install/ros2_control_demo_example_15/share/ros2_control_demo_example_15/launch/test_forward_position_controller.launch.py
[0.843s] -- Installing: /root/dream_ws/install/ros2_control_demo_example_15/share/ros2_control_demo_example_15/launch/test_joint_trajectory_controller.launch.py
[0.843s] -- Installing: /root/dream_ws/install/ros2_control_demo_example_15/share/ros2_control_demo_example_15/launch/test_multi_controller_manager_joint_trajectory_controller.launch.py
[0.843s] -- Installing: /root/dream_ws/install/ros2_control_demo_example_15/share/ros2_control_demo_example_15/launch/multi_controller_manager_example_two_rrbots.launch.py
[0.844s] -- Installing: /root/dream_ws/install/ros2_control_demo_example_15/share/ros2_control_demo_example_15/launch/rrbot_base.launch.py
[0.844s] -- Installing: /root/dream_ws/install/ros2_control_demo_example_15/share/ros2_control_demo_example_15/launch/test_multi_controller_manager_forward_position_controller.launch.py
[0.844s] -- Installing: /root/dream_ws/install/ros2_control_demo_example_15/share/ros2_control_demo_example_15/launch/rrbot_namespace.launch.py
[0.844s] -- Installing: /root/dream_ws/install/ros2_control_demo_example_15/share/ros2_control_demo_example_15/config
[0.844s] -- Installing: /root/dream_ws/install/ros2_control_demo_example_15/share/ros2_control_demo_example_15/config/multi_controller_manager_joint_trajectory_publisher.yaml
[0.844s] -- Installing: /root/dream_ws/install/ros2_control_demo_example_15/share/ros2_control_demo_example_15/config/multi_controller_manager_rrbot_2_controllers.yaml
[0.845s] -- Installing: /root/dream_ws/install/ros2_control_demo_example_15/share/ros2_control_demo_example_15/config/rrbot_namespace_controllers.yaml
[0.845s] -- Installing: /root/dream_ws/install/ros2_control_demo_example_15/share/ros2_control_demo_example_15/config/multi_controller_manager_forward_position_publisher.yaml
[0.845s] -- Installing: /root/dream_ws/install/ros2_control_demo_example_15/share/ros2_control_demo_example_15/config/multi_controller_manager_rrbot_1_controllers.yaml
[0.845s] -- Installing: /root/dream_ws/install/ros2_control_demo_example_15/share/ros2_control_demo_example_15/config/rrbot_namespace_forward_position_publisher.yaml
[0.846s] -- Installing: /root/dream_ws/install/ros2_control_demo_example_15/share/ros2_control_demo_example_15/config/rrbot_namespace_joint_trajectory_publisher.yaml
[0.846s] -- Installing: /root/dream_ws/install/ros2_control_demo_example_15/share/ament_index/resource_index/package_run_dependencies/ros2_control_demo_example_15
[0.846s] -- Installing: /root/dream_ws/install/ros2_control_demo_example_15/share/ament_index/resource_index/parent_prefix_path/ros2_control_demo_example_15
[0.846s] -- Installing: /root/dream_ws/install/ros2_control_demo_example_15/share/ros2_control_demo_example_15/environment/ament_prefix_path.sh
[0.846s] -- Installing: /root/dream_ws/install/ros2_control_demo_example_15/share/ros2_control_demo_example_15/environment/ament_prefix_path.dsv
[0.847s] -- Installing: /root/dream_ws/install/ros2_control_demo_example_15/share/ros2_control_demo_example_15/environment/path.sh
[0.847s] -- Installing: /root/dream_ws/install/ros2_control_demo_example_15/share/ros2_control_demo_example_15/environment/path.dsv
[0.847s] -- Installing: /root/dream_ws/install/ros2_control_demo_example_15/share/ros2_control_demo_example_15/local_setup.bash
[0.848s] -- Installing: /root/dream_ws/install/ros2_control_demo_example_15/share/ros2_control_demo_example_15/local_setup.sh
[0.848s] -- Installing: /root/dream_ws/install/ros2_control_demo_example_15/share/ros2_control_demo_example_15/local_setup.zsh
[0.848s] -- Installing: /root/dream_ws/install/ros2_control_demo_example_15/share/ros2_control_demo_example_15/local_setup.dsv
[0.848s] -- Installing: /root/dream_ws/install/ros2_control_demo_example_15/share/ros2_control_demo_example_15/package.dsv
[0.848s] -- Installing: /root/dream_ws/install/ros2_control_demo_example_15/share/ament_index/resource_index/packages/ros2_control_demo_example_15
[0.849s] -- Installing: /root/dream_ws/install/ros2_control_demo_example_15/share/ros2_control_demo_example_15/cmake/ros2_control_demo_example_15Config.cmake
[0.849s] -- Installing: /root/dream_ws/install/ros2_control_demo_example_15/share/ros2_control_demo_example_15/cmake/ros2_control_demo_example_15Config-version.cmake
[0.850s] -- Installing: /root/dream_ws/install/ros2_control_demo_example_15/share/ros2_control_demo_example_15/package.xml
[0.852s] Invoked command in '/root/dream_ws/build/ros2_control_demo_example_15' returned '0': AMENT_PREFIX_PATH=/root/dream_ws/install/ros2_control_demo_example_5:/root/dream_ws/install/ros2_control_demo_example_1:/root/dream_ws/install/ros2_control_demo_testing:/root/dream_ws/install/ros2_control_demo_description:${AMENT_PREFIX_PATH} CMAKE_PREFIX_PATH=/root/dream_ws/install/ros2_control_demo_example_5:/root/dream_ws/install/ros2_control_demo_example_1:/root/dream_ws/install/ros2_control_demo_description:/root/dream_ws/install/ros2_control_demo_example_7:/root/dream_ws/install/ros2_control_demo_example_2:/root/dream_ws/install/kr600:/root/dev_ws/install/simple_bot_config:/root/dev_ws/install/movbot_config:/root/dev_ws/install/simple_bot:/root/dev_ws/install/moveit_demo:/root/dev_ws/install/cobot_simulation_config:/root/dev_ws/install/cobot_simulation:/root/dev_ws/install/basic_mobile_robot:/root/dev_ws/install/arm6axis:/opt/ros/humble LD_LIBRARY_PATH=/root/dream_ws/install/ros2_control_demo_example_5/lib:/root/dream_ws/install/ros2_control_demo_example_1/lib:${LD_LIBRARY_PATH} PYTHONPATH=/root/dream_ws/install/ros2_control_demo_testing/lib/python3.10/site-packages:${PYTHONPATH} /usr/bin/cmake --install /root/dream_ws/build/ros2_control_demo_example_15
