[0.148s] DEBUG:colcon:Command line arguments: ['/usr/bin/colcon', 'build', '--cmake-clean-cache']
[0.148s] DEBUG:colcon:Parsed command line arguments: Namespace(log_base=None, log_level=None, verb_name='build', build_base='build', install_base='install', merge_install=False, symlink_install=False, test_result_base=None, continue_on_error=False, executor='parallel', parallel_workers=12, event_handlers=None, ignore_user_meta=False, metas=['./colcon.meta'], base_paths=['.'], packages_ignore=None, packages_ignore_regex=None, paths=None, packages_up_to=None, packages_up_to_regex=None, packages_above=None, packages_above_and_dependencies=None, packages_above_depth=None, packages_select_by_dep=None, packages_skip_by_dep=None, packages_skip_up_to=None, packages_select_build_failed=False, packages_skip_build_finished=False, packages_select_test_failures=False, packages_skip_test_passed=False, packages_select=None, packages_skip=None, packages_select_regex=None, packages_skip_regex=None, packages_start=None, packages_end=None, cmake_args=None, cmake_target=None, cmake_target_skip_unavailable=False, cmake_clean_cache=True, cmake_clean_first=False, cmake_force_configure=False, ament_cmake_args=None, catkin_cmake_args=None, catkin_skip_building_tests=False, mixin_files=None, mixin=None, verb_parser=<colcon_mixin.mixin.mixin_argument.MixinArgumentDecorator object at 0x7f7963dfc610>, verb_extension=<colcon_core.verb.build.BuildVerb object at 0x7f7963f10d00>, main=<bound method BuildVerb.main of <colcon_core.verb.build.BuildVerb object at 0x7f7963f10d00>>, mixin_verb=('build',))
[0.331s] Level 1:colcon.colcon_core.package_discovery:discover_packages(colcon_meta) check parameters
[0.332s] INFO:colcon.colcon_metadata.package_discovery.colcon_meta:Using configuration from '/root/.colcon/metadata/default/Gazebo.meta'
[0.333s] INFO:colcon.colcon_metadata.package_discovery.colcon_meta:Using configuration from '/root/.colcon/metadata/default/fastrtps.meta'
[0.333s] Level 1:colcon.colcon_core.package_discovery:discover_packages(recursive) check parameters
[0.333s] Level 1:colcon.colcon_core.package_discovery:discover_packages(ignore) check parameters
[0.333s] Level 1:colcon.colcon_core.package_discovery:discover_packages(path) check parameters
[0.333s] Level 1:colcon.colcon_core.package_discovery:discover_packages(colcon_meta) discover
[0.333s] Level 1:colcon.colcon_core.package_discovery:discover_packages(recursive) discover
[0.333s] INFO:colcon.colcon_core.package_discovery:Crawling recursively for packages in '/root/dream_ws'
[0.333s] Level 1:colcon.colcon_core.package_identification:_identify(.) by extensions ['ignore', 'ignore_ament_install']
[0.333s] Level 1:colcon.colcon_core.package_identification:_identify(.) by extension 'ignore'
[0.333s] Level 1:colcon.colcon_core.package_identification:_identify(.) by extension 'ignore_ament_install'
[0.334s] Level 1:colcon.colcon_core.package_identification:_identify(.) by extensions ['colcon_pkg']
[0.334s] Level 1:colcon.colcon_core.package_identification:_identify(.) by extension 'colcon_pkg'
[0.334s] Level 1:colcon.colcon_core.package_identification:_identify(.) by extensions ['colcon_meta']
[0.334s] Level 1:colcon.colcon_core.package_identification:_identify(.) by extension 'colcon_meta'
[0.334s] Level 1:colcon.colcon_core.package_identification:_identify(.) by extensions ['ros']
[0.334s] Level 1:colcon.colcon_core.package_identification:_identify(.) by extension 'ros'
[0.347s] Level 1:colcon.colcon_core.package_identification:_identify(.) by extensions ['cmake', 'python']
[0.347s] Level 1:colcon.colcon_core.package_identification:_identify(.) by extension 'cmake'
[0.347s] Level 1:colcon.colcon_core.package_identification:_identify(.) by extension 'python'
[0.347s] Level 1:colcon.colcon_core.package_identification:_identify(.) by extensions ['python_setup_py']
[0.347s] Level 1:colcon.colcon_core.package_identification:_identify(.) by extension 'python_setup_py'
[0.348s] Level 1:colcon.colcon_core.package_identification:_identify(build) by extensions ['ignore', 'ignore_ament_install']
[0.348s] Level 1:colcon.colcon_core.package_identification:_identify(build) by extension 'ignore'
[0.348s] Level 1:colcon.colcon_core.package_identification:_identify(build) ignored
[0.348s] Level 1:colcon.colcon_core.package_identification:_identify(install) by extensions ['ignore', 'ignore_ament_install']
[0.348s] Level 1:colcon.colcon_core.package_identification:_identify(install) by extension 'ignore'
[0.348s] Level 1:colcon.colcon_core.package_identification:_identify(install) ignored
[0.348s] Level 1:colcon.colcon_core.package_identification:_identify(log) by extensions ['ignore', 'ignore_ament_install']
[0.348s] Level 1:colcon.colcon_core.package_identification:_identify(log) by extension 'ignore'
[0.348s] Level 1:colcon.colcon_core.package_identification:_identify(log) ignored
[0.348s] Level 1:colcon.colcon_core.package_identification:_identify(src) by extensions ['ignore', 'ignore_ament_install']
[0.348s] Level 1:colcon.colcon_core.package_identification:_identify(src) by extension 'ignore'
[0.349s] Level 1:colcon.colcon_core.package_identification:_identify(src) by extension 'ignore_ament_install'
[0.349s] Level 1:colcon.colcon_core.package_identification:_identify(src) by extensions ['colcon_pkg']
[0.349s] Level 1:colcon.colcon_core.package_identification:_identify(src) by extension 'colcon_pkg'
[0.349s] Level 1:colcon.colcon_core.package_identification:_identify(src) by extensions ['colcon_meta']
[0.349s] Level 1:colcon.colcon_core.package_identification:_identify(src) by extension 'colcon_meta'
[0.349s] Level 1:colcon.colcon_core.package_identification:_identify(src) by extensions ['ros']
[0.349s] Level 1:colcon.colcon_core.package_identification:_identify(src) by extension 'ros'
[0.349s] Level 1:colcon.colcon_core.package_identification:_identify(src) by extensions ['cmake', 'python']
[0.349s] Level 1:colcon.colcon_core.package_identification:_identify(src) by extension 'cmake'
[0.349s] Level 1:colcon.colcon_core.package_identification:_identify(src) by extension 'python'
[0.349s] Level 1:colcon.colcon_core.package_identification:_identify(src) by extensions ['python_setup_py']
[0.349s] Level 1:colcon.colcon_core.package_identification:_identify(src) by extension 'python_setup_py'
[0.349s] Level 1:colcon.colcon_core.package_identification:_identify(src/kr600) by extensions ['ignore', 'ignore_ament_install']
[0.349s] Level 1:colcon.colcon_core.package_identification:_identify(src/kr600) by extension 'ignore'
[0.349s] Level 1:colcon.colcon_core.package_identification:_identify(src/kr600) by extension 'ignore_ament_install'
[0.349s] Level 1:colcon.colcon_core.package_identification:_identify(src/kr600) by extensions ['colcon_pkg']
[0.349s] Level 1:colcon.colcon_core.package_identification:_identify(src/kr600) by extension 'colcon_pkg'
[0.350s] Level 1:colcon.colcon_core.package_identification:_identify(src/kr600) by extensions ['colcon_meta']
[0.350s] Level 1:colcon.colcon_core.package_identification:_identify(src/kr600) by extension 'colcon_meta'
[0.350s] Level 1:colcon.colcon_core.package_identification:_identify(src/kr600) by extensions ['ros']
[0.350s] Level 1:colcon.colcon_core.package_identification:_identify(src/kr600) by extension 'ros'
[0.352s] DEBUG:colcon.colcon_core.package_identification:Package 'src/kr600' with type 'ros.ament_cmake' and name 'kr600'
[0.352s] Level 1:colcon.colcon_core.package_discovery:discover_packages(recursive) using defaults
[0.352s] Level 1:colcon.colcon_core.package_discovery:discover_packages(ignore) discover
[0.352s] Level 1:colcon.colcon_core.package_discovery:discover_packages(ignore) using defaults
[0.352s] Level 1:colcon.colcon_core.package_discovery:discover_packages(path) discover
[0.352s] Level 1:colcon.colcon_core.package_discovery:discover_packages(path) using defaults
[0.375s] Level 5:colcon.colcon_core.verb:set package 'kr600' build argument 'cmake_args' from command line to 'None'
[0.375s] Level 5:colcon.colcon_core.verb:set package 'kr600' build argument 'cmake_target' from command line to 'None'
[0.375s] Level 5:colcon.colcon_core.verb:set package 'kr600' build argument 'cmake_target_skip_unavailable' from command line to 'False'
[0.375s] Level 5:colcon.colcon_core.verb:set package 'kr600' build argument 'cmake_clean_cache' from command line to 'True'
[0.375s] Level 5:colcon.colcon_core.verb:set package 'kr600' build argument 'cmake_clean_first' from command line to 'False'
[0.375s] Level 5:colcon.colcon_core.verb:set package 'kr600' build argument 'cmake_force_configure' from command line to 'False'
[0.376s] Level 5:colcon.colcon_core.verb:set package 'kr600' build argument 'ament_cmake_args' from command line to 'None'
[0.376s] Level 5:colcon.colcon_core.verb:set package 'kr600' build argument 'catkin_cmake_args' from command line to 'None'
[0.376s] Level 5:colcon.colcon_core.verb:set package 'kr600' build argument 'catkin_skip_building_tests' from command line to 'False'
[0.376s] DEBUG:colcon.colcon_core.verb:Building package 'kr600' with the following arguments: {'ament_cmake_args': None, 'build_base': '/root/dream_ws/build/kr600', 'catkin_cmake_args': None, 'catkin_skip_building_tests': False, 'cmake_args': None, 'cmake_clean_cache': True, 'cmake_clean_first': False, 'cmake_force_configure': False, 'cmake_target': None, 'cmake_target_skip_unavailable': False, 'install_base': '/root/dream_ws/install/kr600', 'merge_install': False, 'path': '/root/dream_ws/src/kr600', 'symlink_install': False, 'test_result_base': None}
[0.376s] INFO:colcon.colcon_core.executor:Executing jobs using 'parallel' executor
[0.377s] DEBUG:colcon.colcon_parallel_executor.executor.parallel:run_until_complete
[0.378s] INFO:colcon.colcon_ros.task.ament_cmake.build:Building ROS package in '/root/dream_ws/src/kr600' with build type 'ament_cmake'
[0.378s] INFO:colcon.colcon_cmake.task.cmake.build:Building CMake package in '/root/dream_ws/src/kr600'
[0.381s] INFO:colcon.colcon_core.plugin_system:Skipping extension 'colcon_core.shell.bat': Not used on non-Windows systems
[0.381s] INFO:colcon.colcon_core.shell:Skip shell extension 'powershell' for command environment: Not usable outside of PowerShell
[0.381s] DEBUG:colcon.colcon_core.shell:Skip shell extension 'dsv' for command environment
[0.396s] DEBUG:colcon.colcon_core.event_handler.log_command:Invoking command in '/root/dream_ws/build/kr600': CMAKE_PREFIX_PATH=${CMAKE_PREFIX_PATH}:/opt/ros/humble /usr/bin/cmake /root/dream_ws/src/kr600 -DCMAKE_INSTALL_PREFIX=/root/dream_ws/install/kr600
[1.507s] DEBUG:colcon.colcon_core.event_handler.log_command:Invoked command in '/root/dream_ws/build/kr600' returned '0': CMAKE_PREFIX_PATH=${CMAKE_PREFIX_PATH}:/opt/ros/humble /usr/bin/cmake /root/dream_ws/src/kr600 -DCMAKE_INSTALL_PREFIX=/root/dream_ws/install/kr600
[1.509s] DEBUG:colcon.colcon_core.event_handler.log_command:Invoking command in '/root/dream_ws/build/kr600': CMAKE_PREFIX_PATH=${CMAKE_PREFIX_PATH}:/opt/ros/humble /usr/bin/cmake --build /root/dream_ws/build/kr600 -- -j12 -l12
[1.544s] DEBUG:colcon.colcon_core.event_handler.log_command:Invoked command in '/root/dream_ws/build/kr600' returned '0': CMAKE_PREFIX_PATH=${CMAKE_PREFIX_PATH}:/opt/ros/humble /usr/bin/cmake --build /root/dream_ws/build/kr600 -- -j12 -l12
[1.575s] DEBUG:colcon.colcon_core.event_handler.log_command:Invoking command in '/root/dream_ws/build/kr600': CMAKE_PREFIX_PATH=${CMAKE_PREFIX_PATH}:/opt/ros/humble /usr/bin/cmake --install /root/dream_ws/build/kr600
[1.590s] Level 1:colcon.colcon_core.environment:create_environment_scripts_only(kr600)
[1.591s] DEBUG:colcon.colcon_core.event_handler.log_command:Invoked command in '/root/dream_ws/build/kr600' returned '0': CMAKE_PREFIX_PATH=${CMAKE_PREFIX_PATH}:/opt/ros/humble /usr/bin/cmake --install /root/dream_ws/build/kr600
[1.593s] Level 1:colcon.colcon_core.environment:checking '/root/dream_ws/install/kr600' for CMake module files
[1.594s] Level 1:colcon.colcon_core.environment:checking '/root/dream_ws/install/kr600' for CMake config files
[1.594s] Level 1:colcon.colcon_core.shell:create_environment_hook('kr600', 'cmake_prefix_path')
[1.595s] INFO:colcon.colcon_core.shell:Creating environment hook '/root/dream_ws/install/kr600/share/kr600/hook/cmake_prefix_path.ps1'
[1.595s] INFO:colcon.colcon_core.shell:Creating environment descriptor '/root/dream_ws/install/kr600/share/kr600/hook/cmake_prefix_path.dsv'
[1.596s] INFO:colcon.colcon_core.shell:Creating environment hook '/root/dream_ws/install/kr600/share/kr600/hook/cmake_prefix_path.sh'
[1.597s] Level 1:colcon.colcon_core.environment:checking '/root/dream_ws/install/kr600/bin'
[1.597s] Level 1:colcon.colcon_core.environment:checking '/root/dream_ws/install/kr600/lib/pkgconfig/kr600.pc'
[1.599s] Level 1:colcon.colcon_core.environment:checking '/root/dream_ws/install/kr600/lib/python3.10/site-packages'
[1.599s] Level 1:colcon.colcon_core.environment:checking '/root/dream_ws/install/kr600/bin'
[1.599s] INFO:colcon.colcon_core.shell:Creating package script '/root/dream_ws/install/kr600/share/kr600/package.ps1'
[1.600s] INFO:colcon.colcon_core.shell:Creating package descriptor '/root/dream_ws/install/kr600/share/kr600/package.dsv'
[1.601s] INFO:colcon.colcon_core.shell:Creating package script '/root/dream_ws/install/kr600/share/kr600/package.sh'
[1.602s] INFO:colcon.colcon_core.shell:Creating package script '/root/dream_ws/install/kr600/share/kr600/package.bash'
[1.604s] INFO:colcon.colcon_core.shell:Creating package script '/root/dream_ws/install/kr600/share/kr600/package.zsh'
[1.605s] Level 1:colcon.colcon_core.environment:create_file_with_runtime_dependencies(/root/dream_ws/install/kr600/share/colcon-core/packages/kr600)
[1.627s] Level 1:colcon.colcon_core.environment:create_environment_scripts_only(kr600)
[1.627s] Level 1:colcon.colcon_core.environment:checking '/root/dream_ws/install/kr600' for CMake module files
[1.628s] Level 1:colcon.colcon_core.environment:checking '/root/dream_ws/install/kr600' for CMake config files
[1.628s] Level 1:colcon.colcon_core.shell:create_environment_hook('kr600', 'cmake_prefix_path')
[1.629s] INFO:colcon.colcon_core.shell:Creating environment hook '/root/dream_ws/install/kr600/share/kr600/hook/cmake_prefix_path.ps1'
[1.629s] INFO:colcon.colcon_core.shell:Creating environment descriptor '/root/dream_ws/install/kr600/share/kr600/hook/cmake_prefix_path.dsv'
[1.629s] INFO:colcon.colcon_core.shell:Creating environment hook '/root/dream_ws/install/kr600/share/kr600/hook/cmake_prefix_path.sh'
[1.630s] Level 1:colcon.colcon_core.environment:checking '/root/dream_ws/install/kr600/bin'
[1.630s] Level 1:colcon.colcon_core.environment:checking '/root/dream_ws/install/kr600/lib/pkgconfig/kr600.pc'
[1.630s] Level 1:colcon.colcon_core.environment:checking '/root/dream_ws/install/kr600/lib/python3.10/site-packages'
[1.630s] Level 1:colcon.colcon_core.environment:checking '/root/dream_ws/install/kr600/bin'
[1.631s] INFO:colcon.colcon_core.shell:Creating package script '/root/dream_ws/install/kr600/share/kr600/package.ps1'
[1.632s] INFO:colcon.colcon_core.shell:Creating package descriptor '/root/dream_ws/install/kr600/share/kr600/package.dsv'
[1.632s] INFO:colcon.colcon_core.shell:Creating package script '/root/dream_ws/install/kr600/share/kr600/package.sh'
[1.633s] INFO:colcon.colcon_core.shell:Creating package script '/root/dream_ws/install/kr600/share/kr600/package.bash'
[1.633s] INFO:colcon.colcon_core.shell:Creating package script '/root/dream_ws/install/kr600/share/kr600/package.zsh'
[1.634s] Level 1:colcon.colcon_core.environment:create_file_with_runtime_dependencies(/root/dream_ws/install/kr600/share/colcon-core/packages/kr600)
[1.634s] DEBUG:colcon.colcon_parallel_executor.executor.parallel:closing loop
[1.635s] DEBUG:colcon.colcon_parallel_executor.executor.parallel:loop closed
[1.635s] DEBUG:colcon.colcon_parallel_executor.executor.parallel:run_until_complete finished with '0'
[1.635s] DEBUG:colcon.colcon_core.event_reactor:joining thread
[1.642s] INFO:colcon.colcon_core.plugin_system:Skipping extension 'colcon_notification.desktop_notification.notify_send': Could not find 'notify-send'
[1.642s] INFO:colcon.colcon_core.plugin_system:Skipping extension 'colcon_notification.desktop_notification.terminal_notifier': Not used on non-Darwin systems
[1.642s] INFO:colcon.colcon_core.plugin_system:Skipping extension 'colcon_notification.desktop_notification.win32': Not used on non-Windows systems
[1.642s] INFO:colcon.colcon_notification.desktop_notification:Sending desktop notification using 'notify2'
[1.644s] DEBUG:colcon.colcon_notification.desktop_notification.notify2:Failed to initialize notify2: org.freedesktop.DBus.Error.Spawn.ExecFailed: /usr/bin/dbus-launch terminated abnormally without any error message
[1.644s] DEBUG:colcon.colcon_core.event_reactor:joined thread
[1.645s] INFO:colcon.colcon_core.shell:Creating prefix script '/root/dream_ws/install/local_setup.ps1'
[1.647s] INFO:colcon.colcon_core.shell:Creating prefix util module '/root/dream_ws/install/_local_setup_util_ps1.py'
[1.649s] INFO:colcon.colcon_core.shell:Creating prefix chain script '/root/dream_ws/install/setup.ps1'
[1.651s] INFO:colcon.colcon_core.shell:Creating prefix script '/root/dream_ws/install/local_setup.sh'
[1.651s] INFO:colcon.colcon_core.shell:Creating prefix util module '/root/dream_ws/install/_local_setup_util_sh.py'
[1.652s] INFO:colcon.colcon_core.shell:Creating prefix chain script '/root/dream_ws/install/setup.sh'
[1.654s] INFO:colcon.colcon_core.shell:Creating prefix script '/root/dream_ws/install/local_setup.bash'
[1.655s] INFO:colcon.colcon_core.shell:Creating prefix chain script '/root/dream_ws/install/setup.bash'
[1.657s] INFO:colcon.colcon_core.shell:Creating prefix script '/root/dream_ws/install/local_setup.zsh'
[1.657s] INFO:colcon.colcon_core.shell:Creating prefix chain script '/root/dream_ws/install/setup.zsh'
