[0.080s] Invoking command in '/root/dream_ws/build/ros2_control_demo_example_1': AMENT_PREFIX_PATH=/root/dream_ws/install/ros2_control_demo_testing:/root/dream_ws/install/ros2_control_demo_description:${AMENT_PREFIX_PATH} CMAKE_PREFIX_PATH=/root/dream_ws/install/ros2_control_demo_description:/root/dream_ws/install/ros2_control_demo_example_7:/root/dream_ws/install/ros2_control_demo_example_2:/root/dream_ws/install/kr600:/root/dev_ws/install/simple_bot_config:/root/dev_ws/install/movbot_config:/root/dev_ws/install/simple_bot:/root/dev_ws/install/moveit_demo:/root/dev_ws/install/cobot_simulation_config:/root/dev_ws/install/cobot_simulation:/root/dev_ws/install/basic_mobile_robot:/root/dev_ws/install/arm6axis:/opt/ros/humble PYTHONPATH=/root/dream_ws/install/ros2_control_demo_testing/lib/python3.10/site-packages:${PYTHONPATH} /usr/bin/cmake /root/dream_ws/src/ros2_control_demos/example_1 -DCMAKE_INSTALL_PREFIX=/root/dream_ws/install/ros2_control_demo_example_1
[0.202s] -- The CXX compiler identification is GNU 11.4.0
[0.226s] -- Detecting CXX compiler ABI info
[0.403s] -- Detecting CXX compiler ABI info - done
[0.425s] -- Check for working CXX compiler: /usr/bin/c++ - skipped
[0.425s] -- Detecting CXX compile features
[0.427s] -- Detecting CXX compile features - done
[0.441s] -- Found ament_cmake: 1.3.10 (/opt/ros/humble/share/ament_cmake/cmake)
[0.780s] -- Found Python3: /usr/bin/python3 (found version "3.10.12") found components: Interpreter 
[1.098s] -- Found hardware_interface: 2.42.0 (/opt/ros/humble/share/hardware_interface/cmake)
[1.219s] -- Found rosidl_generator_c: 3.1.5 (/opt/ros/humble/share/rosidl_generator_c/cmake)
[1.238s] -- Found rosidl_adapter: 3.1.5 (/opt/ros/humble/share/rosidl_adapter/cmake)
[1.264s] -- Found rosidl_generator_cpp: 3.1.5 (/opt/ros/humble/share/rosidl_generator_cpp/cmake)
[1.301s] -- Using all available rosidl_typesupport_c: rosidl_typesupport_fastrtps_c;rosidl_typesupport_introspection_c
[1.352s] -- Using all available rosidl_typesupport_cpp: rosidl_typesupport_fastrtps_cpp;rosidl_typesupport_introspection_cpp
[2.014s] -- Found rmw_implementation_cmake: 6.1.2 (/opt/ros/humble/share/rmw_implementation_cmake/cmake)
[2.025s] -- Found rmw_fastrtps_cpp: 6.2.7 (/opt/ros/humble/share/rmw_fastrtps_cpp/cmake)
[2.106s] -- Found TinyXML2 via Config file: TinyXML2_DIR-NOTFOUND
[2.202s] -- Found OpenSSL: /usr/lib/x86_64-linux-gnu/libcrypto.so (found version "3.0.2")  
[2.207s] -- Found TinyXML2 via Config file: TinyXML2_DIR-NOTFOUND
[2.235s] -- Found FastRTPS: /opt/ros/humble/include  
[2.244s] -- Found TinyXML2 via Config file: TinyXML2_DIR-NOTFOUND
[2.261s] -- Found TinyXML2 via Config file: TinyXML2_DIR-NOTFOUND
[2.281s] -- Using RMW implementation 'rmw_fastrtps_cpp' as default
[2.310s] -- Looking for C++ include pthread.h
[2.503s] -- Looking for C++ include pthread.h - found
[2.504s] -- Performing Test CMAKE_HAVE_LIBC_PTHREAD
[2.665s] -- Performing Test CMAKE_HAVE_LIBC_PTHREAD - Success
[2.667s] -- Found Threads: TRUE  
[2.837s] -- Found ament_cmake_pytest: 1.3.10 (/opt/ros/humble/share/ament_cmake_pytest/cmake)
[5.074s] -- Configuring done
[5.134s] -- Generating done
[5.145s] -- Build files have been written to: /root/dream_ws/build/ros2_control_demo_example_1
[5.170s] Invoked command in '/root/dream_ws/build/ros2_control_demo_example_1' returned '0': AMENT_PREFIX_PATH=/root/dream_ws/install/ros2_control_demo_testing:/root/dream_ws/install/ros2_control_demo_description:${AMENT_PREFIX_PATH} CMAKE_PREFIX_PATH=/root/dream_ws/install/ros2_control_demo_description:/root/dream_ws/install/ros2_control_demo_example_7:/root/dream_ws/install/ros2_control_demo_example_2:/root/dream_ws/install/kr600:/root/dev_ws/install/simple_bot_config:/root/dev_ws/install/movbot_config:/root/dev_ws/install/simple_bot:/root/dev_ws/install/moveit_demo:/root/dev_ws/install/cobot_simulation_config:/root/dev_ws/install/cobot_simulation:/root/dev_ws/install/basic_mobile_robot:/root/dev_ws/install/arm6axis:/opt/ros/humble PYTHONPATH=/root/dream_ws/install/ros2_control_demo_testing/lib/python3.10/site-packages:${PYTHONPATH} /usr/bin/cmake /root/dream_ws/src/ros2_control_demos/example_1 -DCMAKE_INSTALL_PREFIX=/root/dream_ws/install/ros2_control_demo_example_1
[5.172s] Invoking command in '/root/dream_ws/build/ros2_control_demo_example_1': AMENT_PREFIX_PATH=/root/dream_ws/install/ros2_control_demo_testing:/root/dream_ws/install/ros2_control_demo_description:${AMENT_PREFIX_PATH} CMAKE_PREFIX_PATH=/root/dream_ws/install/ros2_control_demo_description:/root/dream_ws/install/ros2_control_demo_example_7:/root/dream_ws/install/ros2_control_demo_example_2:/root/dream_ws/install/kr600:/root/dev_ws/install/simple_bot_config:/root/dev_ws/install/movbot_config:/root/dev_ws/install/simple_bot:/root/dev_ws/install/moveit_demo:/root/dev_ws/install/cobot_simulation_config:/root/dev_ws/install/cobot_simulation:/root/dev_ws/install/basic_mobile_robot:/root/dev_ws/install/arm6axis:/opt/ros/humble PYTHONPATH=/root/dream_ws/install/ros2_control_demo_testing/lib/python3.10/site-packages:${PYTHONPATH} /usr/bin/cmake --build /root/dream_ws/build/ros2_control_demo_example_1 -- -j12 -l12
[16.418s] [ 50%] [32mBuilding CXX object CMakeFiles/ros2_control_demo_example_1.dir/hardware/rrbot.cpp.o[0m
[16.418s] [100%] [32m[1mLinking CXX shared library libros2_control_demo_example_1.so[0m
[16.594s] [100%] Built target ros2_control_demo_example_1
[16.631s] Invoked command in '/root/dream_ws/build/ros2_control_demo_example_1' returned '0': AMENT_PREFIX_PATH=/root/dream_ws/install/ros2_control_demo_testing:/root/dream_ws/install/ros2_control_demo_description:${AMENT_PREFIX_PATH} CMAKE_PREFIX_PATH=/root/dream_ws/install/ros2_control_demo_description:/root/dream_ws/install/ros2_control_demo_example_7:/root/dream_ws/install/ros2_control_demo_example_2:/root/dream_ws/install/kr600:/root/dev_ws/install/simple_bot_config:/root/dev_ws/install/movbot_config:/root/dev_ws/install/simple_bot:/root/dev_ws/install/moveit_demo:/root/dev_ws/install/cobot_simulation_config:/root/dev_ws/install/cobot_simulation:/root/dev_ws/install/basic_mobile_robot:/root/dev_ws/install/arm6axis:/opt/ros/humble PYTHONPATH=/root/dream_ws/install/ros2_control_demo_testing/lib/python3.10/site-packages:${PYTHONPATH} /usr/bin/cmake --build /root/dream_ws/build/ros2_control_demo_example_1 -- -j12 -l12
[16.723s] Invoking command in '/root/dream_ws/build/ros2_control_demo_example_1': AMENT_PREFIX_PATH=/root/dream_ws/install/ros2_control_demo_testing:/root/dream_ws/install/ros2_control_demo_description:${AMENT_PREFIX_PATH} CMAKE_PREFIX_PATH=/root/dream_ws/install/ros2_control_demo_description:/root/dream_ws/install/ros2_control_demo_example_7:/root/dream_ws/install/ros2_control_demo_example_2:/root/dream_ws/install/kr600:/root/dev_ws/install/simple_bot_config:/root/dev_ws/install/movbot_config:/root/dev_ws/install/simple_bot:/root/dev_ws/install/moveit_demo:/root/dev_ws/install/cobot_simulation_config:/root/dev_ws/install/cobot_simulation:/root/dev_ws/install/basic_mobile_robot:/root/dev_ws/install/arm6axis:/opt/ros/humble PYTHONPATH=/root/dream_ws/install/ros2_control_demo_testing/lib/python3.10/site-packages:${PYTHONPATH} /usr/bin/cmake --install /root/dream_ws/build/ros2_control_demo_example_1
[16.754s] -- Install configuration: ""
[16.755s] -- Installing: /root/dream_ws/install/ros2_control_demo_example_1/share/ros2_control_demo_example_1/ros2_control_demo_example_1.xml
[16.755s] -- Installing: /root/dream_ws/install/ros2_control_demo_example_1/include/ros2_control_demo_example_1
[16.755s] -- Installing: /root/dream_ws/install/ros2_control_demo_example_1/include/ros2_control_demo_example_1/ros2_control_demo_example_1
[16.755s] -- Installing: /root/dream_ws/install/ros2_control_demo_example_1/include/ros2_control_demo_example_1/ros2_control_demo_example_1/rrbot.hpp
[16.755s] -- Installing: /root/dream_ws/install/ros2_control_demo_example_1/share/ros2_control_demo_example_1/launch
[16.755s] -- Installing: /root/dream_ws/install/ros2_control_demo_example_1/share/ros2_control_demo_example_1/launch/view_robot.launch.py
[16.756s] -- Installing: /root/dream_ws/install/ros2_control_demo_example_1/share/ros2_control_demo_example_1/ros2_control
[16.756s] -- Installing: /root/dream_ws/install/ros2_control_demo_example_1/share/ros2_control_demo_example_1/ros2_control/rrbot.ros2_control.xacro
[16.757s] -- Installing: /root/dream_ws/install/ros2_control_demo_example_1/share/ros2_control_demo_example_1/urdf
[16.757s] -- Installing: /root/dream_ws/install/ros2_control_demo_example_1/share/ros2_control_demo_example_1/urdf/rrbot.urdf.xacro
[16.757s] -- Up-to-date: /root/dream_ws/install/ros2_control_demo_example_1/share/ros2_control_demo_example_1/launch
[16.757s] -- Installing: /root/dream_ws/install/ros2_control_demo_example_1/share/ros2_control_demo_example_1/launch/test_forward_position_controller.launch.py
[16.758s] -- Installing: /root/dream_ws/install/ros2_control_demo_example_1/share/ros2_control_demo_example_1/launch/test_joint_trajectory_controller.launch.py
[16.758s] -- Installing: /root/dream_ws/install/ros2_control_demo_example_1/share/ros2_control_demo_example_1/launch/rrbot.launch.py
[16.758s] -- Installing: /root/dream_ws/install/ros2_control_demo_example_1/share/ros2_control_demo_example_1/config
[16.758s] -- Installing: /root/dream_ws/install/ros2_control_demo_example_1/share/ros2_control_demo_example_1/config/rrbot_joint_trajectory_publisher.yaml
[16.758s] -- Installing: /root/dream_ws/install/ros2_control_demo_example_1/share/ros2_control_demo_example_1/config/rrbot_controllers.yaml
[16.759s] -- Installing: /root/dream_ws/install/ros2_control_demo_example_1/share/ros2_control_demo_example_1/config/rrbot_forward_position_publisher.yaml
[16.759s] -- Installing: /root/dream_ws/install/ros2_control_demo_example_1/lib/libros2_control_demo_example_1.so
[16.760s] -- Set runtime path of "/root/dream_ws/install/ros2_control_demo_example_1/lib/libros2_control_demo_example_1.so" to ""
[16.760s] -- Installing: /root/dream_ws/install/ros2_control_demo_example_1/share/ros2_control_demo_example_1/environment/library_path.sh
[16.760s] -- Installing: /root/dream_ws/install/ros2_control_demo_example_1/share/ros2_control_demo_example_1/environment/library_path.dsv
[16.760s] -- Installing: /root/dream_ws/install/ros2_control_demo_example_1/share/ament_index/resource_index/package_run_dependencies/ros2_control_demo_example_1
[16.760s] -- Installing: /root/dream_ws/install/ros2_control_demo_example_1/share/ament_index/resource_index/parent_prefix_path/ros2_control_demo_example_1
[16.761s] -- Installing: /root/dream_ws/install/ros2_control_demo_example_1/share/ros2_control_demo_example_1/environment/ament_prefix_path.sh
[16.761s] -- Installing: /root/dream_ws/install/ros2_control_demo_example_1/share/ros2_control_demo_example_1/environment/ament_prefix_path.dsv
[16.761s] -- Installing: /root/dream_ws/install/ros2_control_demo_example_1/share/ros2_control_demo_example_1/environment/path.sh
[16.762s] -- Installing: /root/dream_ws/install/ros2_control_demo_example_1/share/ros2_control_demo_example_1/environment/path.dsv
[16.762s] -- Installing: /root/dream_ws/install/ros2_control_demo_example_1/share/ros2_control_demo_example_1/local_setup.bash
[16.763s] -- Installing: /root/dream_ws/install/ros2_control_demo_example_1/share/ros2_control_demo_example_1/local_setup.sh
[16.763s] -- Installing: /root/dream_ws/install/ros2_control_demo_example_1/share/ros2_control_demo_example_1/local_setup.zsh
[16.764s] -- Installing: /root/dream_ws/install/ros2_control_demo_example_1/share/ros2_control_demo_example_1/local_setup.dsv
[16.764s] -- Installing: /root/dream_ws/install/ros2_control_demo_example_1/share/ros2_control_demo_example_1/package.dsv
[16.764s] -- Installing: /root/dream_ws/install/ros2_control_demo_example_1/share/ament_index/resource_index/packages/ros2_control_demo_example_1
[16.765s] -- Installing: /root/dream_ws/install/ros2_control_demo_example_1/share/ament_index/resource_index/hardware_interface__pluginlib__plugin/ros2_control_demo_example_1
[16.765s] -- Installing: /root/dream_ws/install/ros2_control_demo_example_1/share/ros2_control_demo_example_1/cmake/export_ros2_control_demo_example_1Export.cmake
[16.765s] -- Installing: /root/dream_ws/install/ros2_control_demo_example_1/share/ros2_control_demo_example_1/cmake/export_ros2_control_demo_example_1Export-noconfig.cmake
[16.767s] -- Installing: /root/dream_ws/install/ros2_control_demo_example_1/share/ros2_control_demo_example_1/cmake/ament_cmake_export_targets-extras.cmake
[16.767s] -- Installing: /root/dream_ws/install/ros2_control_demo_example_1/share/ros2_control_demo_example_1/cmake/ament_cmake_export_dependencies-extras.cmake
[16.768s] -- Installing: /root/dream_ws/install/ros2_control_demo_example_1/share/ros2_control_demo_example_1/cmake/ros2_control_demo_example_1Config.cmake
[16.768s] -- Installing: /root/dream_ws/install/ros2_control_demo_example_1/share/ros2_control_demo_example_1/cmake/ros2_control_demo_example_1Config-version.cmake
[16.768s] -- Installing: /root/dream_ws/install/ros2_control_demo_example_1/share/ros2_control_demo_example_1/package.xml
[16.822s] Invoked command in '/root/dream_ws/build/ros2_control_demo_example_1' returned '0': AMENT_PREFIX_PATH=/root/dream_ws/install/ros2_control_demo_testing:/root/dream_ws/install/ros2_control_demo_description:${AMENT_PREFIX_PATH} CMAKE_PREFIX_PATH=/root/dream_ws/install/ros2_control_demo_description:/root/dream_ws/install/ros2_control_demo_example_7:/root/dream_ws/install/ros2_control_demo_example_2:/root/dream_ws/install/kr600:/root/dev_ws/install/simple_bot_config:/root/dev_ws/install/movbot_config:/root/dev_ws/install/simple_bot:/root/dev_ws/install/moveit_demo:/root/dev_ws/install/cobot_simulation_config:/root/dev_ws/install/cobot_simulation:/root/dev_ws/install/basic_mobile_robot:/root/dev_ws/install/arm6axis:/opt/ros/humble PYTHONPATH=/root/dream_ws/install/ros2_control_demo_testing/lib/python3.10/site-packages:${PYTHONPATH} /usr/bin/cmake --install /root/dream_ws/build/ros2_control_demo_example_1
