[0.054s] Invoking command in '/root/dream_ws/build/ros2_control_demo_example_6': AMENT_PREFIX_PATH=/root/dream_ws/install/ros2_control_demo_testing:/root/dream_ws/install/ros2_control_demo_description:${AMENT_PREFIX_PATH} CMAKE_PREFIX_PATH=/root/dream_ws/install/ros2_control_demo_description:/root/dream_ws/install/ros2_control_demo_example_7:/root/dream_ws/install/ros2_control_demo_example_2:/root/dream_ws/install/kr600:/root/dev_ws/install/simple_bot_config:/root/dev_ws/install/movbot_config:/root/dev_ws/install/simple_bot:/root/dev_ws/install/moveit_demo:/root/dev_ws/install/cobot_simulation_config:/root/dev_ws/install/cobot_simulation:/root/dev_ws/install/basic_mobile_robot:/root/dev_ws/install/arm6axis:/opt/ros/humble PYTHONPATH=/root/dream_ws/install/ros2_control_demo_testing/lib/python3.10/site-packages:${PYTHONPATH} /usr/bin/cmake /root/dream_ws/src/ros2_control_demos/example_6 -DCMAKE_INSTALL_PREFIX=/root/dream_ws/install/ros2_control_demo_example_6
[4.979s] -- The CXX compiler identification is GNU 11.4.0
[4.980s] -- Detecting CXX compiler ABI info
[4.980s] -- Detecting CXX compiler ABI info - done
[4.980s] -- Check for working CXX compiler: /usr/bin/c++ - skipped
[4.981s] -- Detecting CXX compile features
[4.981s] -- Detecting CXX compile features - done
[4.981s] -- Found ament_cmake: 1.3.10 (/opt/ros/humble/share/ament_cmake/cmake)
[4.981s] -- Found Python3: /usr/bin/python3 (found version "3.10.12") found components: Interpreter 
[4.981s] -- Found hardware_interface: 2.42.0 (/opt/ros/humble/share/hardware_interface/cmake)
[4.981s] -- Found rosidl_generator_c: 3.1.5 (/opt/ros/humble/share/rosidl_generator_c/cmake)
[4.982s] -- Found rosidl_adapter: 3.1.5 (/opt/ros/humble/share/rosidl_adapter/cmake)
[4.984s] -- Found rosidl_generator_cpp: 3.1.5 (/opt/ros/humble/share/rosidl_generator_cpp/cmake)
[4.985s] -- Using all available rosidl_typesupport_c: rosidl_typesupport_fastrtps_c;rosidl_typesupport_introspection_c
[4.985s] -- Using all available rosidl_typesupport_cpp: rosidl_typesupport_fastrtps_cpp;rosidl_typesupport_introspection_cpp
[4.985s] -- Found rmw_implementation_cmake: 6.1.2 (/opt/ros/humble/share/rmw_implementation_cmake/cmake)
[4.985s] -- Found rmw_fastrtps_cpp: 6.2.7 (/opt/ros/humble/share/rmw_fastrtps_cpp/cmake)
[4.985s] -- Found TinyXML2 via Config file: TinyXML2_DIR-NOTFOUND
[4.985s] -- Found OpenSSL: /usr/lib/x86_64-linux-gnu/libcrypto.so (found version "3.0.2")  
[4.986s] -- Found TinyXML2 via Config file: TinyXML2_DIR-NOTFOUND
[4.986s] -- Found FastRTPS: /opt/ros/humble/include  
[4.986s] -- Found TinyXML2 via Config file: TinyXML2_DIR-NOTFOUND
[4.986s] -- Found TinyXML2 via Config file: TinyXML2_DIR-NOTFOUND
[4.986s] -- Using RMW implementation 'rmw_fastrtps_cpp' as default
[4.986s] -- Looking for C++ include pthread.h
[4.987s] -- Looking for C++ include pthread.h - found
[4.987s] -- Performing Test CMAKE_HAVE_LIBC_PTHREAD
[4.987s] -- Performing Test CMAKE_HAVE_LIBC_PTHREAD - Success
[4.987s] -- Found Threads: TRUE  
[4.987s] -- Found ament_cmake_pytest: 1.3.10 (/opt/ros/humble/share/ament_cmake_pytest/cmake)
[4.987s] -- Configuring done
[4.987s] -- Generating done
[4.988s] -- Build files have been written to: /root/dream_ws/build/ros2_control_demo_example_6
[5.014s] Invoked command in '/root/dream_ws/build/ros2_control_demo_example_6' returned '0': AMENT_PREFIX_PATH=/root/dream_ws/install/ros2_control_demo_testing:/root/dream_ws/install/ros2_control_demo_description:${AMENT_PREFIX_PATH} CMAKE_PREFIX_PATH=/root/dream_ws/install/ros2_control_demo_description:/root/dream_ws/install/ros2_control_demo_example_7:/root/dream_ws/install/ros2_control_demo_example_2:/root/dream_ws/install/kr600:/root/dev_ws/install/simple_bot_config:/root/dev_ws/install/movbot_config:/root/dev_ws/install/simple_bot:/root/dev_ws/install/moveit_demo:/root/dev_ws/install/cobot_simulation_config:/root/dev_ws/install/cobot_simulation:/root/dev_ws/install/basic_mobile_robot:/root/dev_ws/install/arm6axis:/opt/ros/humble PYTHONPATH=/root/dream_ws/install/ros2_control_demo_testing/lib/python3.10/site-packages:${PYTHONPATH} /usr/bin/cmake /root/dream_ws/src/ros2_control_demos/example_6 -DCMAKE_INSTALL_PREFIX=/root/dream_ws/install/ros2_control_demo_example_6
[5.016s] Invoking command in '/root/dream_ws/build/ros2_control_demo_example_6': AMENT_PREFIX_PATH=/root/dream_ws/install/ros2_control_demo_testing:/root/dream_ws/install/ros2_control_demo_description:${AMENT_PREFIX_PATH} CMAKE_PREFIX_PATH=/root/dream_ws/install/ros2_control_demo_description:/root/dream_ws/install/ros2_control_demo_example_7:/root/dream_ws/install/ros2_control_demo_example_2:/root/dream_ws/install/kr600:/root/dev_ws/install/simple_bot_config:/root/dev_ws/install/movbot_config:/root/dev_ws/install/simple_bot:/root/dev_ws/install/moveit_demo:/root/dev_ws/install/cobot_simulation_config:/root/dev_ws/install/cobot_simulation:/root/dev_ws/install/basic_mobile_robot:/root/dev_ws/install/arm6axis:/opt/ros/humble PYTHONPATH=/root/dream_ws/install/ros2_control_demo_testing/lib/python3.10/site-packages:${PYTHONPATH} /usr/bin/cmake --build /root/dream_ws/build/ros2_control_demo_example_6 -- -j12 -l12
[5.150s] [ 50%] [32mBuilding CXX object CMakeFiles/ros2_control_demo_example_6.dir/hardware/rrbot_actuator.cpp.o[0m
[15.952s] [100%] [32m[1mLinking CXX shared library libros2_control_demo_example_6.so[0m
[16.410s] [100%] Built target ros2_control_demo_example_6
[16.436s] Invoked command in '/root/dream_ws/build/ros2_control_demo_example_6' returned '0': AMENT_PREFIX_PATH=/root/dream_ws/install/ros2_control_demo_testing:/root/dream_ws/install/ros2_control_demo_description:${AMENT_PREFIX_PATH} CMAKE_PREFIX_PATH=/root/dream_ws/install/ros2_control_demo_description:/root/dream_ws/install/ros2_control_demo_example_7:/root/dream_ws/install/ros2_control_demo_example_2:/root/dream_ws/install/kr600:/root/dev_ws/install/simple_bot_config:/root/dev_ws/install/movbot_config:/root/dev_ws/install/simple_bot:/root/dev_ws/install/moveit_demo:/root/dev_ws/install/cobot_simulation_config:/root/dev_ws/install/cobot_simulation:/root/dev_ws/install/basic_mobile_robot:/root/dev_ws/install/arm6axis:/opt/ros/humble PYTHONPATH=/root/dream_ws/install/ros2_control_demo_testing/lib/python3.10/site-packages:${PYTHONPATH} /usr/bin/cmake --build /root/dream_ws/build/ros2_control_demo_example_6 -- -j12 -l12
[16.597s] Invoking command in '/root/dream_ws/build/ros2_control_demo_example_6': AMENT_PREFIX_PATH=/root/dream_ws/install/ros2_control_demo_testing:/root/dream_ws/install/ros2_control_demo_description:${AMENT_PREFIX_PATH} CMAKE_PREFIX_PATH=/root/dream_ws/install/ros2_control_demo_description:/root/dream_ws/install/ros2_control_demo_example_7:/root/dream_ws/install/ros2_control_demo_example_2:/root/dream_ws/install/kr600:/root/dev_ws/install/simple_bot_config:/root/dev_ws/install/movbot_config:/root/dev_ws/install/simple_bot:/root/dev_ws/install/moveit_demo:/root/dev_ws/install/cobot_simulation_config:/root/dev_ws/install/cobot_simulation:/root/dev_ws/install/basic_mobile_robot:/root/dev_ws/install/arm6axis:/opt/ros/humble PYTHONPATH=/root/dream_ws/install/ros2_control_demo_testing/lib/python3.10/site-packages:${PYTHONPATH} /usr/bin/cmake --install /root/dream_ws/build/ros2_control_demo_example_6
[16.616s] -- Install configuration: ""
[16.617s] -- Installing: /root/dream_ws/install/ros2_control_demo_example_6/share/ros2_control_demo_example_6/ros2_control_demo_example_6.xml
[16.617s] -- Installing: /root/dream_ws/install/ros2_control_demo_example_6/include/ros2_control_demo_example_6
[16.617s] -- Installing: /root/dream_ws/install/ros2_control_demo_example_6/include/ros2_control_demo_example_6/ros2_control_demo_example_6
[16.617s] -- Installing: /root/dream_ws/install/ros2_control_demo_example_6/include/ros2_control_demo_example_6/ros2_control_demo_example_6/rrbot_actuator.hpp
[16.618s] -- Installing: /root/dream_ws/install/ros2_control_demo_example_6/share/ros2_control_demo_example_6/launch
[16.618s] -- Installing: /root/dream_ws/install/ros2_control_demo_example_6/share/ros2_control_demo_example_6/launch/view_robot.launch.py
[16.618s] -- Installing: /root/dream_ws/install/ros2_control_demo_example_6/share/ros2_control_demo_example_6/ros2_control
[16.618s] -- Installing: /root/dream_ws/install/ros2_control_demo_example_6/share/ros2_control_demo_example_6/ros2_control/rrbot_modular_actuators.ros2_control.xacro
[16.619s] -- Installing: /root/dream_ws/install/ros2_control_demo_example_6/share/ros2_control_demo_example_6/urdf
[16.619s] -- Installing: /root/dream_ws/install/ros2_control_demo_example_6/share/ros2_control_demo_example_6/urdf/rrbot_modular_actuators.urdf.xacro
[16.619s] -- Up-to-date: /root/dream_ws/install/ros2_control_demo_example_6/share/ros2_control_demo_example_6/launch
[16.619s] -- Installing: /root/dream_ws/install/ros2_control_demo_example_6/share/ros2_control_demo_example_6/launch/test_forward_position_controller.launch.py
[16.619s] -- Installing: /root/dream_ws/install/ros2_control_demo_example_6/share/ros2_control_demo_example_6/launch/rrbot_modular_actuators.launch.py
[16.620s] -- Installing: /root/dream_ws/install/ros2_control_demo_example_6/share/ros2_control_demo_example_6/config
[16.620s] -- Installing: /root/dream_ws/install/ros2_control_demo_example_6/share/ros2_control_demo_example_6/config/rrbot_forward_position_publisher.yaml
[16.620s] -- Installing: /root/dream_ws/install/ros2_control_demo_example_6/share/ros2_control_demo_example_6/config/rrbot_modular_actuators.yaml
[16.620s] -- Installing: /root/dream_ws/install/ros2_control_demo_example_6/lib/libros2_control_demo_example_6.so
[16.621s] -- Set runtime path of "/root/dream_ws/install/ros2_control_demo_example_6/lib/libros2_control_demo_example_6.so" to ""
[16.621s] -- Installing: /root/dream_ws/install/ros2_control_demo_example_6/share/ros2_control_demo_example_6/environment/library_path.sh
[16.622s] -- Installing: /root/dream_ws/install/ros2_control_demo_example_6/share/ros2_control_demo_example_6/environment/library_path.dsv
[16.622s] -- Installing: /root/dream_ws/install/ros2_control_demo_example_6/share/ament_index/resource_index/package_run_dependencies/ros2_control_demo_example_6
[16.622s] -- Installing: /root/dream_ws/install/ros2_control_demo_example_6/share/ament_index/resource_index/parent_prefix_path/ros2_control_demo_example_6
[16.622s] -- Installing: /root/dream_ws/install/ros2_control_demo_example_6/share/ros2_control_demo_example_6/environment/ament_prefix_path.sh
[16.622s] -- Installing: /root/dream_ws/install/ros2_control_demo_example_6/share/ros2_control_demo_example_6/environment/ament_prefix_path.dsv
[16.623s] -- Installing: /root/dream_ws/install/ros2_control_demo_example_6/share/ros2_control_demo_example_6/environment/path.sh
[16.623s] -- Installing: /root/dream_ws/install/ros2_control_demo_example_6/share/ros2_control_demo_example_6/environment/path.dsv
[16.623s] -- Installing: /root/dream_ws/install/ros2_control_demo_example_6/share/ros2_control_demo_example_6/local_setup.bash
[16.623s] -- Installing: /root/dream_ws/install/ros2_control_demo_example_6/share/ros2_control_demo_example_6/local_setup.sh
[16.623s] -- Installing: /root/dream_ws/install/ros2_control_demo_example_6/share/ros2_control_demo_example_6/local_setup.zsh
[16.623s] -- Installing: /root/dream_ws/install/ros2_control_demo_example_6/share/ros2_control_demo_example_6/local_setup.dsv
[16.624s] -- Installing: /root/dream_ws/install/ros2_control_demo_example_6/share/ros2_control_demo_example_6/package.dsv
[16.624s] -- Installing: /root/dream_ws/install/ros2_control_demo_example_6/share/ament_index/resource_index/packages/ros2_control_demo_example_6
[16.624s] -- Installing: /root/dream_ws/install/ros2_control_demo_example_6/share/ament_index/resource_index/hardware_interface__pluginlib__plugin/ros2_control_demo_example_6
[16.624s] -- Installing: /root/dream_ws/install/ros2_control_demo_example_6/share/ros2_control_demo_example_6/cmake/export_ros2_control_demo_example_6Export.cmake
[16.624s] -- Installing: /root/dream_ws/install/ros2_control_demo_example_6/share/ros2_control_demo_example_6/cmake/export_ros2_control_demo_example_6Export-noconfig.cmake
[16.625s] -- Installing: /root/dream_ws/install/ros2_control_demo_example_6/share/ros2_control_demo_example_6/cmake/ament_cmake_export_targets-extras.cmake
[16.625s] -- Installing: /root/dream_ws/install/ros2_control_demo_example_6/share/ros2_control_demo_example_6/cmake/ament_cmake_export_dependencies-extras.cmake
[16.625s] -- Installing: /root/dream_ws/install/ros2_control_demo_example_6/share/ros2_control_demo_example_6/cmake/ros2_control_demo_example_6Config.cmake
[16.625s] -- Installing: /root/dream_ws/install/ros2_control_demo_example_6/share/ros2_control_demo_example_6/cmake/ros2_control_demo_example_6Config-version.cmake
[16.625s] -- Installing: /root/dream_ws/install/ros2_control_demo_example_6/share/ros2_control_demo_example_6/package.xml
[16.630s] Invoked command in '/root/dream_ws/build/ros2_control_demo_example_6' returned '0': AMENT_PREFIX_PATH=/root/dream_ws/install/ros2_control_demo_testing:/root/dream_ws/install/ros2_control_demo_description:${AMENT_PREFIX_PATH} CMAKE_PREFIX_PATH=/root/dream_ws/install/ros2_control_demo_description:/root/dream_ws/install/ros2_control_demo_example_7:/root/dream_ws/install/ros2_control_demo_example_2:/root/dream_ws/install/kr600:/root/dev_ws/install/simple_bot_config:/root/dev_ws/install/movbot_config:/root/dev_ws/install/simple_bot:/root/dev_ws/install/moveit_demo:/root/dev_ws/install/cobot_simulation_config:/root/dev_ws/install/cobot_simulation:/root/dev_ws/install/basic_mobile_robot:/root/dev_ws/install/arm6axis:/opt/ros/humble PYTHONPATH=/root/dream_ws/install/ros2_control_demo_testing/lib/python3.10/site-packages:${PYTHONPATH} /usr/bin/cmake --install /root/dream_ws/build/ros2_control_demo_example_6
