[0.020s] Invoking command in '/root/dream_ws/build/kr600': CMAKE_PREFIX_PATH=${CMAKE_PREFIX_PATH}:/opt/ros/humble /usr/bin/cmake /root/dream_ws/src/kr600 -DCMAKE_INSTALL_PREFIX=/root/dream_ws/install/kr600
[0.089s] -- The C compiler identification is GNU 11.4.0
[0.162s] -- The CXX compiler identification is GNU 11.4.0
[0.176s] -- Detecting C compiler ABI info
[0.261s] -- Detecting C compiler ABI info - done
[0.279s] -- Check for working C compiler: /usr/bin/cc - skipped
[0.280s] -- Detecting C compile features
[0.280s] -- Detecting C compile features - done
[0.285s] -- Detecting CXX compiler ABI info
[0.387s] -- Detecting CXX compiler ABI info - done
[0.403s] -- Check for working CXX compiler: /usr/bin/c++ - skipped
[0.403s] -- Detecting CXX compile features
[0.404s] -- Detecting CXX compile features - done
[0.410s] -- Found ament_cmake: 1.3.10 (/opt/ros/humble/share/ament_cmake/cmake)
[0.619s] -- Found Python3: /usr/bin/python3 (found version "3.10.12") found components: Interpreter 
[0.778s] -- Found ament_lint_auto: 0.12.11 (/opt/ros/humble/share/ament_lint_auto/cmake)
[0.911s] -- Added test 'flake8' to check Python code syntax and style conventions
[0.913s] -- Added test 'lint_cmake' to check CMake code style
[0.914s] -- Added test 'pep257' to check Python code against some of the docstring style conventions in PEP 257
[0.916s] -- Added test 'xmllint' to check XML markup files
[0.918s] -- Configuring done
[0.923s] -- Generating done
[0.925s] -- Build files have been written to: /root/dream_ws/build/kr600
[0.931s] Invoked command in '/root/dream_ws/build/kr600' returned '0': CMAKE_PREFIX_PATH=${CMAKE_PREFIX_PATH}:/opt/ros/humble /usr/bin/cmake /root/dream_ws/src/kr600 -DCMAKE_INSTALL_PREFIX=/root/dream_ws/install/kr600
[0.935s] Invoking command in '/root/dream_ws/build/kr600': CMAKE_PREFIX_PATH=${CMAKE_PREFIX_PATH}:/opt/ros/humble /usr/bin/cmake --build /root/dream_ws/build/kr600 -- -j12 -l12
[0.979s] Invoked command in '/root/dream_ws/build/kr600' returned '0': CMAKE_PREFIX_PATH=${CMAKE_PREFIX_PATH}:/opt/ros/humble /usr/bin/cmake --build /root/dream_ws/build/kr600 -- -j12 -l12
[1.019s] Invoking command in '/root/dream_ws/build/kr600': CMAKE_PREFIX_PATH=${CMAKE_PREFIX_PATH}:/opt/ros/humble /usr/bin/cmake --install /root/dream_ws/build/kr600
[1.028s] -- Install configuration: ""
[1.028s] -- Up-to-date: /root/dream_ws/install/kr600/share/kr600/launch
[1.028s] -- Up-to-date: /root/dream_ws/install/kr600/share/kr600/launch/kr600.launch.py
[1.029s] -- Up-to-date: /root/dream_ws/install/kr600/share/kr600/launch/kr600_1.launch.py
[1.029s] -- Up-to-date: /root/dream_ws/install/kr600/share/kr600/meshes
[1.029s] -- Up-to-date: /root/dream_ws/install/kr600/share/kr600/meshes/link6.stl
[1.030s] -- Up-to-date: /root/dream_ws/install/kr600/share/kr600/meshes/base_link.stl
[1.030s] -- Up-to-date: /root/dream_ws/install/kr600/share/kr600/meshes/link4.stl
[1.030s] -- Up-to-date: /root/dream_ws/install/kr600/share/kr600/meshes/link5.stl
[1.030s] -- Up-to-date: /root/dream_ws/install/kr600/share/kr600/meshes/link3.stl
[1.031s] -- Up-to-date: /root/dream_ws/install/kr600/share/kr600/meshes/link2.stl
[1.031s] -- Up-to-date: /root/dream_ws/install/kr600/share/kr600/meshes/description.txt
[1.031s] -- Up-to-date: /root/dream_ws/install/kr600/share/kr600/meshes/link1.stl
[1.032s] -- Up-to-date: /root/dream_ws/install/kr600/share/kr600/rviz
[1.033s] -- Up-to-date: /root/dream_ws/install/kr600/share/kr600/rviz/config.rviz
[1.033s] -- Up-to-date: /root/dream_ws/install/kr600/share/kr600/urdf
[1.034s] -- Up-to-date: /root/dream_ws/install/kr600/share/kr600/urdf/model.urdf.xacro
[1.034s] -- Up-to-date: /root/dream_ws/install/kr600/share/ament_index/resource_index/package_run_dependencies/kr600
[1.035s] -- Up-to-date: /root/dream_ws/install/kr600/share/ament_index/resource_index/parent_prefix_path/kr600
[1.035s] -- Up-to-date: /root/dream_ws/install/kr600/share/kr600/environment/ament_prefix_path.sh
[1.035s] -- Installing: /root/dream_ws/install/kr600/share/kr600/environment/ament_prefix_path.dsv
[1.035s] -- Up-to-date: /root/dream_ws/install/kr600/share/kr600/environment/path.sh
[1.036s] -- Installing: /root/dream_ws/install/kr600/share/kr600/environment/path.dsv
[1.036s] -- Up-to-date: /root/dream_ws/install/kr600/share/kr600/local_setup.bash
[1.036s] -- Up-to-date: /root/dream_ws/install/kr600/share/kr600/local_setup.sh
[1.037s] -- Up-to-date: /root/dream_ws/install/kr600/share/kr600/local_setup.zsh
[1.037s] -- Installing: /root/dream_ws/install/kr600/share/kr600/local_setup.dsv
[1.038s] -- Installing: /root/dream_ws/install/kr600/share/kr600/package.dsv
[1.038s] -- Up-to-date: /root/dream_ws/install/kr600/share/ament_index/resource_index/packages/kr600
[1.038s] -- Up-to-date: /root/dream_ws/install/kr600/share/kr600/cmake/kr600Config.cmake
[1.038s] -- Up-to-date: /root/dream_ws/install/kr600/share/kr600/cmake/kr600Config-version.cmake
[1.039s] -- Up-to-date: /root/dream_ws/install/kr600/share/kr600/package.xml
[1.039s] Invoked command in '/root/dream_ws/build/kr600' returned '0': CMAKE_PREFIX_PATH=${CMAKE_PREFIX_PATH}:/opt/ros/humble /usr/bin/cmake --install /root/dream_ws/build/kr600
