[0.143s] DEBUG:colcon:Command line arguments: ['/usr/bin/colcon', 'build']
[0.143s] DEBUG:colcon:Parsed command line arguments: Namespace(log_base=None, log_level=None, verb_name='build', build_base='build', install_base='install', merge_install=False, symlink_install=False, test_result_base=None, continue_on_error=False, executor='parallel', parallel_workers=12, event_handlers=None, ignore_user_meta=False, metas=['./colcon.meta'], base_paths=['.'], packages_ignore=None, packages_ignore_regex=None, paths=None, packages_up_to=None, packages_up_to_regex=None, packages_above=None, packages_above_and_dependencies=None, packages_above_depth=None, packages_select_by_dep=None, packages_skip_by_dep=None, packages_skip_up_to=None, packages_select_build_failed=False, packages_skip_build_finished=False, packages_select_test_failures=False, packages_skip_test_passed=False, packages_select=None, packages_skip=None, packages_select_regex=None, packages_skip_regex=None, packages_start=None, packages_end=None, cmake_args=None, cmake_target=None, cmake_target_skip_unavailable=False, cmake_clean_cache=False, cmake_clean_first=False, cmake_force_configure=False, ament_cmake_args=None, catkin_cmake_args=None, catkin_skip_building_tests=False, mixin_files=None, mixin=None, verb_parser=<colcon_mixin.mixin.mixin_argument.MixinArgumentDecorator object at 0x7fad30ad8640>, verb_extension=<colcon_core.verb.build.BuildVerb object at 0x7fad30be0d30>, main=<bound method BuildVerb.main of <colcon_core.verb.build.BuildVerb object at 0x7fad30be0d30>>, mixin_verb=('build',))
[0.321s] Level 1:colcon.colcon_core.package_discovery:discover_packages(colcon_meta) check parameters
[0.322s] INFO:colcon.colcon_metadata.package_discovery.colcon_meta:Using configuration from '/root/.colcon/metadata/default/Gazebo.meta'
[0.323s] INFO:colcon.colcon_metadata.package_discovery.colcon_meta:Using configuration from '/root/.colcon/metadata/default/fastrtps.meta'
[0.323s] Level 1:colcon.colcon_core.package_discovery:discover_packages(recursive) check parameters
[0.323s] Level 1:colcon.colcon_core.package_discovery:discover_packages(ignore) check parameters
[0.323s] Level 1:colcon.colcon_core.package_discovery:discover_packages(path) check parameters
[0.323s] Level 1:colcon.colcon_core.package_discovery:discover_packages(colcon_meta) discover
[0.323s] Level 1:colcon.colcon_core.package_discovery:discover_packages(recursive) discover
[0.323s] INFO:colcon.colcon_core.package_discovery:Crawling recursively for packages in '/root/dream_ws'
[0.323s] Level 1:colcon.colcon_core.package_identification:_identify(.) by extensions ['ignore', 'ignore_ament_install']
[0.323s] Level 1:colcon.colcon_core.package_identification:_identify(.) by extension 'ignore'
[0.323s] Level 1:colcon.colcon_core.package_identification:_identify(.) by extension 'ignore_ament_install'
[0.323s] Level 1:colcon.colcon_core.package_identification:_identify(.) by extensions ['colcon_pkg']
[0.323s] Level 1:colcon.colcon_core.package_identification:_identify(.) by extension 'colcon_pkg'
[0.323s] Level 1:colcon.colcon_core.package_identification:_identify(.) by extensions ['colcon_meta']
[0.323s] Level 1:colcon.colcon_core.package_identification:_identify(.) by extension 'colcon_meta'
[0.323s] Level 1:colcon.colcon_core.package_identification:_identify(.) by extensions ['ros']
[0.323s] Level 1:colcon.colcon_core.package_identification:_identify(.) by extension 'ros'
[0.337s] Level 1:colcon.colcon_core.package_identification:_identify(.) by extensions ['cmake', 'python']
[0.337s] Level 1:colcon.colcon_core.package_identification:_identify(.) by extension 'cmake'
[0.337s] Level 1:colcon.colcon_core.package_identification:_identify(.) by extension 'python'
[0.337s] Level 1:colcon.colcon_core.package_identification:_identify(.) by extensions ['python_setup_py']
[0.337s] Level 1:colcon.colcon_core.package_identification:_identify(.) by extension 'python_setup_py'
[0.338s] Level 1:colcon.colcon_core.package_identification:_identify(build) by extensions ['ignore', 'ignore_ament_install']
[0.338s] Level 1:colcon.colcon_core.package_identification:_identify(build) by extension 'ignore'
[0.338s] Level 1:colcon.colcon_core.package_identification:_identify(build) ignored
[0.338s] Level 1:colcon.colcon_core.package_identification:_identify(install) by extensions ['ignore', 'ignore_ament_install']
[0.338s] Level 1:colcon.colcon_core.package_identification:_identify(install) by extension 'ignore'
[0.338s] Level 1:colcon.colcon_core.package_identification:_identify(install) ignored
[0.338s] Level 1:colcon.colcon_core.package_identification:_identify(log) by extensions ['ignore', 'ignore_ament_install']
[0.338s] Level 1:colcon.colcon_core.package_identification:_identify(log) by extension 'ignore'
[0.338s] Level 1:colcon.colcon_core.package_identification:_identify(log) ignored
[0.338s] Level 1:colcon.colcon_core.package_identification:_identify(src) by extensions ['ignore', 'ignore_ament_install']
[0.338s] Level 1:colcon.colcon_core.package_identification:_identify(src) by extension 'ignore'
[0.339s] Level 1:colcon.colcon_core.package_identification:_identify(src) by extension 'ignore_ament_install'
[0.339s] Level 1:colcon.colcon_core.package_identification:_identify(src) by extensions ['colcon_pkg']
[0.339s] Level 1:colcon.colcon_core.package_identification:_identify(src) by extension 'colcon_pkg'
[0.339s] Level 1:colcon.colcon_core.package_identification:_identify(src) by extensions ['colcon_meta']
[0.339s] Level 1:colcon.colcon_core.package_identification:_identify(src) by extension 'colcon_meta'
[0.339s] Level 1:colcon.colcon_core.package_identification:_identify(src) by extensions ['ros']
[0.339s] Level 1:colcon.colcon_core.package_identification:_identify(src) by extension 'ros'
[0.339s] Level 1:colcon.colcon_core.package_identification:_identify(src) by extensions ['cmake', 'python']
[0.339s] Level 1:colcon.colcon_core.package_identification:_identify(src) by extension 'cmake'
[0.339s] Level 1:colcon.colcon_core.package_identification:_identify(src) by extension 'python'
[0.339s] Level 1:colcon.colcon_core.package_identification:_identify(src) by extensions ['python_setup_py']
[0.339s] Level 1:colcon.colcon_core.package_identification:_identify(src) by extension 'python_setup_py'
[0.339s] Level 1:colcon.colcon_core.package_identification:_identify(src/example_2) by extensions ['ignore', 'ignore_ament_install']
[0.339s] Level 1:colcon.colcon_core.package_identification:_identify(src/example_2) by extension 'ignore'
[0.339s] Level 1:colcon.colcon_core.package_identification:_identify(src/example_2) by extension 'ignore_ament_install'
[0.339s] Level 1:colcon.colcon_core.package_identification:_identify(src/example_2) by extensions ['colcon_pkg']
[0.339s] Level 1:colcon.colcon_core.package_identification:_identify(src/example_2) by extension 'colcon_pkg'
[0.340s] Level 1:colcon.colcon_core.package_identification:_identify(src/example_2) by extensions ['colcon_meta']
[0.340s] Level 1:colcon.colcon_core.package_identification:_identify(src/example_2) by extension 'colcon_meta'
[0.340s] Level 1:colcon.colcon_core.package_identification:_identify(src/example_2) by extensions ['ros']
[0.340s] Level 1:colcon.colcon_core.package_identification:_identify(src/example_2) by extension 'ros'
[0.343s] DEBUG:colcon.colcon_core.package_identification:Package 'src/example_2' with type 'ros.ament_cmake' and name 'ros2_control_demo_example_2'
[0.343s] Level 1:colcon.colcon_core.package_identification:_identify(src/example_7) by extensions ['ignore', 'ignore_ament_install']
[0.344s] Level 1:colcon.colcon_core.package_identification:_identify(src/example_7) by extension 'ignore'
[0.344s] Level 1:colcon.colcon_core.package_identification:_identify(src/example_7) by extension 'ignore_ament_install'
[0.344s] Level 1:colcon.colcon_core.package_identification:_identify(src/example_7) by extensions ['colcon_pkg']
[0.344s] Level 1:colcon.colcon_core.package_identification:_identify(src/example_7) by extension 'colcon_pkg'
[0.344s] Level 1:colcon.colcon_core.package_identification:_identify(src/example_7) by extensions ['colcon_meta']
[0.344s] Level 1:colcon.colcon_core.package_identification:_identify(src/example_7) by extension 'colcon_meta'
[0.344s] Level 1:colcon.colcon_core.package_identification:_identify(src/example_7) by extensions ['ros']
[0.344s] Level 1:colcon.colcon_core.package_identification:_identify(src/example_7) by extension 'ros'
[0.346s] DEBUG:colcon.colcon_core.package_identification:Package 'src/example_7' with type 'ros.ament_cmake' and name 'ros2_control_demo_example_7'
[0.347s] Level 1:colcon.colcon_core.package_identification:_identify(src/kr600) by extensions ['ignore', 'ignore_ament_install']
[0.347s] Level 1:colcon.colcon_core.package_identification:_identify(src/kr600) by extension 'ignore'
[0.347s] Level 1:colcon.colcon_core.package_identification:_identify(src/kr600) by extension 'ignore_ament_install'
[0.347s] Level 1:colcon.colcon_core.package_identification:_identify(src/kr600) by extensions ['colcon_pkg']
[0.347s] Level 1:colcon.colcon_core.package_identification:_identify(src/kr600) by extension 'colcon_pkg'
[0.347s] Level 1:colcon.colcon_core.package_identification:_identify(src/kr600) by extensions ['colcon_meta']
[0.347s] Level 1:colcon.colcon_core.package_identification:_identify(src/kr600) by extension 'colcon_meta'
[0.347s] Level 1:colcon.colcon_core.package_identification:_identify(src/kr600) by extensions ['ros']
[0.347s] Level 1:colcon.colcon_core.package_identification:_identify(src/kr600) by extension 'ros'
[0.348s] DEBUG:colcon.colcon_core.package_identification:Package 'src/kr600' with type 'ros.ament_cmake' and name 'kr600'
[0.348s] Level 1:colcon.colcon_core.package_discovery:discover_packages(recursive) using defaults
[0.348s] Level 1:colcon.colcon_core.package_discovery:discover_packages(ignore) discover
[0.348s] Level 1:colcon.colcon_core.package_discovery:discover_packages(ignore) using defaults
[0.348s] Level 1:colcon.colcon_core.package_discovery:discover_packages(path) discover
[0.348s] Level 1:colcon.colcon_core.package_discovery:discover_packages(path) using defaults
[0.371s] Level 5:colcon.colcon_core.verb:set package 'kr600' build argument 'cmake_args' from command line to 'None'
[0.372s] Level 5:colcon.colcon_core.verb:set package 'kr600' build argument 'cmake_target' from command line to 'None'
[0.372s] Level 5:colcon.colcon_core.verb:set package 'kr600' build argument 'cmake_target_skip_unavailable' from command line to 'False'
[0.372s] Level 5:colcon.colcon_core.verb:set package 'kr600' build argument 'cmake_clean_cache' from command line to 'False'
[0.372s] Level 5:colcon.colcon_core.verb:set package 'kr600' build argument 'cmake_clean_first' from command line to 'False'
[0.372s] Level 5:colcon.colcon_core.verb:set package 'kr600' build argument 'cmake_force_configure' from command line to 'False'
[0.372s] Level 5:colcon.colcon_core.verb:set package 'kr600' build argument 'ament_cmake_args' from command line to 'None'
[0.372s] Level 5:colcon.colcon_core.verb:set package 'kr600' build argument 'catkin_cmake_args' from command line to 'None'
[0.372s] Level 5:colcon.colcon_core.verb:set package 'kr600' build argument 'catkin_skip_building_tests' from command line to 'False'
[0.372s] DEBUG:colcon.colcon_core.verb:Building package 'kr600' with the following arguments: {'ament_cmake_args': None, 'build_base': '/root/dream_ws/build/kr600', 'catkin_cmake_args': None, 'catkin_skip_building_tests': False, 'cmake_args': None, 'cmake_clean_cache': False, 'cmake_clean_first': False, 'cmake_force_configure': False, 'cmake_target': None, 'cmake_target_skip_unavailable': False, 'install_base': '/root/dream_ws/install/kr600', 'merge_install': False, 'path': '/root/dream_ws/src/kr600', 'symlink_install': False, 'test_result_base': None}
[0.372s] Level 5:colcon.colcon_core.verb:set package 'ros2_control_demo_example_2' build argument 'cmake_args' from command line to 'None'
[0.372s] Level 5:colcon.colcon_core.verb:set package 'ros2_control_demo_example_2' build argument 'cmake_target' from command line to 'None'
[0.372s] Level 5:colcon.colcon_core.verb:set package 'ros2_control_demo_example_2' build argument 'cmake_target_skip_unavailable' from command line to 'False'
[0.372s] Level 5:colcon.colcon_core.verb:set package 'ros2_control_demo_example_2' build argument 'cmake_clean_cache' from command line to 'False'
[0.372s] Level 5:colcon.colcon_core.verb:set package 'ros2_control_demo_example_2' build argument 'cmake_clean_first' from command line to 'False'
[0.373s] Level 5:colcon.colcon_core.verb:set package 'ros2_control_demo_example_2' build argument 'cmake_force_configure' from command line to 'False'
[0.373s] Level 5:colcon.colcon_core.verb:set package 'ros2_control_demo_example_2' build argument 'ament_cmake_args' from command line to 'None'
[0.373s] Level 5:colcon.colcon_core.verb:set package 'ros2_control_demo_example_2' build argument 'catkin_cmake_args' from command line to 'None'
[0.373s] Level 5:colcon.colcon_core.verb:set package 'ros2_control_demo_example_2' build argument 'catkin_skip_building_tests' from command line to 'False'
[0.373s] DEBUG:colcon.colcon_core.verb:Building package 'ros2_control_demo_example_2' with the following arguments: {'ament_cmake_args': None, 'build_base': '/root/dream_ws/build/ros2_control_demo_example_2', 'catkin_cmake_args': None, 'catkin_skip_building_tests': False, 'cmake_args': None, 'cmake_clean_cache': False, 'cmake_clean_first': False, 'cmake_force_configure': False, 'cmake_target': None, 'cmake_target_skip_unavailable': False, 'install_base': '/root/dream_ws/install/ros2_control_demo_example_2', 'merge_install': False, 'path': '/root/dream_ws/src/example_2', 'symlink_install': False, 'test_result_base': None}
[0.373s] Level 5:colcon.colcon_core.verb:set package 'ros2_control_demo_example_7' build argument 'cmake_args' from command line to 'None'
[0.373s] Level 5:colcon.colcon_core.verb:set package 'ros2_control_demo_example_7' build argument 'cmake_target' from command line to 'None'
[0.373s] Level 5:colcon.colcon_core.verb:set package 'ros2_control_demo_example_7' build argument 'cmake_target_skip_unavailable' from command line to 'False'
[0.373s] Level 5:colcon.colcon_core.verb:set package 'ros2_control_demo_example_7' build argument 'cmake_clean_cache' from command line to 'False'
[0.373s] Level 5:colcon.colcon_core.verb:set package 'ros2_control_demo_example_7' build argument 'cmake_clean_first' from command line to 'False'
[0.373s] Level 5:colcon.colcon_core.verb:set package 'ros2_control_demo_example_7' build argument 'cmake_force_configure' from command line to 'False'
[0.373s] Level 5:colcon.colcon_core.verb:set package 'ros2_control_demo_example_7' build argument 'ament_cmake_args' from command line to 'None'
[0.373s] Level 5:colcon.colcon_core.verb:set package 'ros2_control_demo_example_7' build argument 'catkin_cmake_args' from command line to 'None'
[0.373s] Level 5:colcon.colcon_core.verb:set package 'ros2_control_demo_example_7' build argument 'catkin_skip_building_tests' from command line to 'False'
[0.373s] DEBUG:colcon.colcon_core.verb:Building package 'ros2_control_demo_example_7' with the following arguments: {'ament_cmake_args': None, 'build_base': '/root/dream_ws/build/ros2_control_demo_example_7', 'catkin_cmake_args': None, 'catkin_skip_building_tests': False, 'cmake_args': None, 'cmake_clean_cache': False, 'cmake_clean_first': False, 'cmake_force_configure': False, 'cmake_target': None, 'cmake_target_skip_unavailable': False, 'install_base': '/root/dream_ws/install/ros2_control_demo_example_7', 'merge_install': False, 'path': '/root/dream_ws/src/example_7', 'symlink_install': False, 'test_result_base': None}
[0.374s] INFO:colcon.colcon_core.executor:Executing jobs using 'parallel' executor
[0.375s] DEBUG:colcon.colcon_parallel_executor.executor.parallel:run_until_complete
[0.375s] INFO:colcon.colcon_ros.task.ament_cmake.build:Building ROS package in '/root/dream_ws/src/kr600' with build type 'ament_cmake'
[0.375s] INFO:colcon.colcon_cmake.task.cmake.build:Building CMake package in '/root/dream_ws/src/kr600'
[0.378s] INFO:colcon.colcon_core.plugin_system:Skipping extension 'colcon_core.shell.bat': Not used on non-Windows systems
[0.378s] INFO:colcon.colcon_core.shell:Skip shell extension 'powershell' for command environment: Not usable outside of PowerShell
[0.378s] DEBUG:colcon.colcon_core.shell:Skip shell extension 'dsv' for command environment
[0.379s] WARNING:colcon.colcon_ros.prefix_path.ament:The path '/root/dream_ws/install/kr600' in the environment variable AMENT_PREFIX_PATH doesn't exist
[0.380s] WARNING:colcon.colcon_ros.prefix_path.catkin:The path '/root/dream_ws/install/kr600' in the environment variable CMAKE_PREFIX_PATH doesn't exist
[0.385s] INFO:colcon.colcon_ros.task.ament_cmake.build:Building ROS package in '/root/dream_ws/src/example_2' with build type 'ament_cmake'
[0.386s] INFO:colcon.colcon_cmake.task.cmake.build:Building CMake package in '/root/dream_ws/src/example_2'
[0.386s] INFO:colcon.colcon_core.shell:Skip shell extension 'powershell' for command environment: Not usable outside of PowerShell
[0.386s] DEBUG:colcon.colcon_core.shell:Skip shell extension 'dsv' for command environment
[0.392s] INFO:colcon.colcon_ros.task.ament_cmake.build:Building ROS package in '/root/dream_ws/src/example_7' with build type 'ament_cmake'
[0.392s] INFO:colcon.colcon_cmake.task.cmake.build:Building CMake package in '/root/dream_ws/src/example_7'
[0.392s] INFO:colcon.colcon_core.shell:Skip shell extension 'powershell' for command environment: Not usable outside of PowerShell
[0.392s] DEBUG:colcon.colcon_core.shell:Skip shell extension 'dsv' for command environment
[0.403s] DEBUG:colcon.colcon_core.event_handler.log_command:Invoking command in '/root/dream_ws/build/kr600': CMAKE_PREFIX_PATH=${CMAKE_PREFIX_PATH}:/opt/ros/humble /usr/bin/cmake /root/dream_ws/src/kr600 -DCMAKE_INSTALL_PREFIX=/root/dream_ws/install/kr600
[0.406s] DEBUG:colcon.colcon_core.event_handler.log_command:Invoking command in '/root/dream_ws/build/ros2_control_demo_example_2': CMAKE_PREFIX_PATH=${CMAKE_PREFIX_PATH}:/opt/ros/humble /usr/bin/cmake /root/dream_ws/src/example_2 -DCMAKE_INSTALL_PREFIX=/root/dream_ws/install/ros2_control_demo_example_2
[0.412s] DEBUG:colcon.colcon_core.event_handler.log_command:Invoking command in '/root/dream_ws/build/ros2_control_demo_example_7': CMAKE_PREFIX_PATH=${CMAKE_PREFIX_PATH}:/opt/ros/humble /usr/bin/cmake /root/dream_ws/src/example_7 -DCMAKE_INSTALL_PREFIX=/root/dream_ws/install/ros2_control_demo_example_7
[1.144s] DEBUG:colcon.colcon_core.event_handler.log_command:Invoked command in '/root/dream_ws/build/kr600' returned '0': CMAKE_PREFIX_PATH=${CMAKE_PREFIX_PATH}:/opt/ros/humble /usr/bin/cmake /root/dream_ws/src/kr600 -DCMAKE_INSTALL_PREFIX=/root/dream_ws/install/kr600
[1.147s] DEBUG:colcon.colcon_core.event_handler.log_command:Invoking command in '/root/dream_ws/build/kr600': CMAKE_PREFIX_PATH=${CMAKE_PREFIX_PATH}:/opt/ros/humble /usr/bin/cmake --build /root/dream_ws/build/kr600 -- -j12 -l12
[1.189s] DEBUG:colcon.colcon_core.event_handler.log_command:Invoked command in '/root/dream_ws/build/kr600' returned '0': CMAKE_PREFIX_PATH=${CMAKE_PREFIX_PATH}:/opt/ros/humble /usr/bin/cmake --build /root/dream_ws/build/kr600 -- -j12 -l12
[1.225s] DEBUG:colcon.colcon_core.event_handler.log_command:Invoking command in '/root/dream_ws/build/kr600': CMAKE_PREFIX_PATH=${CMAKE_PREFIX_PATH}:/opt/ros/humble /usr/bin/cmake --install /root/dream_ws/build/kr600
[1.246s] Level 1:colcon.colcon_core.environment:create_environment_scripts_only(kr600)
[1.247s] DEBUG:colcon.colcon_core.event_handler.log_command:Invoked command in '/root/dream_ws/build/kr600' returned '0': CMAKE_PREFIX_PATH=${CMAKE_PREFIX_PATH}:/opt/ros/humble /usr/bin/cmake --install /root/dream_ws/build/kr600
[1.249s] Level 1:colcon.colcon_core.environment:checking '/root/dream_ws/install/kr600' for CMake module files
[1.250s] Level 1:colcon.colcon_core.environment:checking '/root/dream_ws/install/kr600' for CMake config files
[1.250s] Level 1:colcon.colcon_core.shell:create_environment_hook('kr600', 'cmake_prefix_path')
[1.250s] INFO:colcon.colcon_core.shell:Creating environment hook '/root/dream_ws/install/kr600/share/kr600/hook/cmake_prefix_path.ps1'
[1.251s] INFO:colcon.colcon_core.shell:Creating environment descriptor '/root/dream_ws/install/kr600/share/kr600/hook/cmake_prefix_path.dsv'
[1.252s] INFO:colcon.colcon_core.shell:Creating environment hook '/root/dream_ws/install/kr600/share/kr600/hook/cmake_prefix_path.sh'
[1.253s] Level 1:colcon.colcon_core.environment:checking '/root/dream_ws/install/kr600/bin'
[1.253s] Level 1:colcon.colcon_core.environment:checking '/root/dream_ws/install/kr600/lib/pkgconfig/kr600.pc'
[1.256s] Level 1:colcon.colcon_core.environment:checking '/root/dream_ws/install/kr600/lib/python3.10/site-packages'
[1.256s] Level 1:colcon.colcon_core.environment:checking '/root/dream_ws/install/kr600/bin'
[1.257s] INFO:colcon.colcon_core.shell:Creating package script '/root/dream_ws/install/kr600/share/kr600/package.ps1'
[1.258s] INFO:colcon.colcon_core.shell:Creating package descriptor '/root/dream_ws/install/kr600/share/kr600/package.dsv'
[1.258s] INFO:colcon.colcon_core.shell:Creating package script '/root/dream_ws/install/kr600/share/kr600/package.sh'
[1.259s] INFO:colcon.colcon_core.shell:Creating package script '/root/dream_ws/install/kr600/share/kr600/package.bash'
[1.260s] INFO:colcon.colcon_core.shell:Creating package script '/root/dream_ws/install/kr600/share/kr600/package.zsh'
[1.261s] Level 1:colcon.colcon_core.environment:create_file_with_runtime_dependencies(/root/dream_ws/install/kr600/share/colcon-core/packages/kr600)
[1.284s] Level 1:colcon.colcon_core.environment:create_environment_scripts_only(kr600)
[1.285s] Level 1:colcon.colcon_core.environment:checking '/root/dream_ws/install/kr600' for CMake module files
[1.285s] Level 1:colcon.colcon_core.environment:checking '/root/dream_ws/install/kr600' for CMake config files
[1.285s] Level 1:colcon.colcon_core.shell:create_environment_hook('kr600', 'cmake_prefix_path')
[1.286s] INFO:colcon.colcon_core.shell:Creating environment hook '/root/dream_ws/install/kr600/share/kr600/hook/cmake_prefix_path.ps1'
[1.286s] INFO:colcon.colcon_core.shell:Creating environment descriptor '/root/dream_ws/install/kr600/share/kr600/hook/cmake_prefix_path.dsv'
[1.287s] INFO:colcon.colcon_core.shell:Creating environment hook '/root/dream_ws/install/kr600/share/kr600/hook/cmake_prefix_path.sh'
[1.287s] Level 1:colcon.colcon_core.environment:checking '/root/dream_ws/install/kr600/bin'
[1.287s] Level 1:colcon.colcon_core.environment:checking '/root/dream_ws/install/kr600/lib/pkgconfig/kr600.pc'
[1.288s] Level 1:colcon.colcon_core.environment:checking '/root/dream_ws/install/kr600/lib/python3.10/site-packages'
[1.288s] Level 1:colcon.colcon_core.environment:checking '/root/dream_ws/install/kr600/bin'
[1.289s] INFO:colcon.colcon_core.shell:Creating package script '/root/dream_ws/install/kr600/share/kr600/package.ps1'
[1.291s] INFO:colcon.colcon_core.shell:Creating package descriptor '/root/dream_ws/install/kr600/share/kr600/package.dsv'
[1.291s] INFO:colcon.colcon_core.shell:Creating package script '/root/dream_ws/install/kr600/share/kr600/package.sh'
[1.293s] INFO:colcon.colcon_core.shell:Creating package script '/root/dream_ws/install/kr600/share/kr600/package.bash'
[1.293s] INFO:colcon.colcon_core.shell:Creating package script '/root/dream_ws/install/kr600/share/kr600/package.zsh'
[1.294s] Level 1:colcon.colcon_core.environment:create_file_with_runtime_dependencies(/root/dream_ws/install/kr600/share/colcon-core/packages/kr600)
[2.970s] DEBUG:colcon.colcon_core.event_handler.log_command:Invoked command in '/root/dream_ws/build/ros2_control_demo_example_2' returned '0': CMAKE_PREFIX_PATH=${CMAKE_PREFIX_PATH}:/opt/ros/humble /usr/bin/cmake /root/dream_ws/src/example_2 -DCMAKE_INSTALL_PREFIX=/root/dream_ws/install/ros2_control_demo_example_2
[2.972s] DEBUG:colcon.colcon_core.event_handler.log_command:Invoking command in '/root/dream_ws/build/ros2_control_demo_example_2': CMAKE_PREFIX_PATH=${CMAKE_PREFIX_PATH}:/opt/ros/humble /usr/bin/cmake --build /root/dream_ws/build/ros2_control_demo_example_2 -- -j12 -l12
[3.070s] DEBUG:colcon.colcon_core.event_handler.log_command:Invoked command in '/root/dream_ws/build/ros2_control_demo_example_7' returned '0': CMAKE_PREFIX_PATH=${CMAKE_PREFIX_PATH}:/opt/ros/humble /usr/bin/cmake /root/dream_ws/src/example_7 -DCMAKE_INSTALL_PREFIX=/root/dream_ws/install/ros2_control_demo_example_7
[3.071s] DEBUG:colcon.colcon_core.event_handler.log_command:Invoking command in '/root/dream_ws/build/ros2_control_demo_example_7': CMAKE_PREFIX_PATH=${CMAKE_PREFIX_PATH}:/opt/ros/humble /usr/bin/cmake --build /root/dream_ws/build/ros2_control_demo_example_7 -- -j12 -l12
[7.475s] DEBUG:colcon.colcon_core.event_handler.log_command:Invoked command in '/root/dream_ws/build/ros2_control_demo_example_2' returned '0': CMAKE_PREFIX_PATH=${CMAKE_PREFIX_PATH}:/opt/ros/humble /usr/bin/cmake --build /root/dream_ws/build/ros2_control_demo_example_2 -- -j12 -l12
[7.501s] DEBUG:colcon.colcon_core.event_handler.log_command:Invoking command in '/root/dream_ws/build/ros2_control_demo_example_2': CMAKE_PREFIX_PATH=${CMAKE_PREFIX_PATH}:/opt/ros/humble /usr/bin/cmake --install /root/dream_ws/build/ros2_control_demo_example_2
[7.517s] Level 1:colcon.colcon_core.environment:create_environment_scripts_only(ros2_control_demo_example_2)
[7.517s] DEBUG:colcon.colcon_core.event_handler.log_command:Invoked command in '/root/dream_ws/build/ros2_control_demo_example_2' returned '0': CMAKE_PREFIX_PATH=${CMAKE_PREFIX_PATH}:/opt/ros/humble /usr/bin/cmake --install /root/dream_ws/build/ros2_control_demo_example_2
[7.517s] Level 1:colcon.colcon_core.environment:checking '/root/dream_ws/install/ros2_control_demo_example_2' for CMake module files
[7.518s] Level 1:colcon.colcon_core.environment:checking '/root/dream_ws/install/ros2_control_demo_example_2' for CMake config files
[7.519s] Level 1:colcon.colcon_core.shell:create_environment_hook('ros2_control_demo_example_2', 'cmake_prefix_path')
[7.519s] INFO:colcon.colcon_core.shell:Creating environment hook '/root/dream_ws/install/ros2_control_demo_example_2/share/ros2_control_demo_example_2/hook/cmake_prefix_path.ps1'
[7.519s] INFO:colcon.colcon_core.shell:Creating environment descriptor '/root/dream_ws/install/ros2_control_demo_example_2/share/ros2_control_demo_example_2/hook/cmake_prefix_path.dsv'
[7.520s] INFO:colcon.colcon_core.shell:Creating environment hook '/root/dream_ws/install/ros2_control_demo_example_2/share/ros2_control_demo_example_2/hook/cmake_prefix_path.sh'
[7.520s] Level 1:colcon.colcon_core.environment:checking '/root/dream_ws/install/ros2_control_demo_example_2/lib'
[7.520s] Level 1:colcon.colcon_core.shell:create_environment_hook('ros2_control_demo_example_2', 'ld_library_path_lib')
[7.521s] INFO:colcon.colcon_core.shell:Creating environment hook '/root/dream_ws/install/ros2_control_demo_example_2/share/ros2_control_demo_example_2/hook/ld_library_path_lib.ps1'
[7.521s] INFO:colcon.colcon_core.shell:Creating environment descriptor '/root/dream_ws/install/ros2_control_demo_example_2/share/ros2_control_demo_example_2/hook/ld_library_path_lib.dsv'
[7.521s] INFO:colcon.colcon_core.shell:Creating environment hook '/root/dream_ws/install/ros2_control_demo_example_2/share/ros2_control_demo_example_2/hook/ld_library_path_lib.sh'
[7.521s] Level 1:colcon.colcon_core.environment:checking '/root/dream_ws/install/ros2_control_demo_example_2/bin'
[7.521s] Level 1:colcon.colcon_core.environment:checking '/root/dream_ws/install/ros2_control_demo_example_2/lib/pkgconfig/ros2_control_demo_example_2.pc'
[7.522s] Level 1:colcon.colcon_core.environment:checking '/root/dream_ws/install/ros2_control_demo_example_2/lib/python3.10/site-packages'
[7.522s] Level 1:colcon.colcon_core.environment:checking '/root/dream_ws/install/ros2_control_demo_example_2/bin'
[7.522s] INFO:colcon.colcon_core.shell:Creating package script '/root/dream_ws/install/ros2_control_demo_example_2/share/ros2_control_demo_example_2/package.ps1'
[7.523s] INFO:colcon.colcon_core.shell:Creating package descriptor '/root/dream_ws/install/ros2_control_demo_example_2/share/ros2_control_demo_example_2/package.dsv'
[7.523s] INFO:colcon.colcon_core.shell:Creating package script '/root/dream_ws/install/ros2_control_demo_example_2/share/ros2_control_demo_example_2/package.sh'
[7.524s] INFO:colcon.colcon_core.shell:Creating package script '/root/dream_ws/install/ros2_control_demo_example_2/share/ros2_control_demo_example_2/package.bash'
[7.524s] INFO:colcon.colcon_core.shell:Creating package script '/root/dream_ws/install/ros2_control_demo_example_2/share/ros2_control_demo_example_2/package.zsh'
[7.524s] Level 1:colcon.colcon_core.environment:create_file_with_runtime_dependencies(/root/dream_ws/install/ros2_control_demo_example_2/share/colcon-core/packages/ros2_control_demo_example_2)
[7.549s] Level 1:colcon.colcon_core.environment:create_environment_scripts_only(ros2_control_demo_example_2)
[7.549s] Level 1:colcon.colcon_core.environment:checking '/root/dream_ws/install/ros2_control_demo_example_2' for CMake module files
[7.550s] Level 1:colcon.colcon_core.environment:checking '/root/dream_ws/install/ros2_control_demo_example_2' for CMake config files
[7.550s] Level 1:colcon.colcon_core.shell:create_environment_hook('ros2_control_demo_example_2', 'cmake_prefix_path')
[7.550s] INFO:colcon.colcon_core.shell:Creating environment hook '/root/dream_ws/install/ros2_control_demo_example_2/share/ros2_control_demo_example_2/hook/cmake_prefix_path.ps1'
[7.551s] INFO:colcon.colcon_core.shell:Creating environment descriptor '/root/dream_ws/install/ros2_control_demo_example_2/share/ros2_control_demo_example_2/hook/cmake_prefix_path.dsv'
[7.551s] INFO:colcon.colcon_core.shell:Creating environment hook '/root/dream_ws/install/ros2_control_demo_example_2/share/ros2_control_demo_example_2/hook/cmake_prefix_path.sh'
[7.551s] Level 1:colcon.colcon_core.environment:checking '/root/dream_ws/install/ros2_control_demo_example_2/lib'
[7.552s] Level 1:colcon.colcon_core.shell:create_environment_hook('ros2_control_demo_example_2', 'ld_library_path_lib')
[7.552s] INFO:colcon.colcon_core.shell:Creating environment hook '/root/dream_ws/install/ros2_control_demo_example_2/share/ros2_control_demo_example_2/hook/ld_library_path_lib.ps1'
[7.552s] INFO:colcon.colcon_core.shell:Creating environment descriptor '/root/dream_ws/install/ros2_control_demo_example_2/share/ros2_control_demo_example_2/hook/ld_library_path_lib.dsv'
[7.552s] INFO:colcon.colcon_core.shell:Creating environment hook '/root/dream_ws/install/ros2_control_demo_example_2/share/ros2_control_demo_example_2/hook/ld_library_path_lib.sh'
[7.553s] Level 1:colcon.colcon_core.environment:checking '/root/dream_ws/install/ros2_control_demo_example_2/bin'
[7.553s] Level 1:colcon.colcon_core.environment:checking '/root/dream_ws/install/ros2_control_demo_example_2/lib/pkgconfig/ros2_control_demo_example_2.pc'
[7.553s] Level 1:colcon.colcon_core.environment:checking '/root/dream_ws/install/ros2_control_demo_example_2/lib/python3.10/site-packages'
[7.554s] Level 1:colcon.colcon_core.environment:checking '/root/dream_ws/install/ros2_control_demo_example_2/bin'
[7.554s] INFO:colcon.colcon_core.shell:Creating package script '/root/dream_ws/install/ros2_control_demo_example_2/share/ros2_control_demo_example_2/package.ps1'
[7.555s] INFO:colcon.colcon_core.shell:Creating package descriptor '/root/dream_ws/install/ros2_control_demo_example_2/share/ros2_control_demo_example_2/package.dsv'
[7.555s] INFO:colcon.colcon_core.shell:Creating package script '/root/dream_ws/install/ros2_control_demo_example_2/share/ros2_control_demo_example_2/package.sh'
[7.555s] INFO:colcon.colcon_core.shell:Creating package script '/root/dream_ws/install/ros2_control_demo_example_2/share/ros2_control_demo_example_2/package.bash'
[7.556s] INFO:colcon.colcon_core.shell:Creating package script '/root/dream_ws/install/ros2_control_demo_example_2/share/ros2_control_demo_example_2/package.zsh'
[7.556s] Level 1:colcon.colcon_core.environment:create_file_with_runtime_dependencies(/root/dream_ws/install/ros2_control_demo_example_2/share/colcon-core/packages/ros2_control_demo_example_2)
[13.185s] DEBUG:colcon.colcon_core.event_handler.log_command:Invoked command in '/root/dream_ws/build/ros2_control_demo_example_7' returned '0': CMAKE_PREFIX_PATH=${CMAKE_PREFIX_PATH}:/opt/ros/humble /usr/bin/cmake --build /root/dream_ws/build/ros2_control_demo_example_7 -- -j12 -l12
[13.215s] DEBUG:colcon.colcon_core.event_handler.log_command:Invoking command in '/root/dream_ws/build/ros2_control_demo_example_7': CMAKE_PREFIX_PATH=${CMAKE_PREFIX_PATH}:/opt/ros/humble /usr/bin/cmake --install /root/dream_ws/build/ros2_control_demo_example_7
[13.237s] Level 1:colcon.colcon_core.environment:create_environment_scripts_only(ros2_control_demo_example_7)
[13.238s] Level 1:colcon.colcon_core.environment:checking '/root/dream_ws/install/ros2_control_demo_example_7' for CMake module files
[13.239s] DEBUG:colcon.colcon_core.event_handler.log_command:Invoked command in '/root/dream_ws/build/ros2_control_demo_example_7' returned '0': CMAKE_PREFIX_PATH=${CMAKE_PREFIX_PATH}:/opt/ros/humble /usr/bin/cmake --install /root/dream_ws/build/ros2_control_demo_example_7
[13.239s] Level 1:colcon.colcon_core.environment:checking '/root/dream_ws/install/ros2_control_demo_example_7' for CMake config files
[13.239s] Level 1:colcon.colcon_core.shell:create_environment_hook('ros2_control_demo_example_7', 'cmake_prefix_path')
[13.240s] INFO:colcon.colcon_core.shell:Creating environment hook '/root/dream_ws/install/ros2_control_demo_example_7/share/ros2_control_demo_example_7/hook/cmake_prefix_path.ps1'
[13.240s] INFO:colcon.colcon_core.shell:Creating environment descriptor '/root/dream_ws/install/ros2_control_demo_example_7/share/ros2_control_demo_example_7/hook/cmake_prefix_path.dsv'
[13.240s] INFO:colcon.colcon_core.shell:Creating environment hook '/root/dream_ws/install/ros2_control_demo_example_7/share/ros2_control_demo_example_7/hook/cmake_prefix_path.sh'
[13.241s] Level 1:colcon.colcon_core.environment:checking '/root/dream_ws/install/ros2_control_demo_example_7/lib'
[13.241s] Level 1:colcon.colcon_core.shell:create_environment_hook('ros2_control_demo_example_7', 'ld_library_path_lib')
[13.241s] INFO:colcon.colcon_core.shell:Creating environment hook '/root/dream_ws/install/ros2_control_demo_example_7/share/ros2_control_demo_example_7/hook/ld_library_path_lib.ps1'
[13.241s] INFO:colcon.colcon_core.shell:Creating environment descriptor '/root/dream_ws/install/ros2_control_demo_example_7/share/ros2_control_demo_example_7/hook/ld_library_path_lib.dsv'
[13.242s] INFO:colcon.colcon_core.shell:Creating environment hook '/root/dream_ws/install/ros2_control_demo_example_7/share/ros2_control_demo_example_7/hook/ld_library_path_lib.sh'
[13.242s] Level 1:colcon.colcon_core.environment:checking '/root/dream_ws/install/ros2_control_demo_example_7/bin'
[13.242s] Level 1:colcon.colcon_core.environment:checking '/root/dream_ws/install/ros2_control_demo_example_7/lib/pkgconfig/ros2_control_demo_example_7.pc'
[13.242s] Level 1:colcon.colcon_core.environment:checking '/root/dream_ws/install/ros2_control_demo_example_7/lib/python3.10/site-packages'
[13.243s] Level 1:colcon.colcon_core.environment:checking '/root/dream_ws/install/ros2_control_demo_example_7/bin'
[13.243s] INFO:colcon.colcon_core.shell:Creating package script '/root/dream_ws/install/ros2_control_demo_example_7/share/ros2_control_demo_example_7/package.ps1'
[13.243s] INFO:colcon.colcon_core.shell:Creating package descriptor '/root/dream_ws/install/ros2_control_demo_example_7/share/ros2_control_demo_example_7/package.dsv'
[13.244s] INFO:colcon.colcon_core.shell:Creating package script '/root/dream_ws/install/ros2_control_demo_example_7/share/ros2_control_demo_example_7/package.sh'
[13.244s] INFO:colcon.colcon_core.shell:Creating package script '/root/dream_ws/install/ros2_control_demo_example_7/share/ros2_control_demo_example_7/package.bash'
[13.244s] INFO:colcon.colcon_core.shell:Creating package script '/root/dream_ws/install/ros2_control_demo_example_7/share/ros2_control_demo_example_7/package.zsh'
[13.245s] Level 1:colcon.colcon_core.environment:create_file_with_runtime_dependencies(/root/dream_ws/install/ros2_control_demo_example_7/share/colcon-core/packages/ros2_control_demo_example_7)
[13.274s] Level 1:colcon.colcon_core.environment:create_environment_scripts_only(ros2_control_demo_example_7)
[13.275s] Level 1:colcon.colcon_core.environment:checking '/root/dream_ws/install/ros2_control_demo_example_7' for CMake module files
[13.275s] Level 1:colcon.colcon_core.environment:checking '/root/dream_ws/install/ros2_control_demo_example_7' for CMake config files
[13.276s] Level 1:colcon.colcon_core.shell:create_environment_hook('ros2_control_demo_example_7', 'cmake_prefix_path')
[13.276s] INFO:colcon.colcon_core.shell:Creating environment hook '/root/dream_ws/install/ros2_control_demo_example_7/share/ros2_control_demo_example_7/hook/cmake_prefix_path.ps1'
[13.276s] INFO:colcon.colcon_core.shell:Creating environment descriptor '/root/dream_ws/install/ros2_control_demo_example_7/share/ros2_control_demo_example_7/hook/cmake_prefix_path.dsv'
[13.277s] INFO:colcon.colcon_core.shell:Creating environment hook '/root/dream_ws/install/ros2_control_demo_example_7/share/ros2_control_demo_example_7/hook/cmake_prefix_path.sh'
[13.277s] Level 1:colcon.colcon_core.environment:checking '/root/dream_ws/install/ros2_control_demo_example_7/lib'
[13.277s] Level 1:colcon.colcon_core.shell:create_environment_hook('ros2_control_demo_example_7', 'ld_library_path_lib')
[13.278s] INFO:colcon.colcon_core.shell:Creating environment hook '/root/dream_ws/install/ros2_control_demo_example_7/share/ros2_control_demo_example_7/hook/ld_library_path_lib.ps1'
[13.278s] INFO:colcon.colcon_core.shell:Creating environment descriptor '/root/dream_ws/install/ros2_control_demo_example_7/share/ros2_control_demo_example_7/hook/ld_library_path_lib.dsv'
[13.278s] INFO:colcon.colcon_core.shell:Creating environment hook '/root/dream_ws/install/ros2_control_demo_example_7/share/ros2_control_demo_example_7/hook/ld_library_path_lib.sh'
[13.279s] Level 1:colcon.colcon_core.environment:checking '/root/dream_ws/install/ros2_control_demo_example_7/bin'
[13.279s] Level 1:colcon.colcon_core.environment:checking '/root/dream_ws/install/ros2_control_demo_example_7/lib/pkgconfig/ros2_control_demo_example_7.pc'
[13.279s] Level 1:colcon.colcon_core.environment:checking '/root/dream_ws/install/ros2_control_demo_example_7/lib/python3.10/site-packages'
[13.279s] Level 1:colcon.colcon_core.environment:checking '/root/dream_ws/install/ros2_control_demo_example_7/bin'
[13.280s] INFO:colcon.colcon_core.shell:Creating package script '/root/dream_ws/install/ros2_control_demo_example_7/share/ros2_control_demo_example_7/package.ps1'
[13.280s] INFO:colcon.colcon_core.shell:Creating package descriptor '/root/dream_ws/install/ros2_control_demo_example_7/share/ros2_control_demo_example_7/package.dsv'
[13.281s] INFO:colcon.colcon_core.shell:Creating package script '/root/dream_ws/install/ros2_control_demo_example_7/share/ros2_control_demo_example_7/package.sh'
[13.281s] INFO:colcon.colcon_core.shell:Creating package script '/root/dream_ws/install/ros2_control_demo_example_7/share/ros2_control_demo_example_7/package.bash'
[13.282s] INFO:colcon.colcon_core.shell:Creating package script '/root/dream_ws/install/ros2_control_demo_example_7/share/ros2_control_demo_example_7/package.zsh'
[13.282s] Level 1:colcon.colcon_core.environment:create_file_with_runtime_dependencies(/root/dream_ws/install/ros2_control_demo_example_7/share/colcon-core/packages/ros2_control_demo_example_7)
[13.283s] DEBUG:colcon.colcon_parallel_executor.executor.parallel:closing loop
[13.284s] DEBUG:colcon.colcon_parallel_executor.executor.parallel:loop closed
[13.284s] DEBUG:colcon.colcon_parallel_executor.executor.parallel:run_until_complete finished with '0'
[13.284s] DEBUG:colcon.colcon_core.event_reactor:joining thread
[13.300s] INFO:colcon.colcon_core.plugin_system:Skipping extension 'colcon_notification.desktop_notification.notify_send': Could not find 'notify-send'
[13.300s] INFO:colcon.colcon_core.plugin_system:Skipping extension 'colcon_notification.desktop_notification.terminal_notifier': Not used on non-Darwin systems
[13.300s] INFO:colcon.colcon_core.plugin_system:Skipping extension 'colcon_notification.desktop_notification.win32': Not used on non-Windows systems
[13.300s] INFO:colcon.colcon_notification.desktop_notification:Sending desktop notification using 'notify2'
[13.302s] DEBUG:colcon.colcon_notification.desktop_notification.notify2:Failed to initialize notify2: org.freedesktop.DBus.Error.Spawn.ExecFailed: /usr/bin/dbus-launch terminated abnormally without any error message
[13.302s] DEBUG:colcon.colcon_core.event_reactor:joined thread
[13.303s] INFO:colcon.colcon_core.shell:Creating prefix script '/root/dream_ws/install/local_setup.ps1'
[13.305s] INFO:colcon.colcon_core.shell:Creating prefix util module '/root/dream_ws/install/_local_setup_util_ps1.py'
[13.307s] INFO:colcon.colcon_core.shell:Creating prefix chain script '/root/dream_ws/install/setup.ps1'
[13.309s] INFO:colcon.colcon_core.shell:Creating prefix script '/root/dream_ws/install/local_setup.sh'
[13.310s] INFO:colcon.colcon_core.shell:Creating prefix util module '/root/dream_ws/install/_local_setup_util_sh.py'
[13.310s] INFO:colcon.colcon_core.shell:Creating prefix chain script '/root/dream_ws/install/setup.sh'
[13.312s] INFO:colcon.colcon_core.shell:Creating prefix script '/root/dream_ws/install/local_setup.bash'
[13.312s] INFO:colcon.colcon_core.shell:Creating prefix chain script '/root/dream_ws/install/setup.bash'
[13.314s] INFO:colcon.colcon_core.shell:Creating prefix script '/root/dream_ws/install/local_setup.zsh'
[13.315s] INFO:colcon.colcon_core.shell:Creating prefix chain script '/root/dream_ws/install/setup.zsh'
