[0.016s] Invoking command in '/root/dream_ws/build/kr600': CMAKE_PREFIX_PATH=${CMAKE_PREFIX_PATH}:/opt/ros/humble /usr/bin/cmake /root/dream_ws/src/kr600 -DCMAKE_INSTALL_PREFIX=/root/dream_ws/install/kr600
[0.083s] -- The C compiler identification is GNU 11.4.0
[0.153s] -- The CXX compiler identification is GNU 11.4.0
[0.163s] -- Detecting C compiler ABI info
[0.242s] -- Detecting C compiler ABI info - done
[0.258s] -- Check for working C compiler: /usr/bin/cc - skipped
[0.258s] -- Detecting C compile features
[0.258s] -- Detecting C compile features - done
[0.263s] -- Detecting CXX compiler ABI info
[0.361s] -- Detecting CXX compiler ABI info - done
[0.377s] -- Check for working CXX compiler: /usr/bin/c++ - skipped
[0.377s] -- Detecting CXX compile features
[0.378s] -- Detecting CXX compile features - done
[0.384s] -- Found ament_cmake: 1.3.10 (/opt/ros/humble/share/ament_cmake/cmake)
[0.592s] -- Found Python3: /usr/bin/python3 (found version "3.10.12") found components: Interpreter 
[0.782s] -- Found ament_lint_auto: 0.12.11 (/opt/ros/humble/share/ament_lint_auto/cmake)
[0.941s] -- Added test 'flake8' to check Python code syntax and style conventions
[0.942s] -- Added test 'lint_cmake' to check CMake code style
[0.943s] -- Added test 'pep257' to check Python code against some of the docstring style conventions in PEP 257
[0.947s] -- Added test 'xmllint' to check XML markup files
[0.949s] -- Configuring done
[0.955s] -- Generating done
[0.956s] -- Build files have been written to: /root/dream_ws/build/kr600
[0.966s] Invoked command in '/root/dream_ws/build/kr600' returned '0': CMAKE_PREFIX_PATH=${CMAKE_PREFIX_PATH}:/opt/ros/humble /usr/bin/cmake /root/dream_ws/src/kr600 -DCMAKE_INSTALL_PREFIX=/root/dream_ws/install/kr600
[0.967s] Invoking command in '/root/dream_ws/build/kr600': CMAKE_PREFIX_PATH=${CMAKE_PREFIX_PATH}:/opt/ros/humble /usr/bin/cmake --build /root/dream_ws/build/kr600 -- -j12 -l12
[1.014s] Invoked command in '/root/dream_ws/build/kr600' returned '0': CMAKE_PREFIX_PATH=${CMAKE_PREFIX_PATH}:/opt/ros/humble /usr/bin/cmake --build /root/dream_ws/build/kr600 -- -j12 -l12
[1.059s] Invoking command in '/root/dream_ws/build/kr600': CMAKE_PREFIX_PATH=${CMAKE_PREFIX_PATH}:/opt/ros/humble /usr/bin/cmake --install /root/dream_ws/build/kr600
[1.067s] -- Install configuration: ""
[1.068s] -- Installing: /root/dream_ws/install/kr600/share/kr600/launch
[1.068s] -- Installing: /root/dream_ws/install/kr600/share/kr600/launch/kr600.launch.py
[1.068s] -- Installing: /root/dream_ws/install/kr600/share/kr600/launch/kr600_1.launch.py
[1.068s] -- Installing: /root/dream_ws/install/kr600/share/kr600/meshes
[1.069s] -- Installing: /root/dream_ws/install/kr600/share/kr600/meshes/link6.stl
[1.070s] -- Installing: /root/dream_ws/install/kr600/share/kr600/meshes/base_link.stl
[1.071s] -- Installing: /root/dream_ws/install/kr600/share/kr600/meshes/link4.stl
[1.073s] -- Installing: /root/dream_ws/install/kr600/share/kr600/meshes/link5.stl
[1.074s] -- Installing: /root/dream_ws/install/kr600/share/kr600/meshes/link3.stl
[1.076s] -- Installing: /root/dream_ws/install/kr600/share/kr600/meshes/link2.stl
[1.077s] -- Installing: /root/dream_ws/install/kr600/share/kr600/meshes/link1.stl
[1.079s] -- Installing: /root/dream_ws/install/kr600/share/kr600/rviz
[1.079s] -- Installing: /root/dream_ws/install/kr600/share/kr600/rviz/config.rviz
[1.079s] -- Installing: /root/dream_ws/install/kr600/share/kr600/urdf
[1.080s] -- Installing: /root/dream_ws/install/kr600/share/kr600/urdf/model.urdf.xacro
[1.080s] -- Installing: /root/dream_ws/install/kr600/share/kr600/urdf/old_model.urdf.xacro
[1.080s] -- Installing: /root/dream_ws/install/kr600/share/ament_index/resource_index/package_run_dependencies/kr600
[1.081s] -- Installing: /root/dream_ws/install/kr600/share/ament_index/resource_index/parent_prefix_path/kr600
[1.081s] -- Installing: /root/dream_ws/install/kr600/share/kr600/environment/ament_prefix_path.sh
[1.081s] -- Installing: /root/dream_ws/install/kr600/share/kr600/environment/ament_prefix_path.dsv
[1.082s] -- Installing: /root/dream_ws/install/kr600/share/kr600/environment/path.sh
[1.082s] -- Installing: /root/dream_ws/install/kr600/share/kr600/environment/path.dsv
[1.082s] -- Installing: /root/dream_ws/install/kr600/share/kr600/local_setup.bash
[1.083s] -- Installing: /root/dream_ws/install/kr600/share/kr600/local_setup.sh
[1.083s] -- Installing: /root/dream_ws/install/kr600/share/kr600/local_setup.zsh
[1.083s] -- Installing: /root/dream_ws/install/kr600/share/kr600/local_setup.dsv
[1.083s] -- Installing: /root/dream_ws/install/kr600/share/kr600/package.dsv
[1.084s] -- Installing: /root/dream_ws/install/kr600/share/ament_index/resource_index/packages/kr600
[1.084s] -- Installing: /root/dream_ws/install/kr600/share/kr600/cmake/kr600Config.cmake
[1.084s] -- Installing: /root/dream_ws/install/kr600/share/kr600/cmake/kr600Config-version.cmake
[1.084s] -- Installing: /root/dream_ws/install/kr600/share/kr600/package.xml
[1.087s] Invoked command in '/root/dream_ws/build/kr600' returned '0': CMAKE_PREFIX_PATH=${CMAKE_PREFIX_PATH}:/opt/ros/humble /usr/bin/cmake --install /root/dream_ws/build/kr600
