[0.020s] Invoking command in '/root/dream_ws/build/ros2_control_demo_example_2': CMAKE_PREFIX_PATH=${CMAKE_PREFIX_PATH}:/opt/ros/humble /usr/bin/cmake /root/dream_ws/src/example_2 -DCMAKE_INSTALL_PREFIX=/root/dream_ws/install/ros2_control_demo_example_2
[0.084s] -- The CXX compiler identification is GNU 11.4.0
[0.093s] -- Detecting CXX compiler ABI info
[0.173s] -- Detecting CXX compiler ABI info - done
[0.185s] -- Check for working CXX compiler: /usr/bin/c++ - skipped
[0.185s] -- Detecting CXX compile features
[0.185s] -- Detecting CXX compile features - done
[0.193s] -- Found ament_cmake: 1.3.10 (/opt/ros/humble/share/ament_cmake/cmake)
[0.352s] -- Found Python3: /usr/bin/python3 (found version "3.10.12") found components: Interpreter 
[0.471s] -- Found hardware_interface: 2.42.0 (/opt/ros/humble/share/hardware_interface/cmake)
[0.544s] -- Found rosidl_generator_c: 3.1.5 (/opt/ros/humble/share/rosidl_generator_c/cmake)
[0.559s] -- Found rosidl_adapter: 3.1.5 (/opt/ros/humble/share/rosidl_adapter/cmake)
[0.578s] -- Found rosidl_generator_cpp: 3.1.5 (/opt/ros/humble/share/rosidl_generator_cpp/cmake)
[0.601s] -- Using all available rosidl_typesupport_c: rosidl_typesupport_fastrtps_c;rosidl_typesupport_introspection_c
[0.640s] -- Using all available rosidl_typesupport_cpp: rosidl_typesupport_fastrtps_cpp;rosidl_typesupport_introspection_cpp
[1.049s] -- Found rmw_implementation_cmake: 6.1.2 (/opt/ros/humble/share/rmw_implementation_cmake/cmake)
[1.055s] -- Found rmw_fastrtps_cpp: 6.2.7 (/opt/ros/humble/share/rmw_fastrtps_cpp/cmake)
[1.098s] -- Found TinyXML2 via Config file: TinyXML2_DIR-NOTFOUND
[1.152s] -- Found OpenSSL: /usr/lib/x86_64-linux-gnu/libcrypto.so (found version "3.0.2")  
[1.156s] -- Found TinyXML2 via Config file: TinyXML2_DIR-NOTFOUND
[1.176s] -- Found FastRTPS: /opt/ros/humble/include  
[1.182s] -- Found TinyXML2 via Config file: TinyXML2_DIR-NOTFOUND
[1.193s] -- Found TinyXML2 via Config file: TinyXML2_DIR-NOTFOUND
[1.205s] -- Using RMW implementation 'rmw_fastrtps_cpp' as default
[1.221s] -- Looking for C++ include pthread.h
[1.303s] -- Looking for C++ include pthread.h - found
[1.304s] -- Performing Test CMAKE_HAVE_LIBC_PTHREAD
[1.392s] -- Performing Test CMAKE_HAVE_LIBC_PTHREAD - Success
[1.394s] -- Found Threads: TRUE  
[1.485s] -- Found ament_cmake_pytest: 1.3.10 (/opt/ros/humble/share/ament_cmake_pytest/cmake)
[2.537s] -- Configuring done
[2.573s] -- Generating done
[2.575s] -- Build files have been written to: /root/dream_ws/build/ros2_control_demo_example_2
[2.584s] Invoked command in '/root/dream_ws/build/ros2_control_demo_example_2' returned '0': CMAKE_PREFIX_PATH=${CMAKE_PREFIX_PATH}:/opt/ros/humble /usr/bin/cmake /root/dream_ws/src/example_2 -DCMAKE_INSTALL_PREFIX=/root/dream_ws/install/ros2_control_demo_example_2
[2.585s] Invoking command in '/root/dream_ws/build/ros2_control_demo_example_2': CMAKE_PREFIX_PATH=${CMAKE_PREFIX_PATH}:/opt/ros/humble /usr/bin/cmake --build /root/dream_ws/build/ros2_control_demo_example_2 -- -j12 -l12
[2.631s] [ 50%] [32mBuilding CXX object CMakeFiles/ros2_control_demo_example_2.dir/hardware/diffbot_system.cpp.o[0m
[6.897s] [100%] [32m[1mLinking CXX shared library libros2_control_demo_example_2.so[0m
[7.075s] [100%] Built target ros2_control_demo_example_2
[7.089s] Invoked command in '/root/dream_ws/build/ros2_control_demo_example_2' returned '0': CMAKE_PREFIX_PATH=${CMAKE_PREFIX_PATH}:/opt/ros/humble /usr/bin/cmake --build /root/dream_ws/build/ros2_control_demo_example_2 -- -j12 -l12
[7.115s] Invoking command in '/root/dream_ws/build/ros2_control_demo_example_2': CMAKE_PREFIX_PATH=${CMAKE_PREFIX_PATH}:/opt/ros/humble /usr/bin/cmake --install /root/dream_ws/build/ros2_control_demo_example_2
[7.122s] -- Install configuration: ""
[7.122s] -- Installing: /root/dream_ws/install/ros2_control_demo_example_2/share/ros2_control_demo_example_2/ros2_control_demo_example_2.xml
[7.122s] -- Installing: /root/dream_ws/install/ros2_control_demo_example_2/include/ros2_control_demo_example_2
[7.122s] -- Installing: /root/dream_ws/install/ros2_control_demo_example_2/include/ros2_control_demo_example_2/ros2_control_demo_example_2
[7.123s] -- Installing: /root/dream_ws/install/ros2_control_demo_example_2/include/ros2_control_demo_example_2/ros2_control_demo_example_2/diffbot_system.hpp
[7.123s] -- Installing: /root/dream_ws/install/ros2_control_demo_example_2/share/ros2_control_demo_example_2/launch
[7.123s] -- Installing: /root/dream_ws/install/ros2_control_demo_example_2/share/ros2_control_demo_example_2/launch/view_robot.launch.py
[7.123s] -- Installing: /root/dream_ws/install/ros2_control_demo_example_2/share/ros2_control_demo_example_2/ros2_control
[7.123s] -- Installing: /root/dream_ws/install/ros2_control_demo_example_2/share/ros2_control_demo_example_2/ros2_control/diffbot.ros2_control.xacro
[7.124s] -- Installing: /root/dream_ws/install/ros2_control_demo_example_2/share/ros2_control_demo_example_2/urdf
[7.124s] -- Installing: /root/dream_ws/install/ros2_control_demo_example_2/share/ros2_control_demo_example_2/urdf/diffbot.urdf.xacro
[7.124s] -- Up-to-date: /root/dream_ws/install/ros2_control_demo_example_2/share/ros2_control_demo_example_2/launch
[7.124s] -- Installing: /root/dream_ws/install/ros2_control_demo_example_2/share/ros2_control_demo_example_2/launch/diffbot.launch.py
[7.124s] -- Installing: /root/dream_ws/install/ros2_control_demo_example_2/share/ros2_control_demo_example_2/config
[7.124s] -- Installing: /root/dream_ws/install/ros2_control_demo_example_2/share/ros2_control_demo_example_2/config/diffbot_controllers.yaml
[7.125s] -- Installing: /root/dream_ws/install/ros2_control_demo_example_2/lib/libros2_control_demo_example_2.so
[7.125s] -- Set runtime path of "/root/dream_ws/install/ros2_control_demo_example_2/lib/libros2_control_demo_example_2.so" to ""
[7.125s] -- Installing: /root/dream_ws/install/ros2_control_demo_example_2/share/ros2_control_demo_example_2/environment/library_path.sh
[7.126s] -- Installing: /root/dream_ws/install/ros2_control_demo_example_2/share/ros2_control_demo_example_2/environment/library_path.dsv
[7.126s] -- Installing: /root/dream_ws/install/ros2_control_demo_example_2/share/ament_index/resource_index/package_run_dependencies/ros2_control_demo_example_2
[7.126s] -- Installing: /root/dream_ws/install/ros2_control_demo_example_2/share/ament_index/resource_index/parent_prefix_path/ros2_control_demo_example_2
[7.126s] -- Installing: /root/dream_ws/install/ros2_control_demo_example_2/share/ros2_control_demo_example_2/environment/ament_prefix_path.sh
[7.126s] -- Installing: /root/dream_ws/install/ros2_control_demo_example_2/share/ros2_control_demo_example_2/environment/ament_prefix_path.dsv
[7.127s] -- Installing: /root/dream_ws/install/ros2_control_demo_example_2/share/ros2_control_demo_example_2/environment/path.sh
[7.127s] -- Installing: /root/dream_ws/install/ros2_control_demo_example_2/share/ros2_control_demo_example_2/environment/path.dsv
[7.127s] -- Installing: /root/dream_ws/install/ros2_control_demo_example_2/share/ros2_control_demo_example_2/local_setup.bash
[7.127s] -- Installing: /root/dream_ws/install/ros2_control_demo_example_2/share/ros2_control_demo_example_2/local_setup.sh
[7.127s] -- Installing: /root/dream_ws/install/ros2_control_demo_example_2/share/ros2_control_demo_example_2/local_setup.zsh
[7.128s] -- Installing: /root/dream_ws/install/ros2_control_demo_example_2/share/ros2_control_demo_example_2/local_setup.dsv
[7.128s] -- Installing: /root/dream_ws/install/ros2_control_demo_example_2/share/ros2_control_demo_example_2/package.dsv
[7.128s] -- Installing: /root/dream_ws/install/ros2_control_demo_example_2/share/ament_index/resource_index/packages/ros2_control_demo_example_2
[7.128s] -- Installing: /root/dream_ws/install/ros2_control_demo_example_2/share/ament_index/resource_index/hardware_interface__pluginlib__plugin/ros2_control_demo_example_2
[7.129s] -- Installing: /root/dream_ws/install/ros2_control_demo_example_2/share/ros2_control_demo_example_2/cmake/export_ros2_control_demo_example_2Export.cmake
[7.129s] -- Installing: /root/dream_ws/install/ros2_control_demo_example_2/share/ros2_control_demo_example_2/cmake/export_ros2_control_demo_example_2Export-noconfig.cmake
[7.129s] -- Installing: /root/dream_ws/install/ros2_control_demo_example_2/share/ros2_control_demo_example_2/cmake/ament_cmake_export_targets-extras.cmake
[7.129s] -- Installing: /root/dream_ws/install/ros2_control_demo_example_2/share/ros2_control_demo_example_2/cmake/ament_cmake_export_dependencies-extras.cmake
[7.129s] -- Installing: /root/dream_ws/install/ros2_control_demo_example_2/share/ros2_control_demo_example_2/cmake/ros2_control_demo_example_2Config.cmake
[7.129s] -- Installing: /root/dream_ws/install/ros2_control_demo_example_2/share/ros2_control_demo_example_2/cmake/ros2_control_demo_example_2Config-version.cmake
[7.129s] -- Installing: /root/dream_ws/install/ros2_control_demo_example_2/share/ros2_control_demo_example_2/package.xml
[7.131s] Invoked command in '/root/dream_ws/build/ros2_control_demo_example_2' returned '0': CMAKE_PREFIX_PATH=${CMAKE_PREFIX_PATH}:/opt/ros/humble /usr/bin/cmake --install /root/dream_ws/build/ros2_control_demo_example_2
