[0.034s] Invoking command in '/root/dream_ws/build/kr600': CMAKE_PREFIX_PATH=${CMAKE_PREFIX_PATH}:/opt/ros/humble /usr/bin/cmake --build /root/dream_ws/build/kr600 -- -j12 -l12
[0.168s] Invoked command in '/root/dream_ws/build/kr600' returned '0': CMAKE_PREFIX_PATH=${CMAKE_PREFIX_PATH}:/opt/ros/humble /usr/bin/cmake --build /root/dream_ws/build/kr600 -- -j12 -l12
[0.197s] Invoking command in '/root/dream_ws/build/kr600': CMAKE_PREFIX_PATH=${CMAKE_PREFIX_PATH}:/opt/ros/humble /usr/bin/cmake --install /root/dream_ws/build/kr600
[0.204s] -- Install configuration: ""
[0.204s] -- Installing: /root/dream_ws/install/kr600/share/kr600/launch
[0.205s] -- Installing: /root/dream_ws/install/kr600/share/kr600/launch/kr600.launch.py
[0.206s] -- Installing: /root/dream_ws/install/kr600/share/kr600/launch/kr600_1.launch.py
[0.206s] -- Installing: /root/dream_ws/install/kr600/share/kr600/meshes
[0.206s] -- Installing: /root/dream_ws/install/kr600/share/kr600/meshes/link6.stl
[0.210s] -- Installing: /root/dream_ws/install/kr600/share/kr600/meshes/base_link.stl
[0.214s] -- Installing: /root/dream_ws/install/kr600/share/kr600/meshes/link4.stl
[0.219s] -- Installing: /root/dream_ws/install/kr600/share/kr600/meshes/link5.stl
[0.222s] -- Installing: /root/dream_ws/install/kr600/share/kr600/meshes/link3.stl
[0.228s] -- Installing: /root/dream_ws/install/kr600/share/kr600/meshes/link2.stl
[0.233s] -- Installing: /root/dream_ws/install/kr600/share/kr600/meshes/description.txt
[0.233s] -- Installing: /root/dream_ws/install/kr600/share/kr600/meshes/link1.stl
[0.238s] -- Installing: /root/dream_ws/install/kr600/share/kr600/rviz
[0.239s] -- Installing: /root/dream_ws/install/kr600/share/kr600/rviz/config.rviz
[0.239s] -- Installing: /root/dream_ws/install/kr600/share/kr600/urdf
[0.239s] -- Installing: /root/dream_ws/install/kr600/share/kr600/urdf/model.urdf.xacro
[0.240s] -- Installing: /root/dream_ws/install/kr600/share/ament_index/resource_index/package_run_dependencies/kr600
[0.241s] -- Installing: /root/dream_ws/install/kr600/share/ament_index/resource_index/parent_prefix_path/kr600
[0.241s] -- Installing: /root/dream_ws/install/kr600/share/kr600/environment/ament_prefix_path.sh
[0.242s] -- Installing: /root/dream_ws/install/kr600/share/kr600/environment/ament_prefix_path.dsv
[0.242s] -- Installing: /root/dream_ws/install/kr600/share/kr600/environment/path.sh
[0.243s] -- Installing: /root/dream_ws/install/kr600/share/kr600/environment/path.dsv
[0.244s] -- Installing: /root/dream_ws/install/kr600/share/kr600/local_setup.bash
[0.244s] -- Installing: /root/dream_ws/install/kr600/share/kr600/local_setup.sh
[0.245s] -- Installing: /root/dream_ws/install/kr600/share/kr600/local_setup.zsh
[0.245s] -- Installing: /root/dream_ws/install/kr600/share/kr600/local_setup.dsv
[0.246s] -- Installing: /root/dream_ws/install/kr600/share/kr600/package.dsv
[0.247s] -- Installing: /root/dream_ws/install/kr600/share/ament_index/resource_index/packages/kr600
[0.247s] -- Installing: /root/dream_ws/install/kr600/share/kr600/cmake/kr600Config.cmake
[0.247s] -- Installing: /root/dream_ws/install/kr600/share/kr600/cmake/kr600Config-version.cmake
[0.248s] -- Installing: /root/dream_ws/install/kr600/share/kr600/package.xml
[0.249s] Invoked command in '/root/dream_ws/build/kr600' returned '0': CMAKE_PREFIX_PATH=${CMAKE_PREFIX_PATH}:/opt/ros/humble /usr/bin/cmake --install /root/dream_ws/build/kr600
