[0.299s] Invoking command in '/root/dream_ws/build/kr600': CMAKE_PREFIX_PATH=${CMAKE_PREFIX_PATH}:/opt/ros/humble /usr/bin/cmake --build /root/dream_ws/build/kr600 -- -j12 -l12
[0.358s] Invoked command in '/root/dream_ws/build/kr600' returned '0': CMAKE_PREFIX_PATH=${CMAKE_PREFIX_PATH}:/opt/ros/humble /usr/bin/cmake --build /root/dream_ws/build/kr600 -- -j12 -l12
[0.389s] Invoking command in '/root/dream_ws/build/kr600': CMAKE_PREFIX_PATH=${CMAKE_PREFIX_PATH}:/opt/ros/humble /usr/bin/cmake --install /root/dream_ws/build/kr600
[0.395s] -- Install configuration: ""
[0.396s] -- Installing: /root/dream_ws/install/kr600/share/kr600/launch
[0.396s] -- Installing: /root/dream_ws/install/kr600/share/kr600/launch/kr600.launch.py
[0.397s] -- Installing: /root/dream_ws/install/kr600/share/kr600/launch/kr600_1.launch.py
[0.397s] -- Installing: /root/dream_ws/install/kr600/share/kr600/meshes
[0.398s] -- Installing: /root/dream_ws/install/kr600/share/kr600/meshes/link6.stl
[0.401s] -- Installing: /root/dream_ws/install/kr600/share/kr600/meshes/base_link.stl
[0.406s] -- Installing: /root/dream_ws/install/kr600/share/kr600/meshes/link4.stl
[0.411s] -- Installing: /root/dream_ws/install/kr600/share/kr600/meshes/link5.stl
[0.414s] -- Installing: /root/dream_ws/install/kr600/share/kr600/meshes/link3.stl
[0.420s] -- Installing: /root/dream_ws/install/kr600/share/kr600/meshes/link2.stl
[0.426s] -- Installing: /root/dream_ws/install/kr600/share/kr600/meshes/description.txt
[0.426s] -- Installing: /root/dream_ws/install/kr600/share/kr600/meshes/link1.stl
[0.431s] -- Installing: /root/dream_ws/install/kr600/share/kr600/rviz
[0.432s] -- Installing: /root/dream_ws/install/kr600/share/kr600/rviz/config.rviz
[0.432s] -- Installing: /root/dream_ws/install/kr600/share/kr600/urdf
[0.433s] -- Installing: /root/dream_ws/install/kr600/share/kr600/urdf/model.urdf.xacro
[0.433s] -- Installing: /root/dream_ws/install/kr600/share/ament_index/resource_index/package_run_dependencies/kr600
[0.434s] -- Installing: /root/dream_ws/install/kr600/share/ament_index/resource_index/parent_prefix_path/kr600
[0.435s] -- Installing: /root/dream_ws/install/kr600/share/kr600/environment/ament_prefix_path.sh
[0.435s] -- Installing: /root/dream_ws/install/kr600/share/kr600/environment/ament_prefix_path.dsv
[0.436s] -- Installing: /root/dream_ws/install/kr600/share/kr600/environment/path.sh
[0.436s] -- Installing: /root/dream_ws/install/kr600/share/kr600/environment/path.dsv
[0.437s] -- Installing: /root/dream_ws/install/kr600/share/kr600/local_setup.bash
[0.437s] -- Installing: /root/dream_ws/install/kr600/share/kr600/local_setup.sh
[0.438s] -- Installing: /root/dream_ws/install/kr600/share/kr600/local_setup.zsh
[0.439s] -- Installing: /root/dream_ws/install/kr600/share/kr600/local_setup.dsv
[0.439s] -- Installing: /root/dream_ws/install/kr600/share/kr600/package.dsv
[0.440s] -- Installing: /root/dream_ws/install/kr600/share/ament_index/resource_index/packages/kr600
[0.440s] -- Installing: /root/dream_ws/install/kr600/share/kr600/cmake/kr600Config.cmake
[0.440s] -- Installing: /root/dream_ws/install/kr600/share/kr600/cmake/kr600Config-version.cmake
[0.441s] -- Installing: /root/dream_ws/install/kr600/share/kr600/package.xml
[0.443s] Invoked command in '/root/dream_ws/build/kr600' returned '0': CMAKE_PREFIX_PATH=${CMAKE_PREFIX_PATH}:/opt/ros/humble /usr/bin/cmake --install /root/dream_ws/build/kr600
