[0.048s] Invoking command in '/root/dream_ws/build/ros2_control_demo_description': CMAKE_PREFIX_PATH=${CMAKE_PREFIX_PATH}:/opt/ros/humble /usr/bin/cmake /root/dream_ws/src/ros2_control_demos/ros2_control_demo_description -DCMAKE_INSTALL_PREFIX=/root/dream_ws/install/ros2_control_demo_description
[0.369s] -- The C compiler identification is GNU 11.4.0
[0.533s] -- The CXX compiler identification is GNU 11.4.0
[0.549s] -- Detecting C compiler ABI info
[0.627s] -- Detecting C compiler ABI info - done
[0.640s] -- Check for working C compiler: /usr/bin/cc - skipped
[0.641s] -- Detecting C compile features
[0.642s] -- Detecting C compile features - done
[0.648s] -- Detecting CXX compiler ABI info
[0.734s] -- Detecting CXX compiler ABI info - done
[0.745s] -- Check for working CXX compiler: /usr/bin/c++ - skipped
[0.745s] -- Detecting CXX compile features
[0.746s] -- Detecting CXX compile features - done
[0.763s] -- Found ament_cmake: 1.3.10 (/opt/ros/humble/share/ament_cmake/cmake)
[0.923s] -- Found Python3: /usr/bin/python3 (found version "3.10.12") found components: Interpreter 
[1.145s] -- Configuring done
[1.148s] -- Generating done
[1.149s] -- Build files have been written to: /root/dream_ws/build/ros2_control_demo_description
[1.152s] Invoked command in '/root/dream_ws/build/ros2_control_demo_description' returned '0': CMAKE_PREFIX_PATH=${CMAKE_PREFIX_PATH}:/opt/ros/humble /usr/bin/cmake /root/dream_ws/src/ros2_control_demos/ros2_control_demo_description -DCMAKE_INSTALL_PREFIX=/root/dream_ws/install/ros2_control_demo_description
[1.154s] Invoking command in '/root/dream_ws/build/ros2_control_demo_description': CMAKE_PREFIX_PATH=${CMAKE_PREFIX_PATH}:/opt/ros/humble /usr/bin/cmake --build /root/dream_ws/build/ros2_control_demo_description -- -j12 -l12
[1.185s] Invoked command in '/root/dream_ws/build/ros2_control_demo_description' returned '0': CMAKE_PREFIX_PATH=${CMAKE_PREFIX_PATH}:/opt/ros/humble /usr/bin/cmake --build /root/dream_ws/build/ros2_control_demo_description -- -j12 -l12
[1.206s] Invoking command in '/root/dream_ws/build/ros2_control_demo_description': CMAKE_PREFIX_PATH=${CMAKE_PREFIX_PATH}:/opt/ros/humble /usr/bin/cmake --install /root/dream_ws/build/ros2_control_demo_description
[1.211s] -- Install configuration: ""
[1.211s] -- Installing: /root/dream_ws/install/ros2_control_demo_description/share/ros2_control_demo_description/rrbot/urdf
[1.212s] -- Installing: /root/dream_ws/install/ros2_control_demo_description/share/ros2_control_demo_description/rrbot/urdf/rrbot.materials.xacro
[1.212s] -- Installing: /root/dream_ws/install/ros2_control_demo_description/share/ros2_control_demo_description/rrbot/urdf/rrbot_description.urdf.xacro
[1.212s] -- Installing: /root/dream_ws/install/ros2_control_demo_description/share/ros2_control_demo_description/rrbot/rviz
[1.212s] -- Installing: /root/dream_ws/install/ros2_control_demo_description/share/ros2_control_demo_description/rrbot/rviz/rrbot.rviz
[1.212s] -- Installing: /root/dream_ws/install/ros2_control_demo_description/share/ros2_control_demo_description/diffbot/urdf
[1.213s] -- Installing: /root/dream_ws/install/ros2_control_demo_description/share/ros2_control_demo_description/diffbot/urdf/diffbot_description.urdf.xacro
[1.213s] -- Installing: /root/dream_ws/install/ros2_control_demo_description/share/ros2_control_demo_description/diffbot/urdf/diffbot.materials.xacro
[1.213s] -- Installing: /root/dream_ws/install/ros2_control_demo_description/share/ros2_control_demo_description/diffbot/rviz
[1.213s] -- Installing: /root/dream_ws/install/ros2_control_demo_description/share/ros2_control_demo_description/diffbot/rviz/diffbot_view.rviz
[1.213s] -- Installing: /root/dream_ws/install/ros2_control_demo_description/share/ros2_control_demo_description/diffbot/rviz/diffbot.rviz
[1.213s] -- Installing: /root/dream_ws/install/ros2_control_demo_description/share/ros2_control_demo_description/carlikebot/urdf
[1.214s] -- Installing: /root/dream_ws/install/ros2_control_demo_description/share/ros2_control_demo_description/carlikebot/urdf/carlikebot.materials.xacro
[1.214s] -- Installing: /root/dream_ws/install/ros2_control_demo_description/share/ros2_control_demo_description/carlikebot/urdf/carlikebot_description.urdf.xacro
[1.215s] -- Installing: /root/dream_ws/install/ros2_control_demo_description/share/ros2_control_demo_description/carlikebot/rviz
[1.215s] -- Installing: /root/dream_ws/install/ros2_control_demo_description/share/ros2_control_demo_description/carlikebot/rviz/carlikebot.rviz
[1.215s] -- Installing: /root/dream_ws/install/ros2_control_demo_description/share/ros2_control_demo_description/carlikebot/rviz/carlikebot_view.rviz
[1.215s] -- Installing: /root/dream_ws/install/ros2_control_demo_description/share/ros2_control_demo_description/r6bot/meshes
[1.216s] -- Installing: /root/dream_ws/install/ros2_control_demo_description/share/ros2_control_demo_description/r6bot/meshes/collision
[1.216s] -- Installing: /root/dream_ws/install/ros2_control_demo_description/share/ros2_control_demo_description/r6bot/meshes/collision/link_1.stl
[1.216s] -- Installing: /root/dream_ws/install/ros2_control_demo_description/share/ros2_control_demo_description/r6bot/meshes/collision/link_4.stl
[1.218s] -- Installing: /root/dream_ws/install/ros2_control_demo_description/share/ros2_control_demo_description/r6bot/meshes/collision/link_6.stl
[1.218s] -- Installing: /root/dream_ws/install/ros2_control_demo_description/share/ros2_control_demo_description/r6bot/meshes/collision/link_3.stl
[1.218s] -- Installing: /root/dream_ws/install/ros2_control_demo_description/share/ros2_control_demo_description/r6bot/meshes/collision/link_5.stl
[1.218s] -- Installing: /root/dream_ws/install/ros2_control_demo_description/share/ros2_control_demo_description/r6bot/meshes/collision/link_0.stl
[1.218s] -- Installing: /root/dream_ws/install/ros2_control_demo_description/share/ros2_control_demo_description/r6bot/meshes/collision/link_2.stl
[1.219s] -- Installing: /root/dream_ws/install/ros2_control_demo_description/share/ros2_control_demo_description/r6bot/meshes/visual
[1.219s] -- Installing: /root/dream_ws/install/ros2_control_demo_description/share/ros2_control_demo_description/r6bot/meshes/visual/link_2.dae
[1.224s] -- Installing: /root/dream_ws/install/ros2_control_demo_description/share/ros2_control_demo_description/r6bot/meshes/visual/link_3.dae
[1.224s] -- Installing: /root/dream_ws/install/ros2_control_demo_description/share/ros2_control_demo_description/r6bot/meshes/visual/link_1.dae
[1.224s] -- Installing: /root/dream_ws/install/ros2_control_demo_description/share/ros2_control_demo_description/r6bot/meshes/visual/link_4.dae
[1.225s] -- Installing: /root/dream_ws/install/ros2_control_demo_description/share/ros2_control_demo_description/r6bot/meshes/visual/link_0.dae
[1.226s] -- Installing: /root/dream_ws/install/ros2_control_demo_description/share/ros2_control_demo_description/r6bot/meshes/visual/link_6.dae
[1.227s] -- Installing: /root/dream_ws/install/ros2_control_demo_description/share/ros2_control_demo_description/r6bot/meshes/visual/link_5.dae
[1.227s] -- Installing: /root/dream_ws/install/ros2_control_demo_description/share/ros2_control_demo_description/r6bot/srdf
[1.227s] -- Installing: /root/dream_ws/install/ros2_control_demo_description/share/ros2_control_demo_description/r6bot/srdf/r6bot.srdf
[1.228s] -- Installing: /root/dream_ws/install/ros2_control_demo_description/share/ros2_control_demo_description/r6bot/urdf
[1.228s] -- Installing: /root/dream_ws/install/ros2_control_demo_description/share/ros2_control_demo_description/r6bot/urdf/r6bot_description.urdf.xacro
[1.228s] -- Installing: /root/dream_ws/install/ros2_control_demo_description/share/ros2_control_demo_description/r6bot/urdf/inc
[1.229s] -- Installing: /root/dream_ws/install/ros2_control_demo_description/share/ros2_control_demo_description/r6bot/urdf/inc/create_link.xacro
[1.230s] -- Installing: /root/dream_ws/install/ros2_control_demo_description/share/ros2_control_demo_description/r6bot/rviz
[1.231s] -- Installing: /root/dream_ws/install/ros2_control_demo_description/share/ros2_control_demo_description/r6bot/rviz/view_robot.rviz
[1.231s] -- Installing: /root/dream_ws/install/ros2_control_demo_description/share/ament_index/resource_index/package_run_dependencies/ros2_control_demo_description
[1.231s] -- Installing: /root/dream_ws/install/ros2_control_demo_description/share/ament_index/resource_index/parent_prefix_path/ros2_control_demo_description
[1.231s] -- Installing: /root/dream_ws/install/ros2_control_demo_description/share/ros2_control_demo_description/environment/ament_prefix_path.sh
[1.231s] -- Installing: /root/dream_ws/install/ros2_control_demo_description/share/ros2_control_demo_description/environment/ament_prefix_path.dsv
[1.231s] -- Installing: /root/dream_ws/install/ros2_control_demo_description/share/ros2_control_demo_description/environment/path.sh
[1.232s] -- Installing: /root/dream_ws/install/ros2_control_demo_description/share/ros2_control_demo_description/environment/path.dsv
[1.232s] -- Installing: /root/dream_ws/install/ros2_control_demo_description/share/ros2_control_demo_description/local_setup.bash
[1.232s] -- Installing: /root/dream_ws/install/ros2_control_demo_description/share/ros2_control_demo_description/local_setup.sh
[1.233s] -- Installing: /root/dream_ws/install/ros2_control_demo_description/share/ros2_control_demo_description/local_setup.zsh
[1.233s] -- Installing: /root/dream_ws/install/ros2_control_demo_description/share/ros2_control_demo_description/local_setup.dsv
[1.233s] -- Installing: /root/dream_ws/install/ros2_control_demo_description/share/ros2_control_demo_description/package.dsv
[1.233s] -- Installing: /root/dream_ws/install/ros2_control_demo_description/share/ament_index/resource_index/packages/ros2_control_demo_description
[1.234s] -- Installing: /root/dream_ws/install/ros2_control_demo_description/share/ros2_control_demo_description/cmake/ros2_control_demo_descriptionConfig.cmake
[1.234s] -- Installing: /root/dream_ws/install/ros2_control_demo_description/share/ros2_control_demo_description/cmake/ros2_control_demo_descriptionConfig-version.cmake
[1.234s] -- Installing: /root/dream_ws/install/ros2_control_demo_description/share/ros2_control_demo_description/package.xml
[1.234s] Invoked command in '/root/dream_ws/build/ros2_control_demo_description' returned '0': CMAKE_PREFIX_PATH=${CMAKE_PREFIX_PATH}:/opt/ros/humble /usr/bin/cmake --install /root/dream_ws/build/ros2_control_demo_description
