[0.059s] Invoking command in '/root/dream_ws/build/ros2_control_demo_example_7': AMENT_PREFIX_PATH=/root/dream_ws/install/ros2_control_demo_testing:/root/dream_ws/install/ros2_control_demo_description:${AMENT_PREFIX_PATH} CMAKE_PREFIX_PATH=/root/dream_ws/install/ros2_control_demo_description:/root/dream_ws/install/kr600:/root/dev_ws/install/simple_bot_config:/root/dev_ws/install/movbot_config:/root/dev_ws/install/simple_bot:/root/dev_ws/install/moveit_demo:/root/dev_ws/install/cobot_simulation_config:/root/dev_ws/install/cobot_simulation:/root/dev_ws/install/basic_mobile_robot:/root/dev_ws/install/arm6axis:/opt/ros/humble PYTHONPATH=/root/dream_ws/install/ros2_control_demo_testing/lib/python3.10/site-packages:${PYTHONPATH} /usr/bin/cmake /root/dream_ws/src/ros2_control_demos/example_7 -DCMAKE_INSTALL_PREFIX=/root/dream_ws/install/ros2_control_demo_example_7
[0.440s] -- The CXX compiler identification is GNU 11.4.0
[0.440s] -- Detecting CXX compiler ABI info
[0.440s] -- Detecting CXX compiler ABI info - done
[0.440s] -- Check for working CXX compiler: /usr/bin/c++ - skipped
[0.440s] -- Detecting CXX compile features
[0.441s] -- Detecting CXX compile features - done
[0.445s] [33mCMake Warning at CMakeLists.txt:31 (find_package):
[0.445s]   Could not find a configuration file for package "controller_manager" that
[0.445s]   is compatible with requested version "4.0.0".
[0.445s] 
[0.445s]   The following configuration files were considered but not accepted:
[0.446s] 
[0.446s]     /opt/ros/humble/share/controller_manager/cmake/controller_managerConfig.cmake, version: 2.42.0
[0.446s] 
[0.446s] 
[0.446s] [0m
[0.447s] [31mCMake Error at CMakeLists.txt:34 (message):
[0.447s]   ros2_control version 4.0.0 or higher is required.  Are you using the
[0.447s]   correct branch of the ros2_control_demos repository?
[0.447s] 
[0.447s] [0m
[0.447s] -- Configuring incomplete, errors occurred!
[0.448s] See also "/root/dream_ws/build/ros2_control_demo_example_7/CMakeFiles/CMakeOutput.log".
[0.474s] Invoked command in '/root/dream_ws/build/ros2_control_demo_example_7' returned '1': AMENT_PREFIX_PATH=/root/dream_ws/install/ros2_control_demo_testing:/root/dream_ws/install/ros2_control_demo_description:${AMENT_PREFIX_PATH} CMAKE_PREFIX_PATH=/root/dream_ws/install/ros2_control_demo_description:/root/dream_ws/install/kr600:/root/dev_ws/install/simple_bot_config:/root/dev_ws/install/movbot_config:/root/dev_ws/install/simple_bot:/root/dev_ws/install/moveit_demo:/root/dev_ws/install/cobot_simulation_config:/root/dev_ws/install/cobot_simulation:/root/dev_ws/install/basic_mobile_robot:/root/dev_ws/install/arm6axis:/opt/ros/humble PYTHONPATH=/root/dream_ws/install/ros2_control_demo_testing/lib/python3.10/site-packages:${PYTHONPATH} /usr/bin/cmake /root/dream_ws/src/ros2_control_demos/example_7 -DCMAKE_INSTALL_PREFIX=/root/dream_ws/install/ros2_control_demo_example_7
