[0.094s] Invoking command in '/root/dream_ws/build/ros2_control_demo_example_9': AMENT_PREFIX_PATH=/root/dream_ws/install/ros2_control_demo_testing:/root/dream_ws/install/ros2_control_demo_description:${AMENT_PREFIX_PATH} CMAKE_PREFIX_PATH=/root/dream_ws/install/ros2_control_demo_description:/root/dream_ws/install/ros2_control_demo_example_7:/root/dream_ws/install/ros2_control_demo_example_2:/root/dream_ws/install/kr600:/root/dev_ws/install/simple_bot_config:/root/dev_ws/install/movbot_config:/root/dev_ws/install/simple_bot:/root/dev_ws/install/moveit_demo:/root/dev_ws/install/cobot_simulation_config:/root/dev_ws/install/cobot_simulation:/root/dev_ws/install/basic_mobile_robot:/root/dev_ws/install/arm6axis:/opt/ros/humble PYTHONPATH=/root/dream_ws/install/ros2_control_demo_testing/lib/python3.10/site-packages:${PYTHONPATH} /usr/bin/cmake /root/dream_ws/src/ros2_control_demos/example_9 -DCMAKE_INSTALL_PREFIX=/root/dream_ws/install/ros2_control_demo_example_9
[0.230s] -- The CXX compiler identification is GNU 11.4.0
[0.246s] -- Detecting CXX compiler ABI info
[0.378s] -- Detecting CXX compiler ABI info - done
[0.395s] -- Check for working CXX compiler: /usr/bin/c++ - skipped
[0.395s] -- Detecting CXX compile features
[0.396s] -- Detecting CXX compile features - done
[0.406s] -- Found ament_cmake: 1.3.10 (/opt/ros/humble/share/ament_cmake/cmake)
[0.632s] -- Found Python3: /usr/bin/python3 (found version "3.10.12") found components: Interpreter 
[0.804s] -- Found hardware_interface: 2.42.0 (/opt/ros/humble/share/hardware_interface/cmake)
[0.889s] -- Found rosidl_generator_c: 3.1.5 (/opt/ros/humble/share/rosidl_generator_c/cmake)
[0.901s] -- Found rosidl_adapter: 3.1.5 (/opt/ros/humble/share/rosidl_adapter/cmake)
[0.922s] -- Found rosidl_generator_cpp: 3.1.5 (/opt/ros/humble/share/rosidl_generator_cpp/cmake)
[0.945s] -- Using all available rosidl_typesupport_c: rosidl_typesupport_fastrtps_c;rosidl_typesupport_introspection_c
[0.982s] -- Using all available rosidl_typesupport_cpp: rosidl_typesupport_fastrtps_cpp;rosidl_typesupport_introspection_cpp
[1.436s] -- Found rmw_implementation_cmake: 6.1.2 (/opt/ros/humble/share/rmw_implementation_cmake/cmake)
[1.443s] -- Found rmw_fastrtps_cpp: 6.2.7 (/opt/ros/humble/share/rmw_fastrtps_cpp/cmake)
[1.491s] -- Found TinyXML2 via Config file: TinyXML2_DIR-NOTFOUND
[1.544s] -- Found OpenSSL: /usr/lib/x86_64-linux-gnu/libcrypto.so (found version "3.0.2")  
[1.548s] -- Found TinyXML2 via Config file: TinyXML2_DIR-NOTFOUND
[1.568s] -- Found FastRTPS: /opt/ros/humble/include  
[1.575s] -- Found TinyXML2 via Config file: TinyXML2_DIR-NOTFOUND
[1.586s] -- Found TinyXML2 via Config file: TinyXML2_DIR-NOTFOUND
[1.600s] -- Using RMW implementation 'rmw_fastrtps_cpp' as default
[1.618s] -- Looking for C++ include pthread.h
[1.711s] -- Looking for C++ include pthread.h - found
[1.711s] -- Performing Test CMAKE_HAVE_LIBC_PTHREAD
[1.809s] -- Performing Test CMAKE_HAVE_LIBC_PTHREAD - Success
[1.810s] -- Found Threads: TRUE  
[1.912s] -- Found ament_cmake_pytest: 1.3.10 (/opt/ros/humble/share/ament_cmake_pytest/cmake)
[3.173s] -- Configuring done
[3.221s] -- Generating done
[3.223s] -- Build files have been written to: /root/dream_ws/build/ros2_control_demo_example_9
[3.235s] Invoked command in '/root/dream_ws/build/ros2_control_demo_example_9' returned '0': AMENT_PREFIX_PATH=/root/dream_ws/install/ros2_control_demo_testing:/root/dream_ws/install/ros2_control_demo_description:${AMENT_PREFIX_PATH} CMAKE_PREFIX_PATH=/root/dream_ws/install/ros2_control_demo_description:/root/dream_ws/install/ros2_control_demo_example_7:/root/dream_ws/install/ros2_control_demo_example_2:/root/dream_ws/install/kr600:/root/dev_ws/install/simple_bot_config:/root/dev_ws/install/movbot_config:/root/dev_ws/install/simple_bot:/root/dev_ws/install/moveit_demo:/root/dev_ws/install/cobot_simulation_config:/root/dev_ws/install/cobot_simulation:/root/dev_ws/install/basic_mobile_robot:/root/dev_ws/install/arm6axis:/opt/ros/humble PYTHONPATH=/root/dream_ws/install/ros2_control_demo_testing/lib/python3.10/site-packages:${PYTHONPATH} /usr/bin/cmake /root/dream_ws/src/ros2_control_demos/example_9 -DCMAKE_INSTALL_PREFIX=/root/dream_ws/install/ros2_control_demo_example_9
[3.237s] Invoking command in '/root/dream_ws/build/ros2_control_demo_example_9': AMENT_PREFIX_PATH=/root/dream_ws/install/ros2_control_demo_testing:/root/dream_ws/install/ros2_control_demo_description:${AMENT_PREFIX_PATH} CMAKE_PREFIX_PATH=/root/dream_ws/install/ros2_control_demo_description:/root/dream_ws/install/ros2_control_demo_example_7:/root/dream_ws/install/ros2_control_demo_example_2:/root/dream_ws/install/kr600:/root/dev_ws/install/simple_bot_config:/root/dev_ws/install/movbot_config:/root/dev_ws/install/simple_bot:/root/dev_ws/install/moveit_demo:/root/dev_ws/install/cobot_simulation_config:/root/dev_ws/install/cobot_simulation:/root/dev_ws/install/basic_mobile_robot:/root/dev_ws/install/arm6axis:/opt/ros/humble PYTHONPATH=/root/dream_ws/install/ros2_control_demo_testing/lib/python3.10/site-packages:${PYTHONPATH} /usr/bin/cmake --build /root/dream_ws/build/ros2_control_demo_example_9 -- -j12 -l12
[3.286s] [ 50%] [32mBuilding CXX object CMakeFiles/ros2_control_demo_example_9.dir/hardware/rrbot.cpp.o[0m
[7.688s] [100%] [32m[1mLinking CXX shared library libros2_control_demo_example_9.so[0m
[7.842s] [100%] Built target ros2_control_demo_example_9
[7.851s] Invoked command in '/root/dream_ws/build/ros2_control_demo_example_9' returned '0': AMENT_PREFIX_PATH=/root/dream_ws/install/ros2_control_demo_testing:/root/dream_ws/install/ros2_control_demo_description:${AMENT_PREFIX_PATH} CMAKE_PREFIX_PATH=/root/dream_ws/install/ros2_control_demo_description:/root/dream_ws/install/ros2_control_demo_example_7:/root/dream_ws/install/ros2_control_demo_example_2:/root/dream_ws/install/kr600:/root/dev_ws/install/simple_bot_config:/root/dev_ws/install/movbot_config:/root/dev_ws/install/simple_bot:/root/dev_ws/install/moveit_demo:/root/dev_ws/install/cobot_simulation_config:/root/dev_ws/install/cobot_simulation:/root/dev_ws/install/basic_mobile_robot:/root/dev_ws/install/arm6axis:/opt/ros/humble PYTHONPATH=/root/dream_ws/install/ros2_control_demo_testing/lib/python3.10/site-packages:${PYTHONPATH} /usr/bin/cmake --build /root/dream_ws/build/ros2_control_demo_example_9 -- -j12 -l12
[7.878s] Invoking command in '/root/dream_ws/build/ros2_control_demo_example_9': AMENT_PREFIX_PATH=/root/dream_ws/install/ros2_control_demo_testing:/root/dream_ws/install/ros2_control_demo_description:${AMENT_PREFIX_PATH} CMAKE_PREFIX_PATH=/root/dream_ws/install/ros2_control_demo_description:/root/dream_ws/install/ros2_control_demo_example_7:/root/dream_ws/install/ros2_control_demo_example_2:/root/dream_ws/install/kr600:/root/dev_ws/install/simple_bot_config:/root/dev_ws/install/movbot_config:/root/dev_ws/install/simple_bot:/root/dev_ws/install/moveit_demo:/root/dev_ws/install/cobot_simulation_config:/root/dev_ws/install/cobot_simulation:/root/dev_ws/install/basic_mobile_robot:/root/dev_ws/install/arm6axis:/opt/ros/humble PYTHONPATH=/root/dream_ws/install/ros2_control_demo_testing/lib/python3.10/site-packages:${PYTHONPATH} /usr/bin/cmake --install /root/dream_ws/build/ros2_control_demo_example_9
[7.884s] -- Install configuration: ""
[7.884s] -- Installing: /root/dream_ws/install/ros2_control_demo_example_9/share/ros2_control_demo_example_9/ros2_control_demo_example_9.xml
[7.884s] -- Installing: /root/dream_ws/install/ros2_control_demo_example_9/include/ros2_control_demo_example_9
[7.885s] -- Installing: /root/dream_ws/install/ros2_control_demo_example_9/include/ros2_control_demo_example_9/ros2_control_demo_example_9
[7.885s] -- Installing: /root/dream_ws/install/ros2_control_demo_example_9/include/ros2_control_demo_example_9/ros2_control_demo_example_9/rrbot.hpp
[7.885s] -- Installing: /root/dream_ws/install/ros2_control_demo_example_9/share/ros2_control_demo_example_9/launch
[7.885s] -- Installing: /root/dream_ws/install/ros2_control_demo_example_9/share/ros2_control_demo_example_9/launch/view_robot.launch.py
[7.885s] -- Installing: /root/dream_ws/install/ros2_control_demo_example_9/share/ros2_control_demo_example_9/ros2_control
[7.886s] -- Installing: /root/dream_ws/install/ros2_control_demo_example_9/share/ros2_control_demo_example_9/ros2_control/rrbot.ros2_control.xacro
[7.886s] -- Installing: /root/dream_ws/install/ros2_control_demo_example_9/share/ros2_control_demo_example_9/urdf
[7.886s] -- Installing: /root/dream_ws/install/ros2_control_demo_example_9/share/ros2_control_demo_example_9/urdf/rrbot.urdf.xacro
[7.886s] -- Installing: /root/dream_ws/install/ros2_control_demo_example_9/share/ros2_control_demo_example_9/gazebo
[7.886s] -- Installing: /root/dream_ws/install/ros2_control_demo_example_9/share/ros2_control_demo_example_9/gazebo/rrbot.gazebo.xacro
[7.887s] -- Up-to-date: /root/dream_ws/install/ros2_control_demo_example_9/share/ros2_control_demo_example_9/launch
[7.887s] -- Installing: /root/dream_ws/install/ros2_control_demo_example_9/share/ros2_control_demo_example_9/launch/test_forward_position_controller.launch.py
[7.887s] -- Installing: /root/dream_ws/install/ros2_control_demo_example_9/share/ros2_control_demo_example_9/launch/rrbot_gazebo_classic.launch.py
[7.887s] -- Installing: /root/dream_ws/install/ros2_control_demo_example_9/share/ros2_control_demo_example_9/launch/rrbot.launch.py
[7.887s] -- Installing: /root/dream_ws/install/ros2_control_demo_example_9/share/ros2_control_demo_example_9/config
[7.887s] -- Installing: /root/dream_ws/install/ros2_control_demo_example_9/share/ros2_control_demo_example_9/config/rrbot_controllers.yaml
[7.888s] -- Installing: /root/dream_ws/install/ros2_control_demo_example_9/share/ros2_control_demo_example_9/config/rrbot_forward_position_publisher.yaml
[7.888s] -- Installing: /root/dream_ws/install/ros2_control_demo_example_9/lib/libros2_control_demo_example_9.so
[7.888s] -- Set runtime path of "/root/dream_ws/install/ros2_control_demo_example_9/lib/libros2_control_demo_example_9.so" to ""
[7.888s] -- Installing: /root/dream_ws/install/ros2_control_demo_example_9/share/ros2_control_demo_example_9/environment/library_path.sh
[7.888s] -- Installing: /root/dream_ws/install/ros2_control_demo_example_9/share/ros2_control_demo_example_9/environment/library_path.dsv
[7.889s] -- Installing: /root/dream_ws/install/ros2_control_demo_example_9/share/ament_index/resource_index/package_run_dependencies/ros2_control_demo_example_9
[7.889s] -- Installing: /root/dream_ws/install/ros2_control_demo_example_9/share/ament_index/resource_index/parent_prefix_path/ros2_control_demo_example_9
[7.889s] -- Installing: /root/dream_ws/install/ros2_control_demo_example_9/share/ros2_control_demo_example_9/environment/ament_prefix_path.sh
[7.889s] -- Installing: /root/dream_ws/install/ros2_control_demo_example_9/share/ros2_control_demo_example_9/environment/ament_prefix_path.dsv
[7.889s] -- Installing: /root/dream_ws/install/ros2_control_demo_example_9/share/ros2_control_demo_example_9/environment/path.sh
[7.890s] -- Installing: /root/dream_ws/install/ros2_control_demo_example_9/share/ros2_control_demo_example_9/environment/path.dsv
[7.890s] -- Installing: /root/dream_ws/install/ros2_control_demo_example_9/share/ros2_control_demo_example_9/local_setup.bash
[7.890s] -- Installing: /root/dream_ws/install/ros2_control_demo_example_9/share/ros2_control_demo_example_9/local_setup.sh
[7.890s] -- Installing: /root/dream_ws/install/ros2_control_demo_example_9/share/ros2_control_demo_example_9/local_setup.zsh
[7.890s] -- Installing: /root/dream_ws/install/ros2_control_demo_example_9/share/ros2_control_demo_example_9/local_setup.dsv
[7.891s] -- Installing: /root/dream_ws/install/ros2_control_demo_example_9/share/ros2_control_demo_example_9/package.dsv
[7.891s] -- Installing: /root/dream_ws/install/ros2_control_demo_example_9/share/ament_index/resource_index/packages/ros2_control_demo_example_9
[7.891s] -- Installing: /root/dream_ws/install/ros2_control_demo_example_9/share/ament_index/resource_index/hardware_interface__pluginlib__plugin/ros2_control_demo_example_9
[7.891s] -- Installing: /root/dream_ws/install/ros2_control_demo_example_9/share/ros2_control_demo_example_9/cmake/export_ros2_control_demo_example_9Export.cmake
[7.891s] -- Installing: /root/dream_ws/install/ros2_control_demo_example_9/share/ros2_control_demo_example_9/cmake/export_ros2_control_demo_example_9Export-noconfig.cmake
[7.892s] -- Installing: /root/dream_ws/install/ros2_control_demo_example_9/share/ros2_control_demo_example_9/cmake/ament_cmake_export_targets-extras.cmake
[7.892s] -- Installing: /root/dream_ws/install/ros2_control_demo_example_9/share/ros2_control_demo_example_9/cmake/ament_cmake_export_dependencies-extras.cmake
[7.892s] -- Installing: /root/dream_ws/install/ros2_control_demo_example_9/share/ros2_control_demo_example_9/cmake/ros2_control_demo_example_9Config.cmake
[7.892s] -- Installing: /root/dream_ws/install/ros2_control_demo_example_9/share/ros2_control_demo_example_9/cmake/ros2_control_demo_example_9Config-version.cmake
[7.892s] -- Installing: /root/dream_ws/install/ros2_control_demo_example_9/share/ros2_control_demo_example_9/package.xml
[7.894s] Invoked command in '/root/dream_ws/build/ros2_control_demo_example_9' returned '0': AMENT_PREFIX_PATH=/root/dream_ws/install/ros2_control_demo_testing:/root/dream_ws/install/ros2_control_demo_description:${AMENT_PREFIX_PATH} CMAKE_PREFIX_PATH=/root/dream_ws/install/ros2_control_demo_description:/root/dream_ws/install/ros2_control_demo_example_7:/root/dream_ws/install/ros2_control_demo_example_2:/root/dream_ws/install/kr600:/root/dev_ws/install/simple_bot_config:/root/dev_ws/install/movbot_config:/root/dev_ws/install/simple_bot:/root/dev_ws/install/moveit_demo:/root/dev_ws/install/cobot_simulation_config:/root/dev_ws/install/cobot_simulation:/root/dev_ws/install/basic_mobile_robot:/root/dev_ws/install/arm6axis:/opt/ros/humble PYTHONPATH=/root/dream_ws/install/ros2_control_demo_testing/lib/python3.10/site-packages:${PYTHONPATH} /usr/bin/cmake --install /root/dream_ws/build/ros2_control_demo_example_9
