[0.078s] Invoking command in '/root/dream_ws/build/ros2_control_demo_example_12': AMENT_PREFIX_PATH=/root/dream_ws/install/ros2_control_demo_testing:/root/dream_ws/install/ros2_control_demo_description:${AMENT_PREFIX_PATH} CMAKE_PREFIX_PATH=/root/dream_ws/install/ros2_control_demo_description:/root/dream_ws/install/kr600:/root/dev_ws/install/simple_bot_config:/root/dev_ws/install/movbot_config:/root/dev_ws/install/simple_bot:/root/dev_ws/install/moveit_demo:/root/dev_ws/install/cobot_simulation_config:/root/dev_ws/install/cobot_simulation:/root/dev_ws/install/basic_mobile_robot:/root/dev_ws/install/arm6axis:/opt/ros/humble PYTHONPATH=/root/dream_ws/install/ros2_control_demo_testing/lib/python3.10/site-packages:${PYTHONPATH} /usr/bin/cmake /root/dream_ws/src/ros2_control_demos/example_12 -DCMAKE_INSTALL_PREFIX=/root/dream_ws/install/ros2_control_demo_example_12
[0.217s] -- The CXX compiler identification is GNU 11.4.0
[0.233s] -- Detecting CXX compiler ABI info
[0.401s] -- Detecting CXX compiler ABI info - done
[0.428s] -- Check for working CXX compiler: /usr/bin/c++ - skipped
[0.429s] -- Detecting CXX compile features
[0.431s] -- Detecting CXX compile features - done
[0.447s] -- Found ament_cmake: 1.3.10 (/opt/ros/humble/share/ament_cmake/cmake)
[0.764s] -- Found Python3: /usr/bin/python3 (found version "3.10.12") found components: Interpreter 
[1.000s] -- Found hardware_interface: 2.42.0 (/opt/ros/humble/share/hardware_interface/cmake)
[1.123s] -- Found rosidl_generator_c: 3.1.5 (/opt/ros/humble/share/rosidl_generator_c/cmake)
[1.142s] -- Found rosidl_adapter: 3.1.5 (/opt/ros/humble/share/rosidl_adapter/cmake)
[1.167s] -- Found rosidl_generator_cpp: 3.1.5 (/opt/ros/humble/share/rosidl_generator_cpp/cmake)
[1.211s] -- Using all available rosidl_typesupport_c: rosidl_typesupport_fastrtps_c;rosidl_typesupport_introspection_c
[1.263s] -- Using all available rosidl_typesupport_cpp: rosidl_typesupport_fastrtps_cpp;rosidl_typesupport_introspection_cpp
[1.900s] -- Found rmw_implementation_cmake: 6.1.2 (/opt/ros/humble/share/rmw_implementation_cmake/cmake)
[1.911s] -- Found rmw_fastrtps_cpp: 6.2.7 (/opt/ros/humble/share/rmw_fastrtps_cpp/cmake)
[1.992s] -- Found TinyXML2 via Config file: TinyXML2_DIR-NOTFOUND
[2.087s] -- Found OpenSSL: /usr/lib/x86_64-linux-gnu/libcrypto.so (found version "3.0.2")  
[2.093s] -- Found TinyXML2 via Config file: TinyXML2_DIR-NOTFOUND
[2.127s] -- Found FastRTPS: /opt/ros/humble/include  
[2.153s] -- Found TinyXML2 via Config file: TinyXML2_DIR-NOTFOUND
[2.153s] -- Found TinyXML2 via Config file: TinyXML2_DIR-NOTFOUND
[2.170s] -- Using RMW implementation 'rmw_fastrtps_cpp' as default
[2.199s] -- Looking for C++ include pthread.h
[2.362s] -- Looking for C++ include pthread.h - found
[2.363s] -- Performing Test CMAKE_HAVE_LIBC_PTHREAD
[2.569s] -- Performing Test CMAKE_HAVE_LIBC_PTHREAD - Success
[2.571s] -- Found Threads: TRUE  
[2.736s] -- Found generate_parameter_library: 0.3.8 (/opt/ros/humble/share/generate_parameter_library/cmake)
[2.742s] -- Found parameter_traits: 0.3.8 (/opt/ros/humble/share/parameter_traits/cmake)
[2.800s] -- Found controller_interface: 2.42.0 (/opt/ros/humble/share/controller_interface/cmake)
[2.831s] -- Found realtime_tools: 2.5.0 (/opt/ros/humble/share/realtime_tools/cmake)
[3.009s] -- Found ament_cmake_pytest: 1.3.10 (/opt/ros/humble/share/ament_cmake_pytest/cmake)
