[0.081s] Invoking command in '/root/dream_ws/build/ros2_control_demo_example_10': AMENT_PREFIX_PATH=/root/dream_ws/install/ros2_control_demo_testing:/root/dream_ws/install/ros2_control_demo_description:${AMENT_PREFIX_PATH} CMAKE_PREFIX_PATH=/root/dream_ws/install/ros2_control_demo_description:/root/dream_ws/install/ros2_control_demo_example_7:/root/dream_ws/install/ros2_control_demo_example_2:/root/dream_ws/install/kr600:/root/dev_ws/install/simple_bot_config:/root/dev_ws/install/movbot_config:/root/dev_ws/install/simple_bot:/root/dev_ws/install/moveit_demo:/root/dev_ws/install/cobot_simulation_config:/root/dev_ws/install/cobot_simulation:/root/dev_ws/install/basic_mobile_robot:/root/dev_ws/install/arm6axis:/opt/ros/humble PYTHONPATH=/root/dream_ws/install/ros2_control_demo_testing/lib/python3.10/site-packages:${PYTHONPATH} /usr/bin/cmake /root/dream_ws/src/ros2_control_demos/example_10 -DCMAKE_INSTALL_PREFIX=/root/dream_ws/install/ros2_control_demo_example_10
[0.214s] -- The CXX compiler identification is GNU 11.4.0
[0.229s] -- Detecting CXX compiler ABI info
[0.368s] -- Detecting CXX compiler ABI info - done
[0.390s] -- Check for working CXX compiler: /usr/bin/c++ - skipped
[0.390s] -- Detecting CXX compile features
[0.391s] -- Detecting CXX compile features - done
[0.404s] -- Found ament_cmake: 1.3.10 (/opt/ros/humble/share/ament_cmake/cmake)
[0.681s] -- Found Python3: /usr/bin/python3 (found version "3.10.12") found components: Interpreter 
[0.906s] -- Found hardware_interface: 2.42.0 (/opt/ros/humble/share/hardware_interface/cmake)
[1.042s] -- Found rosidl_generator_c: 3.1.5 (/opt/ros/humble/share/rosidl_generator_c/cmake)
[1.062s] -- Found rosidl_adapter: 3.1.5 (/opt/ros/humble/share/rosidl_adapter/cmake)
[1.095s] -- Found rosidl_generator_cpp: 3.1.5 (/opt/ros/humble/share/rosidl_generator_cpp/cmake)
[1.138s] -- Using all available rosidl_typesupport_c: rosidl_typesupport_fastrtps_c;rosidl_typesupport_introspection_c
[1.191s] -- Using all available rosidl_typesupport_cpp: rosidl_typesupport_fastrtps_cpp;rosidl_typesupport_introspection_cpp
[1.862s] -- Found rmw_implementation_cmake: 6.1.2 (/opt/ros/humble/share/rmw_implementation_cmake/cmake)
[1.873s] -- Found rmw_fastrtps_cpp: 6.2.7 (/opt/ros/humble/share/rmw_fastrtps_cpp/cmake)
[1.961s] -- Found TinyXML2 via Config file: TinyXML2_DIR-NOTFOUND
[2.055s] -- Found OpenSSL: /usr/lib/x86_64-linux-gnu/libcrypto.so (found version "3.0.2")  
[2.060s] -- Found TinyXML2 via Config file: TinyXML2_DIR-NOTFOUND
[2.088s] -- Found FastRTPS: /opt/ros/humble/include  
[2.096s] -- Found TinyXML2 via Config file: TinyXML2_DIR-NOTFOUND
[2.110s] -- Found TinyXML2 via Config file: TinyXML2_DIR-NOTFOUND
[2.129s] -- Using RMW implementation 'rmw_fastrtps_cpp' as default
[2.161s] -- Looking for C++ include pthread.h
[2.357s] -- Looking for C++ include pthread.h - found
[2.357s] -- Performing Test CMAKE_HAVE_LIBC_PTHREAD
[2.531s] -- Performing Test CMAKE_HAVE_LIBC_PTHREAD - Success
[2.536s] -- Found Threads: TRUE  
[2.682s] -- Found controller_interface: 2.42.0 (/opt/ros/humble/share/controller_interface/cmake)
[2.739s] -- Found ament_cmake_pytest: 1.3.10 (/opt/ros/humble/share/ament_cmake_pytest/cmake)
[4.784s] -- Configuring done
[4.983s] -- Generating done
[4.983s] -- Build files have been written to: /root/dream_ws/build/ros2_control_demo_example_10
