[0.346s] DEBUG:colcon:Command line arguments: ['/usr/bin/colcon', 'build', '--packages-select', 'kr600_gazebo']
[0.346s] DEBUG:colcon:Parsed command line arguments: Namespace(log_base=None, log_level=None, verb_name='build', build_base='build', install_base='install', merge_install=False, symlink_install=False, test_result_base=None, continue_on_error=False, executor='parallel', parallel_workers=12, event_handlers=None, ignore_user_meta=False, metas=['./colcon.meta'], base_paths=['.'], packages_ignore=None, packages_ignore_regex=None, paths=None, packages_up_to=None, packages_up_to_regex=None, packages_above=None, packages_above_and_dependencies=None, packages_above_depth=None, packages_select_by_dep=None, packages_skip_by_dep=None, packages_skip_up_to=None, packages_select_build_failed=False, packages_skip_build_finished=False, packages_select_test_failures=False, packages_skip_test_passed=False, packages_select=['kr600_gazebo'], packages_skip=None, packages_select_regex=None, packages_skip_regex=None, packages_start=None, packages_end=None, cmake_args=None, cmake_target=None, cmake_target_skip_unavailable=False, cmake_clean_cache=False, cmake_clean_first=False, cmake_force_configure=False, ament_cmake_args=None, catkin_cmake_args=None, catkin_skip_building_tests=False, mixin_files=None, mixin=None, verb_parser=<colcon_mixin.mixin.mixin_argument.MixinArgumentDecorator object at 0x7f79dc3a0b20>, verb_extension=<colcon_core.verb.build.BuildVerb object at 0x7f79dc4b1210>, main=<bound method BuildVerb.main of <colcon_core.verb.build.BuildVerb object at 0x7f79dc4b1210>>, mixin_verb=('build',))
[0.760s] Level 1:colcon.colcon_core.package_discovery:discover_packages(colcon_meta) check parameters
[0.762s] INFO:colcon.colcon_metadata.package_discovery.colcon_meta:Using configuration from '/root/.colcon/metadata/default/Gazebo.meta'
[0.764s] INFO:colcon.colcon_metadata.package_discovery.colcon_meta:Using configuration from '/root/.colcon/metadata/default/fastrtps.meta'
[0.764s] Level 1:colcon.colcon_core.package_discovery:discover_packages(recursive) check parameters
[0.764s] Level 1:colcon.colcon_core.package_discovery:discover_packages(ignore) check parameters
[0.764s] Level 1:colcon.colcon_core.package_discovery:discover_packages(path) check parameters
[0.764s] Level 1:colcon.colcon_core.package_discovery:discover_packages(colcon_meta) discover
[0.764s] Level 1:colcon.colcon_core.package_discovery:discover_packages(recursive) discover
[0.764s] INFO:colcon.colcon_core.package_discovery:Crawling recursively for packages in '/root/dream_ws'
[0.764s] Level 1:colcon.colcon_core.package_identification:_identify(.) by extensions ['ignore', 'ignore_ament_install']
[0.764s] Level 1:colcon.colcon_core.package_identification:_identify(.) by extension 'ignore'
[0.764s] Level 1:colcon.colcon_core.package_identification:_identify(.) by extension 'ignore_ament_install'
[0.765s] Level 1:colcon.colcon_core.package_identification:_identify(.) by extensions ['colcon_pkg']
[0.765s] Level 1:colcon.colcon_core.package_identification:_identify(.) by extension 'colcon_pkg'
[0.765s] Level 1:colcon.colcon_core.package_identification:_identify(.) by extensions ['colcon_meta']
[0.765s] Level 1:colcon.colcon_core.package_identification:_identify(.) by extension 'colcon_meta'
[0.765s] Level 1:colcon.colcon_core.package_identification:_identify(.) by extensions ['ros']
[0.765s] Level 1:colcon.colcon_core.package_identification:_identify(.) by extension 'ros'
[0.787s] Level 1:colcon.colcon_core.package_identification:_identify(.) by extensions ['cmake', 'python']
[0.787s] Level 1:colcon.colcon_core.package_identification:_identify(.) by extension 'cmake'
[0.787s] Level 1:colcon.colcon_core.package_identification:_identify(.) by extension 'python'
[0.787s] Level 1:colcon.colcon_core.package_identification:_identify(.) by extensions ['python_setup_py']
[0.787s] Level 1:colcon.colcon_core.package_identification:_identify(.) by extension 'python_setup_py'
[0.788s] Level 1:colcon.colcon_core.package_identification:_identify(build) by extensions ['ignore', 'ignore_ament_install']
[0.788s] Level 1:colcon.colcon_core.package_identification:_identify(build) by extension 'ignore'
[0.788s] Level 1:colcon.colcon_core.package_identification:_identify(build) ignored
[0.789s] Level 1:colcon.colcon_core.package_identification:_identify(install) by extensions ['ignore', 'ignore_ament_install']
[0.789s] Level 1:colcon.colcon_core.package_identification:_identify(install) by extension 'ignore'
[0.789s] Level 1:colcon.colcon_core.package_identification:_identify(install) ignored
[0.789s] Level 1:colcon.colcon_core.package_identification:_identify(log) by extensions ['ignore', 'ignore_ament_install']
[0.789s] Level 1:colcon.colcon_core.package_identification:_identify(log) by extension 'ignore'
[0.789s] Level 1:colcon.colcon_core.package_identification:_identify(log) ignored
[0.790s] Level 1:colcon.colcon_core.package_identification:_identify(src) by extensions ['ignore', 'ignore_ament_install']
[0.790s] Level 1:colcon.colcon_core.package_identification:_identify(src) by extension 'ignore'
[0.790s] Level 1:colcon.colcon_core.package_identification:_identify(src) by extension 'ignore_ament_install'
[0.790s] Level 1:colcon.colcon_core.package_identification:_identify(src) by extensions ['colcon_pkg']
[0.790s] Level 1:colcon.colcon_core.package_identification:_identify(src) by extension 'colcon_pkg'
[0.790s] Level 1:colcon.colcon_core.package_identification:_identify(src) by extensions ['colcon_meta']
[0.790s] Level 1:colcon.colcon_core.package_identification:_identify(src) by extension 'colcon_meta'
[0.790s] Level 1:colcon.colcon_core.package_identification:_identify(src) by extensions ['ros']
[0.790s] Level 1:colcon.colcon_core.package_identification:_identify(src) by extension 'ros'
[0.790s] Level 1:colcon.colcon_core.package_identification:_identify(src) by extensions ['cmake', 'python']
[0.790s] Level 1:colcon.colcon_core.package_identification:_identify(src) by extension 'cmake'
[0.790s] Level 1:colcon.colcon_core.package_identification:_identify(src) by extension 'python'
[0.790s] Level 1:colcon.colcon_core.package_identification:_identify(src) by extensions ['python_setup_py']
[0.790s] Level 1:colcon.colcon_core.package_identification:_identify(src) by extension 'python_setup_py'
[0.791s] Level 1:colcon.colcon_core.package_identification:_identify(src/kr600) by extensions ['ignore', 'ignore_ament_install']
[0.791s] Level 1:colcon.colcon_core.package_identification:_identify(src/kr600) by extension 'ignore'
[0.791s] Level 1:colcon.colcon_core.package_identification:_identify(src/kr600) by extension 'ignore_ament_install'
[0.791s] Level 1:colcon.colcon_core.package_identification:_identify(src/kr600) by extensions ['colcon_pkg']
[0.791s] Level 1:colcon.colcon_core.package_identification:_identify(src/kr600) by extension 'colcon_pkg'
[0.791s] Level 1:colcon.colcon_core.package_identification:_identify(src/kr600) by extensions ['colcon_meta']
[0.791s] Level 1:colcon.colcon_core.package_identification:_identify(src/kr600) by extension 'colcon_meta'
[0.791s] Level 1:colcon.colcon_core.package_identification:_identify(src/kr600) by extensions ['ros']
[0.791s] Level 1:colcon.colcon_core.package_identification:_identify(src/kr600) by extension 'ros'
[0.796s] DEBUG:colcon.colcon_core.package_identification:Package 'src/kr600' with type 'ros.ament_cmake' and name 'kr600'
[0.796s] Level 1:colcon.colcon_core.package_identification:_identify(src/kr600_gazebo) by extensions ['ignore', 'ignore_ament_install']
[0.797s] Level 1:colcon.colcon_core.package_identification:_identify(src/kr600_gazebo) by extension 'ignore'
[0.797s] Level 1:colcon.colcon_core.package_identification:_identify(src/kr600_gazebo) by extension 'ignore_ament_install'
[0.797s] Level 1:colcon.colcon_core.package_identification:_identify(src/kr600_gazebo) by extensions ['colcon_pkg']
[0.797s] Level 1:colcon.colcon_core.package_identification:_identify(src/kr600_gazebo) by extension 'colcon_pkg'
[0.797s] Level 1:colcon.colcon_core.package_identification:_identify(src/kr600_gazebo) by extensions ['colcon_meta']
[0.797s] Level 1:colcon.colcon_core.package_identification:_identify(src/kr600_gazebo) by extension 'colcon_meta'
[0.797s] Level 1:colcon.colcon_core.package_identification:_identify(src/kr600_gazebo) by extensions ['ros']
[0.797s] Level 1:colcon.colcon_core.package_identification:_identify(src/kr600_gazebo) by extension 'ros'
[0.798s] DEBUG:colcon.colcon_core.package_identification:Package 'src/kr600_gazebo' with type 'ros.ament_cmake' and name 'kr600_gazebo'
[0.798s] Level 1:colcon.colcon_core.package_identification:_identify(src/ros2_control_demos) by extensions ['ignore', 'ignore_ament_install']
[0.798s] Level 1:colcon.colcon_core.package_identification:_identify(src/ros2_control_demos) by extension 'ignore'
[0.799s] Level 1:colcon.colcon_core.package_identification:_identify(src/ros2_control_demos) by extension 'ignore_ament_install'
[0.799s] Level 1:colcon.colcon_core.package_identification:_identify(src/ros2_control_demos) by extensions ['colcon_pkg']
[0.799s] Level 1:colcon.colcon_core.package_identification:_identify(src/ros2_control_demos) by extension 'colcon_pkg'
[0.799s] Level 1:colcon.colcon_core.package_identification:_identify(src/ros2_control_demos) by extensions ['colcon_meta']
[0.799s] Level 1:colcon.colcon_core.package_identification:_identify(src/ros2_control_demos) by extension 'colcon_meta'
[0.799s] Level 1:colcon.colcon_core.package_identification:_identify(src/ros2_control_demos) by extensions ['ros']
[0.799s] Level 1:colcon.colcon_core.package_identification:_identify(src/ros2_control_demos) by extension 'ros'
[0.799s] Level 1:colcon.colcon_core.package_identification:_identify(src/ros2_control_demos) by extensions ['cmake', 'python']
[0.799s] Level 1:colcon.colcon_core.package_identification:_identify(src/ros2_control_demos) by extension 'cmake'
[0.799s] Level 1:colcon.colcon_core.package_identification:_identify(src/ros2_control_demos) by extension 'python'
[0.799s] Level 1:colcon.colcon_core.package_identification:_identify(src/ros2_control_demos) by extensions ['python_setup_py']
[0.799s] Level 1:colcon.colcon_core.package_identification:_identify(src/ros2_control_demos) by extension 'python_setup_py'
[0.800s] Level 1:colcon.colcon_core.package_identification:_identify(src/ros2_control_demos/Dockerfile) by extensions ['ignore', 'ignore_ament_install']
[0.800s] Level 1:colcon.colcon_core.package_identification:_identify(src/ros2_control_demos/Dockerfile) by extension 'ignore'
[0.800s] Level 1:colcon.colcon_core.package_identification:_identify(src/ros2_control_demos/Dockerfile) by extension 'ignore_ament_install'
[0.800s] Level 1:colcon.colcon_core.package_identification:_identify(src/ros2_control_demos/Dockerfile) by extensions ['colcon_pkg']
[0.800s] Level 1:colcon.colcon_core.package_identification:_identify(src/ros2_control_demos/Dockerfile) by extension 'colcon_pkg'
[0.800s] Level 1:colcon.colcon_core.package_identification:_identify(src/ros2_control_demos/Dockerfile) by extensions ['colcon_meta']
[0.800s] Level 1:colcon.colcon_core.package_identification:_identify(src/ros2_control_demos/Dockerfile) by extension 'colcon_meta'
[0.800s] Level 1:colcon.colcon_core.package_identification:_identify(src/ros2_control_demos/Dockerfile) by extensions ['ros']
[0.800s] Level 1:colcon.colcon_core.package_identification:_identify(src/ros2_control_demos/Dockerfile) by extension 'ros'
[0.800s] Level 1:colcon.colcon_core.package_identification:_identify(src/ros2_control_demos/Dockerfile) by extensions ['cmake', 'python']
[0.800s] Level 1:colcon.colcon_core.package_identification:_identify(src/ros2_control_demos/Dockerfile) by extension 'cmake'
[0.800s] Level 1:colcon.colcon_core.package_identification:_identify(src/ros2_control_demos/Dockerfile) by extension 'python'
[0.801s] Level 1:colcon.colcon_core.package_identification:_identify(src/ros2_control_demos/Dockerfile) by extensions ['python_setup_py']
[0.801s] Level 1:colcon.colcon_core.package_identification:_identify(src/ros2_control_demos/Dockerfile) by extension 'python_setup_py'
[0.801s] Level 1:colcon.colcon_core.package_identification:_identify(src/ros2_control_demos/doc) by extensions ['ignore', 'ignore_ament_install']
[0.801s] Level 1:colcon.colcon_core.package_identification:_identify(src/ros2_control_demos/doc) by extension 'ignore'
[0.801s] Level 1:colcon.colcon_core.package_identification:_identify(src/ros2_control_demos/doc) by extension 'ignore_ament_install'
[0.801s] Level 1:colcon.colcon_core.package_identification:_identify(src/ros2_control_demos/doc) by extensions ['colcon_pkg']
[0.801s] Level 1:colcon.colcon_core.package_identification:_identify(src/ros2_control_demos/doc) by extension 'colcon_pkg'
[0.801s] Level 1:colcon.colcon_core.package_identification:_identify(src/ros2_control_demos/doc) by extensions ['colcon_meta']
[0.801s] Level 1:colcon.colcon_core.package_identification:_identify(src/ros2_control_demos/doc) by extension 'colcon_meta'
[0.802s] Level 1:colcon.colcon_core.package_identification:_identify(src/ros2_control_demos/doc) by extensions ['ros']
[0.802s] Level 1:colcon.colcon_core.package_identification:_identify(src/ros2_control_demos/doc) by extension 'ros'
[0.802s] Level 1:colcon.colcon_core.package_identification:_identify(src/ros2_control_demos/doc) by extensions ['cmake', 'python']
[0.802s] Level 1:colcon.colcon_core.package_identification:_identify(src/ros2_control_demos/doc) by extension 'cmake'
[0.802s] Level 1:colcon.colcon_core.package_identification:_identify(src/ros2_control_demos/doc) by extension 'python'
[0.802s] Level 1:colcon.colcon_core.package_identification:_identify(src/ros2_control_demos/doc) by extensions ['python_setup_py']
[0.802s] Level 1:colcon.colcon_core.package_identification:_identify(src/ros2_control_demos/doc) by extension 'python_setup_py'
[0.802s] Level 1:colcon.colcon_core.package_identification:_identify(src/ros2_control_demos/example_1) by extensions ['ignore', 'ignore_ament_install']
[0.803s] Level 1:colcon.colcon_core.package_identification:_identify(src/ros2_control_demos/example_1) by extension 'ignore'
[0.803s] Level 1:colcon.colcon_core.package_identification:_identify(src/ros2_control_demos/example_1) by extension 'ignore_ament_install'
[0.803s] Level 1:colcon.colcon_core.package_identification:_identify(src/ros2_control_demos/example_1) by extensions ['colcon_pkg']
[0.803s] Level 1:colcon.colcon_core.package_identification:_identify(src/ros2_control_demos/example_1) by extension 'colcon_pkg'
[0.803s] Level 1:colcon.colcon_core.package_identification:_identify(src/ros2_control_demos/example_1) by extensions ['colcon_meta']
[0.803s] Level 1:colcon.colcon_core.package_identification:_identify(src/ros2_control_demos/example_1) by extension 'colcon_meta'
[0.803s] Level 1:colcon.colcon_core.package_identification:_identify(src/ros2_control_demos/example_1) by extensions ['ros']
[0.803s] Level 1:colcon.colcon_core.package_identification:_identify(src/ros2_control_demos/example_1) by extension 'ros'
[0.805s] DEBUG:colcon.colcon_core.package_identification:Package 'src/ros2_control_demos/example_1' with type 'ros.ament_cmake' and name 'ros2_control_demo_example_1'
[0.806s] Level 1:colcon.colcon_core.package_identification:_identify(src/ros2_control_demos/example_10) by extensions ['ignore', 'ignore_ament_install']
[0.806s] Level 1:colcon.colcon_core.package_identification:_identify(src/ros2_control_demos/example_10) by extension 'ignore'
[0.806s] Level 1:colcon.colcon_core.package_identification:_identify(src/ros2_control_demos/example_10) by extension 'ignore_ament_install'
[0.806s] Level 1:colcon.colcon_core.package_identification:_identify(src/ros2_control_demos/example_10) by extensions ['colcon_pkg']
[0.806s] Level 1:colcon.colcon_core.package_identification:_identify(src/ros2_control_demos/example_10) by extension 'colcon_pkg'
[0.806s] Level 1:colcon.colcon_core.package_identification:_identify(src/ros2_control_demos/example_10) by extensions ['colcon_meta']
[0.806s] Level 1:colcon.colcon_core.package_identification:_identify(src/ros2_control_demos/example_10) by extension 'colcon_meta'
[0.806s] Level 1:colcon.colcon_core.package_identification:_identify(src/ros2_control_demos/example_10) by extensions ['ros']
[0.806s] Level 1:colcon.colcon_core.package_identification:_identify(src/ros2_control_demos/example_10) by extension 'ros'
[0.808s] DEBUG:colcon.colcon_core.package_identification:Package 'src/ros2_control_demos/example_10' with type 'ros.ament_cmake' and name 'ros2_control_demo_example_10'
[0.809s] Level 1:colcon.colcon_core.package_identification:_identify(src/ros2_control_demos/example_11) by extensions ['ignore', 'ignore_ament_install']
[0.809s] Level 1:colcon.colcon_core.package_identification:_identify(src/ros2_control_demos/example_11) by extension 'ignore'
[0.809s] Level 1:colcon.colcon_core.package_identification:_identify(src/ros2_control_demos/example_11) by extension 'ignore_ament_install'
[0.809s] Level 1:colcon.colcon_core.package_identification:_identify(src/ros2_control_demos/example_11) by extensions ['colcon_pkg']
[0.809s] Level 1:colcon.colcon_core.package_identification:_identify(src/ros2_control_demos/example_11) by extension 'colcon_pkg'
[0.809s] Level 1:colcon.colcon_core.package_identification:_identify(src/ros2_control_demos/example_11) by extensions ['colcon_meta']
[0.809s] Level 1:colcon.colcon_core.package_identification:_identify(src/ros2_control_demos/example_11) by extension 'colcon_meta'
[0.809s] Level 1:colcon.colcon_core.package_identification:_identify(src/ros2_control_demos/example_11) by extensions ['ros']
[0.809s] Level 1:colcon.colcon_core.package_identification:_identify(src/ros2_control_demos/example_11) by extension 'ros'
[0.811s] DEBUG:colcon.colcon_core.package_identification:Package 'src/ros2_control_demos/example_11' with type 'ros.ament_cmake' and name 'ros2_control_demo_example_11'
[0.812s] Level 1:colcon.colcon_core.package_identification:_identify(src/ros2_control_demos/example_12) by extensions ['ignore', 'ignore_ament_install']
[0.812s] Level 1:colcon.colcon_core.package_identification:_identify(src/ros2_control_demos/example_12) by extension 'ignore'
[0.812s] Level 1:colcon.colcon_core.package_identification:_identify(src/ros2_control_demos/example_12) by extension 'ignore_ament_install'
[0.812s] Level 1:colcon.colcon_core.package_identification:_identify(src/ros2_control_demos/example_12) by extensions ['colcon_pkg']
[0.812s] Level 1:colcon.colcon_core.package_identification:_identify(src/ros2_control_demos/example_12) by extension 'colcon_pkg'
[0.812s] Level 1:colcon.colcon_core.package_identification:_identify(src/ros2_control_demos/example_12) by extensions ['colcon_meta']
[0.812s] Level 1:colcon.colcon_core.package_identification:_identify(src/ros2_control_demos/example_12) by extension 'colcon_meta'
[0.813s] Level 1:colcon.colcon_core.package_identification:_identify(src/ros2_control_demos/example_12) by extensions ['ros']
[0.813s] Level 1:colcon.colcon_core.package_identification:_identify(src/ros2_control_demos/example_12) by extension 'ros'
[0.815s] DEBUG:colcon.colcon_core.package_identification:Package 'src/ros2_control_demos/example_12' with type 'ros.ament_cmake' and name 'ros2_control_demo_example_12'
[0.815s] Level 1:colcon.colcon_core.package_identification:_identify(src/ros2_control_demos/example_14) by extensions ['ignore', 'ignore_ament_install']
[0.815s] Level 1:colcon.colcon_core.package_identification:_identify(src/ros2_control_demos/example_14) by extension 'ignore'
[0.816s] Level 1:colcon.colcon_core.package_identification:_identify(src/ros2_control_demos/example_14) by extension 'ignore_ament_install'
[0.816s] Level 1:colcon.colcon_core.package_identification:_identify(src/ros2_control_demos/example_14) by extensions ['colcon_pkg']
[0.816s] Level 1:colcon.colcon_core.package_identification:_identify(src/ros2_control_demos/example_14) by extension 'colcon_pkg'
[0.816s] Level 1:colcon.colcon_core.package_identification:_identify(src/ros2_control_demos/example_14) by extensions ['colcon_meta']
[0.816s] Level 1:colcon.colcon_core.package_identification:_identify(src/ros2_control_demos/example_14) by extension 'colcon_meta'
[0.816s] Level 1:colcon.colcon_core.package_identification:_identify(src/ros2_control_demos/example_14) by extensions ['ros']
[0.816s] Level 1:colcon.colcon_core.package_identification:_identify(src/ros2_control_demos/example_14) by extension 'ros'
[0.818s] DEBUG:colcon.colcon_core.package_identification:Package 'src/ros2_control_demos/example_14' with type 'ros.ament_cmake' and name 'ros2_control_demo_example_14'
[0.819s] Level 1:colcon.colcon_core.package_identification:_identify(src/ros2_control_demos/example_15) by extensions ['ignore', 'ignore_ament_install']
[0.819s] Level 1:colcon.colcon_core.package_identification:_identify(src/ros2_control_demos/example_15) by extension 'ignore'
[0.819s] Level 1:colcon.colcon_core.package_identification:_identify(src/ros2_control_demos/example_15) by extension 'ignore_ament_install'
[0.819s] Level 1:colcon.colcon_core.package_identification:_identify(src/ros2_control_demos/example_15) by extensions ['colcon_pkg']
[0.819s] Level 1:colcon.colcon_core.package_identification:_identify(src/ros2_control_demos/example_15) by extension 'colcon_pkg'
[0.819s] Level 1:colcon.colcon_core.package_identification:_identify(src/ros2_control_demos/example_15) by extensions ['colcon_meta']
[0.819s] Level 1:colcon.colcon_core.package_identification:_identify(src/ros2_control_demos/example_15) by extension 'colcon_meta'
[0.819s] Level 1:colcon.colcon_core.package_identification:_identify(src/ros2_control_demos/example_15) by extensions ['ros']
[0.819s] Level 1:colcon.colcon_core.package_identification:_identify(src/ros2_control_demos/example_15) by extension 'ros'
[0.821s] DEBUG:colcon.colcon_core.package_identification:Package 'src/ros2_control_demos/example_15' with type 'ros.ament_cmake' and name 'ros2_control_demo_example_15'
[0.821s] Level 1:colcon.colcon_core.package_identification:_identify(src/ros2_control_demos/example_2) by extensions ['ignore', 'ignore_ament_install']
[0.821s] Level 1:colcon.colcon_core.package_identification:_identify(src/ros2_control_demos/example_2) by extension 'ignore'
[0.822s] Level 1:colcon.colcon_core.package_identification:_identify(src/ros2_control_demos/example_2) by extension 'ignore_ament_install'
[0.822s] Level 1:colcon.colcon_core.package_identification:_identify(src/ros2_control_demos/example_2) by extensions ['colcon_pkg']
[0.822s] Level 1:colcon.colcon_core.package_identification:_identify(src/ros2_control_demos/example_2) by extension 'colcon_pkg'
[0.822s] Level 1:colcon.colcon_core.package_identification:_identify(src/ros2_control_demos/example_2) by extensions ['colcon_meta']
[0.822s] Level 1:colcon.colcon_core.package_identification:_identify(src/ros2_control_demos/example_2) by extension 'colcon_meta'
[0.822s] Level 1:colcon.colcon_core.package_identification:_identify(src/ros2_control_demos/example_2) by extensions ['ros']
[0.822s] Level 1:colcon.colcon_core.package_identification:_identify(src/ros2_control_demos/example_2) by extension 'ros'
[0.824s] DEBUG:colcon.colcon_core.package_identification:Package 'src/ros2_control_demos/example_2' with type 'ros.ament_cmake' and name 'ros2_control_demo_example_2'
[0.825s] Level 1:colcon.colcon_core.package_identification:_identify(src/ros2_control_demos/example_3) by extensions ['ignore', 'ignore_ament_install']
[0.825s] Level 1:colcon.colcon_core.package_identification:_identify(src/ros2_control_demos/example_3) by extension 'ignore'
[0.825s] Level 1:colcon.colcon_core.package_identification:_identify(src/ros2_control_demos/example_3) by extension 'ignore_ament_install'
[0.825s] Level 1:colcon.colcon_core.package_identification:_identify(src/ros2_control_demos/example_3) by extensions ['colcon_pkg']
[0.825s] Level 1:colcon.colcon_core.package_identification:_identify(src/ros2_control_demos/example_3) by extension 'colcon_pkg'
[0.825s] Level 1:colcon.colcon_core.package_identification:_identify(src/ros2_control_demos/example_3) by extensions ['colcon_meta']
[0.825s] Level 1:colcon.colcon_core.package_identification:_identify(src/ros2_control_demos/example_3) by extension 'colcon_meta'
[0.825s] Level 1:colcon.colcon_core.package_identification:_identify(src/ros2_control_demos/example_3) by extensions ['ros']
[0.825s] Level 1:colcon.colcon_core.package_identification:_identify(src/ros2_control_demos/example_3) by extension 'ros'
[0.827s] DEBUG:colcon.colcon_core.package_identification:Package 'src/ros2_control_demos/example_3' with type 'ros.ament_cmake' and name 'ros2_control_demo_example_3'
[0.828s] Level 1:colcon.colcon_core.package_identification:_identify(src/ros2_control_demos/example_4) by extensions ['ignore', 'ignore_ament_install']
[0.828s] Level 1:colcon.colcon_core.package_identification:_identify(src/ros2_control_demos/example_4) by extension 'ignore'
[0.828s] Level 1:colcon.colcon_core.package_identification:_identify(src/ros2_control_demos/example_4) by extension 'ignore_ament_install'
[0.828s] Level 1:colcon.colcon_core.package_identification:_identify(src/ros2_control_demos/example_4) by extensions ['colcon_pkg']
[0.828s] Level 1:colcon.colcon_core.package_identification:_identify(src/ros2_control_demos/example_4) by extension 'colcon_pkg'
[0.828s] Level 1:colcon.colcon_core.package_identification:_identify(src/ros2_control_demos/example_4) by extensions ['colcon_meta']
[0.828s] Level 1:colcon.colcon_core.package_identification:_identify(src/ros2_control_demos/example_4) by extension 'colcon_meta'
[0.828s] Level 1:colcon.colcon_core.package_identification:_identify(src/ros2_control_demos/example_4) by extensions ['ros']
[0.829s] Level 1:colcon.colcon_core.package_identification:_identify(src/ros2_control_demos/example_4) by extension 'ros'
[0.831s] DEBUG:colcon.colcon_core.package_identification:Package 'src/ros2_control_demos/example_4' with type 'ros.ament_cmake' and name 'ros2_control_demo_example_4'
[0.831s] Level 1:colcon.colcon_core.package_identification:_identify(src/ros2_control_demos/example_5) by extensions ['ignore', 'ignore_ament_install']
[0.831s] Level 1:colcon.colcon_core.package_identification:_identify(src/ros2_control_demos/example_5) by extension 'ignore'
[0.831s] Level 1:colcon.colcon_core.package_identification:_identify(src/ros2_control_demos/example_5) by extension 'ignore_ament_install'
[0.831s] Level 1:colcon.colcon_core.package_identification:_identify(src/ros2_control_demos/example_5) by extensions ['colcon_pkg']
[0.831s] Level 1:colcon.colcon_core.package_identification:_identify(src/ros2_control_demos/example_5) by extension 'colcon_pkg'
[0.832s] Level 1:colcon.colcon_core.package_identification:_identify(src/ros2_control_demos/example_5) by extensions ['colcon_meta']
[0.832s] Level 1:colcon.colcon_core.package_identification:_identify(src/ros2_control_demos/example_5) by extension 'colcon_meta'
[0.832s] Level 1:colcon.colcon_core.package_identification:_identify(src/ros2_control_demos/example_5) by extensions ['ros']
[0.832s] Level 1:colcon.colcon_core.package_identification:_identify(src/ros2_control_demos/example_5) by extension 'ros'
[0.834s] DEBUG:colcon.colcon_core.package_identification:Package 'src/ros2_control_demos/example_5' with type 'ros.ament_cmake' and name 'ros2_control_demo_example_5'
[0.834s] Level 1:colcon.colcon_core.package_identification:_identify(src/ros2_control_demos/example_6) by extensions ['ignore', 'ignore_ament_install']
[0.834s] Level 1:colcon.colcon_core.package_identification:_identify(src/ros2_control_demos/example_6) by extension 'ignore'
[0.835s] Level 1:colcon.colcon_core.package_identification:_identify(src/ros2_control_demos/example_6) by extension 'ignore_ament_install'
[0.835s] Level 1:colcon.colcon_core.package_identification:_identify(src/ros2_control_demos/example_6) by extensions ['colcon_pkg']
[0.835s] Level 1:colcon.colcon_core.package_identification:_identify(src/ros2_control_demos/example_6) by extension 'colcon_pkg'
[0.835s] Level 1:colcon.colcon_core.package_identification:_identify(src/ros2_control_demos/example_6) by extensions ['colcon_meta']
[0.835s] Level 1:colcon.colcon_core.package_identification:_identify(src/ros2_control_demos/example_6) by extension 'colcon_meta'
[0.835s] Level 1:colcon.colcon_core.package_identification:_identify(src/ros2_control_demos/example_6) by extensions ['ros']
[0.835s] Level 1:colcon.colcon_core.package_identification:_identify(src/ros2_control_demos/example_6) by extension 'ros'
[0.837s] DEBUG:colcon.colcon_core.package_identification:Package 'src/ros2_control_demos/example_6' with type 'ros.ament_cmake' and name 'ros2_control_demo_example_6'
[0.837s] Level 1:colcon.colcon_core.package_identification:_identify(src/ros2_control_demos/example_7) by extensions ['ignore', 'ignore_ament_install']
[0.837s] Level 1:colcon.colcon_core.package_identification:_identify(src/ros2_control_demos/example_7) by extension 'ignore'
[0.838s] Level 1:colcon.colcon_core.package_identification:_identify(src/ros2_control_demos/example_7) by extension 'ignore_ament_install'
[0.838s] Level 1:colcon.colcon_core.package_identification:_identify(src/ros2_control_demos/example_7) by extensions ['colcon_pkg']
[0.838s] Level 1:colcon.colcon_core.package_identification:_identify(src/ros2_control_demos/example_7) by extension 'colcon_pkg'
[0.838s] Level 1:colcon.colcon_core.package_identification:_identify(src/ros2_control_demos/example_7) by extensions ['colcon_meta']
[0.838s] Level 1:colcon.colcon_core.package_identification:_identify(src/ros2_control_demos/example_7) by extension 'colcon_meta'
[0.838s] Level 1:colcon.colcon_core.package_identification:_identify(src/ros2_control_demos/example_7) by extensions ['ros']
[0.838s] Level 1:colcon.colcon_core.package_identification:_identify(src/ros2_control_demos/example_7) by extension 'ros'
[0.841s] DEBUG:colcon.colcon_core.package_identification:Package 'src/ros2_control_demos/example_7' with type 'ros.ament_cmake' and name 'ros2_control_demo_example_7'
[0.841s] Level 1:colcon.colcon_core.package_identification:_identify(src/ros2_control_demos/example_8) by extensions ['ignore', 'ignore_ament_install']
[0.841s] Level 1:colcon.colcon_core.package_identification:_identify(src/ros2_control_demos/example_8) by extension 'ignore'
[0.841s] Level 1:colcon.colcon_core.package_identification:_identify(src/ros2_control_demos/example_8) by extension 'ignore_ament_install'
[0.841s] Level 1:colcon.colcon_core.package_identification:_identify(src/ros2_control_demos/example_8) by extensions ['colcon_pkg']
[0.841s] Level 1:colcon.colcon_core.package_identification:_identify(src/ros2_control_demos/example_8) by extension 'colcon_pkg'
[0.842s] Level 1:colcon.colcon_core.package_identification:_identify(src/ros2_control_demos/example_8) by extensions ['colcon_meta']
[0.842s] Level 1:colcon.colcon_core.package_identification:_identify(src/ros2_control_demos/example_8) by extension 'colcon_meta'
[0.842s] Level 1:colcon.colcon_core.package_identification:_identify(src/ros2_control_demos/example_8) by extensions ['ros']
[0.842s] Level 1:colcon.colcon_core.package_identification:_identify(src/ros2_control_demos/example_8) by extension 'ros'
[0.844s] DEBUG:colcon.colcon_core.package_identification:Package 'src/ros2_control_demos/example_8' with type 'ros.ament_cmake' and name 'ros2_control_demo_example_8'
[0.845s] Level 1:colcon.colcon_core.package_identification:_identify(src/ros2_control_demos/example_9) by extensions ['ignore', 'ignore_ament_install']
[0.845s] Level 1:colcon.colcon_core.package_identification:_identify(src/ros2_control_demos/example_9) by extension 'ignore'
[0.845s] Level 1:colcon.colcon_core.package_identification:_identify(src/ros2_control_demos/example_9) by extension 'ignore_ament_install'
[0.845s] Level 1:colcon.colcon_core.package_identification:_identify(src/ros2_control_demos/example_9) by extensions ['colcon_pkg']
[0.845s] Level 1:colcon.colcon_core.package_identification:_identify(src/ros2_control_demos/example_9) by extension 'colcon_pkg'
[0.845s] Level 1:colcon.colcon_core.package_identification:_identify(src/ros2_control_demos/example_9) by extensions ['colcon_meta']
[0.845s] Level 1:colcon.colcon_core.package_identification:_identify(src/ros2_control_demos/example_9) by extension 'colcon_meta'
[0.845s] Level 1:colcon.colcon_core.package_identification:_identify(src/ros2_control_demos/example_9) by extensions ['ros']
[0.845s] Level 1:colcon.colcon_core.package_identification:_identify(src/ros2_control_demos/example_9) by extension 'ros'
[0.848s] DEBUG:colcon.colcon_core.package_identification:Package 'src/ros2_control_demos/example_9' with type 'ros.ament_cmake' and name 'ros2_control_demo_example_9'
[0.848s] Level 1:colcon.colcon_core.package_identification:_identify(src/ros2_control_demos/ros2_control_demo_description) by extensions ['ignore', 'ignore_ament_install']
[0.848s] Level 1:colcon.colcon_core.package_identification:_identify(src/ros2_control_demos/ros2_control_demo_description) by extension 'ignore'
[0.848s] Level 1:colcon.colcon_core.package_identification:_identify(src/ros2_control_demos/ros2_control_demo_description) by extension 'ignore_ament_install'
[0.849s] Level 1:colcon.colcon_core.package_identification:_identify(src/ros2_control_demos/ros2_control_demo_description) by extensions ['colcon_pkg']
[0.849s] Level 1:colcon.colcon_core.package_identification:_identify(src/ros2_control_demos/ros2_control_demo_description) by extension 'colcon_pkg'
[0.849s] Level 1:colcon.colcon_core.package_identification:_identify(src/ros2_control_demos/ros2_control_demo_description) by extensions ['colcon_meta']
[0.849s] Level 1:colcon.colcon_core.package_identification:_identify(src/ros2_control_demos/ros2_control_demo_description) by extension 'colcon_meta'
[0.849s] Level 1:colcon.colcon_core.package_identification:_identify(src/ros2_control_demos/ros2_control_demo_description) by extensions ['ros']
[0.849s] Level 1:colcon.colcon_core.package_identification:_identify(src/ros2_control_demos/ros2_control_demo_description) by extension 'ros'
[0.850s] DEBUG:colcon.colcon_core.package_identification:Package 'src/ros2_control_demos/ros2_control_demo_description' with type 'ros.ament_cmake' and name 'ros2_control_demo_description'
[0.851s] Level 1:colcon.colcon_core.package_identification:_identify(src/ros2_control_demos/ros2_control_demo_testing) by extensions ['ignore', 'ignore_ament_install']
[0.851s] Level 1:colcon.colcon_core.package_identification:_identify(src/ros2_control_demos/ros2_control_demo_testing) by extension 'ignore'
[0.851s] Level 1:colcon.colcon_core.package_identification:_identify(src/ros2_control_demos/ros2_control_demo_testing) by extension 'ignore_ament_install'
[0.851s] Level 1:colcon.colcon_core.package_identification:_identify(src/ros2_control_demos/ros2_control_demo_testing) by extensions ['colcon_pkg']
[0.851s] Level 1:colcon.colcon_core.package_identification:_identify(src/ros2_control_demos/ros2_control_demo_testing) by extension 'colcon_pkg'
[0.851s] Level 1:colcon.colcon_core.package_identification:_identify(src/ros2_control_demos/ros2_control_demo_testing) by extensions ['colcon_meta']
[0.851s] Level 1:colcon.colcon_core.package_identification:_identify(src/ros2_control_demos/ros2_control_demo_testing) by extension 'colcon_meta'
[0.851s] Level 1:colcon.colcon_core.package_identification:_identify(src/ros2_control_demos/ros2_control_demo_testing) by extensions ['ros']
[0.851s] Level 1:colcon.colcon_core.package_identification:_identify(src/ros2_control_demos/ros2_control_demo_testing) by extension 'ros'
[0.852s] DEBUG:colcon.colcon_core.package_identification:Package 'src/ros2_control_demos/ros2_control_demo_testing' with type 'ros.ament_python' and name 'ros2_control_demo_testing'
[0.853s] Level 1:colcon.colcon_core.package_identification:_identify(src/ros2_control_demos/ros2_control_demos) by extensions ['ignore', 'ignore_ament_install']
[0.853s] Level 1:colcon.colcon_core.package_identification:_identify(src/ros2_control_demos/ros2_control_demos) by extension 'ignore'
[0.853s] Level 1:colcon.colcon_core.package_identification:_identify(src/ros2_control_demos/ros2_control_demos) by extension 'ignore_ament_install'
[0.853s] Level 1:colcon.colcon_core.package_identification:_identify(src/ros2_control_demos/ros2_control_demos) by extensions ['colcon_pkg']
[0.853s] Level 1:colcon.colcon_core.package_identification:_identify(src/ros2_control_demos/ros2_control_demos) by extension 'colcon_pkg'
[0.853s] Level 1:colcon.colcon_core.package_identification:_identify(src/ros2_control_demos/ros2_control_demos) by extensions ['colcon_meta']
[0.853s] Level 1:colcon.colcon_core.package_identification:_identify(src/ros2_control_demos/ros2_control_demos) by extension 'colcon_meta'
[0.853s] Level 1:colcon.colcon_core.package_identification:_identify(src/ros2_control_demos/ros2_control_demos) by extensions ['ros']
[0.853s] Level 1:colcon.colcon_core.package_identification:_identify(src/ros2_control_demos/ros2_control_demos) by extension 'ros'
[0.854s] DEBUG:colcon.colcon_core.package_identification:Package 'src/ros2_control_demos/ros2_control_demos' with type 'ros.ament_cmake' and name 'ros2_control_demos'
[0.854s] Level 1:colcon.colcon_core.package_discovery:discover_packages(recursive) using defaults
[0.854s] Level 1:colcon.colcon_core.package_discovery:discover_packages(ignore) discover
[0.854s] Level 1:colcon.colcon_core.package_discovery:discover_packages(ignore) using defaults
[0.854s] Level 1:colcon.colcon_core.package_discovery:discover_packages(path) discover
[0.855s] Level 1:colcon.colcon_core.package_discovery:discover_packages(path) using defaults
[0.921s] INFO:colcon.colcon_core.package_selection:Skipping not selected package 'kr600' in 'src/kr600'
[0.921s] INFO:colcon.colcon_core.package_selection:Skipping not selected package 'ros2_control_demo_description' in 'src/ros2_control_demos/ros2_control_demo_description'
[0.921s] INFO:colcon.colcon_core.package_selection:Skipping not selected package 'ros2_control_demo_testing' in 'src/ros2_control_demos/ros2_control_demo_testing'
[0.921s] INFO:colcon.colcon_core.package_selection:Skipping not selected package 'ros2_control_demo_example_1' in 'src/ros2_control_demos/example_1'
[0.921s] INFO:colcon.colcon_core.package_selection:Skipping not selected package 'ros2_control_demo_example_10' in 'src/ros2_control_demos/example_10'
[0.921s] INFO:colcon.colcon_core.package_selection:Skipping not selected package 'ros2_control_demo_example_11' in 'src/ros2_control_demos/example_11'
[0.921s] INFO:colcon.colcon_core.package_selection:Skipping not selected package 'ros2_control_demo_example_12' in 'src/ros2_control_demos/example_12'
[0.921s] INFO:colcon.colcon_core.package_selection:Skipping not selected package 'ros2_control_demo_example_14' in 'src/ros2_control_demos/example_14'
[0.921s] INFO:colcon.colcon_core.package_selection:Skipping not selected package 'ros2_control_demo_example_2' in 'src/ros2_control_demos/example_2'
[0.921s] INFO:colcon.colcon_core.package_selection:Skipping not selected package 'ros2_control_demo_example_3' in 'src/ros2_control_demos/example_3'
[0.921s] INFO:colcon.colcon_core.package_selection:Skipping not selected package 'ros2_control_demo_example_4' in 'src/ros2_control_demos/example_4'
[0.921s] INFO:colcon.colcon_core.package_selection:Skipping not selected package 'ros2_control_demo_example_5' in 'src/ros2_control_demos/example_5'
[0.921s] INFO:colcon.colcon_core.package_selection:Skipping not selected package 'ros2_control_demo_example_6' in 'src/ros2_control_demos/example_6'
[0.921s] INFO:colcon.colcon_core.package_selection:Skipping not selected package 'ros2_control_demo_example_7' in 'src/ros2_control_demos/example_7'
[0.922s] INFO:colcon.colcon_core.package_selection:Skipping not selected package 'ros2_control_demo_example_8' in 'src/ros2_control_demos/example_8'
[0.922s] INFO:colcon.colcon_core.package_selection:Skipping not selected package 'ros2_control_demo_example_9' in 'src/ros2_control_demos/example_9'
[0.922s] INFO:colcon.colcon_core.package_selection:Skipping not selected package 'ros2_control_demo_example_15' in 'src/ros2_control_demos/example_15'
[0.922s] INFO:colcon.colcon_core.package_selection:Skipping not selected package 'ros2_control_demos' in 'src/ros2_control_demos/ros2_control_demos'
[0.922s] Level 5:colcon.colcon_core.verb:set package 'kr600_gazebo' build argument 'cmake_args' from command line to 'None'
[0.922s] Level 5:colcon.colcon_core.verb:set package 'kr600_gazebo' build argument 'cmake_target' from command line to 'None'
[0.922s] Level 5:colcon.colcon_core.verb:set package 'kr600_gazebo' build argument 'cmake_target_skip_unavailable' from command line to 'False'
[0.922s] Level 5:colcon.colcon_core.verb:set package 'kr600_gazebo' build argument 'cmake_clean_cache' from command line to 'False'
[0.922s] Level 5:colcon.colcon_core.verb:set package 'kr600_gazebo' build argument 'cmake_clean_first' from command line to 'False'
[0.923s] Level 5:colcon.colcon_core.verb:set package 'kr600_gazebo' build argument 'cmake_force_configure' from command line to 'False'
[0.923s] Level 5:colcon.colcon_core.verb:set package 'kr600_gazebo' build argument 'ament_cmake_args' from command line to 'None'
[0.923s] Level 5:colcon.colcon_core.verb:set package 'kr600_gazebo' build argument 'catkin_cmake_args' from command line to 'None'
[0.923s] Level 5:colcon.colcon_core.verb:set package 'kr600_gazebo' build argument 'catkin_skip_building_tests' from command line to 'False'
[0.923s] DEBUG:colcon.colcon_core.verb:Building package 'kr600_gazebo' with the following arguments: {'ament_cmake_args': None, 'build_base': '/root/dream_ws/build/kr600_gazebo', 'catkin_cmake_args': None, 'catkin_skip_building_tests': False, 'cmake_args': None, 'cmake_clean_cache': False, 'cmake_clean_first': False, 'cmake_force_configure': False, 'cmake_target': None, 'cmake_target_skip_unavailable': False, 'install_base': '/root/dream_ws/install/kr600_gazebo', 'merge_install': False, 'path': '/root/dream_ws/src/kr600_gazebo', 'symlink_install': False, 'test_result_base': None}
[0.923s] INFO:colcon.colcon_core.executor:Executing jobs using 'parallel' executor
[0.924s] DEBUG:colcon.colcon_parallel_executor.executor.parallel:run_until_complete
[0.924s] INFO:colcon.colcon_ros.task.ament_cmake.build:Building ROS package in '/root/dream_ws/src/kr600_gazebo' with build type 'ament_cmake'
[0.925s] INFO:colcon.colcon_cmake.task.cmake.build:Building CMake package in '/root/dream_ws/src/kr600_gazebo'
[0.933s] INFO:colcon.colcon_core.plugin_system:Skipping extension 'colcon_core.shell.bat': Not used on non-Windows systems
[0.933s] INFO:colcon.colcon_core.shell:Skip shell extension 'powershell' for command environment: Not usable outside of PowerShell
[0.933s] DEBUG:colcon.colcon_core.shell:Skip shell extension 'dsv' for command environment
[0.965s] DEBUG:colcon.colcon_core.event_handler.log_command:Invoking command in '/root/dream_ws/build/kr600_gazebo': CMAKE_PREFIX_PATH=/root/dream_ws/install/kr600:/root/dream_ws/install/ros2_control_demos:/root/dream_ws/install/ros2_control_demo_example_9:/root/dream_ws/install/ros2_control_demo_example_8:/root/dream_ws/install/ros2_control_demo_example_7:/root/dream_ws/install/ros2_control_demo_example_6:/root/dream_ws/install/ros2_control_demo_example_15:/root/dream_ws/install/ros2_control_demo_example_5:/root/dream_ws/install/ros2_control_demo_example_4:/root/dream_ws/install/ros2_control_demo_example_3:/root/dream_ws/install/ros2_control_demo_example_2:/root/dream_ws/install/ros2_control_demo_example_14:/root/dream_ws/install/ros2_control_demo_example_12:/root/dream_ws/install/ros2_control_demo_example_11:/root/dream_ws/install/ros2_control_demo_example_10:/root/dream_ws/install/ros2_control_demo_example_1:/root/dream_ws/install/ros2_control_demo_description:/root/ros2_ws/install/mycobot_ros2:/root/ros2_ws/install/mycobot_gazebo:/root/ros2_ws/install/mycobot_description:/root/dev_ws/install/simple_bot_config:/root/dev_ws/install/movbot_config:/root/dev_ws/install/simple_bot:/root/dev_ws/install/moveit_demo:/root/dev_ws/install/cobot_simulation_config:/root/dev_ws/install/cobot_simulation:/root/dev_ws/install/basic_mobile_robot:/root/dev_ws/install/arm6axis:/root/dream_ws/install/ros2_control_demo_testing:/opt/ros/humble /usr/bin/cmake /root/dream_ws/src/kr600_gazebo -DCMAKE_INSTALL_PREFIX=/root/dream_ws/install/kr600_gazebo
[3.406s] DEBUG:colcon.colcon_core.event_handler.log_command:Invoked command in '/root/dream_ws/build/kr600_gazebo' returned '0': CMAKE_PREFIX_PATH=/root/dream_ws/install/kr600:/root/dream_ws/install/ros2_control_demos:/root/dream_ws/install/ros2_control_demo_example_9:/root/dream_ws/install/ros2_control_demo_example_8:/root/dream_ws/install/ros2_control_demo_example_7:/root/dream_ws/install/ros2_control_demo_example_6:/root/dream_ws/install/ros2_control_demo_example_15:/root/dream_ws/install/ros2_control_demo_example_5:/root/dream_ws/install/ros2_control_demo_example_4:/root/dream_ws/install/ros2_control_demo_example_3:/root/dream_ws/install/ros2_control_demo_example_2:/root/dream_ws/install/ros2_control_demo_example_14:/root/dream_ws/install/ros2_control_demo_example_12:/root/dream_ws/install/ros2_control_demo_example_11:/root/dream_ws/install/ros2_control_demo_example_10:/root/dream_ws/install/ros2_control_demo_example_1:/root/dream_ws/install/ros2_control_demo_description:/root/ros2_ws/install/mycobot_ros2:/root/ros2_ws/install/mycobot_gazebo:/root/ros2_ws/install/mycobot_description:/root/dev_ws/install/simple_bot_config:/root/dev_ws/install/movbot_config:/root/dev_ws/install/simple_bot:/root/dev_ws/install/moveit_demo:/root/dev_ws/install/cobot_simulation_config:/root/dev_ws/install/cobot_simulation:/root/dev_ws/install/basic_mobile_robot:/root/dev_ws/install/arm6axis:/root/dream_ws/install/ros2_control_demo_testing:/opt/ros/humble /usr/bin/cmake /root/dream_ws/src/kr600_gazebo -DCMAKE_INSTALL_PREFIX=/root/dream_ws/install/kr600_gazebo
[3.408s] DEBUG:colcon.colcon_core.event_handler.log_command:Invoking command in '/root/dream_ws/build/kr600_gazebo': CMAKE_PREFIX_PATH=/root/dream_ws/install/kr600:/root/dream_ws/install/ros2_control_demos:/root/dream_ws/install/ros2_control_demo_example_9:/root/dream_ws/install/ros2_control_demo_example_8:/root/dream_ws/install/ros2_control_demo_example_7:/root/dream_ws/install/ros2_control_demo_example_6:/root/dream_ws/install/ros2_control_demo_example_15:/root/dream_ws/install/ros2_control_demo_example_5:/root/dream_ws/install/ros2_control_demo_example_4:/root/dream_ws/install/ros2_control_demo_example_3:/root/dream_ws/install/ros2_control_demo_example_2:/root/dream_ws/install/ros2_control_demo_example_14:/root/dream_ws/install/ros2_control_demo_example_12:/root/dream_ws/install/ros2_control_demo_example_11:/root/dream_ws/install/ros2_control_demo_example_10:/root/dream_ws/install/ros2_control_demo_example_1:/root/dream_ws/install/ros2_control_demo_description:/root/ros2_ws/install/mycobot_ros2:/root/ros2_ws/install/mycobot_gazebo:/root/ros2_ws/install/mycobot_description:/root/dev_ws/install/simple_bot_config:/root/dev_ws/install/movbot_config:/root/dev_ws/install/simple_bot:/root/dev_ws/install/moveit_demo:/root/dev_ws/install/cobot_simulation_config:/root/dev_ws/install/cobot_simulation:/root/dev_ws/install/basic_mobile_robot:/root/dev_ws/install/arm6axis:/root/dream_ws/install/ros2_control_demo_testing:/opt/ros/humble /usr/bin/cmake --build /root/dream_ws/build/kr600_gazebo -- -j12 -l12
[3.450s] DEBUG:colcon.colcon_core.event_handler.log_command:Invoked command in '/root/dream_ws/build/kr600_gazebo' returned '0': CMAKE_PREFIX_PATH=/root/dream_ws/install/kr600:/root/dream_ws/install/ros2_control_demos:/root/dream_ws/install/ros2_control_demo_example_9:/root/dream_ws/install/ros2_control_demo_example_8:/root/dream_ws/install/ros2_control_demo_example_7:/root/dream_ws/install/ros2_control_demo_example_6:/root/dream_ws/install/ros2_control_demo_example_15:/root/dream_ws/install/ros2_control_demo_example_5:/root/dream_ws/install/ros2_control_demo_example_4:/root/dream_ws/install/ros2_control_demo_example_3:/root/dream_ws/install/ros2_control_demo_example_2:/root/dream_ws/install/ros2_control_demo_example_14:/root/dream_ws/install/ros2_control_demo_example_12:/root/dream_ws/install/ros2_control_demo_example_11:/root/dream_ws/install/ros2_control_demo_example_10:/root/dream_ws/install/ros2_control_demo_example_1:/root/dream_ws/install/ros2_control_demo_description:/root/ros2_ws/install/mycobot_ros2:/root/ros2_ws/install/mycobot_gazebo:/root/ros2_ws/install/mycobot_description:/root/dev_ws/install/simple_bot_config:/root/dev_ws/install/movbot_config:/root/dev_ws/install/simple_bot:/root/dev_ws/install/moveit_demo:/root/dev_ws/install/cobot_simulation_config:/root/dev_ws/install/cobot_simulation:/root/dev_ws/install/basic_mobile_robot:/root/dev_ws/install/arm6axis:/root/dream_ws/install/ros2_control_demo_testing:/opt/ros/humble /usr/bin/cmake --build /root/dream_ws/build/kr600_gazebo -- -j12 -l12
[3.490s] DEBUG:colcon.colcon_core.event_handler.log_command:Invoking command in '/root/dream_ws/build/kr600_gazebo': CMAKE_PREFIX_PATH=/root/dream_ws/install/kr600:/root/dream_ws/install/ros2_control_demos:/root/dream_ws/install/ros2_control_demo_example_9:/root/dream_ws/install/ros2_control_demo_example_8:/root/dream_ws/install/ros2_control_demo_example_7:/root/dream_ws/install/ros2_control_demo_example_6:/root/dream_ws/install/ros2_control_demo_example_15:/root/dream_ws/install/ros2_control_demo_example_5:/root/dream_ws/install/ros2_control_demo_example_4:/root/dream_ws/install/ros2_control_demo_example_3:/root/dream_ws/install/ros2_control_demo_example_2:/root/dream_ws/install/ros2_control_demo_example_14:/root/dream_ws/install/ros2_control_demo_example_12:/root/dream_ws/install/ros2_control_demo_example_11:/root/dream_ws/install/ros2_control_demo_example_10:/root/dream_ws/install/ros2_control_demo_example_1:/root/dream_ws/install/ros2_control_demo_description:/root/ros2_ws/install/mycobot_ros2:/root/ros2_ws/install/mycobot_gazebo:/root/ros2_ws/install/mycobot_description:/root/dev_ws/install/simple_bot_config:/root/dev_ws/install/movbot_config:/root/dev_ws/install/simple_bot:/root/dev_ws/install/moveit_demo:/root/dev_ws/install/cobot_simulation_config:/root/dev_ws/install/cobot_simulation:/root/dev_ws/install/basic_mobile_robot:/root/dev_ws/install/arm6axis:/root/dream_ws/install/ros2_control_demo_testing:/opt/ros/humble /usr/bin/cmake --install /root/dream_ws/build/kr600_gazebo
[3.501s] Level 1:colcon.colcon_core.environment:create_environment_scripts_only(kr600_gazebo)
[3.502s] DEBUG:colcon.colcon_core.event_handler.log_command:Invoked command in '/root/dream_ws/build/kr600_gazebo' returned '0': CMAKE_PREFIX_PATH=/root/dream_ws/install/kr600:/root/dream_ws/install/ros2_control_demos:/root/dream_ws/install/ros2_control_demo_example_9:/root/dream_ws/install/ros2_control_demo_example_8:/root/dream_ws/install/ros2_control_demo_example_7:/root/dream_ws/install/ros2_control_demo_example_6:/root/dream_ws/install/ros2_control_demo_example_15:/root/dream_ws/install/ros2_control_demo_example_5:/root/dream_ws/install/ros2_control_demo_example_4:/root/dream_ws/install/ros2_control_demo_example_3:/root/dream_ws/install/ros2_control_demo_example_2:/root/dream_ws/install/ros2_control_demo_example_14:/root/dream_ws/install/ros2_control_demo_example_12:/root/dream_ws/install/ros2_control_demo_example_11:/root/dream_ws/install/ros2_control_demo_example_10:/root/dream_ws/install/ros2_control_demo_example_1:/root/dream_ws/install/ros2_control_demo_description:/root/ros2_ws/install/mycobot_ros2:/root/ros2_ws/install/mycobot_gazebo:/root/ros2_ws/install/mycobot_description:/root/dev_ws/install/simple_bot_config:/root/dev_ws/install/movbot_config:/root/dev_ws/install/simple_bot:/root/dev_ws/install/moveit_demo:/root/dev_ws/install/cobot_simulation_config:/root/dev_ws/install/cobot_simulation:/root/dev_ws/install/basic_mobile_robot:/root/dev_ws/install/arm6axis:/root/dream_ws/install/ros2_control_demo_testing:/opt/ros/humble /usr/bin/cmake --install /root/dream_ws/build/kr600_gazebo
[3.510s] Level 1:colcon.colcon_core.environment:checking '/root/dream_ws/install/kr600_gazebo' for CMake module files
[3.510s] Level 1:colcon.colcon_core.environment:checking '/root/dream_ws/install/kr600_gazebo' for CMake config files
[3.510s] Level 1:colcon.colcon_core.shell:create_environment_hook('kr600_gazebo', 'cmake_prefix_path')
[3.511s] INFO:colcon.colcon_core.shell:Creating environment hook '/root/dream_ws/install/kr600_gazebo/share/kr600_gazebo/hook/cmake_prefix_path.ps1'
[3.512s] INFO:colcon.colcon_core.shell:Creating environment descriptor '/root/dream_ws/install/kr600_gazebo/share/kr600_gazebo/hook/cmake_prefix_path.dsv'
[3.513s] INFO:colcon.colcon_core.shell:Creating environment hook '/root/dream_ws/install/kr600_gazebo/share/kr600_gazebo/hook/cmake_prefix_path.sh'
[3.514s] Level 1:colcon.colcon_core.environment:checking '/root/dream_ws/install/kr600_gazebo/bin'
[3.514s] Level 1:colcon.colcon_core.environment:checking '/root/dream_ws/install/kr600_gazebo/lib/pkgconfig/kr600_gazebo.pc'
[3.516s] Level 1:colcon.colcon_core.environment:checking '/root/dream_ws/install/kr600_gazebo/lib/python3.10/site-packages'
[3.516s] Level 1:colcon.colcon_core.environment:checking '/root/dream_ws/install/kr600_gazebo/bin'
[3.517s] INFO:colcon.colcon_core.shell:Creating package script '/root/dream_ws/install/kr600_gazebo/share/kr600_gazebo/package.ps1'
[3.518s] INFO:colcon.colcon_core.shell:Creating package descriptor '/root/dream_ws/install/kr600_gazebo/share/kr600_gazebo/package.dsv'
[3.520s] INFO:colcon.colcon_core.shell:Creating package script '/root/dream_ws/install/kr600_gazebo/share/kr600_gazebo/package.sh'
[3.521s] INFO:colcon.colcon_core.shell:Creating package script '/root/dream_ws/install/kr600_gazebo/share/kr600_gazebo/package.bash'
[3.522s] INFO:colcon.colcon_core.shell:Creating package script '/root/dream_ws/install/kr600_gazebo/share/kr600_gazebo/package.zsh'
[3.524s] Level 1:colcon.colcon_core.environment:create_file_with_runtime_dependencies(/root/dream_ws/install/kr600_gazebo/share/colcon-core/packages/kr600_gazebo)
[3.552s] Level 1:colcon.colcon_core.environment:create_environment_scripts_only(kr600_gazebo)
[3.553s] Level 1:colcon.colcon_core.environment:checking '/root/dream_ws/install/kr600_gazebo' for CMake module files
[3.553s] Level 1:colcon.colcon_core.environment:checking '/root/dream_ws/install/kr600_gazebo' for CMake config files
[3.554s] Level 1:colcon.colcon_core.shell:create_environment_hook('kr600_gazebo', 'cmake_prefix_path')
[3.554s] INFO:colcon.colcon_core.shell:Creating environment hook '/root/dream_ws/install/kr600_gazebo/share/kr600_gazebo/hook/cmake_prefix_path.ps1'
[3.554s] INFO:colcon.colcon_core.shell:Creating environment descriptor '/root/dream_ws/install/kr600_gazebo/share/kr600_gazebo/hook/cmake_prefix_path.dsv'
[3.554s] INFO:colcon.colcon_core.shell:Creating environment hook '/root/dream_ws/install/kr600_gazebo/share/kr600_gazebo/hook/cmake_prefix_path.sh'
[3.555s] Level 1:colcon.colcon_core.environment:checking '/root/dream_ws/install/kr600_gazebo/bin'
[3.555s] Level 1:colcon.colcon_core.environment:checking '/root/dream_ws/install/kr600_gazebo/lib/pkgconfig/kr600_gazebo.pc'
[3.555s] Level 1:colcon.colcon_core.environment:checking '/root/dream_ws/install/kr600_gazebo/lib/python3.10/site-packages'
[3.556s] Level 1:colcon.colcon_core.environment:checking '/root/dream_ws/install/kr600_gazebo/bin'
[3.556s] INFO:colcon.colcon_core.shell:Creating package script '/root/dream_ws/install/kr600_gazebo/share/kr600_gazebo/package.ps1'
[3.556s] INFO:colcon.colcon_core.shell:Creating package descriptor '/root/dream_ws/install/kr600_gazebo/share/kr600_gazebo/package.dsv'
[3.557s] INFO:colcon.colcon_core.shell:Creating package script '/root/dream_ws/install/kr600_gazebo/share/kr600_gazebo/package.sh'
[3.557s] INFO:colcon.colcon_core.shell:Creating package script '/root/dream_ws/install/kr600_gazebo/share/kr600_gazebo/package.bash'
[3.558s] INFO:colcon.colcon_core.shell:Creating package script '/root/dream_ws/install/kr600_gazebo/share/kr600_gazebo/package.zsh'
[3.558s] Level 1:colcon.colcon_core.environment:create_file_with_runtime_dependencies(/root/dream_ws/install/kr600_gazebo/share/colcon-core/packages/kr600_gazebo)
[3.558s] DEBUG:colcon.colcon_parallel_executor.executor.parallel:closing loop
[3.559s] DEBUG:colcon.colcon_parallel_executor.executor.parallel:loop closed
[3.559s] DEBUG:colcon.colcon_parallel_executor.executor.parallel:run_until_complete finished with '0'
[3.559s] DEBUG:colcon.colcon_core.event_reactor:joining thread
[3.586s] INFO:colcon.colcon_core.plugin_system:Skipping extension 'colcon_notification.desktop_notification.notify_send': Could not find 'notify-send'
[3.586s] INFO:colcon.colcon_core.plugin_system:Skipping extension 'colcon_notification.desktop_notification.terminal_notifier': Not used on non-Darwin systems
[3.586s] INFO:colcon.colcon_core.plugin_system:Skipping extension 'colcon_notification.desktop_notification.win32': Not used on non-Windows systems
[3.586s] INFO:colcon.colcon_notification.desktop_notification:Sending desktop notification using 'notify2'
[3.588s] DEBUG:colcon.colcon_notification.desktop_notification.notify2:Failed to initialize notify2: org.freedesktop.DBus.Error.Spawn.ExecFailed: /usr/bin/dbus-launch terminated abnormally without any error message
[3.589s] DEBUG:colcon.colcon_core.event_reactor:joined thread
[3.589s] INFO:colcon.colcon_core.shell:Creating prefix script '/root/dream_ws/install/local_setup.ps1'
[3.592s] INFO:colcon.colcon_core.shell:Creating prefix util module '/root/dream_ws/install/_local_setup_util_ps1.py'
[3.595s] INFO:colcon.colcon_core.shell:Creating prefix chain script '/root/dream_ws/install/setup.ps1'
[3.598s] INFO:colcon.colcon_core.shell:Creating prefix script '/root/dream_ws/install/local_setup.sh'
[3.599s] INFO:colcon.colcon_core.shell:Creating prefix util module '/root/dream_ws/install/_local_setup_util_sh.py'
[3.600s] INFO:colcon.colcon_core.shell:Creating prefix chain script '/root/dream_ws/install/setup.sh'
[3.603s] INFO:colcon.colcon_core.shell:Creating prefix script '/root/dream_ws/install/local_setup.bash'
[3.604s] INFO:colcon.colcon_core.shell:Creating prefix chain script '/root/dream_ws/install/setup.bash'
[3.608s] INFO:colcon.colcon_core.shell:Creating prefix script '/root/dream_ws/install/local_setup.zsh'
[3.609s] INFO:colcon.colcon_core.shell:Creating prefix chain script '/root/dream_ws/install/setup.zsh'
