[0.080s] Invoking command in '/root/dream_ws/build/ros2_control_demo_example_8': AMENT_PREFIX_PATH=/root/dream_ws/install/ros2_control_demo_testing:/root/dream_ws/install/ros2_control_demo_description:${AMENT_PREFIX_PATH} CMAKE_PREFIX_PATH=/root/dream_ws/install/ros2_control_demo_description:/root/dream_ws/install/kr600:/root/dev_ws/install/simple_bot_config:/root/dev_ws/install/movbot_config:/root/dev_ws/install/simple_bot:/root/dev_ws/install/moveit_demo:/root/dev_ws/install/cobot_simulation_config:/root/dev_ws/install/cobot_simulation:/root/dev_ws/install/basic_mobile_robot:/root/dev_ws/install/arm6axis:/opt/ros/humble PYTHONPATH=/root/dream_ws/install/ros2_control_demo_testing/lib/python3.10/site-packages:${PYTHONPATH} /usr/bin/cmake /root/dream_ws/src/ros2_control_demos/example_8 -DCMAKE_INSTALL_PREFIX=/root/dream_ws/install/ros2_control_demo_example_8
[5.479s] -- Found ament_cmake: 1.3.10 (/opt/ros/humble/share/ament_cmake/cmake)
[5.479s] -- Found Python3: /usr/bin/python3 (found version "3.10.12") found components: Interpreter 
[5.479s] -- Found hardware_interface: 2.42.0 (/opt/ros/humble/share/hardware_interface/cmake)
[5.479s] -- Found rosidl_generator_c: 3.1.5 (/opt/ros/humble/share/rosidl_generator_c/cmake)
[5.479s] -- Found rosidl_adapter: 3.1.5 (/opt/ros/humble/share/rosidl_adapter/cmake)
[5.480s] -- Found rosidl_generator_cpp: 3.1.5 (/opt/ros/humble/share/rosidl_generator_cpp/cmake)
[5.480s] -- Using all available rosidl_typesupport_c: rosidl_typesupport_fastrtps_c;rosidl_typesupport_introspection_c
[5.480s] -- Using all available rosidl_typesupport_cpp: rosidl_typesupport_fastrtps_cpp;rosidl_typesupport_introspection_cpp
[5.480s] -- Found rmw_implementation_cmake: 6.1.2 (/opt/ros/humble/share/rmw_implementation_cmake/cmake)
[5.480s] -- Found rmw_fastrtps_cpp: 6.2.7 (/opt/ros/humble/share/rmw_fastrtps_cpp/cmake)
[5.480s] -- Found TinyXML2 via Config file: TinyXML2_DIR-NOTFOUND
[5.481s] -- Found OpenSSL: /usr/lib/x86_64-linux-gnu/libcrypto.so (found version "3.0.2")  
[5.481s] -- Found TinyXML2 via Config file: TinyXML2_DIR-NOTFOUND
[5.481s] -- Found FastRTPS: /opt/ros/humble/include  
[5.481s] -- Found TinyXML2 via Config file: TinyXML2_DIR-NOTFOUND
[5.481s] -- Found TinyXML2 via Config file: TinyXML2_DIR-NOTFOUND
[5.482s] -- Using RMW implementation 'rmw_fastrtps_cpp' as default
[5.482s] -- Looking for C++ include pthread.h
[5.482s] -- Looking for C++ include pthread.h - found
[5.482s] -- Performing Test CMAKE_HAVE_LIBC_PTHREAD
[5.482s] -- Performing Test CMAKE_HAVE_LIBC_PTHREAD - Success
[5.482s] -- Found Threads: TRUE  
[5.483s] -- Found transmission_interface: 2.42.0 (/opt/ros/humble/share/transmission_interface/cmake)
[5.483s] -- Found ament_cmake_pytest: 1.3.10 (/opt/ros/humble/share/ament_cmake_pytest/cmake)
[5.483s] -- Configuring done
[5.483s] -- Generating done
[5.483s] -- Build files have been written to: /root/dream_ws/build/ros2_control_demo_example_8
[5.508s] Invoked command in '/root/dream_ws/build/ros2_control_demo_example_8' returned '0': AMENT_PREFIX_PATH=/root/dream_ws/install/ros2_control_demo_testing:/root/dream_ws/install/ros2_control_demo_description:${AMENT_PREFIX_PATH} CMAKE_PREFIX_PATH=/root/dream_ws/install/ros2_control_demo_description:/root/dream_ws/install/kr600:/root/dev_ws/install/simple_bot_config:/root/dev_ws/install/movbot_config:/root/dev_ws/install/simple_bot:/root/dev_ws/install/moveit_demo:/root/dev_ws/install/cobot_simulation_config:/root/dev_ws/install/cobot_simulation:/root/dev_ws/install/basic_mobile_robot:/root/dev_ws/install/arm6axis:/opt/ros/humble PYTHONPATH=/root/dream_ws/install/ros2_control_demo_testing/lib/python3.10/site-packages:${PYTHONPATH} /usr/bin/cmake /root/dream_ws/src/ros2_control_demos/example_8 -DCMAKE_INSTALL_PREFIX=/root/dream_ws/install/ros2_control_demo_example_8
[5.511s] Invoking command in '/root/dream_ws/build/ros2_control_demo_example_8': AMENT_PREFIX_PATH=/root/dream_ws/install/ros2_control_demo_testing:/root/dream_ws/install/ros2_control_demo_description:${AMENT_PREFIX_PATH} CMAKE_PREFIX_PATH=/root/dream_ws/install/ros2_control_demo_description:/root/dream_ws/install/kr600:/root/dev_ws/install/simple_bot_config:/root/dev_ws/install/movbot_config:/root/dev_ws/install/simple_bot:/root/dev_ws/install/moveit_demo:/root/dev_ws/install/cobot_simulation_config:/root/dev_ws/install/cobot_simulation:/root/dev_ws/install/basic_mobile_robot:/root/dev_ws/install/arm6axis:/opt/ros/humble PYTHONPATH=/root/dream_ws/install/ros2_control_demo_testing/lib/python3.10/site-packages:${PYTHONPATH} /usr/bin/cmake --build /root/dream_ws/build/ros2_control_demo_example_8 -- -j12 -l12
[5.600s] [ 50%] [32mBuilding CXX object CMakeFiles/ros2_control_demo_example_8.dir/hardware/rrbot_transmissions_system_position_only.cpp.o[0m
[11.469s] [100%] [32m[1mLinking CXX shared library libros2_control_demo_example_8.so[0m
[12.673s] [100%] Built target ros2_control_demo_example_8
[12.712s] Invoked command in '/root/dream_ws/build/ros2_control_demo_example_8' returned '0': AMENT_PREFIX_PATH=/root/dream_ws/install/ros2_control_demo_testing:/root/dream_ws/install/ros2_control_demo_description:${AMENT_PREFIX_PATH} CMAKE_PREFIX_PATH=/root/dream_ws/install/ros2_control_demo_description:/root/dream_ws/install/kr600:/root/dev_ws/install/simple_bot_config:/root/dev_ws/install/movbot_config:/root/dev_ws/install/simple_bot:/root/dev_ws/install/moveit_demo:/root/dev_ws/install/cobot_simulation_config:/root/dev_ws/install/cobot_simulation:/root/dev_ws/install/basic_mobile_robot:/root/dev_ws/install/arm6axis:/opt/ros/humble PYTHONPATH=/root/dream_ws/install/ros2_control_demo_testing/lib/python3.10/site-packages:${PYTHONPATH} /usr/bin/cmake --build /root/dream_ws/build/ros2_control_demo_example_8 -- -j12 -l12
[13.161s] Invoking command in '/root/dream_ws/build/ros2_control_demo_example_8': AMENT_PREFIX_PATH=/root/dream_ws/install/ros2_control_demo_testing:/root/dream_ws/install/ros2_control_demo_description:${AMENT_PREFIX_PATH} CMAKE_PREFIX_PATH=/root/dream_ws/install/ros2_control_demo_description:/root/dream_ws/install/kr600:/root/dev_ws/install/simple_bot_config:/root/dev_ws/install/movbot_config:/root/dev_ws/install/simple_bot:/root/dev_ws/install/moveit_demo:/root/dev_ws/install/cobot_simulation_config:/root/dev_ws/install/cobot_simulation:/root/dev_ws/install/basic_mobile_robot:/root/dev_ws/install/arm6axis:/opt/ros/humble PYTHONPATH=/root/dream_ws/install/ros2_control_demo_testing/lib/python3.10/site-packages:${PYTHONPATH} /usr/bin/cmake --install /root/dream_ws/build/ros2_control_demo_example_8
[17.521s] -- Install configuration: ""
[17.521s] -- Installing: /root/dream_ws/install/ros2_control_demo_example_8/share/ros2_control_demo_example_8/ros2_control_demo_example_8.xml
[17.521s] -- Installing: /root/dream_ws/install/ros2_control_demo_example_8/include/ros2_control_demo_example_8
[17.521s] -- Installing: /root/dream_ws/install/ros2_control_demo_example_8/include/ros2_control_demo_example_8/ros2_control_demo_example_8
[17.522s] -- Installing: /root/dream_ws/install/ros2_control_demo_example_8/include/ros2_control_demo_example_8/ros2_control_demo_example_8/rrbot_transmissions_system_position_only.hpp
[17.522s] -- Installing: /root/dream_ws/install/ros2_control_demo_example_8/include/ros2_control_demo_example_8/ros2_control_demo_example_8/rrbot.hpp
[17.522s] -- Installing: /root/dream_ws/install/ros2_control_demo_example_8/share/ros2_control_demo_example_8/launch
[17.522s] -- Installing: /root/dream_ws/install/ros2_control_demo_example_8/share/ros2_control_demo_example_8/launch/view_robot.launch.py
[17.522s] -- Installing: /root/dream_ws/install/ros2_control_demo_example_8/share/ros2_control_demo_example_8/ros2_control
[17.522s] -- Installing: /root/dream_ws/install/ros2_control_demo_example_8/share/ros2_control_demo_example_8/ros2_control/rrbot_transmissions_system_position_only.ros2_control.xacro
[17.522s] -- Installing: /root/dream_ws/install/ros2_control_demo_example_8/share/ros2_control_demo_example_8/urdf
[17.523s] -- Installing: /root/dream_ws/install/ros2_control_demo_example_8/share/ros2_control_demo_example_8/urdf/rrbot_transmissions_system_position_only.urdf.xacro
[17.523s] -- Up-to-date: /root/dream_ws/install/ros2_control_demo_example_8/share/ros2_control_demo_example_8/launch
[17.523s] -- Installing: /root/dream_ws/install/ros2_control_demo_example_8/share/ros2_control_demo_example_8/launch/test_forward_position_controller.launch.py
[17.523s] -- Installing: /root/dream_ws/install/ros2_control_demo_example_8/share/ros2_control_demo_example_8/launch/rrbot_transmissions_system_position_only.launch.py
[17.523s] -- Installing: /root/dream_ws/install/ros2_control_demo_example_8/share/ros2_control_demo_example_8/config
[17.523s] -- Installing: /root/dream_ws/install/ros2_control_demo_example_8/share/ros2_control_demo_example_8/config/rrbot_controllers.yaml
[17.523s] -- Installing: /root/dream_ws/install/ros2_control_demo_example_8/share/ros2_control_demo_example_8/config/rrbot_forward_position_publisher.yaml
[17.523s] -- Installing: /root/dream_ws/install/ros2_control_demo_example_8/lib/libros2_control_demo_example_8.so
[17.524s] -- Set runtime path of "/root/dream_ws/install/ros2_control_demo_example_8/lib/libros2_control_demo_example_8.so" to ""
[17.524s] -- Installing: /root/dream_ws/install/ros2_control_demo_example_8/share/ros2_control_demo_example_8/environment/library_path.sh
[17.524s] -- Installing: /root/dream_ws/install/ros2_control_demo_example_8/share/ros2_control_demo_example_8/environment/library_path.dsv
[17.524s] -- Installing: /root/dream_ws/install/ros2_control_demo_example_8/share/ament_index/resource_index/package_run_dependencies/ros2_control_demo_example_8
[17.524s] -- Installing: /root/dream_ws/install/ros2_control_demo_example_8/share/ament_index/resource_index/parent_prefix_path/ros2_control_demo_example_8
[17.524s] -- Installing: /root/dream_ws/install/ros2_control_demo_example_8/share/ros2_control_demo_example_8/environment/ament_prefix_path.sh
[17.524s] -- Installing: /root/dream_ws/install/ros2_control_demo_example_8/share/ros2_control_demo_example_8/environment/ament_prefix_path.dsv
[17.525s] -- Installing: /root/dream_ws/install/ros2_control_demo_example_8/share/ros2_control_demo_example_8/environment/path.sh
[17.525s] -- Installing: /root/dream_ws/install/ros2_control_demo_example_8/share/ros2_control_demo_example_8/environment/path.dsv
[17.525s] -- Installing: /root/dream_ws/install/ros2_control_demo_example_8/share/ros2_control_demo_example_8/local_setup.bash
[17.525s] -- Installing: /root/dream_ws/install/ros2_control_demo_example_8/share/ros2_control_demo_example_8/local_setup.sh
[17.525s] -- Installing: /root/dream_ws/install/ros2_control_demo_example_8/share/ros2_control_demo_example_8/local_setup.zsh
[17.526s] -- Installing: /root/dream_ws/install/ros2_control_demo_example_8/share/ros2_control_demo_example_8/local_setup.dsv
[17.526s] -- Installing: /root/dream_ws/install/ros2_control_demo_example_8/share/ros2_control_demo_example_8/package.dsv
[17.526s] -- Installing: /root/dream_ws/install/ros2_control_demo_example_8/share/ament_index/resource_index/packages/ros2_control_demo_example_8
[17.527s] -- Installing: /root/dream_ws/install/ros2_control_demo_example_8/share/ament_index/resource_index/hardware_interface__pluginlib__plugin/ros2_control_demo_example_8
[17.527s] -- Installing: /root/dream_ws/install/ros2_control_demo_example_8/share/ros2_control_demo_example_8/cmake/export_ros2_control_demo_example_8Export.cmake
[17.527s] -- Installing: /root/dream_ws/install/ros2_control_demo_example_8/share/ros2_control_demo_example_8/cmake/export_ros2_control_demo_example_8Export-noconfig.cmake
[17.527s] -- Installing: /root/dream_ws/install/ros2_control_demo_example_8/share/ros2_control_demo_example_8/cmake/ament_cmake_export_targets-extras.cmake
[17.527s] -- Installing: /root/dream_ws/install/ros2_control_demo_example_8/share/ros2_control_demo_example_8/cmake/ament_cmake_export_dependencies-extras.cmake
[17.527s] -- Installing: /root/dream_ws/install/ros2_control_demo_example_8/share/ros2_control_demo_example_8/cmake/ros2_control_demo_example_8Config.cmake
[17.527s] -- Installing: /root/dream_ws/install/ros2_control_demo_example_8/share/ros2_control_demo_example_8/cmake/ros2_control_demo_example_8Config-version.cmake
[17.530s] -- Installing: /root/dream_ws/install/ros2_control_demo_example_8/share/ros2_control_demo_example_8/package.xml
[17.562s] Invoked command in '/root/dream_ws/build/ros2_control_demo_example_8' returned '0': AMENT_PREFIX_PATH=/root/dream_ws/install/ros2_control_demo_testing:/root/dream_ws/install/ros2_control_demo_description:${AMENT_PREFIX_PATH} CMAKE_PREFIX_PATH=/root/dream_ws/install/ros2_control_demo_description:/root/dream_ws/install/kr600:/root/dev_ws/install/simple_bot_config:/root/dev_ws/install/movbot_config:/root/dev_ws/install/simple_bot:/root/dev_ws/install/moveit_demo:/root/dev_ws/install/cobot_simulation_config:/root/dev_ws/install/cobot_simulation:/root/dev_ws/install/basic_mobile_robot:/root/dev_ws/install/arm6axis:/opt/ros/humble PYTHONPATH=/root/dream_ws/install/ros2_control_demo_testing/lib/python3.10/site-packages:${PYTHONPATH} /usr/bin/cmake --install /root/dream_ws/build/ros2_control_demo_example_8
