[0.016s] Invoking command in '/root/dream_ws/build/kr600': CMAKE_PREFIX_PATH=${CMAKE_PREFIX_PATH}:/opt/ros/humble /usr/bin/cmake /root/dream_ws/src/kr600 -DCMAKE_INSTALL_PREFIX=/root/dream_ws/install/kr600
[0.068s] -- The C compiler identification is GNU 11.4.0
[0.125s] -- The CXX compiler identification is GNU 11.4.0
[0.133s] -- Detecting C compiler ABI info
[0.195s] -- Detecting C compiler ABI info - done
[0.206s] -- Check for working C compiler: /usr/bin/cc - skipped
[0.206s] -- Detecting C compile features
[0.207s] -- Detecting C compile features - done
[0.210s] -- Detecting CXX compiler ABI info
[0.284s] -- Detecting CXX compiler ABI info - done
[0.295s] -- Check for working CXX compiler: /usr/bin/c++ - skipped
[0.295s] -- Detecting CXX compile features
[0.296s] -- Detecting CXX compile features - done
[0.301s] -- Found ament_cmake: 1.3.10 (/opt/ros/humble/share/ament_cmake/cmake)
[0.452s] -- Found Python3: /usr/bin/python3 (found version "3.10.12") found components: Interpreter 
[0.572s] -- Found ament_lint_auto: 0.12.11 (/opt/ros/humble/share/ament_lint_auto/cmake)
[0.671s] -- Added test 'flake8' to check Python code syntax and style conventions
[0.672s] -- Added test 'lint_cmake' to check CMake code style
[0.673s] -- Added test 'pep257' to check Python code against some of the docstring style conventions in PEP 257
[0.675s] -- Added test 'xmllint' to check XML markup files
[0.676s] -- Configuring done
[0.680s] -- Generating done
[0.681s] -- Build files have been written to: /root/dream_ws/build/kr600
[0.685s] Invoked command in '/root/dream_ws/build/kr600' returned '0': CMAKE_PREFIX_PATH=${CMAKE_PREFIX_PATH}:/opt/ros/humble /usr/bin/cmake /root/dream_ws/src/kr600 -DCMAKE_INSTALL_PREFIX=/root/dream_ws/install/kr600
[0.687s] Invoking command in '/root/dream_ws/build/kr600': CMAKE_PREFIX_PATH=${CMAKE_PREFIX_PATH}:/opt/ros/humble /usr/bin/cmake --build /root/dream_ws/build/kr600 -- -j12 -l12
[0.720s] Invoked command in '/root/dream_ws/build/kr600' returned '0': CMAKE_PREFIX_PATH=${CMAKE_PREFIX_PATH}:/opt/ros/humble /usr/bin/cmake --build /root/dream_ws/build/kr600 -- -j12 -l12
[0.748s] Invoking command in '/root/dream_ws/build/kr600': CMAKE_PREFIX_PATH=${CMAKE_PREFIX_PATH}:/opt/ros/humble /usr/bin/cmake --install /root/dream_ws/build/kr600
[0.753s] -- Install configuration: ""
[0.753s] -- Installing: /root/dream_ws/install/kr600/share/kr600/launch
[0.754s] -- Installing: /root/dream_ws/install/kr600/share/kr600/launch/kr600.launch.py
[0.754s] -- Installing: /root/dream_ws/install/kr600/share/kr600/launch/kr600_1.launch.py
[0.754s] -- Installing: /root/dream_ws/install/kr600/share/kr600/meshes
[0.754s] -- Installing: /root/dream_ws/install/kr600/share/kr600/meshes/link6.stl
[0.755s] -- Installing: /root/dream_ws/install/kr600/share/kr600/meshes/base_link.stl
[0.755s] -- Installing: /root/dream_ws/install/kr600/share/kr600/meshes/link4.stl
[0.756s] -- Installing: /root/dream_ws/install/kr600/share/kr600/meshes/link5.stl
[0.757s] -- Installing: /root/dream_ws/install/kr600/share/kr600/meshes/link3.stl
[0.758s] -- Installing: /root/dream_ws/install/kr600/share/kr600/meshes/link2.stl
[0.759s] -- Installing: /root/dream_ws/install/kr600/share/kr600/meshes/link1.stl
[0.760s] -- Installing: /root/dream_ws/install/kr600/share/kr600/rviz
[0.761s] -- Installing: /root/dream_ws/install/kr600/share/kr600/rviz/config.rviz
[0.761s] -- Installing: /root/dream_ws/install/kr600/share/kr600/urdf
[0.761s] -- Installing: /root/dream_ws/install/kr600/share/kr600/urdf/model.urdf.xacro
[0.761s] -- Installing: /root/dream_ws/install/kr600/share/kr600/urdf/old_model.urdf.xacro
[0.761s] -- Installing: /root/dream_ws/install/kr600/share/ament_index/resource_index/package_run_dependencies/kr600
[0.761s] -- Installing: /root/dream_ws/install/kr600/share/ament_index/resource_index/parent_prefix_path/kr600
[0.762s] -- Installing: /root/dream_ws/install/kr600/share/kr600/environment/ament_prefix_path.sh
[0.762s] -- Installing: /root/dream_ws/install/kr600/share/kr600/environment/ament_prefix_path.dsv
[0.762s] -- Installing: /root/dream_ws/install/kr600/share/kr600/environment/path.sh
[0.763s] -- Installing: /root/dream_ws/install/kr600/share/kr600/environment/path.dsv
[0.763s] -- Installing: /root/dream_ws/install/kr600/share/kr600/local_setup.bash
[0.763s] -- Installing: /root/dream_ws/install/kr600/share/kr600/local_setup.sh
[0.763s] -- Installing: /root/dream_ws/install/kr600/share/kr600/local_setup.zsh
[0.763s] -- Installing: /root/dream_ws/install/kr600/share/kr600/local_setup.dsv
[0.763s] -- Installing: /root/dream_ws/install/kr600/share/kr600/package.dsv
[0.764s] -- Installing: /root/dream_ws/install/kr600/share/ament_index/resource_index/packages/kr600
[0.764s] -- Installing: /root/dream_ws/install/kr600/share/kr600/cmake/kr600Config.cmake
[0.764s] -- Installing: /root/dream_ws/install/kr600/share/kr600/cmake/kr600Config-version.cmake
[0.764s] -- Installing: /root/dream_ws/install/kr600/share/kr600/package.xml
[0.765s] Invoked command in '/root/dream_ws/build/kr600' returned '0': CMAKE_PREFIX_PATH=${CMAKE_PREFIX_PATH}:/opt/ros/humble /usr/bin/cmake --install /root/dream_ws/build/kr600
