[0.067s] Invoking command in '/root/dream_ws/build/ros2_control_demo_example_14': AMENT_PREFIX_PATH=/root/dream_ws/install/ros2_control_demo_testing:/root/dream_ws/install/ros2_control_demo_description:${AMENT_PREFIX_PATH} CMAKE_PREFIX_PATH=/root/dream_ws/install/ros2_control_demo_description:/root/dream_ws/install/ros2_control_demo_example_7:/root/dream_ws/install/ros2_control_demo_example_2:/root/dream_ws/install/kr600:/root/dev_ws/install/simple_bot_config:/root/dev_ws/install/movbot_config:/root/dev_ws/install/simple_bot:/root/dev_ws/install/moveit_demo:/root/dev_ws/install/cobot_simulation_config:/root/dev_ws/install/cobot_simulation:/root/dev_ws/install/basic_mobile_robot:/root/dev_ws/install/arm6axis:/opt/ros/humble PYTHONPATH=/root/dream_ws/install/ros2_control_demo_testing/lib/python3.10/site-packages:${PYTHONPATH} /usr/bin/cmake /root/dream_ws/src/ros2_control_demos/example_14 -DCMAKE_INSTALL_PREFIX=/root/dream_ws/install/ros2_control_demo_example_14
[0.197s] -- The CXX compiler identification is GNU 11.4.0
[0.218s] -- Detecting CXX compiler ABI info
[0.372s] -- Detecting CXX compiler ABI info - done
[0.394s] -- Check for working CXX compiler: /usr/bin/c++ - skipped
[0.395s] -- Detecting CXX compile features
[0.395s] -- Detecting CXX compile features - done
[0.410s] -- Found ament_cmake: 1.3.10 (/opt/ros/humble/share/ament_cmake/cmake)
[0.724s] -- Found Python3: /usr/bin/python3 (found version "3.10.12") found components: Interpreter 
[1.026s] -- Found hardware_interface: 2.42.0 (/opt/ros/humble/share/hardware_interface/cmake)
[1.149s] -- Found rosidl_generator_c: 3.1.5 (/opt/ros/humble/share/rosidl_generator_c/cmake)
[1.166s] -- Found rosidl_adapter: 3.1.5 (/opt/ros/humble/share/rosidl_adapter/cmake)
[1.192s] -- Found rosidl_generator_cpp: 3.1.5 (/opt/ros/humble/share/rosidl_generator_cpp/cmake)
[1.230s] -- Using all available rosidl_typesupport_c: rosidl_typesupport_fastrtps_c;rosidl_typesupport_introspection_c
[1.278s] -- Using all available rosidl_typesupport_cpp: rosidl_typesupport_fastrtps_cpp;rosidl_typesupport_introspection_cpp
[1.914s] -- Found rmw_implementation_cmake: 6.1.2 (/opt/ros/humble/share/rmw_implementation_cmake/cmake)
[1.925s] -- Found rmw_fastrtps_cpp: 6.2.7 (/opt/ros/humble/share/rmw_fastrtps_cpp/cmake)
[2.006s] -- Found TinyXML2 via Config file: TinyXML2_DIR-NOTFOUND
[2.098s] -- Found OpenSSL: /usr/lib/x86_64-linux-gnu/libcrypto.so (found version "3.0.2")  
[2.106s] -- Found TinyXML2 via Config file: TinyXML2_DIR-NOTFOUND
[2.139s] -- Found FastRTPS: /opt/ros/humble/include  
[2.148s] -- Found TinyXML2 via Config file: TinyXML2_DIR-NOTFOUND
[2.164s] -- Found TinyXML2 via Config file: TinyXML2_DIR-NOTFOUND
[2.185s] -- Using RMW implementation 'rmw_fastrtps_cpp' as default
[2.211s] -- Looking for C++ include pthread.h
[2.368s] -- Looking for C++ include pthread.h - found
[2.371s] -- Performing Test CMAKE_HAVE_LIBC_PTHREAD
[2.547s] -- Performing Test CMAKE_HAVE_LIBC_PTHREAD - Success
[2.551s] -- Found Threads: TRUE  
[2.713s] -- Found realtime_tools: 2.5.0 (/opt/ros/humble/share/realtime_tools/cmake)
[2.779s] -- Found ament_cmake_pytest: 1.3.10 (/opt/ros/humble/share/ament_cmake_pytest/cmake)
[4.950s] -- Configuring done
[5.044s] -- Generating done
[5.044s] -- Build files have been written to: /root/dream_ws/build/ros2_control_demo_example_14
[5.079s] Invoked command in '/root/dream_ws/build/ros2_control_demo_example_14' returned '0': AMENT_PREFIX_PATH=/root/dream_ws/install/ros2_control_demo_testing:/root/dream_ws/install/ros2_control_demo_description:${AMENT_PREFIX_PATH} CMAKE_PREFIX_PATH=/root/dream_ws/install/ros2_control_demo_description:/root/dream_ws/install/ros2_control_demo_example_7:/root/dream_ws/install/ros2_control_demo_example_2:/root/dream_ws/install/kr600:/root/dev_ws/install/simple_bot_config:/root/dev_ws/install/movbot_config:/root/dev_ws/install/simple_bot:/root/dev_ws/install/moveit_demo:/root/dev_ws/install/cobot_simulation_config:/root/dev_ws/install/cobot_simulation:/root/dev_ws/install/basic_mobile_robot:/root/dev_ws/install/arm6axis:/opt/ros/humble PYTHONPATH=/root/dream_ws/install/ros2_control_demo_testing/lib/python3.10/site-packages:${PYTHONPATH} /usr/bin/cmake /root/dream_ws/src/ros2_control_demos/example_14 -DCMAKE_INSTALL_PREFIX=/root/dream_ws/install/ros2_control_demo_example_14
[5.084s] Invoking command in '/root/dream_ws/build/ros2_control_demo_example_14': AMENT_PREFIX_PATH=/root/dream_ws/install/ros2_control_demo_testing:/root/dream_ws/install/ros2_control_demo_description:${AMENT_PREFIX_PATH} CMAKE_PREFIX_PATH=/root/dream_ws/install/ros2_control_demo_description:/root/dream_ws/install/ros2_control_demo_example_7:/root/dream_ws/install/ros2_control_demo_example_2:/root/dream_ws/install/kr600:/root/dev_ws/install/simple_bot_config:/root/dev_ws/install/movbot_config:/root/dev_ws/install/simple_bot:/root/dev_ws/install/moveit_demo:/root/dev_ws/install/cobot_simulation_config:/root/dev_ws/install/cobot_simulation:/root/dev_ws/install/basic_mobile_robot:/root/dev_ws/install/arm6axis:/opt/ros/humble PYTHONPATH=/root/dream_ws/install/ros2_control_demo_testing/lib/python3.10/site-packages:${PYTHONPATH} /usr/bin/cmake --build /root/dream_ws/build/ros2_control_demo_example_14 -- -j12 -l12
[5.183s] [ 33%] [32mBuilding CXX object CMakeFiles/ros2_control_demo_example_14.dir/hardware/rrbot_actuator_without_feedback.cpp.o[0m
[5.190s] [ 66%] [32mBuilding CXX object CMakeFiles/ros2_control_demo_example_14.dir/hardware/rrbot_sensor_for_position_feedback.cpp.o[0m
[16.195s] [100%] [32m[1mLinking CXX shared library libros2_control_demo_example_14.so[0m
[16.739s] [100%] Built target ros2_control_demo_example_14
[16.840s] Invoked command in '/root/dream_ws/build/ros2_control_demo_example_14' returned '0': AMENT_PREFIX_PATH=/root/dream_ws/install/ros2_control_demo_testing:/root/dream_ws/install/ros2_control_demo_description:${AMENT_PREFIX_PATH} CMAKE_PREFIX_PATH=/root/dream_ws/install/ros2_control_demo_description:/root/dream_ws/install/ros2_control_demo_example_7:/root/dream_ws/install/ros2_control_demo_example_2:/root/dream_ws/install/kr600:/root/dev_ws/install/simple_bot_config:/root/dev_ws/install/movbot_config:/root/dev_ws/install/simple_bot:/root/dev_ws/install/moveit_demo:/root/dev_ws/install/cobot_simulation_config:/root/dev_ws/install/cobot_simulation:/root/dev_ws/install/basic_mobile_robot:/root/dev_ws/install/arm6axis:/opt/ros/humble PYTHONPATH=/root/dream_ws/install/ros2_control_demo_testing/lib/python3.10/site-packages:${PYTHONPATH} /usr/bin/cmake --build /root/dream_ws/build/ros2_control_demo_example_14 -- -j12 -l12
[16.941s] Invoking command in '/root/dream_ws/build/ros2_control_demo_example_14': AMENT_PREFIX_PATH=/root/dream_ws/install/ros2_control_demo_testing:/root/dream_ws/install/ros2_control_demo_description:${AMENT_PREFIX_PATH} CMAKE_PREFIX_PATH=/root/dream_ws/install/ros2_control_demo_description:/root/dream_ws/install/ros2_control_demo_example_7:/root/dream_ws/install/ros2_control_demo_example_2:/root/dream_ws/install/kr600:/root/dev_ws/install/simple_bot_config:/root/dev_ws/install/movbot_config:/root/dev_ws/install/simple_bot:/root/dev_ws/install/moveit_demo:/root/dev_ws/install/cobot_simulation_config:/root/dev_ws/install/cobot_simulation:/root/dev_ws/install/basic_mobile_robot:/root/dev_ws/install/arm6axis:/opt/ros/humble PYTHONPATH=/root/dream_ws/install/ros2_control_demo_testing/lib/python3.10/site-packages:${PYTHONPATH} /usr/bin/cmake --install /root/dream_ws/build/ros2_control_demo_example_14
[16.950s] -- Install configuration: ""
[16.950s] -- Installing: /root/dream_ws/install/ros2_control_demo_example_14/share/ros2_control_demo_example_14/ros2_control_demo_example_14.xml
[16.951s] -- Installing: /root/dream_ws/install/ros2_control_demo_example_14/include/ros2_control_demo_example_14
[16.951s] -- Installing: /root/dream_ws/install/ros2_control_demo_example_14/include/ros2_control_demo_example_14/ros2_control_demo_example_14
[16.951s] -- Installing: /root/dream_ws/install/ros2_control_demo_example_14/include/ros2_control_demo_example_14/ros2_control_demo_example_14/rrbot_sensor_for_position_feedback.hpp
[16.952s] -- Installing: /root/dream_ws/install/ros2_control_demo_example_14/include/ros2_control_demo_example_14/ros2_control_demo_example_14/rrbot_actuator_without_feedback.hpp
[16.952s] -- Installing: /root/dream_ws/install/ros2_control_demo_example_14/share/ros2_control_demo_example_14/launch
[16.953s] -- Installing: /root/dream_ws/install/ros2_control_demo_example_14/share/ros2_control_demo_example_14/launch/view_robot.launch.py
[16.953s] -- Installing: /root/dream_ws/install/ros2_control_demo_example_14/share/ros2_control_demo_example_14/ros2_control
[16.953s] -- Installing: /root/dream_ws/install/ros2_control_demo_example_14/share/ros2_control_demo_example_14/ros2_control/rrbot_modular_actuators_without_feedback_sensors_for_position_feedback.ros2_control.xacro
[16.954s] -- Installing: /root/dream_ws/install/ros2_control_demo_example_14/share/ros2_control_demo_example_14/urdf
[16.954s] -- Installing: /root/dream_ws/install/ros2_control_demo_example_14/share/ros2_control_demo_example_14/urdf/rrbot_modular_actuators_without_feedback_sensors_for_position_feedback.urdf.xacro
[16.954s] -- Up-to-date: /root/dream_ws/install/ros2_control_demo_example_14/share/ros2_control_demo_example_14/launch
[16.958s] -- Installing: /root/dream_ws/install/ros2_control_demo_example_14/share/ros2_control_demo_example_14/launch/rrbot_modular_actuators_without_feedback_sensors_for_position_feedback.launch.py
[16.959s] -- Installing: /root/dream_ws/install/ros2_control_demo_example_14/share/ros2_control_demo_example_14/config
[16.960s] -- Installing: /root/dream_ws/install/ros2_control_demo_example_14/share/ros2_control_demo_example_14/config/rrbot_modular_actuators_without_feedback_sensors_for_position_feedback.yaml
[16.960s] -- Installing: /root/dream_ws/install/ros2_control_demo_example_14/lib/libros2_control_demo_example_14.so
[16.960s] -- Set runtime path of "/root/dream_ws/install/ros2_control_demo_example_14/lib/libros2_control_demo_example_14.so" to ""
[16.964s] -- Installing: /root/dream_ws/install/ros2_control_demo_example_14/share/ros2_control_demo_example_14/environment/library_path.sh
[16.964s] -- Installing: /root/dream_ws/install/ros2_control_demo_example_14/share/ros2_control_demo_example_14/environment/library_path.dsv
[16.965s] -- Installing: /root/dream_ws/install/ros2_control_demo_example_14/share/ament_index/resource_index/package_run_dependencies/ros2_control_demo_example_14
[16.965s] -- Installing: /root/dream_ws/install/ros2_control_demo_example_14/share/ament_index/resource_index/parent_prefix_path/ros2_control_demo_example_14
[16.965s] -- Installing: /root/dream_ws/install/ros2_control_demo_example_14/share/ros2_control_demo_example_14/environment/ament_prefix_path.sh
[16.966s] -- Installing: /root/dream_ws/install/ros2_control_demo_example_14/share/ros2_control_demo_example_14/environment/ament_prefix_path.dsv
[16.966s] -- Installing: /root/dream_ws/install/ros2_control_demo_example_14/share/ros2_control_demo_example_14/environment/path.sh
[16.966s] -- Installing: /root/dream_ws/install/ros2_control_demo_example_14/share/ros2_control_demo_example_14/environment/path.dsv
[16.967s] -- Installing: /root/dream_ws/install/ros2_control_demo_example_14/share/ros2_control_demo_example_14/local_setup.bash
[16.967s] -- Installing: /root/dream_ws/install/ros2_control_demo_example_14/share/ros2_control_demo_example_14/local_setup.sh
[16.967s] -- Installing: /root/dream_ws/install/ros2_control_demo_example_14/share/ros2_control_demo_example_14/local_setup.zsh
[16.967s] -- Installing: /root/dream_ws/install/ros2_control_demo_example_14/share/ros2_control_demo_example_14/local_setup.dsv
[16.968s] -- Installing: /root/dream_ws/install/ros2_control_demo_example_14/share/ros2_control_demo_example_14/package.dsv
[16.968s] -- Installing: /root/dream_ws/install/ros2_control_demo_example_14/share/ament_index/resource_index/packages/ros2_control_demo_example_14
[16.968s] -- Installing: /root/dream_ws/install/ros2_control_demo_example_14/share/ament_index/resource_index/hardware_interface__pluginlib__plugin/ros2_control_demo_example_14
[16.968s] -- Installing: /root/dream_ws/install/ros2_control_demo_example_14/share/ros2_control_demo_example_14/cmake/export_ros2_control_demo_example_14Export.cmake
[16.969s] -- Installing: /root/dream_ws/install/ros2_control_demo_example_14/share/ros2_control_demo_example_14/cmake/export_ros2_control_demo_example_14Export-noconfig.cmake
[16.969s] -- Installing: /root/dream_ws/install/ros2_control_demo_example_14/share/ros2_control_demo_example_14/cmake/ament_cmake_export_targets-extras.cmake
[16.969s] -- Installing: /root/dream_ws/install/ros2_control_demo_example_14/share/ros2_control_demo_example_14/cmake/ament_cmake_export_dependencies-extras.cmake
[16.970s] -- Installing: /root/dream_ws/install/ros2_control_demo_example_14/share/ros2_control_demo_example_14/cmake/ros2_control_demo_example_14Config.cmake
[16.970s] -- Installing: /root/dream_ws/install/ros2_control_demo_example_14/share/ros2_control_demo_example_14/cmake/ros2_control_demo_example_14Config-version.cmake
[16.975s] -- Installing: /root/dream_ws/install/ros2_control_demo_example_14/share/ros2_control_demo_example_14/package.xml
[16.998s] Invoked command in '/root/dream_ws/build/ros2_control_demo_example_14' returned '0': AMENT_PREFIX_PATH=/root/dream_ws/install/ros2_control_demo_testing:/root/dream_ws/install/ros2_control_demo_description:${AMENT_PREFIX_PATH} CMAKE_PREFIX_PATH=/root/dream_ws/install/ros2_control_demo_description:/root/dream_ws/install/ros2_control_demo_example_7:/root/dream_ws/install/ros2_control_demo_example_2:/root/dream_ws/install/kr600:/root/dev_ws/install/simple_bot_config:/root/dev_ws/install/movbot_config:/root/dev_ws/install/simple_bot:/root/dev_ws/install/moveit_demo:/root/dev_ws/install/cobot_simulation_config:/root/dev_ws/install/cobot_simulation:/root/dev_ws/install/basic_mobile_robot:/root/dev_ws/install/arm6axis:/opt/ros/humble PYTHONPATH=/root/dream_ws/install/ros2_control_demo_testing/lib/python3.10/site-packages:${PYTHONPATH} /usr/bin/cmake --install /root/dream_ws/build/ros2_control_demo_example_14
