[0.018s] Invoking command in '/root/dream_ws/build/kr600': CMAKE_PREFIX_PATH=${CMAKE_PREFIX_PATH}:/opt/ros/humble /usr/bin/cmake /root/dream_ws/src/kr600 -DCMAKE_INSTALL_PREFIX=/root/dream_ws/install/kr600
[0.232s] -- The C compiler identification is GNU 11.4.0
[0.400s] -- The CXX compiler identification is GNU 11.4.0
[0.417s] -- Detecting C compiler ABI info
[0.493s] -- Detecting C compiler ABI info - done
[0.504s] -- Check for working C compiler: /usr/bin/cc - skipped
[0.505s] -- Detecting C compile features
[0.506s] -- Detecting C compile features - done
[0.511s] -- Detecting CXX compiler ABI info
[0.593s] -- Detecting CXX compiler ABI info - done
[0.605s] -- Check for working CXX compiler: /usr/bin/c++ - skipped
[0.605s] -- Detecting CXX compile features
[0.606s] -- Detecting CXX compile features - done
[0.632s] -- Found ament_cmake: 1.3.10 (/opt/ros/humble/share/ament_cmake/cmake)
[0.801s] -- Found Python3: /usr/bin/python3 (found version "3.10.12") found components: Interpreter 
[0.967s] -- Found ament_lint_auto: 0.12.11 (/opt/ros/humble/share/ament_lint_auto/cmake)
[1.094s] -- Added test 'flake8' to check Python code syntax and style conventions
[1.095s] -- Added test 'lint_cmake' to check CMake code style
[1.096s] -- Added test 'pep257' to check Python code against some of the docstring style conventions in PEP 257
[1.099s] -- Added test 'xmllint' to check XML markup files
[1.104s] -- Configuring done
[1.123s] -- Generating done
[1.124s] -- Build files have been written to: /root/dream_ws/build/kr600
[1.129s] Invoked command in '/root/dream_ws/build/kr600' returned '0': CMAKE_PREFIX_PATH=${CMAKE_PREFIX_PATH}:/opt/ros/humble /usr/bin/cmake /root/dream_ws/src/kr600 -DCMAKE_INSTALL_PREFIX=/root/dream_ws/install/kr600
[1.131s] Invoking command in '/root/dream_ws/build/kr600': CMAKE_PREFIX_PATH=${CMAKE_PREFIX_PATH}:/opt/ros/humble /usr/bin/cmake --build /root/dream_ws/build/kr600 -- -j12 -l12
[1.166s] Invoked command in '/root/dream_ws/build/kr600' returned '0': CMAKE_PREFIX_PATH=${CMAKE_PREFIX_PATH}:/opt/ros/humble /usr/bin/cmake --build /root/dream_ws/build/kr600 -- -j12 -l12
[1.197s] Invoking command in '/root/dream_ws/build/kr600': CMAKE_PREFIX_PATH=${CMAKE_PREFIX_PATH}:/opt/ros/humble /usr/bin/cmake --install /root/dream_ws/build/kr600
[1.204s] -- Install configuration: ""
[1.205s] -- Up-to-date: /root/dream_ws/install/kr600/share/kr600/launch
[1.205s] -- Up-to-date: /root/dream_ws/install/kr600/share/kr600/launch/kr600.launch.py
[1.205s] -- Up-to-date: /root/dream_ws/install/kr600/share/kr600/launch/kr600_1.launch.py
[1.205s] -- Up-to-date: /root/dream_ws/install/kr600/share/kr600/meshes
[1.205s] -- Up-to-date: /root/dream_ws/install/kr600/share/kr600/meshes/link6.stl
[1.205s] -- Up-to-date: /root/dream_ws/install/kr600/share/kr600/meshes/base_link.stl
[1.206s] -- Up-to-date: /root/dream_ws/install/kr600/share/kr600/meshes/link4.stl
[1.206s] -- Up-to-date: /root/dream_ws/install/kr600/share/kr600/meshes/link5.stl
[1.206s] -- Up-to-date: /root/dream_ws/install/kr600/share/kr600/meshes/link3.stl
[1.206s] -- Up-to-date: /root/dream_ws/install/kr600/share/kr600/meshes/link2.stl
[1.206s] -- Up-to-date: /root/dream_ws/install/kr600/share/kr600/meshes/description.txt
[1.206s] -- Up-to-date: /root/dream_ws/install/kr600/share/kr600/meshes/link1.stl
[1.207s] -- Up-to-date: /root/dream_ws/install/kr600/share/kr600/rviz
[1.207s] -- Up-to-date: /root/dream_ws/install/kr600/share/kr600/rviz/config.rviz
[1.207s] -- Up-to-date: /root/dream_ws/install/kr600/share/kr600/urdf
[1.207s] -- Up-to-date: /root/dream_ws/install/kr600/share/kr600/urdf/model.urdf.xacro
[1.207s] -- Installing: /root/dream_ws/install/kr600/share/ament_index/resource_index/package_run_dependencies/kr600
[1.208s] -- Installing: /root/dream_ws/install/kr600/share/ament_index/resource_index/parent_prefix_path/kr600
[1.208s] -- Up-to-date: /root/dream_ws/install/kr600/share/kr600/environment/ament_prefix_path.sh
[1.209s] -- Installing: /root/dream_ws/install/kr600/share/kr600/environment/ament_prefix_path.dsv
[1.209s] -- Up-to-date: /root/dream_ws/install/kr600/share/kr600/environment/path.sh
[1.209s] -- Installing: /root/dream_ws/install/kr600/share/kr600/environment/path.dsv
[1.209s] -- Up-to-date: /root/dream_ws/install/kr600/share/kr600/local_setup.bash
[1.209s] -- Up-to-date: /root/dream_ws/install/kr600/share/kr600/local_setup.sh
[1.209s] -- Up-to-date: /root/dream_ws/install/kr600/share/kr600/local_setup.zsh
[1.209s] -- Installing: /root/dream_ws/install/kr600/share/kr600/local_setup.dsv
[1.210s] -- Installing: /root/dream_ws/install/kr600/share/kr600/package.dsv
[1.210s] -- Up-to-date: /root/dream_ws/install/kr600/share/ament_index/resource_index/packages/kr600
[1.211s] -- Up-to-date: /root/dream_ws/install/kr600/share/kr600/cmake/kr600Config.cmake
[1.211s] -- Up-to-date: /root/dream_ws/install/kr600/share/kr600/cmake/kr600Config-version.cmake
[1.211s] -- Up-to-date: /root/dream_ws/install/kr600/share/kr600/package.xml
[1.213s] Invoked command in '/root/dream_ws/build/kr600' returned '0': CMAKE_PREFIX_PATH=${CMAKE_PREFIX_PATH}:/opt/ros/humble /usr/bin/cmake --install /root/dream_ws/build/kr600
