[0.082s] Invoking command in '/root/dream_ws/build/ros2_control_demo_example_10': AMENT_PREFIX_PATH=/root/dream_ws/install/ros2_control_demo_testing:/root/dream_ws/install/ros2_control_demo_description:${AMENT_PREFIX_PATH} CMAKE_PREFIX_PATH=/root/dream_ws/install/ros2_control_demo_description:/root/dream_ws/install/kr600:/root/dev_ws/install/simple_bot_config:/root/dev_ws/install/movbot_config:/root/dev_ws/install/simple_bot:/root/dev_ws/install/moveit_demo:/root/dev_ws/install/cobot_simulation_config:/root/dev_ws/install/cobot_simulation:/root/dev_ws/install/basic_mobile_robot:/root/dev_ws/install/arm6axis:/opt/ros/humble PYTHONPATH=/root/dream_ws/install/ros2_control_demo_testing/lib/python3.10/site-packages:${PYTHONPATH} /usr/bin/cmake /root/dream_ws/src/ros2_control_demos/example_10 -DCMAKE_INSTALL_PREFIX=/root/dream_ws/install/ros2_control_demo_example_10
[0.124s] -- Found ament_cmake: 1.3.10 (/opt/ros/humble/share/ament_cmake/cmake)
[0.463s] -- Found Python3: /usr/bin/python3 (found version "3.10.12") found components: Interpreter 
[0.719s] -- Found hardware_interface: 2.42.0 (/opt/ros/humble/share/hardware_interface/cmake)
[0.891s] -- Found rosidl_generator_c: 3.1.5 (/opt/ros/humble/share/rosidl_generator_c/cmake)
[0.919s] -- Found rosidl_adapter: 3.1.5 (/opt/ros/humble/share/rosidl_adapter/cmake)
[0.958s] -- Found rosidl_generator_cpp: 3.1.5 (/opt/ros/humble/share/rosidl_generator_cpp/cmake)
[1.019s] -- Using all available rosidl_typesupport_c: rosidl_typesupport_fastrtps_c;rosidl_typesupport_introspection_c
[1.089s] -- Using all available rosidl_typesupport_cpp: rosidl_typesupport_fastrtps_cpp;rosidl_typesupport_introspection_cpp
[1.854s] -- Found rmw_implementation_cmake: 6.1.2 (/opt/ros/humble/share/rmw_implementation_cmake/cmake)
[1.869s] -- Found rmw_fastrtps_cpp: 6.2.7 (/opt/ros/humble/share/rmw_fastrtps_cpp/cmake)
[1.976s] -- Found TinyXML2 via Config file: TinyXML2_DIR-NOTFOUND
[2.087s] -- Found OpenSSL: /usr/lib/x86_64-linux-gnu/libcrypto.so (found version "3.0.2")  
[2.093s] -- Found TinyXML2 via Config file: TinyXML2_DIR-NOTFOUND
[2.121s] -- Found FastRTPS: /opt/ros/humble/include  
[2.129s] -- Found TinyXML2 via Config file: TinyXML2_DIR-NOTFOUND
[2.149s] -- Found TinyXML2 via Config file: TinyXML2_DIR-NOTFOUND
[2.172s] -- Using RMW implementation 'rmw_fastrtps_cpp' as default
[2.212s] -- Looking for C++ include pthread.h
[2.536s] -- Looking for C++ include pthread.h - found
[2.536s] -- Performing Test CMAKE_HAVE_LIBC_PTHREAD
[2.721s] -- Performing Test CMAKE_HAVE_LIBC_PTHREAD - Success
[2.724s] -- Found Threads: TRUE  
[2.905s] -- Found controller_interface: 2.42.0 (/opt/ros/humble/share/controller_interface/cmake)
[2.964s] -- Found ament_cmake_pytest: 1.3.10 (/opt/ros/humble/share/ament_cmake_pytest/cmake)
[5.373s] -- Configuring done
[5.542s] -- Generating done
[5.548s] -- Build files have been written to: /root/dream_ws/build/ros2_control_demo_example_10
[5.581s] Invoked command in '/root/dream_ws/build/ros2_control_demo_example_10' returned '0': AMENT_PREFIX_PATH=/root/dream_ws/install/ros2_control_demo_testing:/root/dream_ws/install/ros2_control_demo_description:${AMENT_PREFIX_PATH} CMAKE_PREFIX_PATH=/root/dream_ws/install/ros2_control_demo_description:/root/dream_ws/install/kr600:/root/dev_ws/install/simple_bot_config:/root/dev_ws/install/movbot_config:/root/dev_ws/install/simple_bot:/root/dev_ws/install/moveit_demo:/root/dev_ws/install/cobot_simulation_config:/root/dev_ws/install/cobot_simulation:/root/dev_ws/install/basic_mobile_robot:/root/dev_ws/install/arm6axis:/opt/ros/humble PYTHONPATH=/root/dream_ws/install/ros2_control_demo_testing/lib/python3.10/site-packages:${PYTHONPATH} /usr/bin/cmake /root/dream_ws/src/ros2_control_demos/example_10 -DCMAKE_INSTALL_PREFIX=/root/dream_ws/install/ros2_control_demo_example_10
[5.583s] Invoking command in '/root/dream_ws/build/ros2_control_demo_example_10': AMENT_PREFIX_PATH=/root/dream_ws/install/ros2_control_demo_testing:/root/dream_ws/install/ros2_control_demo_description:${AMENT_PREFIX_PATH} CMAKE_PREFIX_PATH=/root/dream_ws/install/ros2_control_demo_description:/root/dream_ws/install/kr600:/root/dev_ws/install/simple_bot_config:/root/dev_ws/install/movbot_config:/root/dev_ws/install/simple_bot:/root/dev_ws/install/moveit_demo:/root/dev_ws/install/cobot_simulation_config:/root/dev_ws/install/cobot_simulation:/root/dev_ws/install/basic_mobile_robot:/root/dev_ws/install/arm6axis:/opt/ros/humble PYTHONPATH=/root/dream_ws/install/ros2_control_demo_testing/lib/python3.10/site-packages:${PYTHONPATH} /usr/bin/cmake --build /root/dream_ws/build/ros2_control_demo_example_10 -- -j12 -l12
[17.351s] [ 33%] [32mBuilding CXX object CMakeFiles/ros2_control_demo_example_10.dir/controllers/gpio_controller.cpp.o[0m
[17.351s] [ 66%] [32mBuilding CXX object CMakeFiles/ros2_control_demo_example_10.dir/hardware/rrbot.cpp.o[0m
[24.479s] [100%] [32m[1mLinking CXX shared library libros2_control_demo_example_10.so[0m
[25.270s] [100%] Built target ros2_control_demo_example_10
[25.281s] Invoked command in '/root/dream_ws/build/ros2_control_demo_example_10' returned '0': AMENT_PREFIX_PATH=/root/dream_ws/install/ros2_control_demo_testing:/root/dream_ws/install/ros2_control_demo_description:${AMENT_PREFIX_PATH} CMAKE_PREFIX_PATH=/root/dream_ws/install/ros2_control_demo_description:/root/dream_ws/install/kr600:/root/dev_ws/install/simple_bot_config:/root/dev_ws/install/movbot_config:/root/dev_ws/install/simple_bot:/root/dev_ws/install/moveit_demo:/root/dev_ws/install/cobot_simulation_config:/root/dev_ws/install/cobot_simulation:/root/dev_ws/install/basic_mobile_robot:/root/dev_ws/install/arm6axis:/opt/ros/humble PYTHONPATH=/root/dream_ws/install/ros2_control_demo_testing/lib/python3.10/site-packages:${PYTHONPATH} /usr/bin/cmake --build /root/dream_ws/build/ros2_control_demo_example_10 -- -j12 -l12
[25.308s] Invoking command in '/root/dream_ws/build/ros2_control_demo_example_10': AMENT_PREFIX_PATH=/root/dream_ws/install/ros2_control_demo_testing:/root/dream_ws/install/ros2_control_demo_description:${AMENT_PREFIX_PATH} CMAKE_PREFIX_PATH=/root/dream_ws/install/ros2_control_demo_description:/root/dream_ws/install/kr600:/root/dev_ws/install/simple_bot_config:/root/dev_ws/install/movbot_config:/root/dev_ws/install/simple_bot:/root/dev_ws/install/moveit_demo:/root/dev_ws/install/cobot_simulation_config:/root/dev_ws/install/cobot_simulation:/root/dev_ws/install/basic_mobile_robot:/root/dev_ws/install/arm6axis:/opt/ros/humble PYTHONPATH=/root/dream_ws/install/ros2_control_demo_testing/lib/python3.10/site-packages:${PYTHONPATH} /usr/bin/cmake --install /root/dream_ws/build/ros2_control_demo_example_10
[25.315s] -- Install configuration: ""
[25.315s] -- Installing: /root/dream_ws/install/ros2_control_demo_example_10/share/ros2_control_demo_example_10/ros2_control_demo_example_10.xml
[25.315s] -- Up-to-date: /root/dream_ws/install/ros2_control_demo_example_10/share/ros2_control_demo_example_10/ros2_control_demo_example_10.xml
[25.315s] -- Installing: /root/dream_ws/install/ros2_control_demo_example_10/include/ros2_control_demo_example_10
[25.316s] -- Installing: /root/dream_ws/install/ros2_control_demo_example_10/include/ros2_control_demo_example_10/ros2_control_demo_example_10
[25.316s] -- Installing: /root/dream_ws/install/ros2_control_demo_example_10/include/ros2_control_demo_example_10/ros2_control_demo_example_10/rrbot.hpp
[25.316s] -- Up-to-date: /root/dream_ws/install/ros2_control_demo_example_10/include/ros2_control_demo_example_10
[25.316s] -- Up-to-date: /root/dream_ws/install/ros2_control_demo_example_10/include/ros2_control_demo_example_10/ros2_control_demo_example_10
[25.316s] -- Installing: /root/dream_ws/install/ros2_control_demo_example_10/include/ros2_control_demo_example_10/ros2_control_demo_example_10/gpio_controller.hpp
[25.317s] -- Installing: /root/dream_ws/install/ros2_control_demo_example_10/share/ros2_control_demo_example_10/launch
[25.317s] -- Installing: /root/dream_ws/install/ros2_control_demo_example_10/share/ros2_control_demo_example_10/launch/view_robot.launch.py
[25.317s] -- Installing: /root/dream_ws/install/ros2_control_demo_example_10/share/ros2_control_demo_example_10/ros2_control
[25.317s] -- Installing: /root/dream_ws/install/ros2_control_demo_example_10/share/ros2_control_demo_example_10/ros2_control/rrbot.ros2_control.xacro
[25.317s] -- Installing: /root/dream_ws/install/ros2_control_demo_example_10/share/ros2_control_demo_example_10/urdf
[25.318s] -- Installing: /root/dream_ws/install/ros2_control_demo_example_10/share/ros2_control_demo_example_10/urdf/rrbot.urdf.xacro
[25.318s] -- Up-to-date: /root/dream_ws/install/ros2_control_demo_example_10/share/ros2_control_demo_example_10/launch
[25.318s] -- Installing: /root/dream_ws/install/ros2_control_demo_example_10/share/ros2_control_demo_example_10/launch/test_forward_position_controller.launch.py
[25.318s] -- Installing: /root/dream_ws/install/ros2_control_demo_example_10/share/ros2_control_demo_example_10/launch/rrbot.launch.py
[25.318s] -- Installing: /root/dream_ws/install/ros2_control_demo_example_10/share/ros2_control_demo_example_10/config
[25.318s] -- Installing: /root/dream_ws/install/ros2_control_demo_example_10/share/ros2_control_demo_example_10/config/rrbot_controllers.yaml
[25.318s] -- Installing: /root/dream_ws/install/ros2_control_demo_example_10/share/ros2_control_demo_example_10/config/rrbot_forward_position_publisher.yaml
[25.318s] -- Installing: /root/dream_ws/install/ros2_control_demo_example_10/lib/libros2_control_demo_example_10.so
[25.324s] -- Set runtime path of "/root/dream_ws/install/ros2_control_demo_example_10/lib/libros2_control_demo_example_10.so" to ""
[25.324s] -- Installing: /root/dream_ws/install/ros2_control_demo_example_10/share/ros2_control_demo_example_10/environment/library_path.sh
[25.324s] -- Installing: /root/dream_ws/install/ros2_control_demo_example_10/share/ros2_control_demo_example_10/environment/library_path.dsv
[25.325s] -- Installing: /root/dream_ws/install/ros2_control_demo_example_10/share/ament_index/resource_index/package_run_dependencies/ros2_control_demo_example_10
[25.325s] -- Installing: /root/dream_ws/install/ros2_control_demo_example_10/share/ament_index/resource_index/parent_prefix_path/ros2_control_demo_example_10
[25.325s] -- Installing: /root/dream_ws/install/ros2_control_demo_example_10/share/ros2_control_demo_example_10/environment/ament_prefix_path.sh
[25.325s] -- Installing: /root/dream_ws/install/ros2_control_demo_example_10/share/ros2_control_demo_example_10/environment/ament_prefix_path.dsv
[25.325s] -- Installing: /root/dream_ws/install/ros2_control_demo_example_10/share/ros2_control_demo_example_10/environment/path.sh
[25.325s] -- Installing: /root/dream_ws/install/ros2_control_demo_example_10/share/ros2_control_demo_example_10/environment/path.dsv
[25.326s] -- Installing: /root/dream_ws/install/ros2_control_demo_example_10/share/ros2_control_demo_example_10/local_setup.bash
[25.326s] -- Installing: /root/dream_ws/install/ros2_control_demo_example_10/share/ros2_control_demo_example_10/local_setup.sh
[25.326s] -- Installing: /root/dream_ws/install/ros2_control_demo_example_10/share/ros2_control_demo_example_10/local_setup.zsh
[25.326s] -- Installing: /root/dream_ws/install/ros2_control_demo_example_10/share/ros2_control_demo_example_10/local_setup.dsv
[25.327s] -- Installing: /root/dream_ws/install/ros2_control_demo_example_10/share/ros2_control_demo_example_10/package.dsv
[25.327s] -- Installing: /root/dream_ws/install/ros2_control_demo_example_10/share/ament_index/resource_index/packages/ros2_control_demo_example_10
[25.327s] -- Installing: /root/dream_ws/install/ros2_control_demo_example_10/share/ament_index/resource_index/hardware_interface__pluginlib__plugin/ros2_control_demo_example_10
[25.327s] -- Installing: /root/dream_ws/install/ros2_control_demo_example_10/share/ament_index/resource_index/controller_interface__pluginlib__plugin/ros2_control_demo_example_10
[25.327s] -- Installing: /root/dream_ws/install/ros2_control_demo_example_10/share/ros2_control_demo_example_10/cmake/export_ros2_control_demo_example_10Export.cmake
[25.328s] -- Installing: /root/dream_ws/install/ros2_control_demo_example_10/share/ros2_control_demo_example_10/cmake/export_ros2_control_demo_example_10Export-noconfig.cmake
[25.328s] -- Installing: /root/dream_ws/install/ros2_control_demo_example_10/share/ros2_control_demo_example_10/cmake/ament_cmake_export_targets-extras.cmake
[25.328s] -- Installing: /root/dream_ws/install/ros2_control_demo_example_10/share/ros2_control_demo_example_10/cmake/ament_cmake_export_dependencies-extras.cmake
[25.328s] -- Installing: /root/dream_ws/install/ros2_control_demo_example_10/share/ros2_control_demo_example_10/cmake/ros2_control_demo_example_10Config.cmake
[25.328s] -- Installing: /root/dream_ws/install/ros2_control_demo_example_10/share/ros2_control_demo_example_10/cmake/ros2_control_demo_example_10Config-version.cmake
[25.328s] -- Installing: /root/dream_ws/install/ros2_control_demo_example_10/share/ros2_control_demo_example_10/package.xml
[25.330s] Invoked command in '/root/dream_ws/build/ros2_control_demo_example_10' returned '0': AMENT_PREFIX_PATH=/root/dream_ws/install/ros2_control_demo_testing:/root/dream_ws/install/ros2_control_demo_description:${AMENT_PREFIX_PATH} CMAKE_PREFIX_PATH=/root/dream_ws/install/ros2_control_demo_description:/root/dream_ws/install/kr600:/root/dev_ws/install/simple_bot_config:/root/dev_ws/install/movbot_config:/root/dev_ws/install/simple_bot:/root/dev_ws/install/moveit_demo:/root/dev_ws/install/cobot_simulation_config:/root/dev_ws/install/cobot_simulation:/root/dev_ws/install/basic_mobile_robot:/root/dev_ws/install/arm6axis:/opt/ros/humble PYTHONPATH=/root/dream_ws/install/ros2_control_demo_testing/lib/python3.10/site-packages:${PYTHONPATH} /usr/bin/cmake --install /root/dream_ws/build/ros2_control_demo_example_10
