[0.080s] Invoking command in '/root/dream_ws/build/ros2_control_demo_example_11': AMENT_PREFIX_PATH=/root/dream_ws/install/ros2_control_demo_testing:/root/dream_ws/install/ros2_control_demo_description:${AMENT_PREFIX_PATH} CMAKE_PREFIX_PATH=/root/dream_ws/install/ros2_control_demo_description:/root/dream_ws/install/kr600:/root/dev_ws/install/simple_bot_config:/root/dev_ws/install/movbot_config:/root/dev_ws/install/simple_bot:/root/dev_ws/install/moveit_demo:/root/dev_ws/install/cobot_simulation_config:/root/dev_ws/install/cobot_simulation:/root/dev_ws/install/basic_mobile_robot:/root/dev_ws/install/arm6axis:/opt/ros/humble PYTHONPATH=/root/dream_ws/install/ros2_control_demo_testing/lib/python3.10/site-packages:${PYTHONPATH} /usr/bin/cmake /root/dream_ws/src/ros2_control_demos/example_11 -DCMAKE_INSTALL_PREFIX=/root/dream_ws/install/ros2_control_demo_example_11
[0.128s] -- Found ament_cmake: 1.3.10 (/opt/ros/humble/share/ament_cmake/cmake)
[0.429s] -- Found Python3: /usr/bin/python3 (found version "3.10.12") found components: Interpreter 
[0.730s] -- Found hardware_interface: 2.42.0 (/opt/ros/humble/share/hardware_interface/cmake)
[0.884s] -- Found rosidl_generator_c: 3.1.5 (/opt/ros/humble/share/rosidl_generator_c/cmake)
[0.912s] -- Found rosidl_adapter: 3.1.5 (/opt/ros/humble/share/rosidl_adapter/cmake)
[0.952s] -- Found rosidl_generator_cpp: 3.1.5 (/opt/ros/humble/share/rosidl_generator_cpp/cmake)
[1.011s] -- Using all available rosidl_typesupport_c: rosidl_typesupport_fastrtps_c;rosidl_typesupport_introspection_c
[1.081s] -- Using all available rosidl_typesupport_cpp: rosidl_typesupport_fastrtps_cpp;rosidl_typesupport_introspection_cpp
[1.847s] -- Found rmw_implementation_cmake: 6.1.2 (/opt/ros/humble/share/rmw_implementation_cmake/cmake)
[1.861s] -- Found rmw_fastrtps_cpp: 6.2.7 (/opt/ros/humble/share/rmw_fastrtps_cpp/cmake)
[1.969s] -- Found TinyXML2 via Config file: TinyXML2_DIR-NOTFOUND
[2.077s] -- Found OpenSSL: /usr/lib/x86_64-linux-gnu/libcrypto.so (found version "3.0.2")  
[2.083s] -- Found TinyXML2 via Config file: TinyXML2_DIR-NOTFOUND
[2.114s] -- Found FastRTPS: /opt/ros/humble/include  
[2.122s] -- Found TinyXML2 via Config file: TinyXML2_DIR-NOTFOUND
[2.139s] -- Found TinyXML2 via Config file: TinyXML2_DIR-NOTFOUND
[2.162s] -- Using RMW implementation 'rmw_fastrtps_cpp' as default
[2.206s] -- Looking for C++ include pthread.h
[2.524s] -- Looking for C++ include pthread.h - found
[2.530s] -- Performing Test CMAKE_HAVE_LIBC_PTHREAD
[2.726s] -- Performing Test CMAKE_HAVE_LIBC_PTHREAD - Success
[2.727s] -- Found Threads: TRUE  
[2.919s] -- Found ament_cmake_pytest: 1.3.10 (/opt/ros/humble/share/ament_cmake_pytest/cmake)
[5.342s] -- Configuring done
[5.484s] -- Generating done
[5.491s] -- Build files have been written to: /root/dream_ws/build/ros2_control_demo_example_11
[5.569s] Invoked command in '/root/dream_ws/build/ros2_control_demo_example_11' returned '0': AMENT_PREFIX_PATH=/root/dream_ws/install/ros2_control_demo_testing:/root/dream_ws/install/ros2_control_demo_description:${AMENT_PREFIX_PATH} CMAKE_PREFIX_PATH=/root/dream_ws/install/ros2_control_demo_description:/root/dream_ws/install/kr600:/root/dev_ws/install/simple_bot_config:/root/dev_ws/install/movbot_config:/root/dev_ws/install/simple_bot:/root/dev_ws/install/moveit_demo:/root/dev_ws/install/cobot_simulation_config:/root/dev_ws/install/cobot_simulation:/root/dev_ws/install/basic_mobile_robot:/root/dev_ws/install/arm6axis:/opt/ros/humble PYTHONPATH=/root/dream_ws/install/ros2_control_demo_testing/lib/python3.10/site-packages:${PYTHONPATH} /usr/bin/cmake /root/dream_ws/src/ros2_control_demos/example_11 -DCMAKE_INSTALL_PREFIX=/root/dream_ws/install/ros2_control_demo_example_11
[5.572s] Invoking command in '/root/dream_ws/build/ros2_control_demo_example_11': AMENT_PREFIX_PATH=/root/dream_ws/install/ros2_control_demo_testing:/root/dream_ws/install/ros2_control_demo_description:${AMENT_PREFIX_PATH} CMAKE_PREFIX_PATH=/root/dream_ws/install/ros2_control_demo_description:/root/dream_ws/install/kr600:/root/dev_ws/install/simple_bot_config:/root/dev_ws/install/movbot_config:/root/dev_ws/install/simple_bot:/root/dev_ws/install/moveit_demo:/root/dev_ws/install/cobot_simulation_config:/root/dev_ws/install/cobot_simulation:/root/dev_ws/install/basic_mobile_robot:/root/dev_ws/install/arm6axis:/opt/ros/humble PYTHONPATH=/root/dream_ws/install/ros2_control_demo_testing/lib/python3.10/site-packages:${PYTHONPATH} /usr/bin/cmake --build /root/dream_ws/build/ros2_control_demo_example_11 -- -j12 -l12
[12.788s] [ 50%] [32mBuilding CXX object CMakeFiles/ros2_control_demo_example_11.dir/hardware/carlikebot_system.cpp.o[0m
[17.093s] [100%] [32m[1mLinking CXX shared library libros2_control_demo_example_11.so[0m
[17.543s] [100%] Built target ros2_control_demo_example_11
[17.564s] Invoked command in '/root/dream_ws/build/ros2_control_demo_example_11' returned '0': AMENT_PREFIX_PATH=/root/dream_ws/install/ros2_control_demo_testing:/root/dream_ws/install/ros2_control_demo_description:${AMENT_PREFIX_PATH} CMAKE_PREFIX_PATH=/root/dream_ws/install/ros2_control_demo_description:/root/dream_ws/install/kr600:/root/dev_ws/install/simple_bot_config:/root/dev_ws/install/movbot_config:/root/dev_ws/install/simple_bot:/root/dev_ws/install/moveit_demo:/root/dev_ws/install/cobot_simulation_config:/root/dev_ws/install/cobot_simulation:/root/dev_ws/install/basic_mobile_robot:/root/dev_ws/install/arm6axis:/opt/ros/humble PYTHONPATH=/root/dream_ws/install/ros2_control_demo_testing/lib/python3.10/site-packages:${PYTHONPATH} /usr/bin/cmake --build /root/dream_ws/build/ros2_control_demo_example_11 -- -j12 -l12
[17.701s] Invoking command in '/root/dream_ws/build/ros2_control_demo_example_11': AMENT_PREFIX_PATH=/root/dream_ws/install/ros2_control_demo_testing:/root/dream_ws/install/ros2_control_demo_description:${AMENT_PREFIX_PATH} CMAKE_PREFIX_PATH=/root/dream_ws/install/ros2_control_demo_description:/root/dream_ws/install/kr600:/root/dev_ws/install/simple_bot_config:/root/dev_ws/install/movbot_config:/root/dev_ws/install/simple_bot:/root/dev_ws/install/moveit_demo:/root/dev_ws/install/cobot_simulation_config:/root/dev_ws/install/cobot_simulation:/root/dev_ws/install/basic_mobile_robot:/root/dev_ws/install/arm6axis:/opt/ros/humble PYTHONPATH=/root/dream_ws/install/ros2_control_demo_testing/lib/python3.10/site-packages:${PYTHONPATH} /usr/bin/cmake --install /root/dream_ws/build/ros2_control_demo_example_11
[17.733s] -- Install configuration: ""
[17.735s] -- Installing: /root/dream_ws/install/ros2_control_demo_example_11/share/ros2_control_demo_example_11/ros2_control_demo_example_11.xml
[17.735s] -- Installing: /root/dream_ws/install/ros2_control_demo_example_11/include/ros2_control_demo_example_11
[17.736s] -- Installing: /root/dream_ws/install/ros2_control_demo_example_11/include/ros2_control_demo_example_11/ros2_control_demo_example_11
[17.736s] -- Installing: /root/dream_ws/install/ros2_control_demo_example_11/include/ros2_control_demo_example_11/ros2_control_demo_example_11/carlikebot_system.hpp
[17.736s] -- Installing: /root/dream_ws/install/ros2_control_demo_example_11/share/ros2_control_demo_example_11/launch
[17.736s] -- Installing: /root/dream_ws/install/ros2_control_demo_example_11/share/ros2_control_demo_example_11/launch/view_robot.launch.py
[17.736s] -- Installing: /root/dream_ws/install/ros2_control_demo_example_11/share/ros2_control_demo_example_11/ros2_control
[17.736s] -- Installing: /root/dream_ws/install/ros2_control_demo_example_11/share/ros2_control_demo_example_11/ros2_control/carlikebot.ros2_control.xacro
[17.736s] -- Installing: /root/dream_ws/install/ros2_control_demo_example_11/share/ros2_control_demo_example_11/urdf
[17.736s] -- Installing: /root/dream_ws/install/ros2_control_demo_example_11/share/ros2_control_demo_example_11/urdf/carlikebot.urdf.xacro
[17.736s] -- Up-to-date: /root/dream_ws/install/ros2_control_demo_example_11/share/ros2_control_demo_example_11/launch
[17.737s] -- Installing: /root/dream_ws/install/ros2_control_demo_example_11/share/ros2_control_demo_example_11/launch/carlikebot.launch.py
[17.737s] -- Installing: /root/dream_ws/install/ros2_control_demo_example_11/share/ros2_control_demo_example_11/config
[17.737s] -- Installing: /root/dream_ws/install/ros2_control_demo_example_11/share/ros2_control_demo_example_11/config/carlikebot_controllers.yaml
[17.737s] -- Installing: /root/dream_ws/install/ros2_control_demo_example_11/lib/libros2_control_demo_example_11.so
[17.737s] -- Set runtime path of "/root/dream_ws/install/ros2_control_demo_example_11/lib/libros2_control_demo_example_11.so" to ""
[17.737s] -- Installing: /root/dream_ws/install/ros2_control_demo_example_11/share/ros2_control_demo_example_11/environment/library_path.sh
[17.738s] -- Installing: /root/dream_ws/install/ros2_control_demo_example_11/share/ros2_control_demo_example_11/environment/library_path.dsv
[17.738s] -- Installing: /root/dream_ws/install/ros2_control_demo_example_11/share/ament_index/resource_index/package_run_dependencies/ros2_control_demo_example_11
[17.738s] -- Installing: /root/dream_ws/install/ros2_control_demo_example_11/share/ament_index/resource_index/parent_prefix_path/ros2_control_demo_example_11
[17.738s] -- Installing: /root/dream_ws/install/ros2_control_demo_example_11/share/ros2_control_demo_example_11/environment/ament_prefix_path.sh
[17.738s] -- Installing: /root/dream_ws/install/ros2_control_demo_example_11/share/ros2_control_demo_example_11/environment/ament_prefix_path.dsv
[17.739s] -- Installing: /root/dream_ws/install/ros2_control_demo_example_11/share/ros2_control_demo_example_11/environment/path.sh
[17.739s] -- Installing: /root/dream_ws/install/ros2_control_demo_example_11/share/ros2_control_demo_example_11/environment/path.dsv
[17.739s] -- Installing: /root/dream_ws/install/ros2_control_demo_example_11/share/ros2_control_demo_example_11/local_setup.bash
[17.739s] -- Installing: /root/dream_ws/install/ros2_control_demo_example_11/share/ros2_control_demo_example_11/local_setup.sh
[17.740s] -- Installing: /root/dream_ws/install/ros2_control_demo_example_11/share/ros2_control_demo_example_11/local_setup.zsh
[17.740s] -- Installing: /root/dream_ws/install/ros2_control_demo_example_11/share/ros2_control_demo_example_11/local_setup.dsv
[17.740s] -- Installing: /root/dream_ws/install/ros2_control_demo_example_11/share/ros2_control_demo_example_11/package.dsv
[17.740s] -- Installing: /root/dream_ws/install/ros2_control_demo_example_11/share/ament_index/resource_index/packages/ros2_control_demo_example_11
[17.741s] -- Installing: /root/dream_ws/install/ros2_control_demo_example_11/share/ament_index/resource_index/hardware_interface__pluginlib__plugin/ros2_control_demo_example_11
[17.741s] -- Installing: /root/dream_ws/install/ros2_control_demo_example_11/share/ros2_control_demo_example_11/cmake/export_ros2_control_demo_example_11Export.cmake
[17.741s] -- Installing: /root/dream_ws/install/ros2_control_demo_example_11/share/ros2_control_demo_example_11/cmake/export_ros2_control_demo_example_11Export-noconfig.cmake
[17.742s] -- Installing: /root/dream_ws/install/ros2_control_demo_example_11/share/ros2_control_demo_example_11/cmake/ament_cmake_export_targets-extras.cmake
[17.742s] -- Installing: /root/dream_ws/install/ros2_control_demo_example_11/share/ros2_control_demo_example_11/cmake/ament_cmake_export_dependencies-extras.cmake
[17.742s] -- Installing: /root/dream_ws/install/ros2_control_demo_example_11/share/ros2_control_demo_example_11/cmake/ros2_control_demo_example_11Config.cmake
[17.742s] -- Installing: /root/dream_ws/install/ros2_control_demo_example_11/share/ros2_control_demo_example_11/cmake/ros2_control_demo_example_11Config-version.cmake
[17.743s] -- Installing: /root/dream_ws/install/ros2_control_demo_example_11/share/ros2_control_demo_example_11/package.xml
[17.811s] Invoked command in '/root/dream_ws/build/ros2_control_demo_example_11' returned '0': AMENT_PREFIX_PATH=/root/dream_ws/install/ros2_control_demo_testing:/root/dream_ws/install/ros2_control_demo_description:${AMENT_PREFIX_PATH} CMAKE_PREFIX_PATH=/root/dream_ws/install/ros2_control_demo_description:/root/dream_ws/install/kr600:/root/dev_ws/install/simple_bot_config:/root/dev_ws/install/movbot_config:/root/dev_ws/install/simple_bot:/root/dev_ws/install/moveit_demo:/root/dev_ws/install/cobot_simulation_config:/root/dev_ws/install/cobot_simulation:/root/dev_ws/install/basic_mobile_robot:/root/dev_ws/install/arm6axis:/opt/ros/humble PYTHONPATH=/root/dream_ws/install/ros2_control_demo_testing/lib/python3.10/site-packages:${PYTHONPATH} /usr/bin/cmake --install /root/dream_ws/build/ros2_control_demo_example_11
