[0.028s] Invoking command in '/root/dream_ws/build/kr600': CMAKE_PREFIX_PATH=${CMAKE_PREFIX_PATH}:/opt/ros/humble /usr/bin/cmake /root/dream_ws/src/kr600 -DCMAKE_INSTALL_PREFIX=/root/dream_ws/install/kr600
[0.121s] -- The C compiler identification is GNU 11.4.0
[0.216s] -- The CXX compiler identification is GNU 11.4.0
[0.228s] -- Detecting C compiler ABI info
[0.333s] -- Detecting C compiler ABI info - done
[0.353s] -- Check for working C compiler: /usr/bin/cc - skipped
[0.353s] -- Detecting C compile features
[0.354s] -- Detecting C compile features - done
[0.361s] -- Detecting CXX compiler ABI info
[0.485s] -- Detecting CXX compiler ABI info - done
[0.505s] -- Check for working CXX compiler: /usr/bin/c++ - skipped
[0.505s] -- Detecting CXX compile features
[0.506s] -- Detecting CXX compile features - done
[0.514s] -- Found ament_cmake: 1.3.10 (/opt/ros/humble/share/ament_cmake/cmake)
[0.790s] -- Found Python3: /usr/bin/python3 (found version "3.10.12") found components: Interpreter 
[1.018s] -- Found ament_lint_auto: 0.12.11 (/opt/ros/humble/share/ament_lint_auto/cmake)
[1.191s] -- Added test 'flake8' to check Python code syntax and style conventions
[1.192s] -- Added test 'lint_cmake' to check CMake code style
[1.194s] -- Added test 'pep257' to check Python code against some of the docstring style conventions in PEP 257
[1.197s] -- Added test 'xmllint' to check XML markup files
[1.199s] -- Configuring done
[1.206s] -- Generating done
[1.208s] -- Build files have been written to: /root/dream_ws/build/kr600
[1.215s] Invoked command in '/root/dream_ws/build/kr600' returned '0': CMAKE_PREFIX_PATH=${CMAKE_PREFIX_PATH}:/opt/ros/humble /usr/bin/cmake /root/dream_ws/src/kr600 -DCMAKE_INSTALL_PREFIX=/root/dream_ws/install/kr600
[1.219s] Invoking command in '/root/dream_ws/build/kr600': CMAKE_PREFIX_PATH=${CMAKE_PREFIX_PATH}:/opt/ros/humble /usr/bin/cmake --build /root/dream_ws/build/kr600 -- -j12 -l12
[1.274s] Invoked command in '/root/dream_ws/build/kr600' returned '0': CMAKE_PREFIX_PATH=${CMAKE_PREFIX_PATH}:/opt/ros/humble /usr/bin/cmake --build /root/dream_ws/build/kr600 -- -j12 -l12
[1.324s] Invoking command in '/root/dream_ws/build/kr600': CMAKE_PREFIX_PATH=${CMAKE_PREFIX_PATH}:/opt/ros/humble /usr/bin/cmake --install /root/dream_ws/build/kr600
[1.335s] -- Install configuration: ""
[1.335s] -- Up-to-date: /root/dream_ws/install/kr600/share/kr600/launch
[1.336s] -- Up-to-date: /root/dream_ws/install/kr600/share/kr600/launch/kr600.launch.py
[1.337s] -- Up-to-date: /root/dream_ws/install/kr600/share/kr600/launch/kr600_1.launch.py
[1.337s] -- Up-to-date: /root/dream_ws/install/kr600/share/kr600/meshes
[1.337s] -- Up-to-date: /root/dream_ws/install/kr600/share/kr600/meshes/link6.stl
[1.338s] -- Up-to-date: /root/dream_ws/install/kr600/share/kr600/meshes/base_link.stl
[1.338s] -- Up-to-date: /root/dream_ws/install/kr600/share/kr600/meshes/link4.stl
[1.338s] -- Up-to-date: /root/dream_ws/install/kr600/share/kr600/meshes/link5.stl
[1.339s] -- Up-to-date: /root/dream_ws/install/kr600/share/kr600/meshes/link3.stl
[1.339s] -- Up-to-date: /root/dream_ws/install/kr600/share/kr600/meshes/link2.stl
[1.340s] -- Up-to-date: /root/dream_ws/install/kr600/share/kr600/meshes/description.txt
[1.340s] -- Up-to-date: /root/dream_ws/install/kr600/share/kr600/meshes/link1.stl
[1.340s] -- Up-to-date: /root/dream_ws/install/kr600/share/kr600/rviz
[1.341s] -- Up-to-date: /root/dream_ws/install/kr600/share/kr600/rviz/config.rviz
[1.341s] -- Up-to-date: /root/dream_ws/install/kr600/share/kr600/urdf
[1.342s] -- Up-to-date: /root/dream_ws/install/kr600/share/kr600/urdf/model.urdf.xacro
[1.342s] -- Up-to-date: /root/dream_ws/install/kr600/share/ament_index/resource_index/package_run_dependencies/kr600
[1.342s] -- Up-to-date: /root/dream_ws/install/kr600/share/ament_index/resource_index/parent_prefix_path/kr600
[1.343s] -- Up-to-date: /root/dream_ws/install/kr600/share/kr600/environment/ament_prefix_path.sh
[1.343s] -- Installing: /root/dream_ws/install/kr600/share/kr600/environment/ament_prefix_path.dsv
[1.344s] -- Up-to-date: /root/dream_ws/install/kr600/share/kr600/environment/path.sh
[1.344s] -- Installing: /root/dream_ws/install/kr600/share/kr600/environment/path.dsv
[1.345s] -- Up-to-date: /root/dream_ws/install/kr600/share/kr600/local_setup.bash
[1.345s] -- Up-to-date: /root/dream_ws/install/kr600/share/kr600/local_setup.sh
[1.347s] -- Up-to-date: /root/dream_ws/install/kr600/share/kr600/local_setup.zsh
[1.347s] -- Installing: /root/dream_ws/install/kr600/share/kr600/local_setup.dsv
[1.348s] -- Installing: /root/dream_ws/install/kr600/share/kr600/package.dsv
[1.348s] -- Up-to-date: /root/dream_ws/install/kr600/share/ament_index/resource_index/packages/kr600
[1.349s] -- Up-to-date: /root/dream_ws/install/kr600/share/kr600/cmake/kr600Config.cmake
[1.349s] -- Up-to-date: /root/dream_ws/install/kr600/share/kr600/cmake/kr600Config-version.cmake
[1.349s] -- Up-to-date: /root/dream_ws/install/kr600/share/kr600/package.xml
[1.350s] Invoked command in '/root/dream_ws/build/kr600' returned '0': CMAKE_PREFIX_PATH=${CMAKE_PREFIX_PATH}:/opt/ros/humble /usr/bin/cmake --install /root/dream_ws/build/kr600
