[0.078s] Invoking command in '/root/dream_ws/build/ros2_control_demo_example_11': AMENT_PREFIX_PATH=/root/dream_ws/install/ros2_control_demo_testing:/root/dream_ws/install/ros2_control_demo_description:${AMENT_PREFIX_PATH} CMAKE_PREFIX_PATH=/root/dream_ws/install/ros2_control_demo_description:/root/dream_ws/install/ros2_control_demo_example_7:/root/dream_ws/install/ros2_control_demo_example_2:/root/dream_ws/install/kr600:/root/dev_ws/install/simple_bot_config:/root/dev_ws/install/movbot_config:/root/dev_ws/install/simple_bot:/root/dev_ws/install/moveit_demo:/root/dev_ws/install/cobot_simulation_config:/root/dev_ws/install/cobot_simulation:/root/dev_ws/install/basic_mobile_robot:/root/dev_ws/install/arm6axis:/opt/ros/humble PYTHONPATH=/root/dream_ws/install/ros2_control_demo_testing/lib/python3.10/site-packages:${PYTHONPATH} /usr/bin/cmake /root/dream_ws/src/ros2_control_demos/example_11 -DCMAKE_INSTALL_PREFIX=/root/dream_ws/install/ros2_control_demo_example_11
[0.203s] -- The CXX compiler identification is GNU 11.4.0
[0.217s] -- Detecting CXX compiler ABI info
[0.356s] -- Detecting CXX compiler ABI info - done
[0.379s] -- Check for working CXX compiler: /usr/bin/c++ - skipped
[0.379s] -- Detecting CXX compile features
[0.380s] -- Detecting CXX compile features - done
[0.393s] -- Found ament_cmake: 1.3.10 (/opt/ros/humble/share/ament_cmake/cmake)
[0.686s] -- Found Python3: /usr/bin/python3 (found version "3.10.12") found components: Interpreter 
[0.906s] -- Found hardware_interface: 2.42.0 (/opt/ros/humble/share/hardware_interface/cmake)
[1.036s] -- Found rosidl_generator_c: 3.1.5 (/opt/ros/humble/share/rosidl_generator_c/cmake)
[1.054s] -- Found rosidl_adapter: 3.1.5 (/opt/ros/humble/share/rosidl_adapter/cmake)
[1.085s] -- Found rosidl_generator_cpp: 3.1.5 (/opt/ros/humble/share/rosidl_generator_cpp/cmake)
[1.130s] -- Using all available rosidl_typesupport_c: rosidl_typesupport_fastrtps_c;rosidl_typesupport_introspection_c
[1.183s] -- Using all available rosidl_typesupport_cpp: rosidl_typesupport_fastrtps_cpp;rosidl_typesupport_introspection_cpp
[1.854s] -- Found rmw_implementation_cmake: 6.1.2 (/opt/ros/humble/share/rmw_implementation_cmake/cmake)
[1.866s] -- Found rmw_fastrtps_cpp: 6.2.7 (/opt/ros/humble/share/rmw_fastrtps_cpp/cmake)
[1.955s] -- Found TinyXML2 via Config file: TinyXML2_DIR-NOTFOUND
[2.047s] -- Found OpenSSL: /usr/lib/x86_64-linux-gnu/libcrypto.so (found version "3.0.2")  
[2.055s] -- Found TinyXML2 via Config file: TinyXML2_DIR-NOTFOUND
[2.082s] -- Found FastRTPS: /opt/ros/humble/include  
[2.090s] -- Found TinyXML2 via Config file: TinyXML2_DIR-NOTFOUND
[2.106s] -- Found TinyXML2 via Config file: TinyXML2_DIR-NOTFOUND
[2.128s] -- Using RMW implementation 'rmw_fastrtps_cpp' as default
[2.158s] -- Looking for C++ include pthread.h
[2.349s] -- Looking for C++ include pthread.h - found
[2.350s] -- Performing Test CMAKE_HAVE_LIBC_PTHREAD
[2.516s] -- Performing Test CMAKE_HAVE_LIBC_PTHREAD - Success
[2.518s] -- Found Threads: TRUE  
[2.686s] -- Found ament_cmake_pytest: 1.3.10 (/opt/ros/humble/share/ament_cmake_pytest/cmake)
[4.797s] -- Configuring done
[4.937s] -- Generating done
[4.951s] -- Build files have been written to: /root/dream_ws/build/ros2_control_demo_example_11
