[0.020s] Invoking command in '/root/dream_ws/build/kr600': CMAKE_PREFIX_PATH=${CMAKE_PREFIX_PATH}:/opt/ros/humble /usr/bin/cmake /root/dream_ws/src/kr600 -DCMAKE_INSTALL_PREFIX=/root/dream_ws/install/kr600
[0.084s] -- The C compiler identification is GNU 11.4.0
[0.154s] -- The CXX compiler identification is GNU 11.4.0
[0.164s] -- Detecting C compiler ABI info
[0.243s] -- Detecting C compiler ABI info - done
[0.256s] -- Check for working C compiler: /usr/bin/cc - skipped
[0.256s] -- Detecting C compile features
[0.257s] -- Detecting C compile features - done
[0.262s] -- Detecting CXX compiler ABI info
[0.353s] -- Detecting CXX compiler ABI info - done
[0.367s] -- Check for working CXX compiler: /usr/bin/c++ - skipped
[0.367s] -- Detecting CXX compile features
[0.368s] -- Detecting CXX compile features - done
[0.373s] -- Found ament_cmake: 1.3.10 (/opt/ros/humble/share/ament_cmake/cmake)
[0.557s] -- Found Python3: /usr/bin/python3 (found version "3.10.12") found components: Interpreter 
[0.691s] -- Found ament_lint_auto: 0.12.11 (/opt/ros/humble/share/ament_lint_auto/cmake)
[0.799s] -- Added test 'flake8' to check Python code syntax and style conventions
[0.800s] -- Added test 'lint_cmake' to check CMake code style
[0.801s] -- Added test 'pep257' to check Python code against some of the docstring style conventions in PEP 257
[0.804s] -- Added test 'xmllint' to check XML markup files
[0.806s] -- Configuring done
[0.810s] -- Generating done
[0.811s] -- Build files have been written to: /root/dream_ws/build/kr600
[0.816s] Invoked command in '/root/dream_ws/build/kr600' returned '0': CMAKE_PREFIX_PATH=${CMAKE_PREFIX_PATH}:/opt/ros/humble /usr/bin/cmake /root/dream_ws/src/kr600 -DCMAKE_INSTALL_PREFIX=/root/dream_ws/install/kr600
[0.819s] Invoking command in '/root/dream_ws/build/kr600': CMAKE_PREFIX_PATH=${CMAKE_PREFIX_PATH}:/opt/ros/humble /usr/bin/cmake --build /root/dream_ws/build/kr600 -- -j12 -l12
[0.857s] Invoked command in '/root/dream_ws/build/kr600' returned '0': CMAKE_PREFIX_PATH=${CMAKE_PREFIX_PATH}:/opt/ros/humble /usr/bin/cmake --build /root/dream_ws/build/kr600 -- -j12 -l12
[0.891s] Invoking command in '/root/dream_ws/build/kr600': CMAKE_PREFIX_PATH=${CMAKE_PREFIX_PATH}:/opt/ros/humble /usr/bin/cmake --install /root/dream_ws/build/kr600
[0.898s] -- Install configuration: ""
[0.899s] -- Installing: /root/dream_ws/install/kr600/share/kr600/launch
[0.899s] -- Installing: /root/dream_ws/install/kr600/share/kr600/launch/kr600.launch.py
[0.899s] -- Installing: /root/dream_ws/install/kr600/share/kr600/launch/kr600_1.launch.py
[0.900s] -- Installing: /root/dream_ws/install/kr600/share/kr600/meshes
[0.900s] -- Installing: /root/dream_ws/install/kr600/share/kr600/meshes/link6.stl
[0.904s] -- Installing: /root/dream_ws/install/kr600/share/kr600/meshes/base_link.stl
[0.909s] -- Installing: /root/dream_ws/install/kr600/share/kr600/meshes/link4.stl
[0.914s] -- Installing: /root/dream_ws/install/kr600/share/kr600/meshes/link5.stl
[0.918s] -- Installing: /root/dream_ws/install/kr600/share/kr600/meshes/link3.stl
[0.926s] -- Installing: /root/dream_ws/install/kr600/share/kr600/meshes/link2.stl
[0.933s] -- Installing: /root/dream_ws/install/kr600/share/kr600/meshes/description.txt
[0.933s] -- Installing: /root/dream_ws/install/kr600/share/kr600/meshes/link1.stl
[0.938s] -- Installing: /root/dream_ws/install/kr600/share/kr600/rviz
[0.939s] -- Installing: /root/dream_ws/install/kr600/share/kr600/rviz/config.rviz
[0.939s] -- Installing: /root/dream_ws/install/kr600/share/kr600/urdf
[0.939s] -- Installing: /root/dream_ws/install/kr600/share/kr600/urdf/model.urdf.xacro
[0.939s] -- Installing: /root/dream_ws/install/kr600/share/ament_index/resource_index/package_run_dependencies/kr600
[0.939s] -- Installing: /root/dream_ws/install/kr600/share/ament_index/resource_index/parent_prefix_path/kr600
[0.940s] -- Installing: /root/dream_ws/install/kr600/share/kr600/environment/ament_prefix_path.sh
[0.940s] -- Installing: /root/dream_ws/install/kr600/share/kr600/environment/ament_prefix_path.dsv
[0.940s] -- Installing: /root/dream_ws/install/kr600/share/kr600/environment/path.sh
[0.940s] -- Installing: /root/dream_ws/install/kr600/share/kr600/environment/path.dsv
[0.941s] -- Installing: /root/dream_ws/install/kr600/share/kr600/local_setup.bash
[0.941s] -- Installing: /root/dream_ws/install/kr600/share/kr600/local_setup.sh
[0.941s] -- Installing: /root/dream_ws/install/kr600/share/kr600/local_setup.zsh
[0.941s] -- Installing: /root/dream_ws/install/kr600/share/kr600/local_setup.dsv
[0.941s] -- Installing: /root/dream_ws/install/kr600/share/kr600/package.dsv
[0.942s] -- Installing: /root/dream_ws/install/kr600/share/ament_index/resource_index/packages/kr600
[0.942s] -- Installing: /root/dream_ws/install/kr600/share/kr600/cmake/kr600Config.cmake
[0.942s] -- Installing: /root/dream_ws/install/kr600/share/kr600/cmake/kr600Config-version.cmake
[0.942s] -- Installing: /root/dream_ws/install/kr600/share/kr600/package.xml
[0.946s] Invoked command in '/root/dream_ws/build/kr600' returned '0': CMAKE_PREFIX_PATH=${CMAKE_PREFIX_PATH}:/opt/ros/humble /usr/bin/cmake --install /root/dream_ws/build/kr600
