[0.087s] Invoking command in '/root/dream_ws/build/ros2_control_demo_example_5': AMENT_PREFIX_PATH=/root/dream_ws/install/ros2_control_demo_testing:/root/dream_ws/install/ros2_control_demo_description:${AMENT_PREFIX_PATH} CMAKE_PREFIX_PATH=/root/dream_ws/install/ros2_control_demo_description:/root/dream_ws/install/kr600:/root/dev_ws/install/simple_bot_config:/root/dev_ws/install/movbot_config:/root/dev_ws/install/simple_bot:/root/dev_ws/install/moveit_demo:/root/dev_ws/install/cobot_simulation_config:/root/dev_ws/install/cobot_simulation:/root/dev_ws/install/basic_mobile_robot:/root/dev_ws/install/arm6axis:/opt/ros/humble PYTHONPATH=/root/dream_ws/install/ros2_control_demo_testing/lib/python3.10/site-packages:${PYTHONPATH} /usr/bin/cmake /root/dream_ws/src/ros2_control_demos/example_5 -DCMAKE_INSTALL_PREFIX=/root/dream_ws/install/ros2_control_demo_example_5
[0.131s] -- Found ament_cmake: 1.3.10 (/opt/ros/humble/share/ament_cmake/cmake)
[0.471s] -- Found Python3: /usr/bin/python3 (found version "3.10.12") found components: Interpreter 
[0.718s] -- Found hardware_interface: 2.42.0 (/opt/ros/humble/share/hardware_interface/cmake)
[0.897s] -- Found rosidl_generator_c: 3.1.5 (/opt/ros/humble/share/rosidl_generator_c/cmake)
[0.927s] -- Found rosidl_adapter: 3.1.5 (/opt/ros/humble/share/rosidl_adapter/cmake)
[0.965s] -- Found rosidl_generator_cpp: 3.1.5 (/opt/ros/humble/share/rosidl_generator_cpp/cmake)
[1.027s] -- Using all available rosidl_typesupport_c: rosidl_typesupport_fastrtps_c;rosidl_typesupport_introspection_c
[1.094s] -- Using all available rosidl_typesupport_cpp: rosidl_typesupport_fastrtps_cpp;rosidl_typesupport_introspection_cpp
[1.859s] -- Found rmw_implementation_cmake: 6.1.2 (/opt/ros/humble/share/rmw_implementation_cmake/cmake)
[1.875s] -- Found rmw_fastrtps_cpp: 6.2.7 (/opt/ros/humble/share/rmw_fastrtps_cpp/cmake)
[1.983s] -- Found TinyXML2 via Config file: TinyXML2_DIR-NOTFOUND
[2.093s] -- Found OpenSSL: /usr/lib/x86_64-linux-gnu/libcrypto.so (found version "3.0.2")  
[2.099s] -- Found TinyXML2 via Config file: TinyXML2_DIR-NOTFOUND
[2.128s] -- Found FastRTPS: /opt/ros/humble/include  
[2.138s] -- Found TinyXML2 via Config file: TinyXML2_DIR-NOTFOUND
[2.156s] -- Found TinyXML2 via Config file: TinyXML2_DIR-NOTFOUND
[2.176s] -- Using RMW implementation 'rmw_fastrtps_cpp' as default
[2.220s] -- Looking for C++ include pthread.h
[2.542s] -- Looking for C++ include pthread.h - found
[2.542s] -- Performing Test CMAKE_HAVE_LIBC_PTHREAD
[2.724s] -- Performing Test CMAKE_HAVE_LIBC_PTHREAD - Success
[2.727s] -- Found Threads: TRUE  
[2.932s] -- Found ament_cmake_pytest: 1.3.10 (/opt/ros/humble/share/ament_cmake_pytest/cmake)
[5.358s] -- Configuring done
[5.497s] -- Generating done
[5.500s] -- Build files have been written to: /root/dream_ws/build/ros2_control_demo_example_5
[5.548s] Invoked command in '/root/dream_ws/build/ros2_control_demo_example_5' returned '0': AMENT_PREFIX_PATH=/root/dream_ws/install/ros2_control_demo_testing:/root/dream_ws/install/ros2_control_demo_description:${AMENT_PREFIX_PATH} CMAKE_PREFIX_PATH=/root/dream_ws/install/ros2_control_demo_description:/root/dream_ws/install/kr600:/root/dev_ws/install/simple_bot_config:/root/dev_ws/install/movbot_config:/root/dev_ws/install/simple_bot:/root/dev_ws/install/moveit_demo:/root/dev_ws/install/cobot_simulation_config:/root/dev_ws/install/cobot_simulation:/root/dev_ws/install/basic_mobile_robot:/root/dev_ws/install/arm6axis:/opt/ros/humble PYTHONPATH=/root/dream_ws/install/ros2_control_demo_testing/lib/python3.10/site-packages:${PYTHONPATH} /usr/bin/cmake /root/dream_ws/src/ros2_control_demos/example_5 -DCMAKE_INSTALL_PREFIX=/root/dream_ws/install/ros2_control_demo_example_5
[5.555s] Invoking command in '/root/dream_ws/build/ros2_control_demo_example_5': AMENT_PREFIX_PATH=/root/dream_ws/install/ros2_control_demo_testing:/root/dream_ws/install/ros2_control_demo_description:${AMENT_PREFIX_PATH} CMAKE_PREFIX_PATH=/root/dream_ws/install/ros2_control_demo_description:/root/dream_ws/install/kr600:/root/dev_ws/install/simple_bot_config:/root/dev_ws/install/movbot_config:/root/dev_ws/install/simple_bot:/root/dev_ws/install/moveit_demo:/root/dev_ws/install/cobot_simulation_config:/root/dev_ws/install/cobot_simulation:/root/dev_ws/install/basic_mobile_robot:/root/dev_ws/install/arm6axis:/opt/ros/humble PYTHONPATH=/root/dream_ws/install/ros2_control_demo_testing/lib/python3.10/site-packages:${PYTHONPATH} /usr/bin/cmake --build /root/dream_ws/build/ros2_control_demo_example_5 -- -j12 -l12
[5.592s] [ 66%] [32mBuilding CXX object CMakeFiles/ros2_control_demo_example_5.dir/hardware/external_rrbot_force_torque_sensor.cpp.o[0m
[5.592s] [ 66%] [32mBuilding CXX object CMakeFiles/ros2_control_demo_example_5.dir/hardware/rrbot.cpp.o[0m
[16.952s] [100%] [32m[1mLinking CXX shared library libros2_control_demo_example_5.so[0m
[17.483s] [100%] Built target ros2_control_demo_example_5
[17.502s] Invoked command in '/root/dream_ws/build/ros2_control_demo_example_5' returned '0': AMENT_PREFIX_PATH=/root/dream_ws/install/ros2_control_demo_testing:/root/dream_ws/install/ros2_control_demo_description:${AMENT_PREFIX_PATH} CMAKE_PREFIX_PATH=/root/dream_ws/install/ros2_control_demo_description:/root/dream_ws/install/kr600:/root/dev_ws/install/simple_bot_config:/root/dev_ws/install/movbot_config:/root/dev_ws/install/simple_bot:/root/dev_ws/install/moveit_demo:/root/dev_ws/install/cobot_simulation_config:/root/dev_ws/install/cobot_simulation:/root/dev_ws/install/basic_mobile_robot:/root/dev_ws/install/arm6axis:/opt/ros/humble PYTHONPATH=/root/dream_ws/install/ros2_control_demo_testing/lib/python3.10/site-packages:${PYTHONPATH} /usr/bin/cmake --build /root/dream_ws/build/ros2_control_demo_example_5 -- -j12 -l12
[17.561s] Invoking command in '/root/dream_ws/build/ros2_control_demo_example_5': AMENT_PREFIX_PATH=/root/dream_ws/install/ros2_control_demo_testing:/root/dream_ws/install/ros2_control_demo_description:${AMENT_PREFIX_PATH} CMAKE_PREFIX_PATH=/root/dream_ws/install/ros2_control_demo_description:/root/dream_ws/install/kr600:/root/dev_ws/install/simple_bot_config:/root/dev_ws/install/movbot_config:/root/dev_ws/install/simple_bot:/root/dev_ws/install/moveit_demo:/root/dev_ws/install/cobot_simulation_config:/root/dev_ws/install/cobot_simulation:/root/dev_ws/install/basic_mobile_robot:/root/dev_ws/install/arm6axis:/opt/ros/humble PYTHONPATH=/root/dream_ws/install/ros2_control_demo_testing/lib/python3.10/site-packages:${PYTHONPATH} /usr/bin/cmake --install /root/dream_ws/build/ros2_control_demo_example_5
[17.601s] -- Install configuration: ""
[17.602s] -- Installing: /root/dream_ws/install/ros2_control_demo_example_5/share/ros2_control_demo_example_5/ros2_control_demo_example_5.xml
[17.602s] -- Installing: /root/dream_ws/install/ros2_control_demo_example_5/include/ros2_control_demo_example_5
[17.610s] -- Installing: /root/dream_ws/install/ros2_control_demo_example_5/include/ros2_control_demo_example_5/ros2_control_demo_example_5
[17.611s] -- Installing: /root/dream_ws/install/ros2_control_demo_example_5/include/ros2_control_demo_example_5/ros2_control_demo_example_5/external_rrbot_force_torque_sensor.hpp
[17.611s] -- Installing: /root/dream_ws/install/ros2_control_demo_example_5/include/ros2_control_demo_example_5/ros2_control_demo_example_5/rrbot.hpp
[17.612s] -- Installing: /root/dream_ws/install/ros2_control_demo_example_5/share/ros2_control_demo_example_5/launch
[17.612s] -- Installing: /root/dream_ws/install/ros2_control_demo_example_5/share/ros2_control_demo_example_5/launch/view_robot.launch.py
[17.612s] -- Installing: /root/dream_ws/install/ros2_control_demo_example_5/share/ros2_control_demo_example_5/ros2_control
[17.612s] -- Installing: /root/dream_ws/install/ros2_control_demo_example_5/share/ros2_control_demo_example_5/ros2_control/external_rrbot_force_torque_sensor.ros2_control.xacro
[17.612s] -- Installing: /root/dream_ws/install/ros2_control_demo_example_5/share/ros2_control_demo_example_5/ros2_control/rrbot_system_position_only.ros2_control.xacro
[17.612s] -- Installing: /root/dream_ws/install/ros2_control_demo_example_5/share/ros2_control_demo_example_5/urdf
[17.613s] -- Installing: /root/dream_ws/install/ros2_control_demo_example_5/share/ros2_control_demo_example_5/urdf/rrbot_system_with_external_sensor.urdf.xacro
[17.613s] -- Installing: /root/dream_ws/install/ros2_control_demo_example_5/share/ros2_control_demo_example_5/rviz
[17.613s] -- Installing: /root/dream_ws/install/ros2_control_demo_example_5/share/ros2_control_demo_example_5/rviz/rrbot.rviz
[17.613s] -- Up-to-date: /root/dream_ws/install/ros2_control_demo_example_5/share/ros2_control_demo_example_5/launch
[17.627s] -- Installing: /root/dream_ws/install/ros2_control_demo_example_5/share/ros2_control_demo_example_5/launch/test_forward_position_controller.launch.py
[17.628s] -- Installing: /root/dream_ws/install/ros2_control_demo_example_5/share/ros2_control_demo_example_5/launch/rrbot_system_with_external_sensor.launch.py
[17.628s] -- Installing: /root/dream_ws/install/ros2_control_demo_example_5/share/ros2_control_demo_example_5/config
[17.628s] -- Installing: /root/dream_ws/install/ros2_control_demo_example_5/share/ros2_control_demo_example_5/config/rrbot_forward_position_publisher.yaml
[17.628s] -- Installing: /root/dream_ws/install/ros2_control_demo_example_5/share/ros2_control_demo_example_5/config/rrbot_with_external_sensor_controllers.yaml
[17.628s] -- Installing: /root/dream_ws/install/ros2_control_demo_example_5/lib/libros2_control_demo_example_5.so
[17.629s] -- Set runtime path of "/root/dream_ws/install/ros2_control_demo_example_5/lib/libros2_control_demo_example_5.so" to ""
[17.629s] -- Installing: /root/dream_ws/install/ros2_control_demo_example_5/share/ros2_control_demo_example_5/environment/library_path.sh
[17.629s] -- Installing: /root/dream_ws/install/ros2_control_demo_example_5/share/ros2_control_demo_example_5/environment/library_path.dsv
[17.629s] -- Installing: /root/dream_ws/install/ros2_control_demo_example_5/share/ament_index/resource_index/package_run_dependencies/ros2_control_demo_example_5
[17.630s] -- Installing: /root/dream_ws/install/ros2_control_demo_example_5/share/ament_index/resource_index/parent_prefix_path/ros2_control_demo_example_5
[17.630s] -- Installing: /root/dream_ws/install/ros2_control_demo_example_5/share/ros2_control_demo_example_5/environment/ament_prefix_path.sh
[17.630s] -- Installing: /root/dream_ws/install/ros2_control_demo_example_5/share/ros2_control_demo_example_5/environment/ament_prefix_path.dsv
[17.630s] -- Installing: /root/dream_ws/install/ros2_control_demo_example_5/share/ros2_control_demo_example_5/environment/path.sh
[17.630s] -- Installing: /root/dream_ws/install/ros2_control_demo_example_5/share/ros2_control_demo_example_5/environment/path.dsv
[17.630s] -- Installing: /root/dream_ws/install/ros2_control_demo_example_5/share/ros2_control_demo_example_5/local_setup.bash
[17.630s] -- Installing: /root/dream_ws/install/ros2_control_demo_example_5/share/ros2_control_demo_example_5/local_setup.sh
[17.631s] -- Installing: /root/dream_ws/install/ros2_control_demo_example_5/share/ros2_control_demo_example_5/local_setup.zsh
[17.631s] -- Installing: /root/dream_ws/install/ros2_control_demo_example_5/share/ros2_control_demo_example_5/local_setup.dsv
[17.631s] -- Installing: /root/dream_ws/install/ros2_control_demo_example_5/share/ros2_control_demo_example_5/package.dsv
[17.631s] -- Installing: /root/dream_ws/install/ros2_control_demo_example_5/share/ament_index/resource_index/packages/ros2_control_demo_example_5
[17.631s] -- Installing: /root/dream_ws/install/ros2_control_demo_example_5/share/ament_index/resource_index/hardware_interface__pluginlib__plugin/ros2_control_demo_example_5
[17.632s] -- Installing: /root/dream_ws/install/ros2_control_demo_example_5/share/ros2_control_demo_example_5/cmake/export_ros2_control_demo_example_5Export.cmake
[17.632s] -- Installing: /root/dream_ws/install/ros2_control_demo_example_5/share/ros2_control_demo_example_5/cmake/export_ros2_control_demo_example_5Export-noconfig.cmake
[17.632s] -- Installing: /root/dream_ws/install/ros2_control_demo_example_5/share/ros2_control_demo_example_5/cmake/ament_cmake_export_targets-extras.cmake
[17.632s] -- Installing: /root/dream_ws/install/ros2_control_demo_example_5/share/ros2_control_demo_example_5/cmake/ament_cmake_export_dependencies-extras.cmake
[17.632s] -- Installing: /root/dream_ws/install/ros2_control_demo_example_5/share/ros2_control_demo_example_5/cmake/ros2_control_demo_example_5Config.cmake
[17.632s] -- Installing: /root/dream_ws/install/ros2_control_demo_example_5/share/ros2_control_demo_example_5/cmake/ros2_control_demo_example_5Config-version.cmake
[17.633s] -- Installing: /root/dream_ws/install/ros2_control_demo_example_5/share/ros2_control_demo_example_5/package.xml
[17.671s] Invoked command in '/root/dream_ws/build/ros2_control_demo_example_5' returned '0': AMENT_PREFIX_PATH=/root/dream_ws/install/ros2_control_demo_testing:/root/dream_ws/install/ros2_control_demo_description:${AMENT_PREFIX_PATH} CMAKE_PREFIX_PATH=/root/dream_ws/install/ros2_control_demo_description:/root/dream_ws/install/kr600:/root/dev_ws/install/simple_bot_config:/root/dev_ws/install/movbot_config:/root/dev_ws/install/simple_bot:/root/dev_ws/install/moveit_demo:/root/dev_ws/install/cobot_simulation_config:/root/dev_ws/install/cobot_simulation:/root/dev_ws/install/basic_mobile_robot:/root/dev_ws/install/arm6axis:/opt/ros/humble PYTHONPATH=/root/dream_ws/install/ros2_control_demo_testing/lib/python3.10/site-packages:${PYTHONPATH} /usr/bin/cmake --install /root/dream_ws/build/ros2_control_demo_example_5
