[0.015s] Invoking command in '/root/dream_ws/build/kr600': CMAKE_PREFIX_PATH=${CMAKE_PREFIX_PATH}:/opt/ros/humble /usr/bin/cmake /root/dream_ws/src/kr600 -DCMAKE_INSTALL_PREFIX=/root/dream_ws/install/kr600
[0.291s] -- The C compiler identification is GNU 11.4.0
[0.533s] -- The CXX compiler identification is GNU 11.4.0
[0.555s] -- Detecting C compiler ABI info
[0.663s] -- Detecting C compiler ABI info - done
[0.680s] -- Check for working C compiler: /usr/bin/cc - skipped
[0.681s] -- Detecting C compile features
[0.683s] -- Detecting C compile features - done
[0.691s] -- Detecting CXX compiler ABI info
[0.813s] -- Detecting CXX compiler ABI info - done
[0.832s] -- Check for working CXX compiler: /usr/bin/c++ - skipped
[0.832s] -- Detecting CXX compile features
[0.833s] -- Detecting CXX compile features - done
[0.871s] -- Found ament_cmake: 1.3.10 (/opt/ros/humble/share/ament_cmake/cmake)
[1.127s] -- Found Python3: /usr/bin/python3 (found version "3.10.12") found components: Interpreter 
[1.362s] -- Found ament_lint_auto: 0.12.11 (/opt/ros/humble/share/ament_lint_auto/cmake)
[1.544s] -- Added test 'flake8' to check Python code syntax and style conventions
[1.546s] -- Added test 'lint_cmake' to check CMake code style
[1.549s] -- Added test 'pep257' to check Python code against some of the docstring style conventions in PEP 257
[1.555s] -- Added test 'xmllint' to check XML markup files
[1.560s] -- Configuring done
[1.568s] -- Generating done
[1.569s] -- Build files have been written to: /root/dream_ws/build/kr600
[1.578s] Invoked command in '/root/dream_ws/build/kr600' returned '0': CMAKE_PREFIX_PATH=${CMAKE_PREFIX_PATH}:/opt/ros/humble /usr/bin/cmake /root/dream_ws/src/kr600 -DCMAKE_INSTALL_PREFIX=/root/dream_ws/install/kr600
[1.582s] Invoking command in '/root/dream_ws/build/kr600': CMAKE_PREFIX_PATH=${CMAKE_PREFIX_PATH}:/opt/ros/humble /usr/bin/cmake --build /root/dream_ws/build/kr600 -- -j12 -l12
[1.641s] Invoked command in '/root/dream_ws/build/kr600' returned '0': CMAKE_PREFIX_PATH=${CMAKE_PREFIX_PATH}:/opt/ros/humble /usr/bin/cmake --build /root/dream_ws/build/kr600 -- -j12 -l12
[1.688s] Invoking command in '/root/dream_ws/build/kr600': CMAKE_PREFIX_PATH=${CMAKE_PREFIX_PATH}:/opt/ros/humble /usr/bin/cmake --install /root/dream_ws/build/kr600
[1.697s] -- Install configuration: ""
[1.697s] -- Installing: /root/dream_ws/install/kr600/share/kr600/launch
[1.698s] -- Installing: /root/dream_ws/install/kr600/share/kr600/launch/kr600.launch.py
[1.698s] -- Installing: /root/dream_ws/install/kr600/share/kr600/launch/kr600_1.launch.py
[1.699s] -- Installing: /root/dream_ws/install/kr600/share/kr600/meshes
[1.700s] -- Installing: /root/dream_ws/install/kr600/share/kr600/meshes/link6.stl
[1.705s] -- Installing: /root/dream_ws/install/kr600/share/kr600/meshes/base_link.stl
[1.711s] -- Installing: /root/dream_ws/install/kr600/share/kr600/meshes/link4.stl
[1.719s] -- Installing: /root/dream_ws/install/kr600/share/kr600/meshes/link5.stl
[1.723s] -- Installing: /root/dream_ws/install/kr600/share/kr600/meshes/link3.stl
[1.734s] -- Installing: /root/dream_ws/install/kr600/share/kr600/meshes/link2.stl
[1.744s] -- Installing: /root/dream_ws/install/kr600/share/kr600/meshes/link1.stl
[1.752s] -- Installing: /root/dream_ws/install/kr600/share/kr600/rviz
[1.752s] -- Installing: /root/dream_ws/install/kr600/share/kr600/rviz/config.rviz
[1.753s] -- Installing: /root/dream_ws/install/kr600/share/kr600/urdf
[1.753s] -- Installing: /root/dream_ws/install/kr600/share/kr600/urdf/model.urdf.xacro
[1.754s] -- Installing: /root/dream_ws/install/kr600/share/kr600/urdf/old_model.urdf.xacro
[1.754s] -- Installing: /root/dream_ws/install/kr600/share/ament_index/resource_index/package_run_dependencies/kr600
[1.754s] -- Installing: /root/dream_ws/install/kr600/share/ament_index/resource_index/parent_prefix_path/kr600
[1.755s] -- Installing: /root/dream_ws/install/kr600/share/kr600/environment/ament_prefix_path.sh
[1.755s] -- Installing: /root/dream_ws/install/kr600/share/kr600/environment/ament_prefix_path.dsv
[1.756s] -- Installing: /root/dream_ws/install/kr600/share/kr600/environment/path.sh
[1.756s] -- Installing: /root/dream_ws/install/kr600/share/kr600/environment/path.dsv
[1.756s] -- Installing: /root/dream_ws/install/kr600/share/kr600/local_setup.bash
[1.757s] -- Installing: /root/dream_ws/install/kr600/share/kr600/local_setup.sh
[1.757s] -- Installing: /root/dream_ws/install/kr600/share/kr600/local_setup.zsh
[1.757s] -- Installing: /root/dream_ws/install/kr600/share/kr600/local_setup.dsv
[1.758s] -- Installing: /root/dream_ws/install/kr600/share/kr600/package.dsv
[1.758s] -- Installing: /root/dream_ws/install/kr600/share/ament_index/resource_index/packages/kr600
[1.758s] -- Installing: /root/dream_ws/install/kr600/share/kr600/cmake/kr600Config.cmake
[1.758s] -- Installing: /root/dream_ws/install/kr600/share/kr600/cmake/kr600Config-version.cmake
[1.759s] -- Installing: /root/dream_ws/install/kr600/share/kr600/package.xml
[1.762s] Invoked command in '/root/dream_ws/build/kr600' returned '0': CMAKE_PREFIX_PATH=${CMAKE_PREFIX_PATH}:/opt/ros/humble /usr/bin/cmake --install /root/dream_ws/build/kr600
