[0.087s] Invoking command in '/root/dream_ws/build/ros2_control_demo_example_1': AMENT_PREFIX_PATH=/root/dream_ws/install/ros2_control_demo_testing:/root/dream_ws/install/ros2_control_demo_description:${AMENT_PREFIX_PATH} CMAKE_PREFIX_PATH=/root/dream_ws/install/ros2_control_demo_description:/root/dream_ws/install/kr600:/root/dev_ws/install/simple_bot_config:/root/dev_ws/install/movbot_config:/root/dev_ws/install/simple_bot:/root/dev_ws/install/moveit_demo:/root/dev_ws/install/cobot_simulation_config:/root/dev_ws/install/cobot_simulation:/root/dev_ws/install/basic_mobile_robot:/root/dev_ws/install/arm6axis:/opt/ros/humble PYTHONPATH=/root/dream_ws/install/ros2_control_demo_testing/lib/python3.10/site-packages:${PYTHONPATH} /usr/bin/cmake /root/dream_ws/src/ros2_control_demos/example_1 -DCMAKE_INSTALL_PREFIX=/root/dream_ws/install/ros2_control_demo_example_1
[0.237s] -- The CXX compiler identification is GNU 11.4.0
[0.252s] -- Detecting CXX compiler ABI info
[0.404s] -- Detecting CXX compiler ABI info - done
[0.433s] -- Check for working CXX compiler: /usr/bin/c++ - skipped
[0.434s] -- Detecting CXX compile features
[0.435s] -- Detecting CXX compile features - done
[0.449s] -- Found ament_cmake: 1.3.10 (/opt/ros/humble/share/ament_cmake/cmake)
[0.786s] -- Found Python3: /usr/bin/python3 (found version "3.10.12") found components: Interpreter 
[1.025s] -- Found hardware_interface: 2.42.0 (/opt/ros/humble/share/hardware_interface/cmake)
[1.151s] -- Found rosidl_generator_c: 3.1.5 (/opt/ros/humble/share/rosidl_generator_c/cmake)
[1.170s] -- Found rosidl_adapter: 3.1.5 (/opt/ros/humble/share/rosidl_adapter/cmake)
[1.196s] -- Found rosidl_generator_cpp: 3.1.5 (/opt/ros/humble/share/rosidl_generator_cpp/cmake)
[1.239s] -- Using all available rosidl_typesupport_c: rosidl_typesupport_fastrtps_c;rosidl_typesupport_introspection_c
[1.293s] -- Using all available rosidl_typesupport_cpp: rosidl_typesupport_fastrtps_cpp;rosidl_typesupport_introspection_cpp
[1.934s] -- Found rmw_implementation_cmake: 6.1.2 (/opt/ros/humble/share/rmw_implementation_cmake/cmake)
[1.944s] -- Found rmw_fastrtps_cpp: 6.2.7 (/opt/ros/humble/share/rmw_fastrtps_cpp/cmake)
[2.028s] -- Found TinyXML2 via Config file: TinyXML2_DIR-NOTFOUND
[2.127s] -- Found OpenSSL: /usr/lib/x86_64-linux-gnu/libcrypto.so (found version "3.0.2")  
[2.134s] -- Found TinyXML2 via Config file: TinyXML2_DIR-NOTFOUND
[2.167s] -- Found FastRTPS: /opt/ros/humble/include  
[2.176s] -- Found TinyXML2 via Config file: TinyXML2_DIR-NOTFOUND
[2.192s] -- Found TinyXML2 via Config file: TinyXML2_DIR-NOTFOUND
[2.215s] -- Using RMW implementation 'rmw_fastrtps_cpp' as default
[2.250s] -- Looking for C++ include pthread.h
[2.424s] -- Looking for C++ include pthread.h - found
[2.424s] -- Performing Test CMAKE_HAVE_LIBC_PTHREAD
[2.615s] -- Performing Test CMAKE_HAVE_LIBC_PTHREAD - Success
[2.618s] -- Found Threads: TRUE  
[2.805s] -- Found ament_cmake_pytest: 1.3.10 (/opt/ros/humble/share/ament_cmake_pytest/cmake)
[5.058s] -- Configuring done
