[0.038s] Invoking command in '/root/dream_ws/build/kr600': CMAKE_PREFIX_PATH=${CMAKE_PREFIX_PATH}:/opt/ros/humble /usr/bin/cmake /root/dream_ws/src/kr600 -DCMAKE_INSTALL_PREFIX=/root/dream_ws/install/kr600
[0.445s] -- The C compiler identification is GNU 11.4.0
[0.664s] -- The CXX compiler identification is GNU 11.4.0
[0.686s] -- Detecting C compiler ABI info
[0.805s] -- Detecting C compiler ABI info - done
[0.822s] -- Check for working C compiler: /usr/bin/cc - skipped
[0.823s] -- Detecting C compile features
[0.824s] -- Detecting C compile features - done
[0.834s] -- Detecting CXX compiler ABI info
[0.965s] -- Detecting CXX compiler ABI info - done
[0.982s] -- Check for working CXX compiler: /usr/bin/c++ - skipped
[0.983s] -- Detecting CXX compile features
[0.983s] -- Detecting CXX compile features - done
[1.013s] -- Found ament_cmake: 1.3.10 (/opt/ros/humble/share/ament_cmake/cmake)
[1.269s] -- Found Python3: /usr/bin/python3 (found version "3.10.12") found components: Interpreter 
[1.497s] -- Found ament_lint_auto: 0.12.11 (/opt/ros/humble/share/ament_lint_auto/cmake)
[1.670s] -- Added test 'flake8' to check Python code syntax and style conventions
[1.672s] -- Added test 'lint_cmake' to check CMake code style
[1.674s] -- Added test 'pep257' to check Python code against some of the docstring style conventions in PEP 257
[1.678s] -- Added test 'xmllint' to check XML markup files
[1.681s] -- Configuring done
[1.686s] -- Generating done
[1.688s] -- Build files have been written to: /root/dream_ws/build/kr600
[1.697s] Invoked command in '/root/dream_ws/build/kr600' returned '0': CMAKE_PREFIX_PATH=${CMAKE_PREFIX_PATH}:/opt/ros/humble /usr/bin/cmake /root/dream_ws/src/kr600 -DCMAKE_INSTALL_PREFIX=/root/dream_ws/install/kr600
[1.697s] Invoking command in '/root/dream_ws/build/kr600': CMAKE_PREFIX_PATH=${CMAKE_PREFIX_PATH}:/opt/ros/humble /usr/bin/cmake --build /root/dream_ws/build/kr600 -- -j12 -l12
[1.745s] Invoked command in '/root/dream_ws/build/kr600' returned '0': CMAKE_PREFIX_PATH=${CMAKE_PREFIX_PATH}:/opt/ros/humble /usr/bin/cmake --build /root/dream_ws/build/kr600 -- -j12 -l12
[1.787s] Invoking command in '/root/dream_ws/build/kr600': CMAKE_PREFIX_PATH=${CMAKE_PREFIX_PATH}:/opt/ros/humble /usr/bin/cmake --install /root/dream_ws/build/kr600
[1.796s] -- Install configuration: ""
[1.796s] -- Installing: /root/dream_ws/install/kr600/share/kr600/launch
[1.797s] -- Installing: /root/dream_ws/install/kr600/share/kr600/launch/kr600.launch.py
[1.797s] -- Installing: /root/dream_ws/install/kr600/share/kr600/launch/kr600_1.launch.py
[1.798s] -- Installing: /root/dream_ws/install/kr600/share/kr600/meshes
[1.798s] -- Installing: /root/dream_ws/install/kr600/share/kr600/meshes/link6.stl
[1.802s] -- Installing: /root/dream_ws/install/kr600/share/kr600/meshes/base_link.stl
[1.808s] -- Installing: /root/dream_ws/install/kr600/share/kr600/meshes/link4.stl
[1.815s] -- Installing: /root/dream_ws/install/kr600/share/kr600/meshes/link5.stl
[1.819s] -- Installing: /root/dream_ws/install/kr600/share/kr600/meshes/link3.stl
[1.828s] -- Installing: /root/dream_ws/install/kr600/share/kr600/meshes/link2.stl
[1.835s] -- Installing: /root/dream_ws/install/kr600/share/kr600/meshes/description.txt
[1.835s] -- Installing: /root/dream_ws/install/kr600/share/kr600/meshes/link1.stl
[1.842s] -- Installing: /root/dream_ws/install/kr600/share/kr600/rviz
[1.842s] -- Installing: /root/dream_ws/install/kr600/share/kr600/rviz/config.rviz
[1.843s] -- Installing: /root/dream_ws/install/kr600/share/kr600/urdf
[1.843s] -- Installing: /root/dream_ws/install/kr600/share/kr600/urdf/model.urdf.xacro
[1.843s] -- Installing: /root/dream_ws/install/kr600/share/ament_index/resource_index/package_run_dependencies/kr600
[1.844s] -- Installing: /root/dream_ws/install/kr600/share/ament_index/resource_index/parent_prefix_path/kr600
[1.844s] -- Installing: /root/dream_ws/install/kr600/share/kr600/environment/ament_prefix_path.sh
[1.844s] -- Installing: /root/dream_ws/install/kr600/share/kr600/environment/ament_prefix_path.dsv
[1.845s] -- Installing: /root/dream_ws/install/kr600/share/kr600/environment/path.sh
[1.845s] -- Installing: /root/dream_ws/install/kr600/share/kr600/environment/path.dsv
[1.845s] -- Installing: /root/dream_ws/install/kr600/share/kr600/local_setup.bash
[1.846s] -- Installing: /root/dream_ws/install/kr600/share/kr600/local_setup.sh
[1.846s] -- Installing: /root/dream_ws/install/kr600/share/kr600/local_setup.zsh
[1.847s] -- Installing: /root/dream_ws/install/kr600/share/kr600/local_setup.dsv
[1.847s] -- Installing: /root/dream_ws/install/kr600/share/kr600/package.dsv
[1.848s] -- Installing: /root/dream_ws/install/kr600/share/ament_index/resource_index/packages/kr600
[1.848s] -- Installing: /root/dream_ws/install/kr600/share/kr600/cmake/kr600Config.cmake
[1.849s] -- Installing: /root/dream_ws/install/kr600/share/kr600/cmake/kr600Config-version.cmake
[1.849s] -- Installing: /root/dream_ws/install/kr600/share/kr600/package.xml
[1.852s] Invoked command in '/root/dream_ws/build/kr600' returned '0': CMAKE_PREFIX_PATH=${CMAKE_PREFIX_PATH}:/opt/ros/humble /usr/bin/cmake --install /root/dream_ws/build/kr600
