[0.037s] Invoking command in '/root/dream_ws/build/kr600': CMAKE_PREFIX_PATH=${CMAKE_PREFIX_PATH}:/root/dream_ws/install/ros2_control_demo_testing:/opt/ros/humble /usr/bin/cmake /root/dream_ws/src/kr600 -DCMAKE_INSTALL_PREFIX=/root/dream_ws/install/kr600
[0.374s] -- The C compiler identification is GNU 11.4.0
[0.546s] -- The CXX compiler identification is GNU 11.4.0
[0.561s] -- Detecting C compiler ABI info
[0.662s] -- Detecting C compiler ABI info - done
[0.673s] -- Check for working C compiler: /usr/bin/cc - skipped
[0.674s] -- Detecting C compile features
[0.675s] -- Detecting C compile features - done
[0.681s] -- Detecting CXX compiler ABI info
[0.767s] -- Detecting CXX compiler ABI info - done
[0.778s] -- Check for working CXX compiler: /usr/bin/c++ - skipped
[0.779s] -- Detecting CXX compile features
[0.779s] -- Detecting CXX compile features - done
[0.805s] -- Found ament_cmake: 1.3.10 (/opt/ros/humble/share/ament_cmake/cmake)
[0.991s] -- Found Python3: /usr/bin/python3 (found version "3.10.12") found components: Interpreter 
[1.166s] -- Found ament_lint_auto: 0.12.11 (/opt/ros/humble/share/ament_lint_auto/cmake)
[1.296s] -- Added test 'flake8' to check Python code syntax and style conventions
[1.298s] -- Added test 'lint_cmake' to check CMake code style
[1.300s] -- Added test 'pep257' to check Python code against some of the docstring style conventions in PEP 257
[1.304s] -- Added test 'xmllint' to check XML markup files
[1.308s] -- Configuring done
[1.311s] -- Generating done
[1.313s] -- Build files have been written to: /root/dream_ws/build/kr600
[1.321s] Invoked command in '/root/dream_ws/build/kr600' returned '0': CMAKE_PREFIX_PATH=${CMAKE_PREFIX_PATH}:/root/dream_ws/install/ros2_control_demo_testing:/opt/ros/humble /usr/bin/cmake /root/dream_ws/src/kr600 -DCMAKE_INSTALL_PREFIX=/root/dream_ws/install/kr600
[1.324s] Invoking command in '/root/dream_ws/build/kr600': CMAKE_PREFIX_PATH=${CMAKE_PREFIX_PATH}:/root/dream_ws/install/ros2_control_demo_testing:/opt/ros/humble /usr/bin/cmake --build /root/dream_ws/build/kr600 -- -j12 -l12
[1.363s] Invoked command in '/root/dream_ws/build/kr600' returned '0': CMAKE_PREFIX_PATH=${CMAKE_PREFIX_PATH}:/root/dream_ws/install/ros2_control_demo_testing:/opt/ros/humble /usr/bin/cmake --build /root/dream_ws/build/kr600 -- -j12 -l12
[1.402s] Invoking command in '/root/dream_ws/build/kr600': CMAKE_PREFIX_PATH=${CMAKE_PREFIX_PATH}:/root/dream_ws/install/ros2_control_demo_testing:/opt/ros/humble /usr/bin/cmake --install /root/dream_ws/build/kr600
[1.409s] -- Install configuration: ""
[1.410s] -- Installing: /root/dream_ws/install/kr600/share/kr600/launch
[1.410s] -- Installing: /root/dream_ws/install/kr600/share/kr600/launch/kr600.launch.py
[1.410s] -- Installing: /root/dream_ws/install/kr600/share/kr600/launch/kr600_1.launch.py
[1.411s] -- Installing: /root/dream_ws/install/kr600/share/kr600/meshes
[1.411s] -- Installing: /root/dream_ws/install/kr600/share/kr600/meshes/link6.stl
[1.415s] -- Installing: /root/dream_ws/install/kr600/share/kr600/meshes/base_link.stl
[1.420s] -- Installing: /root/dream_ws/install/kr600/share/kr600/meshes/link4.stl
[1.425s] -- Installing: /root/dream_ws/install/kr600/share/kr600/meshes/link5.stl
[1.429s] -- Installing: /root/dream_ws/install/kr600/share/kr600/meshes/link3.stl
[1.436s] -- Installing: /root/dream_ws/install/kr600/share/kr600/meshes/link2.stl
[1.442s] -- Installing: /root/dream_ws/install/kr600/share/kr600/meshes/description.txt
[1.442s] -- Installing: /root/dream_ws/install/kr600/share/kr600/meshes/link1.stl
[1.447s] -- Installing: /root/dream_ws/install/kr600/share/kr600/rviz
[1.447s] -- Installing: /root/dream_ws/install/kr600/share/kr600/rviz/config.rviz
[1.448s] -- Installing: /root/dream_ws/install/kr600/share/kr600/urdf
[1.448s] -- Installing: /root/dream_ws/install/kr600/share/kr600/urdf/model.urdf.xacro
[1.449s] -- Installing: /root/dream_ws/install/kr600/share/ament_index/resource_index/package_run_dependencies/kr600
[1.449s] -- Installing: /root/dream_ws/install/kr600/share/ament_index/resource_index/parent_prefix_path/kr600
[1.450s] -- Installing: /root/dream_ws/install/kr600/share/kr600/environment/ament_prefix_path.sh
[1.450s] -- Installing: /root/dream_ws/install/kr600/share/kr600/environment/ament_prefix_path.dsv
[1.450s] -- Installing: /root/dream_ws/install/kr600/share/kr600/environment/path.sh
[1.450s] -- Installing: /root/dream_ws/install/kr600/share/kr600/environment/path.dsv
[1.451s] -- Installing: /root/dream_ws/install/kr600/share/kr600/local_setup.bash
[1.451s] -- Installing: /root/dream_ws/install/kr600/share/kr600/local_setup.sh
[1.451s] -- Installing: /root/dream_ws/install/kr600/share/kr600/local_setup.zsh
[1.451s] -- Installing: /root/dream_ws/install/kr600/share/kr600/local_setup.dsv
[1.451s] -- Installing: /root/dream_ws/install/kr600/share/kr600/package.dsv
[1.452s] -- Installing: /root/dream_ws/install/kr600/share/ament_index/resource_index/packages/kr600
[1.452s] -- Installing: /root/dream_ws/install/kr600/share/kr600/cmake/kr600Config.cmake
[1.452s] -- Installing: /root/dream_ws/install/kr600/share/kr600/cmake/kr600Config-version.cmake
[1.452s] -- Installing: /root/dream_ws/install/kr600/share/kr600/package.xml
[1.454s] Invoked command in '/root/dream_ws/build/kr600' returned '0': CMAKE_PREFIX_PATH=${CMAKE_PREFIX_PATH}:/root/dream_ws/install/ros2_control_demo_testing:/opt/ros/humble /usr/bin/cmake --install /root/dream_ws/build/kr600
