[0.064s] Invoking command in '/root/dream_ws/build/ros2_control_demo_example_3': AMENT_PREFIX_PATH=/root/dream_ws/install/ros2_control_demo_testing:/root/dream_ws/install/ros2_control_demo_description:${AMENT_PREFIX_PATH} CMAKE_PREFIX_PATH=/root/dream_ws/install/ros2_control_demo_description:/root/dream_ws/install/ros2_control_demo_example_7:/root/dream_ws/install/ros2_control_demo_example_2:/root/dream_ws/install/kr600:/root/dev_ws/install/simple_bot_config:/root/dev_ws/install/movbot_config:/root/dev_ws/install/simple_bot:/root/dev_ws/install/moveit_demo:/root/dev_ws/install/cobot_simulation_config:/root/dev_ws/install/cobot_simulation:/root/dev_ws/install/basic_mobile_robot:/root/dev_ws/install/arm6axis:/opt/ros/humble PYTHONPATH=/root/dream_ws/install/ros2_control_demo_testing/lib/python3.10/site-packages:${PYTHONPATH} /usr/bin/cmake /root/dream_ws/src/ros2_control_demos/example_3 -DCMAKE_INSTALL_PREFIX=/root/dream_ws/install/ros2_control_demo_example_3
[0.198s] -- The CXX compiler identification is GNU 11.4.0
[0.213s] -- Detecting CXX compiler ABI info
[0.399s] -- Detecting CXX compiler ABI info - done
[0.421s] -- Check for working CXX compiler: /usr/bin/c++ - skipped
[0.421s] -- Detecting CXX compile features
[0.422s] -- Detecting CXX compile features - done
[0.437s] -- Found ament_cmake: 1.3.10 (/opt/ros/humble/share/ament_cmake/cmake)
[0.778s] -- Found Python3: /usr/bin/python3 (found version "3.10.12") found components: Interpreter 
[1.050s] -- Found hardware_interface: 2.42.0 (/opt/ros/humble/share/hardware_interface/cmake)
[1.175s] -- Found rosidl_generator_c: 3.1.5 (/opt/ros/humble/share/rosidl_generator_c/cmake)
[1.194s] -- Found rosidl_adapter: 3.1.5 (/opt/ros/humble/share/rosidl_adapter/cmake)
[1.221s] -- Found rosidl_generator_cpp: 3.1.5 (/opt/ros/humble/share/rosidl_generator_cpp/cmake)
[1.268s] -- Using all available rosidl_typesupport_c: rosidl_typesupport_fastrtps_c;rosidl_typesupport_introspection_c
[1.319s] -- Using all available rosidl_typesupport_cpp: rosidl_typesupport_fastrtps_cpp;rosidl_typesupport_introspection_cpp
[1.971s] -- Found rmw_implementation_cmake: 6.1.2 (/opt/ros/humble/share/rmw_implementation_cmake/cmake)
[1.981s] -- Found rmw_fastrtps_cpp: 6.2.7 (/opt/ros/humble/share/rmw_fastrtps_cpp/cmake)
[2.062s] -- Found TinyXML2 via Config file: TinyXML2_DIR-NOTFOUND
[2.150s] -- Found OpenSSL: /usr/lib/x86_64-linux-gnu/libcrypto.so (found version "3.0.2")  
[2.157s] -- Found TinyXML2 via Config file: TinyXML2_DIR-NOTFOUND
[2.189s] -- Found FastRTPS: /opt/ros/humble/include  
[2.197s] -- Found TinyXML2 via Config file: TinyXML2_DIR-NOTFOUND
[2.213s] -- Found TinyXML2 via Config file: TinyXML2_DIR-NOTFOUND
[2.235s] -- Using RMW implementation 'rmw_fastrtps_cpp' as default
[2.265s] -- Looking for C++ include pthread.h
[2.423s] -- Looking for C++ include pthread.h - found
[2.424s] -- Performing Test CMAKE_HAVE_LIBC_PTHREAD
[2.600s] -- Performing Test CMAKE_HAVE_LIBC_PTHREAD - Success
[2.603s] -- Found Threads: TRUE  
[2.777s] -- Found ament_cmake_pytest: 1.3.10 (/opt/ros/humble/share/ament_cmake_pytest/cmake)
[4.918s] -- Configuring done
[5.057s] -- Generating done
[5.072s] -- Build files have been written to: /root/dream_ws/build/ros2_control_demo_example_3
[5.077s] Invoked command in '/root/dream_ws/build/ros2_control_demo_example_3' returned '0': AMENT_PREFIX_PATH=/root/dream_ws/install/ros2_control_demo_testing:/root/dream_ws/install/ros2_control_demo_description:${AMENT_PREFIX_PATH} CMAKE_PREFIX_PATH=/root/dream_ws/install/ros2_control_demo_description:/root/dream_ws/install/ros2_control_demo_example_7:/root/dream_ws/install/ros2_control_demo_example_2:/root/dream_ws/install/kr600:/root/dev_ws/install/simple_bot_config:/root/dev_ws/install/movbot_config:/root/dev_ws/install/simple_bot:/root/dev_ws/install/moveit_demo:/root/dev_ws/install/cobot_simulation_config:/root/dev_ws/install/cobot_simulation:/root/dev_ws/install/basic_mobile_robot:/root/dev_ws/install/arm6axis:/opt/ros/humble PYTHONPATH=/root/dream_ws/install/ros2_control_demo_testing/lib/python3.10/site-packages:${PYTHONPATH} /usr/bin/cmake /root/dream_ws/src/ros2_control_demos/example_3 -DCMAKE_INSTALL_PREFIX=/root/dream_ws/install/ros2_control_demo_example_3
[5.078s] Invoking command in '/root/dream_ws/build/ros2_control_demo_example_3': AMENT_PREFIX_PATH=/root/dream_ws/install/ros2_control_demo_testing:/root/dream_ws/install/ros2_control_demo_description:${AMENT_PREFIX_PATH} CMAKE_PREFIX_PATH=/root/dream_ws/install/ros2_control_demo_description:/root/dream_ws/install/ros2_control_demo_example_7:/root/dream_ws/install/ros2_control_demo_example_2:/root/dream_ws/install/kr600:/root/dev_ws/install/simple_bot_config:/root/dev_ws/install/movbot_config:/root/dev_ws/install/simple_bot:/root/dev_ws/install/moveit_demo:/root/dev_ws/install/cobot_simulation_config:/root/dev_ws/install/cobot_simulation:/root/dev_ws/install/basic_mobile_robot:/root/dev_ws/install/arm6axis:/opt/ros/humble PYTHONPATH=/root/dream_ws/install/ros2_control_demo_testing/lib/python3.10/site-packages:${PYTHONPATH} /usr/bin/cmake --build /root/dream_ws/build/ros2_control_demo_example_3 -- -j12 -l12
[5.195s] [ 50%] [32mBuilding CXX object CMakeFiles/ros2_control_demo_example_3.dir/hardware/rrbot_system_multi_interface.cpp.o[0m
[15.888s] [100%] [32m[1mLinking CXX shared library libros2_control_demo_example_3.so[0m
[16.430s] [100%] Built target ros2_control_demo_example_3
[16.485s] Invoked command in '/root/dream_ws/build/ros2_control_demo_example_3' returned '0': AMENT_PREFIX_PATH=/root/dream_ws/install/ros2_control_demo_testing:/root/dream_ws/install/ros2_control_demo_description:${AMENT_PREFIX_PATH} CMAKE_PREFIX_PATH=/root/dream_ws/install/ros2_control_demo_description:/root/dream_ws/install/ros2_control_demo_example_7:/root/dream_ws/install/ros2_control_demo_example_2:/root/dream_ws/install/kr600:/root/dev_ws/install/simple_bot_config:/root/dev_ws/install/movbot_config:/root/dev_ws/install/simple_bot:/root/dev_ws/install/moveit_demo:/root/dev_ws/install/cobot_simulation_config:/root/dev_ws/install/cobot_simulation:/root/dev_ws/install/basic_mobile_robot:/root/dev_ws/install/arm6axis:/opt/ros/humble PYTHONPATH=/root/dream_ws/install/ros2_control_demo_testing/lib/python3.10/site-packages:${PYTHONPATH} /usr/bin/cmake --build /root/dream_ws/build/ros2_control_demo_example_3 -- -j12 -l12
[16.634s] Invoking command in '/root/dream_ws/build/ros2_control_demo_example_3': AMENT_PREFIX_PATH=/root/dream_ws/install/ros2_control_demo_testing:/root/dream_ws/install/ros2_control_demo_description:${AMENT_PREFIX_PATH} CMAKE_PREFIX_PATH=/root/dream_ws/install/ros2_control_demo_description:/root/dream_ws/install/ros2_control_demo_example_7:/root/dream_ws/install/ros2_control_demo_example_2:/root/dream_ws/install/kr600:/root/dev_ws/install/simple_bot_config:/root/dev_ws/install/movbot_config:/root/dev_ws/install/simple_bot:/root/dev_ws/install/moveit_demo:/root/dev_ws/install/cobot_simulation_config:/root/dev_ws/install/cobot_simulation:/root/dev_ws/install/basic_mobile_robot:/root/dev_ws/install/arm6axis:/opt/ros/humble PYTHONPATH=/root/dream_ws/install/ros2_control_demo_testing/lib/python3.10/site-packages:${PYTHONPATH} /usr/bin/cmake --install /root/dream_ws/build/ros2_control_demo_example_3
[16.652s] -- Install configuration: ""
[16.652s] -- Installing: /root/dream_ws/install/ros2_control_demo_example_3/share/ros2_control_demo_example_3/ros2_control_demo_example_3.xml
[16.652s] -- Installing: /root/dream_ws/install/ros2_control_demo_example_3/include/ros2_control_demo_example_3
[16.653s] -- Installing: /root/dream_ws/install/ros2_control_demo_example_3/include/ros2_control_demo_example_3/ros2_control_demo_example_3
[16.653s] -- Installing: /root/dream_ws/install/ros2_control_demo_example_3/include/ros2_control_demo_example_3/ros2_control_demo_example_3/rrbot_system_multi_interface.hpp
[16.654s] -- Installing: /root/dream_ws/install/ros2_control_demo_example_3/share/ros2_control_demo_example_3/launch
[16.654s] -- Installing: /root/dream_ws/install/ros2_control_demo_example_3/share/ros2_control_demo_example_3/launch/view_robot.launch.py
[16.654s] -- Installing: /root/dream_ws/install/ros2_control_demo_example_3/share/ros2_control_demo_example_3/ros2_control
[16.654s] -- Installing: /root/dream_ws/install/ros2_control_demo_example_3/share/ros2_control_demo_example_3/ros2_control/rrbot_system_multi_interface.ros2_control.xacro
[16.654s] -- Installing: /root/dream_ws/install/ros2_control_demo_example_3/share/ros2_control_demo_example_3/urdf
[16.655s] -- Installing: /root/dream_ws/install/ros2_control_demo_example_3/share/ros2_control_demo_example_3/urdf/rrbot_system_multi_interface.urdf.xacro
[16.655s] -- Up-to-date: /root/dream_ws/install/ros2_control_demo_example_3/share/ros2_control_demo_example_3/launch
[16.656s] -- Installing: /root/dream_ws/install/ros2_control_demo_example_3/share/ros2_control_demo_example_3/launch/test_forward_position_controller.launch.py
[16.656s] -- Installing: /root/dream_ws/install/ros2_control_demo_example_3/share/ros2_control_demo_example_3/launch/rrbot_system_multi_interface.launch.py
[16.656s] -- Installing: /root/dream_ws/install/ros2_control_demo_example_3/share/ros2_control_demo_example_3/config
[16.656s] -- Installing: /root/dream_ws/install/ros2_control_demo_example_3/share/ros2_control_demo_example_3/config/rrbot_multi_interface_forward_controllers.yaml
[16.656s] -- Installing: /root/dream_ws/install/ros2_control_demo_example_3/share/ros2_control_demo_example_3/config/rrbot_forward_position_publisher.yaml
[16.656s] -- Installing: /root/dream_ws/install/ros2_control_demo_example_3/lib/libros2_control_demo_example_3.so
[16.656s] -- Set runtime path of "/root/dream_ws/install/ros2_control_demo_example_3/lib/libros2_control_demo_example_3.so" to ""
[16.656s] -- Installing: /root/dream_ws/install/ros2_control_demo_example_3/share/ros2_control_demo_example_3/environment/library_path.sh
[16.656s] -- Installing: /root/dream_ws/install/ros2_control_demo_example_3/share/ros2_control_demo_example_3/environment/library_path.dsv
[16.656s] -- Installing: /root/dream_ws/install/ros2_control_demo_example_3/share/ament_index/resource_index/package_run_dependencies/ros2_control_demo_example_3
[16.664s] -- Installing: /root/dream_ws/install/ros2_control_demo_example_3/share/ament_index/resource_index/parent_prefix_path/ros2_control_demo_example_3
[16.664s] -- Installing: /root/dream_ws/install/ros2_control_demo_example_3/share/ros2_control_demo_example_3/environment/ament_prefix_path.sh
[16.664s] -- Installing: /root/dream_ws/install/ros2_control_demo_example_3/share/ros2_control_demo_example_3/environment/ament_prefix_path.dsv
[16.664s] -- Installing: /root/dream_ws/install/ros2_control_demo_example_3/share/ros2_control_demo_example_3/environment/path.sh
[16.664s] -- Installing: /root/dream_ws/install/ros2_control_demo_example_3/share/ros2_control_demo_example_3/environment/path.dsv
[16.665s] -- Installing: /root/dream_ws/install/ros2_control_demo_example_3/share/ros2_control_demo_example_3/local_setup.bash
[16.665s] -- Installing: /root/dream_ws/install/ros2_control_demo_example_3/share/ros2_control_demo_example_3/local_setup.sh
[16.665s] -- Installing: /root/dream_ws/install/ros2_control_demo_example_3/share/ros2_control_demo_example_3/local_setup.zsh
[16.665s] -- Installing: /root/dream_ws/install/ros2_control_demo_example_3/share/ros2_control_demo_example_3/local_setup.dsv
[16.665s] -- Installing: /root/dream_ws/install/ros2_control_demo_example_3/share/ros2_control_demo_example_3/package.dsv
[16.665s] -- Installing: /root/dream_ws/install/ros2_control_demo_example_3/share/ament_index/resource_index/packages/ros2_control_demo_example_3
[16.666s] -- Installing: /root/dream_ws/install/ros2_control_demo_example_3/share/ament_index/resource_index/hardware_interface__pluginlib__plugin/ros2_control_demo_example_3
[16.666s] -- Installing: /root/dream_ws/install/ros2_control_demo_example_3/share/ros2_control_demo_example_3/cmake/export_ros2_control_demo_example_3Export.cmake
[16.666s] -- Installing: /root/dream_ws/install/ros2_control_demo_example_3/share/ros2_control_demo_example_3/cmake/export_ros2_control_demo_example_3Export-noconfig.cmake
[16.666s] -- Installing: /root/dream_ws/install/ros2_control_demo_example_3/share/ros2_control_demo_example_3/cmake/ament_cmake_export_targets-extras.cmake
[16.666s] -- Installing: /root/dream_ws/install/ros2_control_demo_example_3/share/ros2_control_demo_example_3/cmake/ament_cmake_export_dependencies-extras.cmake
[16.666s] -- Installing: /root/dream_ws/install/ros2_control_demo_example_3/share/ros2_control_demo_example_3/cmake/ros2_control_demo_example_3Config.cmake
[16.667s] -- Installing: /root/dream_ws/install/ros2_control_demo_example_3/share/ros2_control_demo_example_3/cmake/ros2_control_demo_example_3Config-version.cmake
[16.667s] -- Installing: /root/dream_ws/install/ros2_control_demo_example_3/share/ros2_control_demo_example_3/package.xml
[16.723s] Invoked command in '/root/dream_ws/build/ros2_control_demo_example_3' returned '0': AMENT_PREFIX_PATH=/root/dream_ws/install/ros2_control_demo_testing:/root/dream_ws/install/ros2_control_demo_description:${AMENT_PREFIX_PATH} CMAKE_PREFIX_PATH=/root/dream_ws/install/ros2_control_demo_description:/root/dream_ws/install/ros2_control_demo_example_7:/root/dream_ws/install/ros2_control_demo_example_2:/root/dream_ws/install/kr600:/root/dev_ws/install/simple_bot_config:/root/dev_ws/install/movbot_config:/root/dev_ws/install/simple_bot:/root/dev_ws/install/moveit_demo:/root/dev_ws/install/cobot_simulation_config:/root/dev_ws/install/cobot_simulation:/root/dev_ws/install/basic_mobile_robot:/root/dev_ws/install/arm6axis:/opt/ros/humble PYTHONPATH=/root/dream_ws/install/ros2_control_demo_testing/lib/python3.10/site-packages:${PYTHONPATH} /usr/bin/cmake --install /root/dream_ws/build/ros2_control_demo_example_3
