[0.082s] Invoking command in '/root/dream_ws/build/ros2_control_demo_example_7': AMENT_PREFIX_PATH=/root/dream_ws/install/ros2_control_demo_testing:/root/dream_ws/install/ros2_control_demo_description:${AMENT_PREFIX_PATH} CMAKE_PREFIX_PATH=/root/dream_ws/install/ros2_control_demo_description:/root/dream_ws/install/kr600:/root/dev_ws/install/simple_bot_config:/root/dev_ws/install/movbot_config:/root/dev_ws/install/simple_bot:/root/dev_ws/install/moveit_demo:/root/dev_ws/install/cobot_simulation_config:/root/dev_ws/install/cobot_simulation:/root/dev_ws/install/basic_mobile_robot:/root/dev_ws/install/arm6axis:/opt/ros/humble PYTHONPATH=/root/dream_ws/install/ros2_control_demo_testing/lib/python3.10/site-packages:${PYTHONPATH} /usr/bin/cmake /root/dream_ws/src/example_7 -DCMAKE_INSTALL_PREFIX=/root/dream_ws/install/ros2_control_demo_example_7
[5.051s] -- The CXX compiler identification is GNU 11.4.0
[5.051s] -- Detecting CXX compiler ABI info
[5.052s] -- Detecting CXX compiler ABI info - done
[5.052s] -- Check for working CXX compiler: /usr/bin/c++ - skipped
[5.052s] -- Detecting CXX compile features
[5.052s] -- Detecting CXX compile features - done
[5.052s] -- Found ament_cmake: 1.3.10 (/opt/ros/humble/share/ament_cmake/cmake)
[5.053s] -- Found Python3: /usr/bin/python3 (found version "3.10.12") found components: Interpreter 
[5.053s] -- Found pluginlib: 5.1.0 (/opt/ros/humble/share/pluginlib/cmake)
[5.053s] -- Found hardware_interface: 2.42.0 (/opt/ros/humble/share/hardware_interface/cmake)
[5.053s] -- Found rosidl_generator_c: 3.1.5 (/opt/ros/humble/share/rosidl_generator_c/cmake)
[5.053s] -- Found rosidl_adapter: 3.1.5 (/opt/ros/humble/share/rosidl_adapter/cmake)
[5.053s] -- Found rosidl_generator_cpp: 3.1.5 (/opt/ros/humble/share/rosidl_generator_cpp/cmake)
[5.054s] -- Using all available rosidl_typesupport_c: rosidl_typesupport_fastrtps_c;rosidl_typesupport_introspection_c
[5.054s] -- Using all available rosidl_typesupport_cpp: rosidl_typesupport_fastrtps_cpp;rosidl_typesupport_introspection_cpp
[5.054s] -- Found rmw_implementation_cmake: 6.1.2 (/opt/ros/humble/share/rmw_implementation_cmake/cmake)
[5.054s] -- Found rmw_fastrtps_cpp: 6.2.7 (/opt/ros/humble/share/rmw_fastrtps_cpp/cmake)
[5.054s] -- Found TinyXML2 via Config file: TinyXML2_DIR-NOTFOUND
[5.055s] -- Found OpenSSL: /usr/lib/x86_64-linux-gnu/libcrypto.so (found version "3.0.2")  
[5.055s] -- Found TinyXML2 via Config file: TinyXML2_DIR-NOTFOUND
[5.055s] -- Found FastRTPS: /opt/ros/humble/include  
[5.055s] -- Found TinyXML2 via Config file: TinyXML2_DIR-NOTFOUND
[5.055s] -- Found TinyXML2 via Config file: TinyXML2_DIR-NOTFOUND
[5.055s] -- Using RMW implementation 'rmw_fastrtps_cpp' as default
[5.056s] -- Looking for C++ include pthread.h
[5.056s] -- Looking for C++ include pthread.h - found
[5.056s] -- Performing Test CMAKE_HAVE_LIBC_PTHREAD
[5.056s] -- Performing Test CMAKE_HAVE_LIBC_PTHREAD - Success
[5.056s] -- Found Threads: TRUE  
[5.057s] -- Found kdl_parser: 2.6.4 (/opt/ros/humble/share/kdl_parser/cmake)
[5.057s] -- Found eigen3_cmake_module: 0.1.1 (/opt/ros/humble/share/eigen3_cmake_module/cmake)
[5.057s] -- Found Eigen3: TRUE (found version "3.4.0") 
[5.057s] -- Ensuring Eigen3 include directory is part of orocos-kdl CMake target
[5.057s] -- Found controller_interface: 2.42.0 (/opt/ros/humble/share/controller_interface/cmake)
[5.058s] -- Found realtime_tools: 2.5.0 (/opt/ros/humble/share/realtime_tools/cmake)
[5.058s] -- Found ament_cmake_pytest: 1.3.10 (/opt/ros/humble/share/ament_cmake_pytest/cmake)
