[0.068s] Invoking command in '/root/dream_ws/build/ros2_control_demo_example_2': AMENT_PREFIX_PATH=/root/dream_ws/install/ros2_control_demo_testing:/root/dream_ws/install/ros2_control_demo_description:${AMENT_PREFIX_PATH} CMAKE_PREFIX_PATH=/root/dream_ws/install/ros2_control_demo_description:/root/dream_ws/install/kr600:/root/dev_ws/install/simple_bot_config:/root/dev_ws/install/movbot_config:/root/dev_ws/install/simple_bot:/root/dev_ws/install/moveit_demo:/root/dev_ws/install/cobot_simulation_config:/root/dev_ws/install/cobot_simulation:/root/dev_ws/install/basic_mobile_robot:/root/dev_ws/install/arm6axis:/opt/ros/humble PYTHONPATH=/root/dream_ws/install/ros2_control_demo_testing/lib/python3.10/site-packages:${PYTHONPATH} /usr/bin/cmake /root/dream_ws/src/ros2_control_demos/example_2 -DCMAKE_INSTALL_PREFIX=/root/dream_ws/install/ros2_control_demo_example_2
[0.109s] -- Found ament_cmake: 1.3.10 (/opt/ros/humble/share/ament_cmake/cmake)
[0.416s] -- Found Python3: /usr/bin/python3 (found version "3.10.12") found components: Interpreter 
[0.664s] -- Found hardware_interface: 2.42.0 (/opt/ros/humble/share/hardware_interface/cmake)
[0.862s] -- Found rosidl_generator_c: 3.1.5 (/opt/ros/humble/share/rosidl_generator_c/cmake)
[0.891s] -- Found rosidl_adapter: 3.1.5 (/opt/ros/humble/share/rosidl_adapter/cmake)
[0.930s] -- Found rosidl_generator_cpp: 3.1.5 (/opt/ros/humble/share/rosidl_generator_cpp/cmake)
[0.992s] -- Using all available rosidl_typesupport_c: rosidl_typesupport_fastrtps_c;rosidl_typesupport_introspection_c
[1.059s] -- Using all available rosidl_typesupport_cpp: rosidl_typesupport_fastrtps_cpp;rosidl_typesupport_introspection_cpp
[1.825s] -- Found rmw_implementation_cmake: 6.1.2 (/opt/ros/humble/share/rmw_implementation_cmake/cmake)
[1.834s] -- Found rmw_fastrtps_cpp: 6.2.7 (/opt/ros/humble/share/rmw_fastrtps_cpp/cmake)
[1.947s] -- Found TinyXML2 via Config file: TinyXML2_DIR-NOTFOUND
[2.052s] -- Found OpenSSL: /usr/lib/x86_64-linux-gnu/libcrypto.so (found version "3.0.2")  
[2.060s] -- Found TinyXML2 via Config file: TinyXML2_DIR-NOTFOUND
[2.092s] -- Found FastRTPS: /opt/ros/humble/include  
[2.101s] -- Found TinyXML2 via Config file: TinyXML2_DIR-NOTFOUND
[2.118s] -- Found TinyXML2 via Config file: TinyXML2_DIR-NOTFOUND
[2.140s] -- Using RMW implementation 'rmw_fastrtps_cpp' as default
[2.185s] -- Looking for C++ include pthread.h
[2.508s] -- Looking for C++ include pthread.h - found
[2.508s] -- Performing Test CMAKE_HAVE_LIBC_PTHREAD
[2.702s] -- Performing Test CMAKE_HAVE_LIBC_PTHREAD - Success
[2.705s] -- Found Threads: TRUE  
[2.898s] -- Found ament_cmake_pytest: 1.3.10 (/opt/ros/humble/share/ament_cmake_pytest/cmake)
[5.312s] -- Configuring done
[5.464s] -- Generating done
[5.469s] -- Build files have been written to: /root/dream_ws/build/ros2_control_demo_example_2
[5.536s] Invoked command in '/root/dream_ws/build/ros2_control_demo_example_2' returned '0': AMENT_PREFIX_PATH=/root/dream_ws/install/ros2_control_demo_testing:/root/dream_ws/install/ros2_control_demo_description:${AMENT_PREFIX_PATH} CMAKE_PREFIX_PATH=/root/dream_ws/install/ros2_control_demo_description:/root/dream_ws/install/kr600:/root/dev_ws/install/simple_bot_config:/root/dev_ws/install/movbot_config:/root/dev_ws/install/simple_bot:/root/dev_ws/install/moveit_demo:/root/dev_ws/install/cobot_simulation_config:/root/dev_ws/install/cobot_simulation:/root/dev_ws/install/basic_mobile_robot:/root/dev_ws/install/arm6axis:/opt/ros/humble PYTHONPATH=/root/dream_ws/install/ros2_control_demo_testing/lib/python3.10/site-packages:${PYTHONPATH} /usr/bin/cmake /root/dream_ws/src/ros2_control_demos/example_2 -DCMAKE_INSTALL_PREFIX=/root/dream_ws/install/ros2_control_demo_example_2
[5.540s] Invoking command in '/root/dream_ws/build/ros2_control_demo_example_2': AMENT_PREFIX_PATH=/root/dream_ws/install/ros2_control_demo_testing:/root/dream_ws/install/ros2_control_demo_description:${AMENT_PREFIX_PATH} CMAKE_PREFIX_PATH=/root/dream_ws/install/ros2_control_demo_description:/root/dream_ws/install/kr600:/root/dev_ws/install/simple_bot_config:/root/dev_ws/install/movbot_config:/root/dev_ws/install/simple_bot:/root/dev_ws/install/moveit_demo:/root/dev_ws/install/cobot_simulation_config:/root/dev_ws/install/cobot_simulation:/root/dev_ws/install/basic_mobile_robot:/root/dev_ws/install/arm6axis:/opt/ros/humble PYTHONPATH=/root/dream_ws/install/ros2_control_demo_testing/lib/python3.10/site-packages:${PYTHONPATH} /usr/bin/cmake --build /root/dream_ws/build/ros2_control_demo_example_2 -- -j12 -l12
[5.636s] [ 50%] [32mBuilding CXX object CMakeFiles/ros2_control_demo_example_2.dir/hardware/diffbot_system.cpp.o[0m
[17.763s] [100%] [32m[1mLinking CXX shared library libros2_control_demo_example_2.so[0m
[18.111s] [100%] Built target ros2_control_demo_example_2
[18.128s] Invoked command in '/root/dream_ws/build/ros2_control_demo_example_2' returned '0': AMENT_PREFIX_PATH=/root/dream_ws/install/ros2_control_demo_testing:/root/dream_ws/install/ros2_control_demo_description:${AMENT_PREFIX_PATH} CMAKE_PREFIX_PATH=/root/dream_ws/install/ros2_control_demo_description:/root/dream_ws/install/kr600:/root/dev_ws/install/simple_bot_config:/root/dev_ws/install/movbot_config:/root/dev_ws/install/simple_bot:/root/dev_ws/install/moveit_demo:/root/dev_ws/install/cobot_simulation_config:/root/dev_ws/install/cobot_simulation:/root/dev_ws/install/basic_mobile_robot:/root/dev_ws/install/arm6axis:/opt/ros/humble PYTHONPATH=/root/dream_ws/install/ros2_control_demo_testing/lib/python3.10/site-packages:${PYTHONPATH} /usr/bin/cmake --build /root/dream_ws/build/ros2_control_demo_example_2 -- -j12 -l12
[18.161s] Invoking command in '/root/dream_ws/build/ros2_control_demo_example_2': AMENT_PREFIX_PATH=/root/dream_ws/install/ros2_control_demo_testing:/root/dream_ws/install/ros2_control_demo_description:${AMENT_PREFIX_PATH} CMAKE_PREFIX_PATH=/root/dream_ws/install/ros2_control_demo_description:/root/dream_ws/install/kr600:/root/dev_ws/install/simple_bot_config:/root/dev_ws/install/movbot_config:/root/dev_ws/install/simple_bot:/root/dev_ws/install/moveit_demo:/root/dev_ws/install/cobot_simulation_config:/root/dev_ws/install/cobot_simulation:/root/dev_ws/install/basic_mobile_robot:/root/dev_ws/install/arm6axis:/opt/ros/humble PYTHONPATH=/root/dream_ws/install/ros2_control_demo_testing/lib/python3.10/site-packages:${PYTHONPATH} /usr/bin/cmake --install /root/dream_ws/build/ros2_control_demo_example_2
[18.169s] -- Install configuration: ""
[18.169s] -- Installing: /root/dream_ws/install/ros2_control_demo_example_2/share/ros2_control_demo_example_2/ros2_control_demo_example_2.xml
[18.170s] -- Installing: /root/dream_ws/install/ros2_control_demo_example_2/include/ros2_control_demo_example_2
[18.170s] -- Installing: /root/dream_ws/install/ros2_control_demo_example_2/include/ros2_control_demo_example_2/ros2_control_demo_example_2
[18.170s] -- Installing: /root/dream_ws/install/ros2_control_demo_example_2/include/ros2_control_demo_example_2/ros2_control_demo_example_2/diffbot_system.hpp
[18.171s] -- Installing: /root/dream_ws/install/ros2_control_demo_example_2/share/ros2_control_demo_example_2/launch
[18.171s] -- Installing: /root/dream_ws/install/ros2_control_demo_example_2/share/ros2_control_demo_example_2/launch/view_robot.launch.py
[18.172s] -- Installing: /root/dream_ws/install/ros2_control_demo_example_2/share/ros2_control_demo_example_2/ros2_control
[18.172s] -- Installing: /root/dream_ws/install/ros2_control_demo_example_2/share/ros2_control_demo_example_2/ros2_control/diffbot.ros2_control.xacro
[18.172s] -- Installing: /root/dream_ws/install/ros2_control_demo_example_2/share/ros2_control_demo_example_2/urdf
[18.172s] -- Installing: /root/dream_ws/install/ros2_control_demo_example_2/share/ros2_control_demo_example_2/urdf/diffbot.urdf.xacro
[18.173s] -- Up-to-date: /root/dream_ws/install/ros2_control_demo_example_2/share/ros2_control_demo_example_2/launch
[18.173s] -- Installing: /root/dream_ws/install/ros2_control_demo_example_2/share/ros2_control_demo_example_2/launch/diffbot.launch.py
[18.173s] -- Installing: /root/dream_ws/install/ros2_control_demo_example_2/share/ros2_control_demo_example_2/config
[18.174s] -- Installing: /root/dream_ws/install/ros2_control_demo_example_2/share/ros2_control_demo_example_2/config/diffbot_controllers.yaml
[18.174s] -- Installing: /root/dream_ws/install/ros2_control_demo_example_2/lib/libros2_control_demo_example_2.so
[18.175s] -- Set runtime path of "/root/dream_ws/install/ros2_control_demo_example_2/lib/libros2_control_demo_example_2.so" to ""
[18.175s] -- Installing: /root/dream_ws/install/ros2_control_demo_example_2/share/ros2_control_demo_example_2/environment/library_path.sh
[18.175s] -- Installing: /root/dream_ws/install/ros2_control_demo_example_2/share/ros2_control_demo_example_2/environment/library_path.dsv
[18.175s] -- Installing: /root/dream_ws/install/ros2_control_demo_example_2/share/ament_index/resource_index/package_run_dependencies/ros2_control_demo_example_2
[18.176s] -- Installing: /root/dream_ws/install/ros2_control_demo_example_2/share/ament_index/resource_index/parent_prefix_path/ros2_control_demo_example_2
[18.176s] -- Installing: /root/dream_ws/install/ros2_control_demo_example_2/share/ros2_control_demo_example_2/environment/ament_prefix_path.sh
[18.176s] -- Installing: /root/dream_ws/install/ros2_control_demo_example_2/share/ros2_control_demo_example_2/environment/ament_prefix_path.dsv
[18.177s] -- Installing: /root/dream_ws/install/ros2_control_demo_example_2/share/ros2_control_demo_example_2/environment/path.sh
[18.177s] -- Installing: /root/dream_ws/install/ros2_control_demo_example_2/share/ros2_control_demo_example_2/environment/path.dsv
[18.177s] -- Installing: /root/dream_ws/install/ros2_control_demo_example_2/share/ros2_control_demo_example_2/local_setup.bash
[18.178s] -- Installing: /root/dream_ws/install/ros2_control_demo_example_2/share/ros2_control_demo_example_2/local_setup.sh
[18.178s] -- Installing: /root/dream_ws/install/ros2_control_demo_example_2/share/ros2_control_demo_example_2/local_setup.zsh
[18.178s] -- Installing: /root/dream_ws/install/ros2_control_demo_example_2/share/ros2_control_demo_example_2/local_setup.dsv
[18.178s] -- Installing: /root/dream_ws/install/ros2_control_demo_example_2/share/ros2_control_demo_example_2/package.dsv
[18.179s] -- Installing: /root/dream_ws/install/ros2_control_demo_example_2/share/ament_index/resource_index/packages/ros2_control_demo_example_2
[18.179s] -- Installing: /root/dream_ws/install/ros2_control_demo_example_2/share/ament_index/resource_index/hardware_interface__pluginlib__plugin/ros2_control_demo_example_2
[18.179s] -- Installing: /root/dream_ws/install/ros2_control_demo_example_2/share/ros2_control_demo_example_2/cmake/export_ros2_control_demo_example_2Export.cmake
[18.180s] -- Installing: /root/dream_ws/install/ros2_control_demo_example_2/share/ros2_control_demo_example_2/cmake/export_ros2_control_demo_example_2Export-noconfig.cmake
[18.180s] -- Installing: /root/dream_ws/install/ros2_control_demo_example_2/share/ros2_control_demo_example_2/cmake/ament_cmake_export_targets-extras.cmake
[18.180s] -- Installing: /root/dream_ws/install/ros2_control_demo_example_2/share/ros2_control_demo_example_2/cmake/ament_cmake_export_dependencies-extras.cmake
[18.180s] -- Installing: /root/dream_ws/install/ros2_control_demo_example_2/share/ros2_control_demo_example_2/cmake/ros2_control_demo_example_2Config.cmake
[18.180s] -- Installing: /root/dream_ws/install/ros2_control_demo_example_2/share/ros2_control_demo_example_2/cmake/ros2_control_demo_example_2Config-version.cmake
[18.181s] -- Installing: /root/dream_ws/install/ros2_control_demo_example_2/share/ros2_control_demo_example_2/package.xml
[18.182s] Invoked command in '/root/dream_ws/build/ros2_control_demo_example_2' returned '0': AMENT_PREFIX_PATH=/root/dream_ws/install/ros2_control_demo_testing:/root/dream_ws/install/ros2_control_demo_description:${AMENT_PREFIX_PATH} CMAKE_PREFIX_PATH=/root/dream_ws/install/ros2_control_demo_description:/root/dream_ws/install/kr600:/root/dev_ws/install/simple_bot_config:/root/dev_ws/install/movbot_config:/root/dev_ws/install/simple_bot:/root/dev_ws/install/moveit_demo:/root/dev_ws/install/cobot_simulation_config:/root/dev_ws/install/cobot_simulation:/root/dev_ws/install/basic_mobile_robot:/root/dev_ws/install/arm6axis:/opt/ros/humble PYTHONPATH=/root/dream_ws/install/ros2_control_demo_testing/lib/python3.10/site-packages:${PYTHONPATH} /usr/bin/cmake --install /root/dream_ws/build/ros2_control_demo_example_2
