[0.154s] DEBUG:colcon:Command line arguments: ['/usr/bin/colcon', 'build', '--packages-select', 'kr600', 'kr600_gazebo']
[0.154s] DEBUG:colcon:Parsed command line arguments: Namespace(log_base=None, log_level=None, verb_name='build', build_base='build', install_base='install', merge_install=False, symlink_install=False, test_result_base=None, continue_on_error=False, executor='parallel', parallel_workers=12, event_handlers=None, ignore_user_meta=False, metas=['./colcon.meta'], base_paths=['.'], packages_ignore=None, packages_ignore_regex=None, paths=None, packages_up_to=None, packages_up_to_regex=None, packages_above=None, packages_above_and_dependencies=None, packages_above_depth=None, packages_select_by_dep=None, packages_skip_by_dep=None, packages_skip_up_to=None, packages_select_build_failed=False, packages_skip_build_finished=False, packages_select_test_failures=False, packages_skip_test_passed=False, packages_select=['kr600', 'kr600_gazebo'], packages_skip=None, packages_select_regex=None, packages_skip_regex=None, packages_start=None, packages_end=None, cmake_args=None, cmake_target=None, cmake_target_skip_unavailable=False, cmake_clean_cache=False, cmake_clean_first=False, cmake_force_configure=False, ament_cmake_args=None, catkin_cmake_args=None, catkin_skip_building_tests=False, mixin_files=None, mixin=None, verb_parser=<colcon_mixin.mixin.mixin_argument.MixinArgumentDecorator object at 0x7fae8a2388e0>, verb_extension=<colcon_core.verb.build.BuildVerb object at 0x7fae8a348fd0>, main=<bound method BuildVerb.main of <colcon_core.verb.build.BuildVerb object at 0x7fae8a348fd0>>, mixin_verb=('build',))
[0.331s] Level 1:colcon.colcon_core.package_discovery:discover_packages(colcon_meta) check parameters
[0.332s] INFO:colcon.colcon_metadata.package_discovery.colcon_meta:Using configuration from '/root/.colcon/metadata/default/Gazebo.meta'
[0.333s] INFO:colcon.colcon_metadata.package_discovery.colcon_meta:Using configuration from '/root/.colcon/metadata/default/fastrtps.meta'
[0.333s] Level 1:colcon.colcon_core.package_discovery:discover_packages(recursive) check parameters
[0.333s] Level 1:colcon.colcon_core.package_discovery:discover_packages(ignore) check parameters
[0.333s] Level 1:colcon.colcon_core.package_discovery:discover_packages(path) check parameters
[0.333s] Level 1:colcon.colcon_core.package_discovery:discover_packages(colcon_meta) discover
[0.333s] Level 1:colcon.colcon_core.package_discovery:discover_packages(recursive) discover
[0.333s] INFO:colcon.colcon_core.package_discovery:Crawling recursively for packages in '/root/dream_ws'
[0.333s] Level 1:colcon.colcon_core.package_identification:_identify(.) by extensions ['ignore', 'ignore_ament_install']
[0.333s] Level 1:colcon.colcon_core.package_identification:_identify(.) by extension 'ignore'
[0.333s] Level 1:colcon.colcon_core.package_identification:_identify(.) by extension 'ignore_ament_install'
[0.333s] Level 1:colcon.colcon_core.package_identification:_identify(.) by extensions ['colcon_pkg']
[0.333s] Level 1:colcon.colcon_core.package_identification:_identify(.) by extension 'colcon_pkg'
[0.333s] Level 1:colcon.colcon_core.package_identification:_identify(.) by extensions ['colcon_meta']
[0.333s] Level 1:colcon.colcon_core.package_identification:_identify(.) by extension 'colcon_meta'
[0.333s] Level 1:colcon.colcon_core.package_identification:_identify(.) by extensions ['ros']
[0.333s] Level 1:colcon.colcon_core.package_identification:_identify(.) by extension 'ros'
[0.348s] Level 1:colcon.colcon_core.package_identification:_identify(.) by extensions ['cmake', 'python']
[0.348s] Level 1:colcon.colcon_core.package_identification:_identify(.) by extension 'cmake'
[0.348s] Level 1:colcon.colcon_core.package_identification:_identify(.) by extension 'python'
[0.348s] Level 1:colcon.colcon_core.package_identification:_identify(.) by extensions ['python_setup_py']
[0.348s] Level 1:colcon.colcon_core.package_identification:_identify(.) by extension 'python_setup_py'
[0.348s] Level 1:colcon.colcon_core.package_identification:_identify(build) by extensions ['ignore', 'ignore_ament_install']
[0.348s] Level 1:colcon.colcon_core.package_identification:_identify(build) by extension 'ignore'
[0.348s] Level 1:colcon.colcon_core.package_identification:_identify(build) ignored
[0.349s] Level 1:colcon.colcon_core.package_identification:_identify(install) by extensions ['ignore', 'ignore_ament_install']
[0.349s] Level 1:colcon.colcon_core.package_identification:_identify(install) by extension 'ignore'
[0.349s] Level 1:colcon.colcon_core.package_identification:_identify(install) ignored
[0.349s] Level 1:colcon.colcon_core.package_identification:_identify(log) by extensions ['ignore', 'ignore_ament_install']
[0.349s] Level 1:colcon.colcon_core.package_identification:_identify(log) by extension 'ignore'
[0.349s] Level 1:colcon.colcon_core.package_identification:_identify(log) ignored
[0.349s] Level 1:colcon.colcon_core.package_identification:_identify(src) by extensions ['ignore', 'ignore_ament_install']
[0.349s] Level 1:colcon.colcon_core.package_identification:_identify(src) by extension 'ignore'
[0.349s] Level 1:colcon.colcon_core.package_identification:_identify(src) by extension 'ignore_ament_install'
[0.349s] Level 1:colcon.colcon_core.package_identification:_identify(src) by extensions ['colcon_pkg']
[0.349s] Level 1:colcon.colcon_core.package_identification:_identify(src) by extension 'colcon_pkg'
[0.350s] Level 1:colcon.colcon_core.package_identification:_identify(src) by extensions ['colcon_meta']
[0.350s] Level 1:colcon.colcon_core.package_identification:_identify(src) by extension 'colcon_meta'
[0.350s] Level 1:colcon.colcon_core.package_identification:_identify(src) by extensions ['ros']
[0.350s] Level 1:colcon.colcon_core.package_identification:_identify(src) by extension 'ros'
[0.350s] Level 1:colcon.colcon_core.package_identification:_identify(src) by extensions ['cmake', 'python']
[0.350s] Level 1:colcon.colcon_core.package_identification:_identify(src) by extension 'cmake'
[0.350s] Level 1:colcon.colcon_core.package_identification:_identify(src) by extension 'python'
[0.350s] Level 1:colcon.colcon_core.package_identification:_identify(src) by extensions ['python_setup_py']
[0.350s] Level 1:colcon.colcon_core.package_identification:_identify(src) by extension 'python_setup_py'
[0.350s] Level 1:colcon.colcon_core.package_identification:_identify(src/kr600) by extensions ['ignore', 'ignore_ament_install']
[0.350s] Level 1:colcon.colcon_core.package_identification:_identify(src/kr600) by extension 'ignore'
[0.350s] Level 1:colcon.colcon_core.package_identification:_identify(src/kr600) by extension 'ignore_ament_install'
[0.350s] Level 1:colcon.colcon_core.package_identification:_identify(src/kr600) by extensions ['colcon_pkg']
[0.350s] Level 1:colcon.colcon_core.package_identification:_identify(src/kr600) by extension 'colcon_pkg'
[0.350s] Level 1:colcon.colcon_core.package_identification:_identify(src/kr600) by extensions ['colcon_meta']
[0.350s] Level 1:colcon.colcon_core.package_identification:_identify(src/kr600) by extension 'colcon_meta'
[0.350s] Level 1:colcon.colcon_core.package_identification:_identify(src/kr600) by extensions ['ros']
[0.350s] Level 1:colcon.colcon_core.package_identification:_identify(src/kr600) by extension 'ros'
[0.353s] DEBUG:colcon.colcon_core.package_identification:Package 'src/kr600' with type 'ros.ament_cmake' and name 'kr600'
[0.353s] Level 1:colcon.colcon_core.package_identification:_identify(src/kr600_gazebo) by extensions ['ignore', 'ignore_ament_install']
[0.353s] Level 1:colcon.colcon_core.package_identification:_identify(src/kr600_gazebo) by extension 'ignore'
[0.353s] Level 1:colcon.colcon_core.package_identification:_identify(src/kr600_gazebo) by extension 'ignore_ament_install'
[0.353s] Level 1:colcon.colcon_core.package_identification:_identify(src/kr600_gazebo) by extensions ['colcon_pkg']
[0.354s] Level 1:colcon.colcon_core.package_identification:_identify(src/kr600_gazebo) by extension 'colcon_pkg'
[0.354s] Level 1:colcon.colcon_core.package_identification:_identify(src/kr600_gazebo) by extensions ['colcon_meta']
[0.354s] Level 1:colcon.colcon_core.package_identification:_identify(src/kr600_gazebo) by extension 'colcon_meta'
[0.354s] Level 1:colcon.colcon_core.package_identification:_identify(src/kr600_gazebo) by extensions ['ros']
[0.354s] Level 1:colcon.colcon_core.package_identification:_identify(src/kr600_gazebo) by extension 'ros'
[0.355s] DEBUG:colcon.colcon_core.package_identification:Package 'src/kr600_gazebo' with type 'ros.ament_cmake' and name 'kr600_gazebo'
[0.355s] Level 1:colcon.colcon_core.package_discovery:discover_packages(recursive) using defaults
[0.355s] Level 1:colcon.colcon_core.package_discovery:discover_packages(ignore) discover
[0.355s] Level 1:colcon.colcon_core.package_discovery:discover_packages(ignore) using defaults
[0.355s] Level 1:colcon.colcon_core.package_discovery:discover_packages(path) discover
[0.355s] Level 1:colcon.colcon_core.package_discovery:discover_packages(path) using defaults
[0.378s] Level 5:colcon.colcon_core.verb:set package 'kr600' build argument 'cmake_args' from command line to 'None'
[0.378s] Level 5:colcon.colcon_core.verb:set package 'kr600' build argument 'cmake_target' from command line to 'None'
[0.378s] Level 5:colcon.colcon_core.verb:set package 'kr600' build argument 'cmake_target_skip_unavailable' from command line to 'False'
[0.378s] Level 5:colcon.colcon_core.verb:set package 'kr600' build argument 'cmake_clean_cache' from command line to 'False'
[0.378s] Level 5:colcon.colcon_core.verb:set package 'kr600' build argument 'cmake_clean_first' from command line to 'False'
[0.378s] Level 5:colcon.colcon_core.verb:set package 'kr600' build argument 'cmake_force_configure' from command line to 'False'
[0.378s] Level 5:colcon.colcon_core.verb:set package 'kr600' build argument 'ament_cmake_args' from command line to 'None'
[0.378s] Level 5:colcon.colcon_core.verb:set package 'kr600' build argument 'catkin_cmake_args' from command line to 'None'
[0.378s] Level 5:colcon.colcon_core.verb:set package 'kr600' build argument 'catkin_skip_building_tests' from command line to 'False'
[0.378s] DEBUG:colcon.colcon_core.verb:Building package 'kr600' with the following arguments: {'ament_cmake_args': None, 'build_base': '/root/dream_ws/build/kr600', 'catkin_cmake_args': None, 'catkin_skip_building_tests': False, 'cmake_args': None, 'cmake_clean_cache': False, 'cmake_clean_first': False, 'cmake_force_configure': False, 'cmake_target': None, 'cmake_target_skip_unavailable': False, 'install_base': '/root/dream_ws/install/kr600', 'merge_install': False, 'path': '/root/dream_ws/src/kr600', 'symlink_install': False, 'test_result_base': None}
[0.379s] Level 5:colcon.colcon_core.verb:set package 'kr600_gazebo' build argument 'cmake_args' from command line to 'None'
[0.379s] Level 5:colcon.colcon_core.verb:set package 'kr600_gazebo' build argument 'cmake_target' from command line to 'None'
[0.379s] Level 5:colcon.colcon_core.verb:set package 'kr600_gazebo' build argument 'cmake_target_skip_unavailable' from command line to 'False'
[0.379s] Level 5:colcon.colcon_core.verb:set package 'kr600_gazebo' build argument 'cmake_clean_cache' from command line to 'False'
[0.379s] Level 5:colcon.colcon_core.verb:set package 'kr600_gazebo' build argument 'cmake_clean_first' from command line to 'False'
[0.379s] Level 5:colcon.colcon_core.verb:set package 'kr600_gazebo' build argument 'cmake_force_configure' from command line to 'False'
[0.379s] Level 5:colcon.colcon_core.verb:set package 'kr600_gazebo' build argument 'ament_cmake_args' from command line to 'None'
[0.379s] Level 5:colcon.colcon_core.verb:set package 'kr600_gazebo' build argument 'catkin_cmake_args' from command line to 'None'
[0.379s] Level 5:colcon.colcon_core.verb:set package 'kr600_gazebo' build argument 'catkin_skip_building_tests' from command line to 'False'
[0.379s] DEBUG:colcon.colcon_core.verb:Building package 'kr600_gazebo' with the following arguments: {'ament_cmake_args': None, 'build_base': '/root/dream_ws/build/kr600_gazebo', 'catkin_cmake_args': None, 'catkin_skip_building_tests': False, 'cmake_args': None, 'cmake_clean_cache': False, 'cmake_clean_first': False, 'cmake_force_configure': False, 'cmake_target': None, 'cmake_target_skip_unavailable': False, 'install_base': '/root/dream_ws/install/kr600_gazebo', 'merge_install': False, 'path': '/root/dream_ws/src/kr600_gazebo', 'symlink_install': False, 'test_result_base': None}
[0.379s] INFO:colcon.colcon_core.executor:Executing jobs using 'parallel' executor
[0.380s] DEBUG:colcon.colcon_parallel_executor.executor.parallel:run_until_complete
[0.381s] INFO:colcon.colcon_ros.task.ament_cmake.build:Building ROS package in '/root/dream_ws/src/kr600' with build type 'ament_cmake'
[0.381s] INFO:colcon.colcon_cmake.task.cmake.build:Building CMake package in '/root/dream_ws/src/kr600'
[0.383s] INFO:colcon.colcon_core.plugin_system:Skipping extension 'colcon_core.shell.bat': Not used on non-Windows systems
[0.384s] INFO:colcon.colcon_core.shell:Skip shell extension 'powershell' for command environment: Not usable outside of PowerShell
[0.384s] DEBUG:colcon.colcon_core.shell:Skip shell extension 'dsv' for command environment
[0.385s] WARNING:colcon.colcon_ros.prefix_path.ament:The path '/root/dream_ws/install/kr600_gazebo' in the environment variable AMENT_PREFIX_PATH doesn't exist
[0.385s] WARNING:colcon.colcon_ros.prefix_path.ament:The path '/root/dream_ws/install/kr600' in the environment variable AMENT_PREFIX_PATH doesn't exist
[0.386s] WARNING:colcon.colcon_ros.prefix_path.catkin:The path '/root/dream_ws/install/kr600_gazebo' in the environment variable CMAKE_PREFIX_PATH doesn't exist
[0.386s] WARNING:colcon.colcon_ros.prefix_path.catkin:The path '/root/dream_ws/install/kr600' in the environment variable CMAKE_PREFIX_PATH doesn't exist
[0.398s] DEBUG:colcon.colcon_core.event_handler.log_command:Invoking command in '/root/dream_ws/build/kr600': CMAKE_PREFIX_PATH=${CMAKE_PREFIX_PATH}:/opt/ros/humble /usr/bin/cmake /root/dream_ws/src/kr600 -DCMAKE_INSTALL_PREFIX=/root/dream_ws/install/kr600
[1.756s] DEBUG:colcon.colcon_core.event_handler.log_command:Invoked command in '/root/dream_ws/build/kr600' returned '0': CMAKE_PREFIX_PATH=${CMAKE_PREFIX_PATH}:/opt/ros/humble /usr/bin/cmake /root/dream_ws/src/kr600 -DCMAKE_INSTALL_PREFIX=/root/dream_ws/install/kr600
[1.759s] DEBUG:colcon.colcon_core.event_handler.log_command:Invoking command in '/root/dream_ws/build/kr600': CMAKE_PREFIX_PATH=${CMAKE_PREFIX_PATH}:/opt/ros/humble /usr/bin/cmake --build /root/dream_ws/build/kr600 -- -j12 -l12
[1.793s] DEBUG:colcon.colcon_core.event_handler.log_command:Invoked command in '/root/dream_ws/build/kr600' returned '0': CMAKE_PREFIX_PATH=${CMAKE_PREFIX_PATH}:/opt/ros/humble /usr/bin/cmake --build /root/dream_ws/build/kr600 -- -j12 -l12
[1.821s] DEBUG:colcon.colcon_core.event_handler.log_command:Invoking command in '/root/dream_ws/build/kr600': CMAKE_PREFIX_PATH=${CMAKE_PREFIX_PATH}:/opt/ros/humble /usr/bin/cmake --install /root/dream_ws/build/kr600
[1.839s] Level 1:colcon.colcon_core.environment:create_environment_scripts_only(kr600)
[1.840s] DEBUG:colcon.colcon_core.event_handler.log_command:Invoked command in '/root/dream_ws/build/kr600' returned '0': CMAKE_PREFIX_PATH=${CMAKE_PREFIX_PATH}:/opt/ros/humble /usr/bin/cmake --install /root/dream_ws/build/kr600
[1.842s] Level 1:colcon.colcon_core.environment:checking '/root/dream_ws/install/kr600' for CMake module files
[1.843s] Level 1:colcon.colcon_core.environment:checking '/root/dream_ws/install/kr600' for CMake config files
[1.843s] Level 1:colcon.colcon_core.shell:create_environment_hook('kr600', 'cmake_prefix_path')
[1.843s] INFO:colcon.colcon_core.shell:Creating environment hook '/root/dream_ws/install/kr600/share/kr600/hook/cmake_prefix_path.ps1'
[1.844s] INFO:colcon.colcon_core.shell:Creating environment descriptor '/root/dream_ws/install/kr600/share/kr600/hook/cmake_prefix_path.dsv'
[1.845s] INFO:colcon.colcon_core.shell:Creating environment hook '/root/dream_ws/install/kr600/share/kr600/hook/cmake_prefix_path.sh'
[1.845s] Level 1:colcon.colcon_core.environment:checking '/root/dream_ws/install/kr600/bin'
[1.846s] Level 1:colcon.colcon_core.environment:checking '/root/dream_ws/install/kr600/lib/pkgconfig/kr600.pc'
[1.847s] Level 1:colcon.colcon_core.environment:checking '/root/dream_ws/install/kr600/lib/python3.10/site-packages'
[1.848s] Level 1:colcon.colcon_core.environment:checking '/root/dream_ws/install/kr600/bin'
[1.848s] INFO:colcon.colcon_core.shell:Creating package script '/root/dream_ws/install/kr600/share/kr600/package.ps1'
[1.849s] INFO:colcon.colcon_core.shell:Creating package descriptor '/root/dream_ws/install/kr600/share/kr600/package.dsv'
[1.849s] INFO:colcon.colcon_core.shell:Creating package script '/root/dream_ws/install/kr600/share/kr600/package.sh'
[1.850s] INFO:colcon.colcon_core.shell:Creating package script '/root/dream_ws/install/kr600/share/kr600/package.bash'
[1.851s] INFO:colcon.colcon_core.shell:Creating package script '/root/dream_ws/install/kr600/share/kr600/package.zsh'
[1.852s] Level 1:colcon.colcon_core.environment:create_file_with_runtime_dependencies(/root/dream_ws/install/kr600/share/colcon-core/packages/kr600)
[1.872s] Level 1:colcon.colcon_core.environment:create_environment_scripts_only(kr600)
[1.873s] Level 1:colcon.colcon_core.environment:checking '/root/dream_ws/install/kr600' for CMake module files
[1.873s] Level 1:colcon.colcon_core.environment:checking '/root/dream_ws/install/kr600' for CMake config files
[1.874s] Level 1:colcon.colcon_core.shell:create_environment_hook('kr600', 'cmake_prefix_path')
[1.874s] INFO:colcon.colcon_core.shell:Creating environment hook '/root/dream_ws/install/kr600/share/kr600/hook/cmake_prefix_path.ps1'
[1.874s] INFO:colcon.colcon_core.shell:Creating environment descriptor '/root/dream_ws/install/kr600/share/kr600/hook/cmake_prefix_path.dsv'
[1.875s] INFO:colcon.colcon_core.shell:Creating environment hook '/root/dream_ws/install/kr600/share/kr600/hook/cmake_prefix_path.sh'
[1.875s] Level 1:colcon.colcon_core.environment:checking '/root/dream_ws/install/kr600/bin'
[1.875s] Level 1:colcon.colcon_core.environment:checking '/root/dream_ws/install/kr600/lib/pkgconfig/kr600.pc'
[1.875s] Level 1:colcon.colcon_core.environment:checking '/root/dream_ws/install/kr600/lib/python3.10/site-packages'
[1.876s] Level 1:colcon.colcon_core.environment:checking '/root/dream_ws/install/kr600/bin'
[1.876s] INFO:colcon.colcon_core.shell:Creating package script '/root/dream_ws/install/kr600/share/kr600/package.ps1'
[1.876s] INFO:colcon.colcon_core.shell:Creating package descriptor '/root/dream_ws/install/kr600/share/kr600/package.dsv'
[1.877s] INFO:colcon.colcon_core.shell:Creating package script '/root/dream_ws/install/kr600/share/kr600/package.sh'
[1.877s] INFO:colcon.colcon_core.shell:Creating package script '/root/dream_ws/install/kr600/share/kr600/package.bash'
[1.878s] INFO:colcon.colcon_core.shell:Creating package script '/root/dream_ws/install/kr600/share/kr600/package.zsh'
[1.878s] Level 1:colcon.colcon_core.environment:create_file_with_runtime_dependencies(/root/dream_ws/install/kr600/share/colcon-core/packages/kr600)
[1.879s] INFO:colcon.colcon_ros.task.ament_cmake.build:Building ROS package in '/root/dream_ws/src/kr600_gazebo' with build type 'ament_cmake'
[1.879s] INFO:colcon.colcon_cmake.task.cmake.build:Building CMake package in '/root/dream_ws/src/kr600_gazebo'
[1.879s] INFO:colcon.colcon_core.shell:Skip shell extension 'powershell' for command environment: Not usable outside of PowerShell
[1.879s] DEBUG:colcon.colcon_core.shell:Skip shell extension 'dsv' for command environment
[1.892s] DEBUG:colcon.colcon_core.event_handler.log_command:Invoking command in '/root/dream_ws/build/kr600_gazebo': CMAKE_PREFIX_PATH=/root/dream_ws/install/kr600:/root/dream_ws/install/kr600_gazebo:/root/ros2_ws/install/mycobot_ros2:/root/ros2_ws/install/mycobot_gazebo:/root/ros2_ws/install/mycobot_description:/root/dev_ws/install/simple_bot_config:/root/dev_ws/install/movbot_config:/root/dev_ws/install/simple_bot:/root/dev_ws/install/moveit_demo:/root/dev_ws/install/cobot_simulation_config:/root/dev_ws/install/cobot_simulation:/root/dev_ws/install/basic_mobile_robot:/root/dev_ws/install/arm6axis:/opt/ros/humble /usr/bin/cmake /root/dream_ws/src/kr600_gazebo -DCMAKE_INSTALL_PREFIX=/root/dream_ws/install/kr600_gazebo
[3.331s] DEBUG:colcon.colcon_core.event_handler.log_command:Invoked command in '/root/dream_ws/build/kr600_gazebo' returned '0': CMAKE_PREFIX_PATH=/root/dream_ws/install/kr600:/root/dream_ws/install/kr600_gazebo:/root/ros2_ws/install/mycobot_ros2:/root/ros2_ws/install/mycobot_gazebo:/root/ros2_ws/install/mycobot_description:/root/dev_ws/install/simple_bot_config:/root/dev_ws/install/movbot_config:/root/dev_ws/install/simple_bot:/root/dev_ws/install/moveit_demo:/root/dev_ws/install/cobot_simulation_config:/root/dev_ws/install/cobot_simulation:/root/dev_ws/install/basic_mobile_robot:/root/dev_ws/install/arm6axis:/opt/ros/humble /usr/bin/cmake /root/dream_ws/src/kr600_gazebo -DCMAKE_INSTALL_PREFIX=/root/dream_ws/install/kr600_gazebo
[3.333s] DEBUG:colcon.colcon_core.event_handler.log_command:Invoking command in '/root/dream_ws/build/kr600_gazebo': CMAKE_PREFIX_PATH=/root/dream_ws/install/kr600:/root/dream_ws/install/kr600_gazebo:/root/ros2_ws/install/mycobot_ros2:/root/ros2_ws/install/mycobot_gazebo:/root/ros2_ws/install/mycobot_description:/root/dev_ws/install/simple_bot_config:/root/dev_ws/install/movbot_config:/root/dev_ws/install/simple_bot:/root/dev_ws/install/moveit_demo:/root/dev_ws/install/cobot_simulation_config:/root/dev_ws/install/cobot_simulation:/root/dev_ws/install/basic_mobile_robot:/root/dev_ws/install/arm6axis:/opt/ros/humble /usr/bin/cmake --build /root/dream_ws/build/kr600_gazebo -- -j12 -l12
[3.375s] DEBUG:colcon.colcon_core.event_handler.log_command:Invoked command in '/root/dream_ws/build/kr600_gazebo' returned '0': CMAKE_PREFIX_PATH=/root/dream_ws/install/kr600:/root/dream_ws/install/kr600_gazebo:/root/ros2_ws/install/mycobot_ros2:/root/ros2_ws/install/mycobot_gazebo:/root/ros2_ws/install/mycobot_description:/root/dev_ws/install/simple_bot_config:/root/dev_ws/install/movbot_config:/root/dev_ws/install/simple_bot:/root/dev_ws/install/moveit_demo:/root/dev_ws/install/cobot_simulation_config:/root/dev_ws/install/cobot_simulation:/root/dev_ws/install/basic_mobile_robot:/root/dev_ws/install/arm6axis:/opt/ros/humble /usr/bin/cmake --build /root/dream_ws/build/kr600_gazebo -- -j12 -l12
[3.400s] DEBUG:colcon.colcon_core.event_handler.log_command:Invoking command in '/root/dream_ws/build/kr600_gazebo': CMAKE_PREFIX_PATH=/root/dream_ws/install/kr600:/root/dream_ws/install/kr600_gazebo:/root/ros2_ws/install/mycobot_ros2:/root/ros2_ws/install/mycobot_gazebo:/root/ros2_ws/install/mycobot_description:/root/dev_ws/install/simple_bot_config:/root/dev_ws/install/movbot_config:/root/dev_ws/install/simple_bot:/root/dev_ws/install/moveit_demo:/root/dev_ws/install/cobot_simulation_config:/root/dev_ws/install/cobot_simulation:/root/dev_ws/install/basic_mobile_robot:/root/dev_ws/install/arm6axis:/opt/ros/humble /usr/bin/cmake --install /root/dream_ws/build/kr600_gazebo
[3.414s] Level 1:colcon.colcon_core.environment:create_environment_scripts_only(kr600_gazebo)
[3.414s] Level 1:colcon.colcon_core.environment:checking '/root/dream_ws/install/kr600_gazebo' for CMake module files
[3.415s] DEBUG:colcon.colcon_core.event_handler.log_command:Invoked command in '/root/dream_ws/build/kr600_gazebo' returned '0': CMAKE_PREFIX_PATH=/root/dream_ws/install/kr600:/root/dream_ws/install/kr600_gazebo:/root/ros2_ws/install/mycobot_ros2:/root/ros2_ws/install/mycobot_gazebo:/root/ros2_ws/install/mycobot_description:/root/dev_ws/install/simple_bot_config:/root/dev_ws/install/movbot_config:/root/dev_ws/install/simple_bot:/root/dev_ws/install/moveit_demo:/root/dev_ws/install/cobot_simulation_config:/root/dev_ws/install/cobot_simulation:/root/dev_ws/install/basic_mobile_robot:/root/dev_ws/install/arm6axis:/opt/ros/humble /usr/bin/cmake --install /root/dream_ws/build/kr600_gazebo
[3.415s] Level 1:colcon.colcon_core.environment:checking '/root/dream_ws/install/kr600_gazebo' for CMake config files
[3.416s] Level 1:colcon.colcon_core.shell:create_environment_hook('kr600_gazebo', 'cmake_prefix_path')
[3.416s] INFO:colcon.colcon_core.shell:Creating environment hook '/root/dream_ws/install/kr600_gazebo/share/kr600_gazebo/hook/cmake_prefix_path.ps1'
[3.417s] INFO:colcon.colcon_core.shell:Creating environment descriptor '/root/dream_ws/install/kr600_gazebo/share/kr600_gazebo/hook/cmake_prefix_path.dsv'
[3.417s] INFO:colcon.colcon_core.shell:Creating environment hook '/root/dream_ws/install/kr600_gazebo/share/kr600_gazebo/hook/cmake_prefix_path.sh'
[3.418s] Level 1:colcon.colcon_core.environment:checking '/root/dream_ws/install/kr600_gazebo/bin'
[3.418s] Level 1:colcon.colcon_core.environment:checking '/root/dream_ws/install/kr600_gazebo/lib/pkgconfig/kr600_gazebo.pc'
[3.418s] Level 1:colcon.colcon_core.environment:checking '/root/dream_ws/install/kr600_gazebo/lib/python3.10/site-packages'
[3.418s] Level 1:colcon.colcon_core.environment:checking '/root/dream_ws/install/kr600_gazebo/bin'
[3.419s] INFO:colcon.colcon_core.shell:Creating package script '/root/dream_ws/install/kr600_gazebo/share/kr600_gazebo/package.ps1'
[3.419s] INFO:colcon.colcon_core.shell:Creating package descriptor '/root/dream_ws/install/kr600_gazebo/share/kr600_gazebo/package.dsv'
[3.420s] INFO:colcon.colcon_core.shell:Creating package script '/root/dream_ws/install/kr600_gazebo/share/kr600_gazebo/package.sh'
[3.420s] INFO:colcon.colcon_core.shell:Creating package script '/root/dream_ws/install/kr600_gazebo/share/kr600_gazebo/package.bash'
[3.421s] INFO:colcon.colcon_core.shell:Creating package script '/root/dream_ws/install/kr600_gazebo/share/kr600_gazebo/package.zsh'
[3.421s] Level 1:colcon.colcon_core.environment:create_file_with_runtime_dependencies(/root/dream_ws/install/kr600_gazebo/share/colcon-core/packages/kr600_gazebo)
[3.447s] Level 1:colcon.colcon_core.environment:create_environment_scripts_only(kr600_gazebo)
[3.447s] Level 1:colcon.colcon_core.environment:checking '/root/dream_ws/install/kr600_gazebo' for CMake module files
[3.448s] Level 1:colcon.colcon_core.environment:checking '/root/dream_ws/install/kr600_gazebo' for CMake config files
[3.448s] Level 1:colcon.colcon_core.shell:create_environment_hook('kr600_gazebo', 'cmake_prefix_path')
[3.449s] INFO:colcon.colcon_core.shell:Creating environment hook '/root/dream_ws/install/kr600_gazebo/share/kr600_gazebo/hook/cmake_prefix_path.ps1'
[3.449s] INFO:colcon.colcon_core.shell:Creating environment descriptor '/root/dream_ws/install/kr600_gazebo/share/kr600_gazebo/hook/cmake_prefix_path.dsv'
[3.450s] INFO:colcon.colcon_core.shell:Creating environment hook '/root/dream_ws/install/kr600_gazebo/share/kr600_gazebo/hook/cmake_prefix_path.sh'
[3.450s] Level 1:colcon.colcon_core.environment:checking '/root/dream_ws/install/kr600_gazebo/bin'
[3.450s] Level 1:colcon.colcon_core.environment:checking '/root/dream_ws/install/kr600_gazebo/lib/pkgconfig/kr600_gazebo.pc'
[3.451s] Level 1:colcon.colcon_core.environment:checking '/root/dream_ws/install/kr600_gazebo/lib/python3.10/site-packages'
[3.451s] Level 1:colcon.colcon_core.environment:checking '/root/dream_ws/install/kr600_gazebo/bin'
[3.451s] INFO:colcon.colcon_core.shell:Creating package script '/root/dream_ws/install/kr600_gazebo/share/kr600_gazebo/package.ps1'
[3.452s] INFO:colcon.colcon_core.shell:Creating package descriptor '/root/dream_ws/install/kr600_gazebo/share/kr600_gazebo/package.dsv'
[3.453s] INFO:colcon.colcon_core.shell:Creating package script '/root/dream_ws/install/kr600_gazebo/share/kr600_gazebo/package.sh'
[3.453s] INFO:colcon.colcon_core.shell:Creating package script '/root/dream_ws/install/kr600_gazebo/share/kr600_gazebo/package.bash'
[3.453s] INFO:colcon.colcon_core.shell:Creating package script '/root/dream_ws/install/kr600_gazebo/share/kr600_gazebo/package.zsh'
[3.454s] Level 1:colcon.colcon_core.environment:create_file_with_runtime_dependencies(/root/dream_ws/install/kr600_gazebo/share/colcon-core/packages/kr600_gazebo)
[3.454s] DEBUG:colcon.colcon_parallel_executor.executor.parallel:closing loop
[3.455s] DEBUG:colcon.colcon_parallel_executor.executor.parallel:loop closed
[3.455s] DEBUG:colcon.colcon_parallel_executor.executor.parallel:run_until_complete finished with '0'
[3.455s] DEBUG:colcon.colcon_core.event_reactor:joining thread
[3.462s] INFO:colcon.colcon_core.plugin_system:Skipping extension 'colcon_notification.desktop_notification.notify_send': Could not find 'notify-send'
[3.462s] INFO:colcon.colcon_core.plugin_system:Skipping extension 'colcon_notification.desktop_notification.terminal_notifier': Not used on non-Darwin systems
[3.463s] INFO:colcon.colcon_core.plugin_system:Skipping extension 'colcon_notification.desktop_notification.win32': Not used on non-Windows systems
[3.463s] INFO:colcon.colcon_notification.desktop_notification:Sending desktop notification using 'notify2'
[3.465s] DEBUG:colcon.colcon_notification.desktop_notification.notify2:Failed to initialize notify2: org.freedesktop.DBus.Error.Spawn.ExecFailed: /usr/bin/dbus-launch terminated abnormally without any error message
[3.465s] DEBUG:colcon.colcon_core.event_reactor:joined thread
[3.466s] INFO:colcon.colcon_core.shell:Creating prefix script '/root/dream_ws/install/local_setup.ps1'
[3.468s] INFO:colcon.colcon_core.shell:Creating prefix util module '/root/dream_ws/install/_local_setup_util_ps1.py'
[3.470s] INFO:colcon.colcon_core.shell:Creating prefix chain script '/root/dream_ws/install/setup.ps1'
[3.473s] INFO:colcon.colcon_core.shell:Creating prefix script '/root/dream_ws/install/local_setup.sh'
[3.475s] INFO:colcon.colcon_core.shell:Creating prefix util module '/root/dream_ws/install/_local_setup_util_sh.py'
[3.476s] INFO:colcon.colcon_core.shell:Creating prefix chain script '/root/dream_ws/install/setup.sh'
[3.479s] INFO:colcon.colcon_core.shell:Creating prefix script '/root/dream_ws/install/local_setup.bash'
[3.480s] INFO:colcon.colcon_core.shell:Creating prefix chain script '/root/dream_ws/install/setup.bash'
[3.482s] INFO:colcon.colcon_core.shell:Creating prefix script '/root/dream_ws/install/local_setup.zsh'
[3.483s] INFO:colcon.colcon_core.shell:Creating prefix chain script '/root/dream_ws/install/setup.zsh'
