[0.076s] Invoking command in '/root/dream_ws/build/ros2_control_demo_example_5': AMENT_PREFIX_PATH=/root/dream_ws/install/ros2_control_demo_testing:/root/dream_ws/install/ros2_control_demo_description:${AMENT_PREFIX_PATH} CMAKE_PREFIX_PATH=/root/dream_ws/install/ros2_control_demo_description:/root/dream_ws/install/ros2_control_demo_example_7:/root/dream_ws/install/ros2_control_demo_example_2:/root/dream_ws/install/kr600:/root/dev_ws/install/simple_bot_config:/root/dev_ws/install/movbot_config:/root/dev_ws/install/simple_bot:/root/dev_ws/install/moveit_demo:/root/dev_ws/install/cobot_simulation_config:/root/dev_ws/install/cobot_simulation:/root/dev_ws/install/basic_mobile_robot:/root/dev_ws/install/arm6axis:/opt/ros/humble PYTHONPATH=/root/dream_ws/install/ros2_control_demo_testing/lib/python3.10/site-packages:${PYTHONPATH} /usr/bin/cmake /root/dream_ws/src/ros2_control_demos/example_5 -DCMAKE_INSTALL_PREFIX=/root/dream_ws/install/ros2_control_demo_example_5
[0.202s] -- The CXX compiler identification is GNU 11.4.0
[0.219s] -- Detecting CXX compiler ABI info
[0.374s] -- Detecting CXX compiler ABI info - done
[0.397s] -- Check for working CXX compiler: /usr/bin/c++ - skipped
[0.397s] -- Detecting CXX compile features
[0.398s] -- Detecting CXX compile features - done
[0.413s] -- Found ament_cmake: 1.3.10 (/opt/ros/humble/share/ament_cmake/cmake)
[0.728s] -- Found Python3: /usr/bin/python3 (found version "3.10.12") found components: Interpreter 
[0.978s] -- Found hardware_interface: 2.42.0 (/opt/ros/humble/share/hardware_interface/cmake)
[1.108s] -- Found rosidl_generator_c: 3.1.5 (/opt/ros/humble/share/rosidl_generator_c/cmake)
[1.123s] -- Found rosidl_adapter: 3.1.5 (/opt/ros/humble/share/rosidl_adapter/cmake)
[1.149s] -- Found rosidl_generator_cpp: 3.1.5 (/opt/ros/humble/share/rosidl_generator_cpp/cmake)
[1.187s] -- Using all available rosidl_typesupport_c: rosidl_typesupport_fastrtps_c;rosidl_typesupport_introspection_c
[1.240s] -- Using all available rosidl_typesupport_cpp: rosidl_typesupport_fastrtps_cpp;rosidl_typesupport_introspection_cpp
[1.873s] -- Found rmw_implementation_cmake: 6.1.2 (/opt/ros/humble/share/rmw_implementation_cmake/cmake)
[1.883s] -- Found rmw_fastrtps_cpp: 6.2.7 (/opt/ros/humble/share/rmw_fastrtps_cpp/cmake)
[1.965s] -- Found TinyXML2 via Config file: TinyXML2_DIR-NOTFOUND
[2.055s] -- Found OpenSSL: /usr/lib/x86_64-linux-gnu/libcrypto.so (found version "3.0.2")  
[2.061s] -- Found TinyXML2 via Config file: TinyXML2_DIR-NOTFOUND
[2.093s] -- Found FastRTPS: /opt/ros/humble/include  
[2.104s] -- Found TinyXML2 via Config file: TinyXML2_DIR-NOTFOUND
[2.119s] -- Found TinyXML2 via Config file: TinyXML2_DIR-NOTFOUND
[2.149s] -- Using RMW implementation 'rmw_fastrtps_cpp' as default
[2.177s] -- Looking for C++ include pthread.h
[2.340s] -- Looking for C++ include pthread.h - found
[2.341s] -- Performing Test CMAKE_HAVE_LIBC_PTHREAD
[2.522s] -- Performing Test CMAKE_HAVE_LIBC_PTHREAD - Success
[2.525s] -- Found Threads: TRUE  
[2.706s] -- Found ament_cmake_pytest: 1.3.10 (/opt/ros/humble/share/ament_cmake_pytest/cmake)
[4.776s] -- Configuring done
[4.841s] -- Generating done
[4.845s] -- Build files have been written to: /root/dream_ws/build/ros2_control_demo_example_5
[4.873s] Invoked command in '/root/dream_ws/build/ros2_control_demo_example_5' returned '0': AMENT_PREFIX_PATH=/root/dream_ws/install/ros2_control_demo_testing:/root/dream_ws/install/ros2_control_demo_description:${AMENT_PREFIX_PATH} CMAKE_PREFIX_PATH=/root/dream_ws/install/ros2_control_demo_description:/root/dream_ws/install/ros2_control_demo_example_7:/root/dream_ws/install/ros2_control_demo_example_2:/root/dream_ws/install/kr600:/root/dev_ws/install/simple_bot_config:/root/dev_ws/install/movbot_config:/root/dev_ws/install/simple_bot:/root/dev_ws/install/moveit_demo:/root/dev_ws/install/cobot_simulation_config:/root/dev_ws/install/cobot_simulation:/root/dev_ws/install/basic_mobile_robot:/root/dev_ws/install/arm6axis:/opt/ros/humble PYTHONPATH=/root/dream_ws/install/ros2_control_demo_testing/lib/python3.10/site-packages:${PYTHONPATH} /usr/bin/cmake /root/dream_ws/src/ros2_control_demos/example_5 -DCMAKE_INSTALL_PREFIX=/root/dream_ws/install/ros2_control_demo_example_5
[4.874s] Invoking command in '/root/dream_ws/build/ros2_control_demo_example_5': AMENT_PREFIX_PATH=/root/dream_ws/install/ros2_control_demo_testing:/root/dream_ws/install/ros2_control_demo_description:${AMENT_PREFIX_PATH} CMAKE_PREFIX_PATH=/root/dream_ws/install/ros2_control_demo_description:/root/dream_ws/install/ros2_control_demo_example_7:/root/dream_ws/install/ros2_control_demo_example_2:/root/dream_ws/install/kr600:/root/dev_ws/install/simple_bot_config:/root/dev_ws/install/movbot_config:/root/dev_ws/install/simple_bot:/root/dev_ws/install/moveit_demo:/root/dev_ws/install/cobot_simulation_config:/root/dev_ws/install/cobot_simulation:/root/dev_ws/install/basic_mobile_robot:/root/dev_ws/install/arm6axis:/opt/ros/humble PYTHONPATH=/root/dream_ws/install/ros2_control_demo_testing/lib/python3.10/site-packages:${PYTHONPATH} /usr/bin/cmake --build /root/dream_ws/build/ros2_control_demo_example_5 -- -j12 -l12
[5.112s] [ 33%] [32mBuilding CXX object CMakeFiles/ros2_control_demo_example_5.dir/hardware/external_rrbot_force_torque_sensor.cpp.o[0m
[5.113s] [ 66%] [32mBuilding CXX object CMakeFiles/ros2_control_demo_example_5.dir/hardware/rrbot.cpp.o[0m
[16.237s] [100%] [32m[1mLinking CXX shared library libros2_control_demo_example_5.so[0m
[16.782s] [100%] Built target ros2_control_demo_example_5
[16.875s] Invoked command in '/root/dream_ws/build/ros2_control_demo_example_5' returned '0': AMENT_PREFIX_PATH=/root/dream_ws/install/ros2_control_demo_testing:/root/dream_ws/install/ros2_control_demo_description:${AMENT_PREFIX_PATH} CMAKE_PREFIX_PATH=/root/dream_ws/install/ros2_control_demo_description:/root/dream_ws/install/ros2_control_demo_example_7:/root/dream_ws/install/ros2_control_demo_example_2:/root/dream_ws/install/kr600:/root/dev_ws/install/simple_bot_config:/root/dev_ws/install/movbot_config:/root/dev_ws/install/simple_bot:/root/dev_ws/install/moveit_demo:/root/dev_ws/install/cobot_simulation_config:/root/dev_ws/install/cobot_simulation:/root/dev_ws/install/basic_mobile_robot:/root/dev_ws/install/arm6axis:/opt/ros/humble PYTHONPATH=/root/dream_ws/install/ros2_control_demo_testing/lib/python3.10/site-packages:${PYTHONPATH} /usr/bin/cmake --build /root/dream_ws/build/ros2_control_demo_example_5 -- -j12 -l12
[16.973s] Invoking command in '/root/dream_ws/build/ros2_control_demo_example_5': AMENT_PREFIX_PATH=/root/dream_ws/install/ros2_control_demo_testing:/root/dream_ws/install/ros2_control_demo_description:${AMENT_PREFIX_PATH} CMAKE_PREFIX_PATH=/root/dream_ws/install/ros2_control_demo_description:/root/dream_ws/install/ros2_control_demo_example_7:/root/dream_ws/install/ros2_control_demo_example_2:/root/dream_ws/install/kr600:/root/dev_ws/install/simple_bot_config:/root/dev_ws/install/movbot_config:/root/dev_ws/install/simple_bot:/root/dev_ws/install/moveit_demo:/root/dev_ws/install/cobot_simulation_config:/root/dev_ws/install/cobot_simulation:/root/dev_ws/install/basic_mobile_robot:/root/dev_ws/install/arm6axis:/opt/ros/humble PYTHONPATH=/root/dream_ws/install/ros2_control_demo_testing/lib/python3.10/site-packages:${PYTHONPATH} /usr/bin/cmake --install /root/dream_ws/build/ros2_control_demo_example_5
[16.988s] -- Install configuration: ""
[16.988s] -- Installing: /root/dream_ws/install/ros2_control_demo_example_5/share/ros2_control_demo_example_5/ros2_control_demo_example_5.xml
[16.989s] -- Installing: /root/dream_ws/install/ros2_control_demo_example_5/include/ros2_control_demo_example_5
[16.990s] -- Installing: /root/dream_ws/install/ros2_control_demo_example_5/include/ros2_control_demo_example_5/ros2_control_demo_example_5
[16.990s] -- Installing: /root/dream_ws/install/ros2_control_demo_example_5/include/ros2_control_demo_example_5/ros2_control_demo_example_5/external_rrbot_force_torque_sensor.hpp
[16.990s] -- Installing: /root/dream_ws/install/ros2_control_demo_example_5/include/ros2_control_demo_example_5/ros2_control_demo_example_5/rrbot.hpp
[16.997s] -- Installing: /root/dream_ws/install/ros2_control_demo_example_5/share/ros2_control_demo_example_5/launch
[16.998s] -- Installing: /root/dream_ws/install/ros2_control_demo_example_5/share/ros2_control_demo_example_5/launch/view_robot.launch.py
[16.998s] -- Installing: /root/dream_ws/install/ros2_control_demo_example_5/share/ros2_control_demo_example_5/ros2_control
[16.998s] -- Installing: /root/dream_ws/install/ros2_control_demo_example_5/share/ros2_control_demo_example_5/ros2_control/external_rrbot_force_torque_sensor.ros2_control.xacro
[16.998s] -- Installing: /root/dream_ws/install/ros2_control_demo_example_5/share/ros2_control_demo_example_5/ros2_control/rrbot_system_position_only.ros2_control.xacro
[16.998s] -- Installing: /root/dream_ws/install/ros2_control_demo_example_5/share/ros2_control_demo_example_5/urdf
[16.999s] -- Installing: /root/dream_ws/install/ros2_control_demo_example_5/share/ros2_control_demo_example_5/urdf/rrbot_system_with_external_sensor.urdf.xacro
[16.999s] -- Installing: /root/dream_ws/install/ros2_control_demo_example_5/share/ros2_control_demo_example_5/rviz
[16.999s] -- Installing: /root/dream_ws/install/ros2_control_demo_example_5/share/ros2_control_demo_example_5/rviz/rrbot.rviz
[17.000s] -- Up-to-date: /root/dream_ws/install/ros2_control_demo_example_5/share/ros2_control_demo_example_5/launch
[17.000s] -- Installing: /root/dream_ws/install/ros2_control_demo_example_5/share/ros2_control_demo_example_5/launch/test_forward_position_controller.launch.py
[17.000s] -- Installing: /root/dream_ws/install/ros2_control_demo_example_5/share/ros2_control_demo_example_5/launch/rrbot_system_with_external_sensor.launch.py
[17.001s] -- Installing: /root/dream_ws/install/ros2_control_demo_example_5/share/ros2_control_demo_example_5/config
[17.001s] -- Installing: /root/dream_ws/install/ros2_control_demo_example_5/share/ros2_control_demo_example_5/config/rrbot_forward_position_publisher.yaml
[17.001s] -- Installing: /root/dream_ws/install/ros2_control_demo_example_5/share/ros2_control_demo_example_5/config/rrbot_with_external_sensor_controllers.yaml
[17.002s] -- Installing: /root/dream_ws/install/ros2_control_demo_example_5/lib/libros2_control_demo_example_5.so
[17.002s] -- Set runtime path of "/root/dream_ws/install/ros2_control_demo_example_5/lib/libros2_control_demo_example_5.so" to ""
[17.003s] -- Installing: /root/dream_ws/install/ros2_control_demo_example_5/share/ros2_control_demo_example_5/environment/library_path.sh
[17.003s] -- Installing: /root/dream_ws/install/ros2_control_demo_example_5/share/ros2_control_demo_example_5/environment/library_path.dsv
[17.003s] -- Installing: /root/dream_ws/install/ros2_control_demo_example_5/share/ament_index/resource_index/package_run_dependencies/ros2_control_demo_example_5
[17.003s] -- Installing: /root/dream_ws/install/ros2_control_demo_example_5/share/ament_index/resource_index/parent_prefix_path/ros2_control_demo_example_5
[17.004s] -- Installing: /root/dream_ws/install/ros2_control_demo_example_5/share/ros2_control_demo_example_5/environment/ament_prefix_path.sh
[17.004s] -- Installing: /root/dream_ws/install/ros2_control_demo_example_5/share/ros2_control_demo_example_5/environment/ament_prefix_path.dsv
[17.005s] -- Installing: /root/dream_ws/install/ros2_control_demo_example_5/share/ros2_control_demo_example_5/environment/path.sh
[17.005s] -- Installing: /root/dream_ws/install/ros2_control_demo_example_5/share/ros2_control_demo_example_5/environment/path.dsv
[17.005s] -- Installing: /root/dream_ws/install/ros2_control_demo_example_5/share/ros2_control_demo_example_5/local_setup.bash
[17.006s] -- Installing: /root/dream_ws/install/ros2_control_demo_example_5/share/ros2_control_demo_example_5/local_setup.sh
[17.006s] -- Installing: /root/dream_ws/install/ros2_control_demo_example_5/share/ros2_control_demo_example_5/local_setup.zsh
[17.006s] -- Installing: /root/dream_ws/install/ros2_control_demo_example_5/share/ros2_control_demo_example_5/local_setup.dsv
[17.006s] -- Installing: /root/dream_ws/install/ros2_control_demo_example_5/share/ros2_control_demo_example_5/package.dsv
[17.007s] -- Installing: /root/dream_ws/install/ros2_control_demo_example_5/share/ament_index/resource_index/packages/ros2_control_demo_example_5
[17.007s] -- Installing: /root/dream_ws/install/ros2_control_demo_example_5/share/ament_index/resource_index/hardware_interface__pluginlib__plugin/ros2_control_demo_example_5
[17.007s] -- Installing: /root/dream_ws/install/ros2_control_demo_example_5/share/ros2_control_demo_example_5/cmake/export_ros2_control_demo_example_5Export.cmake
[17.008s] -- Installing: /root/dream_ws/install/ros2_control_demo_example_5/share/ros2_control_demo_example_5/cmake/export_ros2_control_demo_example_5Export-noconfig.cmake
[17.008s] -- Installing: /root/dream_ws/install/ros2_control_demo_example_5/share/ros2_control_demo_example_5/cmake/ament_cmake_export_targets-extras.cmake
[17.008s] -- Installing: /root/dream_ws/install/ros2_control_demo_example_5/share/ros2_control_demo_example_5/cmake/ament_cmake_export_dependencies-extras.cmake
[17.009s] -- Installing: /root/dream_ws/install/ros2_control_demo_example_5/share/ros2_control_demo_example_5/cmake/ros2_control_demo_example_5Config.cmake
[17.009s] -- Installing: /root/dream_ws/install/ros2_control_demo_example_5/share/ros2_control_demo_example_5/cmake/ros2_control_demo_example_5Config-version.cmake
[17.009s] -- Installing: /root/dream_ws/install/ros2_control_demo_example_5/share/ros2_control_demo_example_5/package.xml
[17.042s] Invoked command in '/root/dream_ws/build/ros2_control_demo_example_5' returned '0': AMENT_PREFIX_PATH=/root/dream_ws/install/ros2_control_demo_testing:/root/dream_ws/install/ros2_control_demo_description:${AMENT_PREFIX_PATH} CMAKE_PREFIX_PATH=/root/dream_ws/install/ros2_control_demo_description:/root/dream_ws/install/ros2_control_demo_example_7:/root/dream_ws/install/ros2_control_demo_example_2:/root/dream_ws/install/kr600:/root/dev_ws/install/simple_bot_config:/root/dev_ws/install/movbot_config:/root/dev_ws/install/simple_bot:/root/dev_ws/install/moveit_demo:/root/dev_ws/install/cobot_simulation_config:/root/dev_ws/install/cobot_simulation:/root/dev_ws/install/basic_mobile_robot:/root/dev_ws/install/arm6axis:/opt/ros/humble PYTHONPATH=/root/dream_ws/install/ros2_control_demo_testing/lib/python3.10/site-packages:${PYTHONPATH} /usr/bin/cmake --install /root/dream_ws/build/ros2_control_demo_example_5
