[0.018s] Invoking command in '/root/dream_ws/build/kr600': CMAKE_PREFIX_PATH=${CMAKE_PREFIX_PATH}:/opt/ros/humble /usr/bin/cmake /root/dream_ws/src/kr600 -DCMAKE_INSTALL_PREFIX=/root/dream_ws/install/kr600
[0.078s] -- The C compiler identification is GNU 11.4.0
[0.162s] -- The CXX compiler identification is GNU 11.4.0
[0.186s] -- Detecting C compiler ABI info
[0.267s] -- Detecting C compiler ABI info - done
[0.282s] -- Check for working C compiler: /usr/bin/cc - skipped
[0.282s] -- Detecting C compile features
[0.282s] -- Detecting C compile features - done
[0.288s] -- Detecting CXX compiler ABI info
[0.390s] -- Detecting CXX compiler ABI info - done
[0.411s] -- Check for working CXX compiler: /usr/bin/c++ - skipped
[0.412s] -- Detecting CXX compile features
[0.413s] -- Detecting CXX compile features - done
[0.421s] -- Found ament_cmake: 1.3.10 (/opt/ros/humble/share/ament_cmake/cmake)
[0.697s] -- Found Python3: /usr/bin/python3 (found version "3.10.12") found components: Interpreter 
[0.937s] -- Found ament_lint_auto: 0.12.11 (/opt/ros/humble/share/ament_lint_auto/cmake)
[1.151s] -- Added test 'flake8' to check Python code syntax and style conventions
[1.154s] -- Added test 'lint_cmake' to check CMake code style
[1.155s] -- Added test 'pep257' to check Python code against some of the docstring style conventions in PEP 257
[1.159s] -- Added test 'xmllint' to check XML markup files
[1.162s] -- Configuring done
[1.169s] -- Generating done
[1.171s] -- Build files have been written to: /root/dream_ws/build/kr600
[1.179s] Invoked command in '/root/dream_ws/build/kr600' returned '0': CMAKE_PREFIX_PATH=${CMAKE_PREFIX_PATH}:/opt/ros/humble /usr/bin/cmake /root/dream_ws/src/kr600 -DCMAKE_INSTALL_PREFIX=/root/dream_ws/install/kr600
[1.183s] Invoking command in '/root/dream_ws/build/kr600': CMAKE_PREFIX_PATH=${CMAKE_PREFIX_PATH}:/opt/ros/humble /usr/bin/cmake --build /root/dream_ws/build/kr600 -- -j12 -l12
[1.246s] Invoked command in '/root/dream_ws/build/kr600' returned '0': CMAKE_PREFIX_PATH=${CMAKE_PREFIX_PATH}:/opt/ros/humble /usr/bin/cmake --build /root/dream_ws/build/kr600 -- -j12 -l12
[1.311s] Invoking command in '/root/dream_ws/build/kr600': CMAKE_PREFIX_PATH=${CMAKE_PREFIX_PATH}:/opt/ros/humble /usr/bin/cmake --install /root/dream_ws/build/kr600
[1.321s] -- Install configuration: ""
[1.322s] -- Installing: /root/dream_ws/install/kr600/share/kr600/launch
[1.322s] -- Installing: /root/dream_ws/install/kr600/share/kr600/launch/kr600.launch.py
[1.323s] -- Installing: /root/dream_ws/install/kr600/share/kr600/launch/kr600_1.launch.py
[1.323s] -- Installing: /root/dream_ws/install/kr600/share/kr600/meshes
[1.323s] -- Installing: /root/dream_ws/install/kr600/share/kr600/meshes/link6.stl
[1.324s] -- Installing: /root/dream_ws/install/kr600/share/kr600/meshes/base_link.stl
[1.326s] -- Installing: /root/dream_ws/install/kr600/share/kr600/meshes/link4.stl
[1.327s] -- Installing: /root/dream_ws/install/kr600/share/kr600/meshes/link5.stl
[1.329s] -- Installing: /root/dream_ws/install/kr600/share/kr600/meshes/link3.stl
[1.331s] -- Installing: /root/dream_ws/install/kr600/share/kr600/meshes/link2.stl
[1.334s] -- Installing: /root/dream_ws/install/kr600/share/kr600/meshes/link1.stl
[1.337s] -- Installing: /root/dream_ws/install/kr600/share/kr600/rviz
[1.337s] -- Installing: /root/dream_ws/install/kr600/share/kr600/rviz/config.rviz
[1.338s] -- Installing: /root/dream_ws/install/kr600/share/kr600/urdf
[1.338s] -- Installing: /root/dream_ws/install/kr600/share/kr600/urdf/model.urdf.xacro
[1.338s] -- Installing: /root/dream_ws/install/kr600/share/kr600/urdf/old_model.urdf.xacro
[1.338s] -- Installing: /root/dream_ws/install/kr600/share/ament_index/resource_index/package_run_dependencies/kr600
[1.339s] -- Installing: /root/dream_ws/install/kr600/share/ament_index/resource_index/parent_prefix_path/kr600
[1.339s] -- Installing: /root/dream_ws/install/kr600/share/kr600/environment/ament_prefix_path.sh
[1.340s] -- Installing: /root/dream_ws/install/kr600/share/kr600/environment/ament_prefix_path.dsv
[1.340s] -- Installing: /root/dream_ws/install/kr600/share/kr600/environment/path.sh
[1.341s] -- Installing: /root/dream_ws/install/kr600/share/kr600/environment/path.dsv
[1.341s] -- Installing: /root/dream_ws/install/kr600/share/kr600/local_setup.bash
[1.341s] -- Installing: /root/dream_ws/install/kr600/share/kr600/local_setup.sh
[1.342s] -- Installing: /root/dream_ws/install/kr600/share/kr600/local_setup.zsh
[1.342s] -- Installing: /root/dream_ws/install/kr600/share/kr600/local_setup.dsv
[1.343s] -- Installing: /root/dream_ws/install/kr600/share/kr600/package.dsv
[1.343s] -- Installing: /root/dream_ws/install/kr600/share/ament_index/resource_index/packages/kr600
[1.344s] -- Installing: /root/dream_ws/install/kr600/share/kr600/cmake/kr600Config.cmake
[1.344s] -- Installing: /root/dream_ws/install/kr600/share/kr600/cmake/kr600Config-version.cmake
[1.344s] -- Installing: /root/dream_ws/install/kr600/share/kr600/package.xml
[1.349s] Invoked command in '/root/dream_ws/build/kr600' returned '0': CMAKE_PREFIX_PATH=${CMAKE_PREFIX_PATH}:/opt/ros/humble /usr/bin/cmake --install /root/dream_ws/build/kr600
