[0.033s] Invoking command in '/root/dream_ws/build/kr600': CMAKE_PREFIX_PATH=${CMAKE_PREFIX_PATH}:/opt/ros/humble /usr/bin/cmake /root/dream_ws/src/kr600 -DCMAKE_INSTALL_PREFIX=/root/dream_ws/install/kr600
[0.429s] -- The C compiler identification is GNU 11.4.0
[0.646s] -- The CXX compiler identification is GNU 11.4.0
[0.667s] -- Detecting C compiler ABI info
[0.771s] -- Detecting C compiler ABI info - done
[0.782s] -- Check for working C compiler: /usr/bin/cc - skipped
[0.783s] -- Detecting C compile features
[0.784s] -- Detecting C compile features - done
[0.789s] -- Detecting CXX compiler ABI info
[0.886s] -- Detecting CXX compiler ABI info - done
[0.898s] -- Check for working CXX compiler: /usr/bin/c++ - skipped
[0.898s] -- Detecting CXX compile features
[0.899s] -- Detecting CXX compile features - done
[0.929s] -- Found ament_cmake: 1.3.10 (/opt/ros/humble/share/ament_cmake/cmake)
[1.126s] -- Found Python3: /usr/bin/python3 (found version "3.10.12") found components: Interpreter 
[1.309s] -- Found ament_lint_auto: 0.12.11 (/opt/ros/humble/share/ament_lint_auto/cmake)
[1.435s] -- Added test 'flake8' to check Python code syntax and style conventions
[1.436s] -- Added test 'lint_cmake' to check CMake code style
[1.438s] -- Added test 'pep257' to check Python code against some of the docstring style conventions in PEP 257
[1.440s] -- Added test 'xmllint' to check XML markup files
[1.444s] -- Configuring done
[1.447s] -- Generating done
[1.448s] -- Build files have been written to: /root/dream_ws/build/kr600
[1.453s] Invoked command in '/root/dream_ws/build/kr600' returned '0': CMAKE_PREFIX_PATH=${CMAKE_PREFIX_PATH}:/opt/ros/humble /usr/bin/cmake /root/dream_ws/src/kr600 -DCMAKE_INSTALL_PREFIX=/root/dream_ws/install/kr600
[1.455s] Invoking command in '/root/dream_ws/build/kr600': CMAKE_PREFIX_PATH=${CMAKE_PREFIX_PATH}:/opt/ros/humble /usr/bin/cmake --build /root/dream_ws/build/kr600 -- -j12 -l12
[1.487s] Invoked command in '/root/dream_ws/build/kr600' returned '0': CMAKE_PREFIX_PATH=${CMAKE_PREFIX_PATH}:/opt/ros/humble /usr/bin/cmake --build /root/dream_ws/build/kr600 -- -j12 -l12
[1.515s] Invoking command in '/root/dream_ws/build/kr600': CMAKE_PREFIX_PATH=${CMAKE_PREFIX_PATH}:/opt/ros/humble /usr/bin/cmake --install /root/dream_ws/build/kr600
[1.521s] -- Install configuration: ""
[1.521s] -- Installing: /root/dream_ws/install/kr600/share/kr600/launch
[1.522s] -- Installing: /root/dream_ws/install/kr600/share/kr600/launch/kr600.launch.py
[1.522s] -- Installing: /root/dream_ws/install/kr600/share/kr600/launch/kr600_1.launch.py
[1.523s] -- Installing: /root/dream_ws/install/kr600/share/kr600/meshes
[1.523s] -- Installing: /root/dream_ws/install/kr600/share/kr600/meshes/link6.stl
[1.526s] -- Installing: /root/dream_ws/install/kr600/share/kr600/meshes/base_link.stl
[1.531s] -- Installing: /root/dream_ws/install/kr600/share/kr600/meshes/link4.stl
[1.536s] -- Installing: /root/dream_ws/install/kr600/share/kr600/meshes/link5.stl
[1.540s] -- Installing: /root/dream_ws/install/kr600/share/kr600/meshes/link3.stl
[1.545s] -- Installing: /root/dream_ws/install/kr600/share/kr600/meshes/link2.stl
[1.550s] -- Installing: /root/dream_ws/install/kr600/share/kr600/meshes/link1.stl
[1.558s] -- Installing: /root/dream_ws/install/kr600/share/kr600/rviz
[1.558s] -- Installing: /root/dream_ws/install/kr600/share/kr600/rviz/config.rviz
[1.559s] -- Installing: /root/dream_ws/install/kr600/share/kr600/urdf
[1.559s] -- Installing: /root/dream_ws/install/kr600/share/kr600/urdf/model.urdf.xacro
[1.559s] -- Installing: /root/dream_ws/install/kr600/share/kr600/urdf/old_model.urdf.xacro
[1.560s] -- Installing: /root/dream_ws/install/kr600/share/ament_index/resource_index/package_run_dependencies/kr600
[1.560s] -- Installing: /root/dream_ws/install/kr600/share/ament_index/resource_index/parent_prefix_path/kr600
[1.560s] -- Installing: /root/dream_ws/install/kr600/share/kr600/environment/ament_prefix_path.sh
[1.561s] -- Installing: /root/dream_ws/install/kr600/share/kr600/environment/ament_prefix_path.dsv
[1.561s] -- Installing: /root/dream_ws/install/kr600/share/kr600/environment/path.sh
[1.561s] -- Installing: /root/dream_ws/install/kr600/share/kr600/environment/path.dsv
[1.561s] -- Installing: /root/dream_ws/install/kr600/share/kr600/local_setup.bash
[1.562s] -- Installing: /root/dream_ws/install/kr600/share/kr600/local_setup.sh
[1.562s] -- Installing: /root/dream_ws/install/kr600/share/kr600/local_setup.zsh
[1.562s] -- Installing: /root/dream_ws/install/kr600/share/kr600/local_setup.dsv
[1.562s] -- Installing: /root/dream_ws/install/kr600/share/kr600/package.dsv
[1.563s] -- Installing: /root/dream_ws/install/kr600/share/ament_index/resource_index/packages/kr600
[1.563s] -- Installing: /root/dream_ws/install/kr600/share/kr600/cmake/kr600Config.cmake
[1.563s] -- Installing: /root/dream_ws/install/kr600/share/kr600/cmake/kr600Config-version.cmake
[1.563s] -- Installing: /root/dream_ws/install/kr600/share/kr600/package.xml
[1.564s] Invoked command in '/root/dream_ws/build/kr600' returned '0': CMAKE_PREFIX_PATH=${CMAKE_PREFIX_PATH}:/opt/ros/humble /usr/bin/cmake --install /root/dream_ws/build/kr600
