[0.040s] Invoking command in '/root/dream_ws/build/ros2_control_demo_example_8': AMENT_PREFIX_PATH=/root/dream_ws/install/ros2_control_demo_testing:/root/dream_ws/install/ros2_control_demo_description:${AMENT_PREFIX_PATH} CMAKE_PREFIX_PATH=/root/dream_ws/install/ros2_control_demo_description:/root/dream_ws/install/ros2_control_demo_example_7:/root/dream_ws/install/ros2_control_demo_example_2:/root/dream_ws/install/kr600:/root/dev_ws/install/simple_bot_config:/root/dev_ws/install/movbot_config:/root/dev_ws/install/simple_bot:/root/dev_ws/install/moveit_demo:/root/dev_ws/install/cobot_simulation_config:/root/dev_ws/install/cobot_simulation:/root/dev_ws/install/basic_mobile_robot:/root/dev_ws/install/arm6axis:/opt/ros/humble PYTHONPATH=/root/dream_ws/install/ros2_control_demo_testing/lib/python3.10/site-packages:${PYTHONPATH} /usr/bin/cmake /root/dream_ws/src/ros2_control_demos/example_8 -DCMAKE_INSTALL_PREFIX=/root/dream_ws/install/ros2_control_demo_example_8
[4.860s] -- The CXX compiler identification is GNU 11.4.0
[4.860s] -- Detecting CXX compiler ABI info
[4.860s] -- Detecting CXX compiler ABI info - done
[4.861s] -- Check for working CXX compiler: /usr/bin/c++ - skipped
[4.861s] -- Detecting CXX compile features
[4.861s] -- Detecting CXX compile features - done
[4.861s] -- Found ament_cmake: 1.3.10 (/opt/ros/humble/share/ament_cmake/cmake)
[4.861s] -- Found Python3: /usr/bin/python3 (found version "3.10.12") found components: Interpreter 
[4.862s] -- Found hardware_interface: 2.42.0 (/opt/ros/humble/share/hardware_interface/cmake)
[4.862s] -- Found rosidl_generator_c: 3.1.5 (/opt/ros/humble/share/rosidl_generator_c/cmake)
[4.862s] -- Found rosidl_adapter: 3.1.5 (/opt/ros/humble/share/rosidl_adapter/cmake)
[4.862s] -- Found rosidl_generator_cpp: 3.1.5 (/opt/ros/humble/share/rosidl_generator_cpp/cmake)
[4.863s] -- Using all available rosidl_typesupport_c: rosidl_typesupport_fastrtps_c;rosidl_typesupport_introspection_c
[4.863s] -- Using all available rosidl_typesupport_cpp: rosidl_typesupport_fastrtps_cpp;rosidl_typesupport_introspection_cpp
[4.863s] -- Found rmw_implementation_cmake: 6.1.2 (/opt/ros/humble/share/rmw_implementation_cmake/cmake)
[4.864s] -- Found rmw_fastrtps_cpp: 6.2.7 (/opt/ros/humble/share/rmw_fastrtps_cpp/cmake)
[4.866s] -- Found TinyXML2 via Config file: TinyXML2_DIR-NOTFOUND
[4.867s] -- Found OpenSSL: /usr/lib/x86_64-linux-gnu/libcrypto.so (found version "3.0.2")  
[4.867s] -- Found TinyXML2 via Config file: TinyXML2_DIR-NOTFOUND
[4.868s] -- Found FastRTPS: /opt/ros/humble/include  
[4.868s] -- Found TinyXML2 via Config file: TinyXML2_DIR-NOTFOUND
[4.868s] -- Found TinyXML2 via Config file: TinyXML2_DIR-NOTFOUND
[4.868s] -- Using RMW implementation 'rmw_fastrtps_cpp' as default
[4.868s] -- Looking for C++ include pthread.h
[4.869s] -- Looking for C++ include pthread.h - found
[4.869s] -- Performing Test CMAKE_HAVE_LIBC_PTHREAD
[4.869s] -- Performing Test CMAKE_HAVE_LIBC_PTHREAD - Success
[4.869s] -- Found Threads: TRUE  
[4.869s] -- Found transmission_interface: 2.42.0 (/opt/ros/humble/share/transmission_interface/cmake)
[4.870s] -- Found ament_cmake_pytest: 1.3.10 (/opt/ros/humble/share/ament_cmake_pytest/cmake)
[4.912s] -- Configuring done
[4.989s] -- Generating done
[4.994s] -- Build files have been written to: /root/dream_ws/build/ros2_control_demo_example_8
[5.020s] Invoked command in '/root/dream_ws/build/ros2_control_demo_example_8' returned '0': AMENT_PREFIX_PATH=/root/dream_ws/install/ros2_control_demo_testing:/root/dream_ws/install/ros2_control_demo_description:${AMENT_PREFIX_PATH} CMAKE_PREFIX_PATH=/root/dream_ws/install/ros2_control_demo_description:/root/dream_ws/install/ros2_control_demo_example_7:/root/dream_ws/install/ros2_control_demo_example_2:/root/dream_ws/install/kr600:/root/dev_ws/install/simple_bot_config:/root/dev_ws/install/movbot_config:/root/dev_ws/install/simple_bot:/root/dev_ws/install/moveit_demo:/root/dev_ws/install/cobot_simulation_config:/root/dev_ws/install/cobot_simulation:/root/dev_ws/install/basic_mobile_robot:/root/dev_ws/install/arm6axis:/opt/ros/humble PYTHONPATH=/root/dream_ws/install/ros2_control_demo_testing/lib/python3.10/site-packages:${PYTHONPATH} /usr/bin/cmake /root/dream_ws/src/ros2_control_demos/example_8 -DCMAKE_INSTALL_PREFIX=/root/dream_ws/install/ros2_control_demo_example_8
[5.021s] Invoking command in '/root/dream_ws/build/ros2_control_demo_example_8': AMENT_PREFIX_PATH=/root/dream_ws/install/ros2_control_demo_testing:/root/dream_ws/install/ros2_control_demo_description:${AMENT_PREFIX_PATH} CMAKE_PREFIX_PATH=/root/dream_ws/install/ros2_control_demo_description:/root/dream_ws/install/ros2_control_demo_example_7:/root/dream_ws/install/ros2_control_demo_example_2:/root/dream_ws/install/kr600:/root/dev_ws/install/simple_bot_config:/root/dev_ws/install/movbot_config:/root/dev_ws/install/simple_bot:/root/dev_ws/install/moveit_demo:/root/dev_ws/install/cobot_simulation_config:/root/dev_ws/install/cobot_simulation:/root/dev_ws/install/basic_mobile_robot:/root/dev_ws/install/arm6axis:/opt/ros/humble PYTHONPATH=/root/dream_ws/install/ros2_control_demo_testing/lib/python3.10/site-packages:${PYTHONPATH} /usr/bin/cmake --build /root/dream_ws/build/ros2_control_demo_example_8 -- -j12 -l12
[16.296s] [ 50%] [32mBuilding CXX object CMakeFiles/ros2_control_demo_example_8.dir/hardware/rrbot_transmissions_system_position_only.cpp.o[0m
[16.297s] [100%] [32m[1mLinking CXX shared library libros2_control_demo_example_8.so[0m
[16.297s] [100%] Built target ros2_control_demo_example_8
[16.315s] Invoked command in '/root/dream_ws/build/ros2_control_demo_example_8' returned '0': AMENT_PREFIX_PATH=/root/dream_ws/install/ros2_control_demo_testing:/root/dream_ws/install/ros2_control_demo_description:${AMENT_PREFIX_PATH} CMAKE_PREFIX_PATH=/root/dream_ws/install/ros2_control_demo_description:/root/dream_ws/install/ros2_control_demo_example_7:/root/dream_ws/install/ros2_control_demo_example_2:/root/dream_ws/install/kr600:/root/dev_ws/install/simple_bot_config:/root/dev_ws/install/movbot_config:/root/dev_ws/install/simple_bot:/root/dev_ws/install/moveit_demo:/root/dev_ws/install/cobot_simulation_config:/root/dev_ws/install/cobot_simulation:/root/dev_ws/install/basic_mobile_robot:/root/dev_ws/install/arm6axis:/opt/ros/humble PYTHONPATH=/root/dream_ws/install/ros2_control_demo_testing/lib/python3.10/site-packages:${PYTHONPATH} /usr/bin/cmake --build /root/dream_ws/build/ros2_control_demo_example_8 -- -j12 -l12
[16.491s] Invoking command in '/root/dream_ws/build/ros2_control_demo_example_8': AMENT_PREFIX_PATH=/root/dream_ws/install/ros2_control_demo_testing:/root/dream_ws/install/ros2_control_demo_description:${AMENT_PREFIX_PATH} CMAKE_PREFIX_PATH=/root/dream_ws/install/ros2_control_demo_description:/root/dream_ws/install/ros2_control_demo_example_7:/root/dream_ws/install/ros2_control_demo_example_2:/root/dream_ws/install/kr600:/root/dev_ws/install/simple_bot_config:/root/dev_ws/install/movbot_config:/root/dev_ws/install/simple_bot:/root/dev_ws/install/moveit_demo:/root/dev_ws/install/cobot_simulation_config:/root/dev_ws/install/cobot_simulation:/root/dev_ws/install/basic_mobile_robot:/root/dev_ws/install/arm6axis:/opt/ros/humble PYTHONPATH=/root/dream_ws/install/ros2_control_demo_testing/lib/python3.10/site-packages:${PYTHONPATH} /usr/bin/cmake --install /root/dream_ws/build/ros2_control_demo_example_8
[16.572s] -- Install configuration: ""
[16.572s] -- Installing: /root/dream_ws/install/ros2_control_demo_example_8/share/ros2_control_demo_example_8/ros2_control_demo_example_8.xml
[16.572s] -- Installing: /root/dream_ws/install/ros2_control_demo_example_8/include/ros2_control_demo_example_8
[16.573s] -- Installing: /root/dream_ws/install/ros2_control_demo_example_8/include/ros2_control_demo_example_8/ros2_control_demo_example_8
[16.573s] -- Installing: /root/dream_ws/install/ros2_control_demo_example_8/include/ros2_control_demo_example_8/ros2_control_demo_example_8/rrbot_transmissions_system_position_only.hpp
[16.573s] -- Installing: /root/dream_ws/install/ros2_control_demo_example_8/include/ros2_control_demo_example_8/ros2_control_demo_example_8/rrbot.hpp
[16.574s] -- Installing: /root/dream_ws/install/ros2_control_demo_example_8/share/ros2_control_demo_example_8/launch
[16.574s] -- Installing: /root/dream_ws/install/ros2_control_demo_example_8/share/ros2_control_demo_example_8/launch/view_robot.launch.py
[16.574s] -- Installing: /root/dream_ws/install/ros2_control_demo_example_8/share/ros2_control_demo_example_8/ros2_control
[16.575s] -- Installing: /root/dream_ws/install/ros2_control_demo_example_8/share/ros2_control_demo_example_8/ros2_control/rrbot_transmissions_system_position_only.ros2_control.xacro
[16.575s] -- Installing: /root/dream_ws/install/ros2_control_demo_example_8/share/ros2_control_demo_example_8/urdf
[16.575s] -- Installing: /root/dream_ws/install/ros2_control_demo_example_8/share/ros2_control_demo_example_8/urdf/rrbot_transmissions_system_position_only.urdf.xacro
[16.576s] -- Up-to-date: /root/dream_ws/install/ros2_control_demo_example_8/share/ros2_control_demo_example_8/launch
[16.576s] -- Installing: /root/dream_ws/install/ros2_control_demo_example_8/share/ros2_control_demo_example_8/launch/test_forward_position_controller.launch.py
[16.576s] -- Installing: /root/dream_ws/install/ros2_control_demo_example_8/share/ros2_control_demo_example_8/launch/rrbot_transmissions_system_position_only.launch.py
[16.576s] -- Installing: /root/dream_ws/install/ros2_control_demo_example_8/share/ros2_control_demo_example_8/config
[16.577s] -- Installing: /root/dream_ws/install/ros2_control_demo_example_8/share/ros2_control_demo_example_8/config/rrbot_controllers.yaml
[16.577s] -- Installing: /root/dream_ws/install/ros2_control_demo_example_8/share/ros2_control_demo_example_8/config/rrbot_forward_position_publisher.yaml
[16.577s] -- Installing: /root/dream_ws/install/ros2_control_demo_example_8/lib/libros2_control_demo_example_8.so
[16.577s] -- Set runtime path of "/root/dream_ws/install/ros2_control_demo_example_8/lib/libros2_control_demo_example_8.so" to ""
[16.578s] -- Installing: /root/dream_ws/install/ros2_control_demo_example_8/share/ros2_control_demo_example_8/environment/library_path.sh
[16.578s] -- Installing: /root/dream_ws/install/ros2_control_demo_example_8/share/ros2_control_demo_example_8/environment/library_path.dsv
[16.578s] -- Installing: /root/dream_ws/install/ros2_control_demo_example_8/share/ament_index/resource_index/package_run_dependencies/ros2_control_demo_example_8
[16.579s] -- Installing: /root/dream_ws/install/ros2_control_demo_example_8/share/ament_index/resource_index/parent_prefix_path/ros2_control_demo_example_8
[16.579s] -- Installing: /root/dream_ws/install/ros2_control_demo_example_8/share/ros2_control_demo_example_8/environment/ament_prefix_path.sh
[16.579s] -- Installing: /root/dream_ws/install/ros2_control_demo_example_8/share/ros2_control_demo_example_8/environment/ament_prefix_path.dsv
[16.579s] -- Installing: /root/dream_ws/install/ros2_control_demo_example_8/share/ros2_control_demo_example_8/environment/path.sh
[16.579s] -- Installing: /root/dream_ws/install/ros2_control_demo_example_8/share/ros2_control_demo_example_8/environment/path.dsv
[16.580s] -- Installing: /root/dream_ws/install/ros2_control_demo_example_8/share/ros2_control_demo_example_8/local_setup.bash
[16.580s] -- Installing: /root/dream_ws/install/ros2_control_demo_example_8/share/ros2_control_demo_example_8/local_setup.sh
[16.580s] -- Installing: /root/dream_ws/install/ros2_control_demo_example_8/share/ros2_control_demo_example_8/local_setup.zsh
[16.580s] -- Installing: /root/dream_ws/install/ros2_control_demo_example_8/share/ros2_control_demo_example_8/local_setup.dsv
[16.581s] -- Installing: /root/dream_ws/install/ros2_control_demo_example_8/share/ros2_control_demo_example_8/package.dsv
[16.581s] -- Installing: /root/dream_ws/install/ros2_control_demo_example_8/share/ament_index/resource_index/packages/ros2_control_demo_example_8
[16.581s] -- Installing: /root/dream_ws/install/ros2_control_demo_example_8/share/ament_index/resource_index/hardware_interface__pluginlib__plugin/ros2_control_demo_example_8
[16.582s] -- Installing: /root/dream_ws/install/ros2_control_demo_example_8/share/ros2_control_demo_example_8/cmake/export_ros2_control_demo_example_8Export.cmake
[16.582s] -- Installing: /root/dream_ws/install/ros2_control_demo_example_8/share/ros2_control_demo_example_8/cmake/export_ros2_control_demo_example_8Export-noconfig.cmake
[16.582s] -- Installing: /root/dream_ws/install/ros2_control_demo_example_8/share/ros2_control_demo_example_8/cmake/ament_cmake_export_targets-extras.cmake
[16.582s] -- Installing: /root/dream_ws/install/ros2_control_demo_example_8/share/ros2_control_demo_example_8/cmake/ament_cmake_export_dependencies-extras.cmake
[16.583s] -- Installing: /root/dream_ws/install/ros2_control_demo_example_8/share/ros2_control_demo_example_8/cmake/ros2_control_demo_example_8Config.cmake
[16.584s] -- Installing: /root/dream_ws/install/ros2_control_demo_example_8/share/ros2_control_demo_example_8/cmake/ros2_control_demo_example_8Config-version.cmake
[16.584s] -- Installing: /root/dream_ws/install/ros2_control_demo_example_8/share/ros2_control_demo_example_8/package.xml
[16.624s] Invoked command in '/root/dream_ws/build/ros2_control_demo_example_8' returned '0': AMENT_PREFIX_PATH=/root/dream_ws/install/ros2_control_demo_testing:/root/dream_ws/install/ros2_control_demo_description:${AMENT_PREFIX_PATH} CMAKE_PREFIX_PATH=/root/dream_ws/install/ros2_control_demo_description:/root/dream_ws/install/ros2_control_demo_example_7:/root/dream_ws/install/ros2_control_demo_example_2:/root/dream_ws/install/kr600:/root/dev_ws/install/simple_bot_config:/root/dev_ws/install/movbot_config:/root/dev_ws/install/simple_bot:/root/dev_ws/install/moveit_demo:/root/dev_ws/install/cobot_simulation_config:/root/dev_ws/install/cobot_simulation:/root/dev_ws/install/basic_mobile_robot:/root/dev_ws/install/arm6axis:/opt/ros/humble PYTHONPATH=/root/dream_ws/install/ros2_control_demo_testing/lib/python3.10/site-packages:${PYTHONPATH} /usr/bin/cmake --install /root/dream_ws/build/ros2_control_demo_example_8
