[0.035s] Invoking command in '/root/dream_ws/build/kr600': CMAKE_PREFIX_PATH=${CMAKE_PREFIX_PATH}:/opt/ros/humble /usr/bin/cmake /root/dream_ws/src/kr600 -DCMAKE_INSTALL_PREFIX=/root/dream_ws/install/kr600
[0.362s] -- The C compiler identification is GNU 11.4.0
[0.543s] -- The CXX compiler identification is GNU 11.4.0
[0.562s] -- Detecting C compiler ABI info
[0.646s] -- Detecting C compiler ABI info - done
[0.657s] -- Check for working C compiler: /usr/bin/cc - skipped
[0.658s] -- Detecting C compile features
[0.659s] -- Detecting C compile features - done
[0.664s] -- Detecting CXX compiler ABI info
[0.750s] -- Detecting CXX compiler ABI info - done
[0.761s] -- Check for working CXX compiler: /usr/bin/c++ - skipped
[0.762s] -- Detecting CXX compile features
[0.762s] -- Detecting CXX compile features - done
[0.798s] -- Found ament_cmake: 1.3.10 (/opt/ros/humble/share/ament_cmake/cmake)
[0.970s] -- Found Python3: /usr/bin/python3 (found version "3.10.12") found components: Interpreter 
[1.135s] -- Found ament_lint_auto: 0.12.11 (/opt/ros/humble/share/ament_lint_auto/cmake)
[1.250s] -- Added test 'flake8' to check Python code syntax and style conventions
[1.251s] -- Added test 'lint_cmake' to check CMake code style
[1.253s] -- Added test 'pep257' to check Python code against some of the docstring style conventions in PEP 257
[1.255s] -- Added test 'xmllint' to check XML markup files
[1.259s] -- Configuring done
[1.264s] -- Generating done
[1.265s] -- Build files have been written to: /root/dream_ws/build/kr600
[1.271s] Invoked command in '/root/dream_ws/build/kr600' returned '0': CMAKE_PREFIX_PATH=${CMAKE_PREFIX_PATH}:/opt/ros/humble /usr/bin/cmake /root/dream_ws/src/kr600 -DCMAKE_INSTALL_PREFIX=/root/dream_ws/install/kr600
[1.272s] Invoking command in '/root/dream_ws/build/kr600': CMAKE_PREFIX_PATH=${CMAKE_PREFIX_PATH}:/opt/ros/humble /usr/bin/cmake --build /root/dream_ws/build/kr600 -- -j12 -l12
[1.304s] Invoked command in '/root/dream_ws/build/kr600' returned '0': CMAKE_PREFIX_PATH=${CMAKE_PREFIX_PATH}:/opt/ros/humble /usr/bin/cmake --build /root/dream_ws/build/kr600 -- -j12 -l12
[1.335s] Invoking command in '/root/dream_ws/build/kr600': CMAKE_PREFIX_PATH=${CMAKE_PREFIX_PATH}:/opt/ros/humble /usr/bin/cmake --install /root/dream_ws/build/kr600
[1.340s] -- Install configuration: ""
[1.340s] -- Installing: /root/dream_ws/install/kr600/share/kr600/launch
[1.341s] -- Installing: /root/dream_ws/install/kr600/share/kr600/launch/kr600.launch.py
[1.341s] -- Installing: /root/dream_ws/install/kr600/share/kr600/meshes
[1.341s] -- Installing: /root/dream_ws/install/kr600/share/kr600/meshes/link6.stl
[1.342s] -- Installing: /root/dream_ws/install/kr600/share/kr600/meshes/base_link.stl
[1.343s] -- Installing: /root/dream_ws/install/kr600/share/kr600/meshes/link4.stl
[1.344s] -- Installing: /root/dream_ws/install/kr600/share/kr600/meshes/link5.stl
[1.345s] -- Installing: /root/dream_ws/install/kr600/share/kr600/meshes/link3.stl
[1.346s] -- Installing: /root/dream_ws/install/kr600/share/kr600/meshes/link2.stl
[1.348s] -- Installing: /root/dream_ws/install/kr600/share/kr600/meshes/description.txt
[1.348s] -- Installing: /root/dream_ws/install/kr600/share/kr600/meshes/link1.stl
[1.349s] -- Installing: /root/dream_ws/install/kr600/share/kr600/rviz
[1.349s] -- Installing: /root/dream_ws/install/kr600/share/kr600/rviz/config.rviz
[1.349s] -- Installing: /root/dream_ws/install/kr600/share/kr600/urdf
[1.350s] -- Installing: /root/dream_ws/install/kr600/share/kr600/urdf/model.urdf.xacro
[1.350s] -- Installing: /root/dream_ws/install/kr600/share/ament_index/resource_index/package_run_dependencies/kr600
[1.350s] -- Installing: /root/dream_ws/install/kr600/share/ament_index/resource_index/parent_prefix_path/kr600
[1.351s] -- Installing: /root/dream_ws/install/kr600/share/kr600/environment/ament_prefix_path.sh
[1.351s] -- Installing: /root/dream_ws/install/kr600/share/kr600/environment/ament_prefix_path.dsv
[1.351s] -- Installing: /root/dream_ws/install/kr600/share/kr600/environment/path.sh
[1.351s] -- Installing: /root/dream_ws/install/kr600/share/kr600/environment/path.dsv
[1.351s] -- Installing: /root/dream_ws/install/kr600/share/kr600/local_setup.bash
[1.352s] -- Installing: /root/dream_ws/install/kr600/share/kr600/local_setup.sh
[1.352s] -- Installing: /root/dream_ws/install/kr600/share/kr600/local_setup.zsh
[1.352s] -- Installing: /root/dream_ws/install/kr600/share/kr600/local_setup.dsv
[1.352s] -- Installing: /root/dream_ws/install/kr600/share/kr600/package.dsv
[1.352s] -- Installing: /root/dream_ws/install/kr600/share/ament_index/resource_index/packages/kr600
[1.352s] -- Installing: /root/dream_ws/install/kr600/share/kr600/cmake/kr600Config.cmake
[1.353s] -- Installing: /root/dream_ws/install/kr600/share/kr600/cmake/kr600Config-version.cmake
[1.353s] -- Installing: /root/dream_ws/install/kr600/share/kr600/package.xml
[1.355s] Invoked command in '/root/dream_ws/build/kr600' returned '0': CMAKE_PREFIX_PATH=${CMAKE_PREFIX_PATH}:/opt/ros/humble /usr/bin/cmake --install /root/dream_ws/build/kr600
