[0.039s] Invoking command in '/root/dream_ws/build/kr600': CMAKE_PREFIX_PATH=${CMAKE_PREFIX_PATH}:/opt/ros/humble /usr/bin/cmake /root/dream_ws/src/kr600 -DCMAKE_INSTALL_PREFIX=/root/dream_ws/install/kr600
[0.456s] -- The C compiler identification is GNU 11.4.0
[0.677s] -- The CXX compiler identification is GNU 11.4.0
[0.696s] -- Detecting C compiler ABI info
[0.817s] -- Detecting C compiler ABI info - done
[0.833s] -- Check for working C compiler: /usr/bin/cc - skipped
[0.834s] -- Detecting C compile features
[0.835s] -- Detecting C compile features - done
[0.842s] -- Detecting CXX compiler ABI info
[0.955s] -- Detecting CXX compiler ABI info - done
[0.971s] -- Check for working CXX compiler: /usr/bin/c++ - skipped
[0.971s] -- Detecting CXX compile features
[0.972s] -- Detecting CXX compile features - done
[1.002s] -- Found ament_cmake: 1.3.10 (/opt/ros/humble/share/ament_cmake/cmake)
[1.245s] -- Found Python3: /usr/bin/python3 (found version "3.10.12") found components: Interpreter 
[1.459s] -- Found ament_lint_auto: 0.12.11 (/opt/ros/humble/share/ament_lint_auto/cmake)
[1.618s] -- Added test 'flake8' to check Python code syntax and style conventions
[1.619s] -- Added test 'lint_cmake' to check CMake code style
[1.621s] -- Added test 'pep257' to check Python code against some of the docstring style conventions in PEP 257
[1.624s] -- Added test 'xmllint' to check XML markup files
[1.628s] -- Configuring done
[1.633s] -- Generating done
[1.634s] -- Build files have been written to: /root/dream_ws/build/kr600
[1.640s] Invoked command in '/root/dream_ws/build/kr600' returned '0': CMAKE_PREFIX_PATH=${CMAKE_PREFIX_PATH}:/opt/ros/humble /usr/bin/cmake /root/dream_ws/src/kr600 -DCMAKE_INSTALL_PREFIX=/root/dream_ws/install/kr600
[1.643s] Invoking command in '/root/dream_ws/build/kr600': CMAKE_PREFIX_PATH=${CMAKE_PREFIX_PATH}:/opt/ros/humble /usr/bin/cmake --build /root/dream_ws/build/kr600 -- -j12 -l12
[1.686s] Invoked command in '/root/dream_ws/build/kr600' returned '0': CMAKE_PREFIX_PATH=${CMAKE_PREFIX_PATH}:/opt/ros/humble /usr/bin/cmake --build /root/dream_ws/build/kr600 -- -j12 -l12
[1.727s] Invoking command in '/root/dream_ws/build/kr600': CMAKE_PREFIX_PATH=${CMAKE_PREFIX_PATH}:/opt/ros/humble /usr/bin/cmake --install /root/dream_ws/build/kr600
[1.735s] -- Install configuration: ""
[1.735s] -- Installing: /root/dream_ws/install/kr600/share/kr600/launch
[1.736s] -- Installing: /root/dream_ws/install/kr600/share/kr600/launch/kr600.launch.py
[1.737s] -- Installing: /root/dream_ws/install/kr600/share/kr600/launch/kr600_1.launch.py
[1.738s] -- Installing: /root/dream_ws/install/kr600/share/kr600/meshes
[1.738s] -- Installing: /root/dream_ws/install/kr600/share/kr600/meshes/link6.stl
[1.744s] -- Installing: /root/dream_ws/install/kr600/share/kr600/meshes/base_link.stl
[1.750s] -- Installing: /root/dream_ws/install/kr600/share/kr600/meshes/link4.stl
[1.756s] -- Installing: /root/dream_ws/install/kr600/share/kr600/meshes/link5.stl
[1.760s] -- Installing: /root/dream_ws/install/kr600/share/kr600/meshes/link3.stl
[1.769s] -- Installing: /root/dream_ws/install/kr600/share/kr600/meshes/link2.stl
[1.776s] -- Installing: /root/dream_ws/install/kr600/share/kr600/meshes/description.txt
[1.776s] -- Installing: /root/dream_ws/install/kr600/share/kr600/meshes/link1.stl
[1.783s] -- Installing: /root/dream_ws/install/kr600/share/kr600/rviz
[1.784s] -- Installing: /root/dream_ws/install/kr600/share/kr600/rviz/config.rviz
[1.784s] -- Installing: /root/dream_ws/install/kr600/share/kr600/urdf
[1.784s] -- Installing: /root/dream_ws/install/kr600/share/kr600/urdf/model.urdf.xacro
[1.785s] -- Installing: /root/dream_ws/install/kr600/share/ament_index/resource_index/package_run_dependencies/kr600
[1.785s] -- Installing: /root/dream_ws/install/kr600/share/ament_index/resource_index/parent_prefix_path/kr600
[1.786s] -- Installing: /root/dream_ws/install/kr600/share/kr600/environment/ament_prefix_path.sh
[1.786s] -- Installing: /root/dream_ws/install/kr600/share/kr600/environment/ament_prefix_path.dsv
[1.786s] -- Installing: /root/dream_ws/install/kr600/share/kr600/environment/path.sh
[1.787s] -- Installing: /root/dream_ws/install/kr600/share/kr600/environment/path.dsv
[1.787s] -- Installing: /root/dream_ws/install/kr600/share/kr600/local_setup.bash
[1.787s] -- Installing: /root/dream_ws/install/kr600/share/kr600/local_setup.sh
[1.788s] -- Installing: /root/dream_ws/install/kr600/share/kr600/local_setup.zsh
[1.788s] -- Installing: /root/dream_ws/install/kr600/share/kr600/local_setup.dsv
[1.788s] -- Installing: /root/dream_ws/install/kr600/share/kr600/package.dsv
[1.788s] -- Installing: /root/dream_ws/install/kr600/share/ament_index/resource_index/packages/kr600
[1.789s] -- Installing: /root/dream_ws/install/kr600/share/kr600/cmake/kr600Config.cmake
[1.789s] -- Installing: /root/dream_ws/install/kr600/share/kr600/cmake/kr600Config-version.cmake
[1.789s] -- Installing: /root/dream_ws/install/kr600/share/kr600/package.xml
[1.792s] Invoked command in '/root/dream_ws/build/kr600' returned '0': CMAKE_PREFIX_PATH=${CMAKE_PREFIX_PATH}:/opt/ros/humble /usr/bin/cmake --install /root/dream_ws/build/kr600
