[0.031s] Invoking command in '/root/dream_ws/build/kr600': CMAKE_PREFIX_PATH=${CMAKE_PREFIX_PATH}:/opt/ros/humble /usr/bin/cmake /root/dream_ws/src/kr600 -DCMAKE_INSTALL_PREFIX=/root/dream_ws/install/kr600
[0.373s] -- The C compiler identification is GNU 11.4.0
[0.559s] -- The CXX compiler identification is GNU 11.4.0
[0.573s] -- Detecting C compiler ABI info
[0.676s] -- Detecting C compiler ABI info - done
[0.687s] -- Check for working C compiler: /usr/bin/cc - skipped
[0.688s] -- Detecting C compile features
[0.689s] -- Detecting C compile features - done
[0.694s] -- Detecting CXX compiler ABI info
[0.792s] -- Detecting CXX compiler ABI info - done
[0.803s] -- Check for working CXX compiler: /usr/bin/c++ - skipped
[0.804s] -- Detecting CXX compile features
[0.804s] -- Detecting CXX compile features - done
[0.830s] -- Found ament_cmake: 1.3.10 (/opt/ros/humble/share/ament_cmake/cmake)
[1.007s] -- Found Python3: /usr/bin/python3 (found version "3.10.12") found components: Interpreter 
[1.171s] -- Found xacro: 2.0.8 (/opt/ros/humble/share/xacro/cmake)
[1.178s] -- Found ros_gz_sim: 0.244.15 (/opt/ros/humble/share/ros_gz_sim/cmake)
[1.322s] -- Found rosidl_generator_c: 3.1.5 (/opt/ros/humble/share/rosidl_generator_c/cmake)
[1.336s] -- Found rosidl_adapter: 3.1.5 (/opt/ros/humble/share/rosidl_adapter/cmake)
[1.359s] -- Found rosidl_generator_cpp: 3.1.5 (/opt/ros/humble/share/rosidl_generator_cpp/cmake)
[1.391s] -- Using all available rosidl_typesupport_c: rosidl_typesupport_fastrtps_c;rosidl_typesupport_introspection_c
[1.430s] -- Using all available rosidl_typesupport_cpp: rosidl_typesupport_fastrtps_cpp;rosidl_typesupport_introspection_cpp
[1.543s] -- Found rmw_implementation_cmake: 6.1.2 (/opt/ros/humble/share/rmw_implementation_cmake/cmake)
[1.552s] -- Found rmw_fastrtps_cpp: 6.2.7 (/opt/ros/humble/share/rmw_fastrtps_cpp/cmake)
[1.697s] -- Found OpenSSL: /usr/lib/x86_64-linux-gnu/libcrypto.so (found version "3.0.2")  
[1.736s] -- Found FastRTPS: /opt/ros/humble/include  
[1.793s] -- Using RMW implementation 'rmw_fastrtps_cpp' as default
[1.819s] -- Looking for pthread.h
[1.901s] -- Looking for pthread.h - found
[1.901s] -- Performing Test CMAKE_HAVE_LIBC_PTHREAD
[1.972s] -- Performing Test CMAKE_HAVE_LIBC_PTHREAD - Success
[1.974s] -- Found Threads: TRUE  
[2.107s] -- Found ament_lint_auto: 0.12.11 (/opt/ros/humble/share/ament_lint_auto/cmake)
[2.226s] -- Added test 'flake8' to check Python code syntax and style conventions
[2.227s] -- Added test 'lint_cmake' to check CMake code style
[2.228s] -- Added test 'pep257' to check Python code against some of the docstring style conventions in PEP 257
[2.231s] -- Added test 'xmllint' to check XML markup files
[2.233s] -- Configuring done
[2.239s] -- Generating done
[2.241s] -- Build files have been written to: /root/dream_ws/build/kr600
[2.252s] Invoked command in '/root/dream_ws/build/kr600' returned '0': CMAKE_PREFIX_PATH=${CMAKE_PREFIX_PATH}:/opt/ros/humble /usr/bin/cmake /root/dream_ws/src/kr600 -DCMAKE_INSTALL_PREFIX=/root/dream_ws/install/kr600
[2.252s] Invoking command in '/root/dream_ws/build/kr600': CMAKE_PREFIX_PATH=${CMAKE_PREFIX_PATH}:/opt/ros/humble /usr/bin/cmake --build /root/dream_ws/build/kr600 -- -j12 -l12
[2.285s] Invoked command in '/root/dream_ws/build/kr600' returned '0': CMAKE_PREFIX_PATH=${CMAKE_PREFIX_PATH}:/opt/ros/humble /usr/bin/cmake --build /root/dream_ws/build/kr600 -- -j12 -l12
[2.314s] Invoking command in '/root/dream_ws/build/kr600': CMAKE_PREFIX_PATH=${CMAKE_PREFIX_PATH}:/opt/ros/humble /usr/bin/cmake --install /root/dream_ws/build/kr600
[2.320s] -- Install configuration: ""
[2.320s] -- Installing: /root/dream_ws/install/kr600/share/kr600/launch
[2.320s] -- Installing: /root/dream_ws/install/kr600/share/kr600/launch/kr600.launch.py
[2.321s] -- Installing: /root/dream_ws/install/kr600/share/kr600/launch/kr600_1.launch.py
[2.322s] -- Installing: /root/dream_ws/install/kr600/share/kr600/meshes
[2.322s] -- Installing: /root/dream_ws/install/kr600/share/kr600/meshes/link6.stl
[2.325s] -- Installing: /root/dream_ws/install/kr600/share/kr600/meshes/base_link.stl
[2.330s] -- Installing: /root/dream_ws/install/kr600/share/kr600/meshes/link4.stl
[2.335s] -- Installing: /root/dream_ws/install/kr600/share/kr600/meshes/link5.stl
[2.338s] -- Installing: /root/dream_ws/install/kr600/share/kr600/meshes/link3.stl
[2.345s] -- Installing: /root/dream_ws/install/kr600/share/kr600/meshes/link2.stl
[2.351s] -- Installing: /root/dream_ws/install/kr600/share/kr600/meshes/link1.stl
[2.357s] -- Installing: /root/dream_ws/install/kr600/share/kr600/rviz
[2.357s] -- Installing: /root/dream_ws/install/kr600/share/kr600/rviz/config.rviz
[2.357s] -- Installing: /root/dream_ws/install/kr600/share/kr600/urdf
[2.358s] -- Installing: /root/dream_ws/install/kr600/share/kr600/urdf/model.urdf.xacro
[2.358s] -- Installing: /root/dream_ws/install/kr600/share/ament_index/resource_index/package_run_dependencies/kr600
[2.358s] -- Installing: /root/dream_ws/install/kr600/share/ament_index/resource_index/parent_prefix_path/kr600
[2.358s] -- Installing: /root/dream_ws/install/kr600/share/kr600/environment/ament_prefix_path.sh
[2.359s] -- Installing: /root/dream_ws/install/kr600/share/kr600/environment/ament_prefix_path.dsv
[2.359s] -- Installing: /root/dream_ws/install/kr600/share/kr600/environment/path.sh
[2.359s] -- Installing: /root/dream_ws/install/kr600/share/kr600/environment/path.dsv
[2.359s] -- Installing: /root/dream_ws/install/kr600/share/kr600/local_setup.bash
[2.360s] -- Installing: /root/dream_ws/install/kr600/share/kr600/local_setup.sh
[2.360s] -- Installing: /root/dream_ws/install/kr600/share/kr600/local_setup.zsh
[2.360s] -- Installing: /root/dream_ws/install/kr600/share/kr600/local_setup.dsv
[2.360s] -- Installing: /root/dream_ws/install/kr600/share/kr600/package.dsv
[2.360s] -- Installing: /root/dream_ws/install/kr600/share/ament_index/resource_index/packages/kr600
[2.360s] -- Installing: /root/dream_ws/install/kr600/share/kr600/cmake/kr600Config.cmake
[2.361s] -- Installing: /root/dream_ws/install/kr600/share/kr600/cmake/kr600Config-version.cmake
[2.361s] -- Installing: /root/dream_ws/install/kr600/share/kr600/package.xml
[2.362s] Invoked command in '/root/dream_ws/build/kr600' returned '0': CMAKE_PREFIX_PATH=${CMAKE_PREFIX_PATH}:/opt/ros/humble /usr/bin/cmake --install /root/dream_ws/build/kr600
