[0.022s] Invoking command in '/root/dream_ws/build/kr600': CMAKE_PREFIX_PATH=${CMAKE_PREFIX_PATH}:/opt/ros/humble /usr/bin/cmake /root/dream_ws/src/kr600 -DCMAKE_INSTALL_PREFIX=/root/dream_ws/install/kr600
[0.094s] -- The C compiler identification is GNU 11.4.0
[0.181s] -- The CXX compiler identification is GNU 11.4.0
[0.192s] -- Detecting C compiler ABI info
[0.298s] -- Detecting C compiler ABI info - done
[0.316s] -- Check for working C compiler: /usr/bin/cc - skipped
[0.316s] -- Detecting C compile features
[0.317s] -- Detecting C compile features - done
[0.323s] -- Detecting CXX compiler ABI info
[0.437s] -- Detecting CXX compiler ABI info - done
[0.455s] -- Check for working CXX compiler: /usr/bin/c++ - skipped
[0.456s] -- Detecting CXX compile features
[0.456s] -- Detecting CXX compile features - done
[0.464s] -- Found ament_cmake: 1.3.10 (/opt/ros/humble/share/ament_cmake/cmake)
[0.696s] -- Found Python3: /usr/bin/python3 (found version "3.10.12") found components: Interpreter 
[0.868s] -- Found ament_lint_auto: 0.12.11 (/opt/ros/humble/share/ament_lint_auto/cmake)
[1.006s] -- Added test 'flake8' to check Python code syntax and style conventions
[1.008s] -- Added test 'lint_cmake' to check CMake code style
[1.009s] -- Added test 'pep257' to check Python code against some of the docstring style conventions in PEP 257
[1.012s] -- Added test 'xmllint' to check XML markup files
[1.015s] -- Configuring done
[1.020s] -- Generating done
[1.021s] -- Build files have been written to: /root/dream_ws/build/kr600
[1.029s] Invoked command in '/root/dream_ws/build/kr600' returned '0': CMAKE_PREFIX_PATH=${CMAKE_PREFIX_PATH}:/opt/ros/humble /usr/bin/cmake /root/dream_ws/src/kr600 -DCMAKE_INSTALL_PREFIX=/root/dream_ws/install/kr600
[1.030s] Invoking command in '/root/dream_ws/build/kr600': CMAKE_PREFIX_PATH=${CMAKE_PREFIX_PATH}:/opt/ros/humble /usr/bin/cmake --build /root/dream_ws/build/kr600 -- -j12 -l12
[1.082s] Invoked command in '/root/dream_ws/build/kr600' returned '0': CMAKE_PREFIX_PATH=${CMAKE_PREFIX_PATH}:/opt/ros/humble /usr/bin/cmake --build /root/dream_ws/build/kr600 -- -j12 -l12
[1.130s] Invoking command in '/root/dream_ws/build/kr600': CMAKE_PREFIX_PATH=${CMAKE_PREFIX_PATH}:/opt/ros/humble /usr/bin/cmake --install /root/dream_ws/build/kr600
[1.139s] -- Install configuration: ""
[1.140s] -- Installing: /root/dream_ws/install/kr600/share/kr600/launch
[1.140s] -- Installing: /root/dream_ws/install/kr600/share/kr600/launch/kr600.launch.py
[1.140s] -- Installing: /root/dream_ws/install/kr600/share/kr600/launch/kr600_1.launch.py
[1.140s] -- Installing: /root/dream_ws/install/kr600/share/kr600/meshes
[1.140s] -- Installing: /root/dream_ws/install/kr600/share/kr600/meshes/link6.stl
[1.141s] -- Installing: /root/dream_ws/install/kr600/share/kr600/meshes/base_link.stl
[1.143s] -- Installing: /root/dream_ws/install/kr600/share/kr600/meshes/link4.stl
[1.145s] -- Installing: /root/dream_ws/install/kr600/share/kr600/meshes/link5.stl
[1.146s] -- Installing: /root/dream_ws/install/kr600/share/kr600/meshes/link3.stl
[1.148s] -- Installing: /root/dream_ws/install/kr600/share/kr600/meshes/link2.stl
[1.150s] -- Installing: /root/dream_ws/install/kr600/share/kr600/meshes/description.txt
[1.151s] -- Installing: /root/dream_ws/install/kr600/share/kr600/meshes/link1.stl
[1.152s] -- Installing: /root/dream_ws/install/kr600/share/kr600/rviz
[1.153s] -- Installing: /root/dream_ws/install/kr600/share/kr600/rviz/config.rviz
[1.153s] -- Installing: /root/dream_ws/install/kr600/share/kr600/urdf
[1.153s] -- Installing: /root/dream_ws/install/kr600/share/kr600/urdf/model.urdf.xacro
[1.154s] -- Installing: /root/dream_ws/install/kr600/share/ament_index/resource_index/package_run_dependencies/kr600
[1.154s] -- Installing: /root/dream_ws/install/kr600/share/ament_index/resource_index/parent_prefix_path/kr600
[1.154s] -- Installing: /root/dream_ws/install/kr600/share/kr600/environment/ament_prefix_path.sh
[1.155s] -- Installing: /root/dream_ws/install/kr600/share/kr600/environment/ament_prefix_path.dsv
[1.155s] -- Installing: /root/dream_ws/install/kr600/share/kr600/environment/path.sh
[1.155s] -- Installing: /root/dream_ws/install/kr600/share/kr600/environment/path.dsv
[1.156s] -- Installing: /root/dream_ws/install/kr600/share/kr600/local_setup.bash
[1.156s] -- Installing: /root/dream_ws/install/kr600/share/kr600/local_setup.sh
[1.156s] -- Installing: /root/dream_ws/install/kr600/share/kr600/local_setup.zsh
[1.156s] -- Installing: /root/dream_ws/install/kr600/share/kr600/local_setup.dsv
[1.157s] -- Installing: /root/dream_ws/install/kr600/share/kr600/package.dsv
[1.157s] -- Installing: /root/dream_ws/install/kr600/share/ament_index/resource_index/packages/kr600
[1.157s] -- Installing: /root/dream_ws/install/kr600/share/kr600/cmake/kr600Config.cmake
[1.158s] -- Installing: /root/dream_ws/install/kr600/share/kr600/cmake/kr600Config-version.cmake
[1.158s] -- Installing: /root/dream_ws/install/kr600/share/kr600/package.xml
[1.161s] Invoked command in '/root/dream_ws/build/kr600' returned '0': CMAKE_PREFIX_PATH=${CMAKE_PREFIX_PATH}:/opt/ros/humble /usr/bin/cmake --install /root/dream_ws/build/kr600
