[0.024s] Invoking command in '/root/dream_ws/build/ros2_control_demo_example_8': AMENT_PREFIX_PATH=/root/dream_ws/install/ros2_control_demo_testing:/root/dream_ws/install/ros2_control_demo_description:${AMENT_PREFIX_PATH} CMAKE_PREFIX_PATH=/root/dream_ws/install/ros2_control_demo_description:/root/dream_ws/install/kr600:/root/dev_ws/install/simple_bot_config:/root/dev_ws/install/movbot_config:/root/dev_ws/install/simple_bot:/root/dev_ws/install/moveit_demo:/root/dev_ws/install/cobot_simulation_config:/root/dev_ws/install/cobot_simulation:/root/dev_ws/install/basic_mobile_robot:/root/dev_ws/install/arm6axis:/opt/ros/humble PYTHONPATH=/root/dream_ws/install/ros2_control_demo_testing/lib/python3.10/site-packages:${PYTHONPATH} /usr/bin/cmake /root/dream_ws/src/ros2_control_demos/example_8 -DCMAKE_INSTALL_PREFIX=/root/dream_ws/install/ros2_control_demo_example_8
[4.844s] -- The CXX compiler identification is GNU 11.4.0
[4.845s] -- Detecting CXX compiler ABI info
[4.845s] -- Detecting CXX compiler ABI info - done
[4.845s] -- Check for working CXX compiler: /usr/bin/c++ - skipped
[4.845s] -- Detecting CXX compile features
[4.845s] -- Detecting CXX compile features - done
[4.845s] -- Found ament_cmake: 1.3.10 (/opt/ros/humble/share/ament_cmake/cmake)
[4.845s] -- Found Python3: /usr/bin/python3 (found version "3.10.12") found components: Interpreter 
[4.845s] -- Found hardware_interface: 2.42.0 (/opt/ros/humble/share/hardware_interface/cmake)
[4.845s] -- Found rosidl_generator_c: 3.1.5 (/opt/ros/humble/share/rosidl_generator_c/cmake)
[4.845s] -- Found rosidl_adapter: 3.1.5 (/opt/ros/humble/share/rosidl_adapter/cmake)
[4.845s] -- Found rosidl_generator_cpp: 3.1.5 (/opt/ros/humble/share/rosidl_generator_cpp/cmake)
[4.845s] -- Using all available rosidl_typesupport_c: rosidl_typesupport_fastrtps_c;rosidl_typesupport_introspection_c
[4.846s] -- Using all available rosidl_typesupport_cpp: rosidl_typesupport_fastrtps_cpp;rosidl_typesupport_introspection_cpp
[4.846s] -- Found rmw_implementation_cmake: 6.1.2 (/opt/ros/humble/share/rmw_implementation_cmake/cmake)
[4.846s] -- Found rmw_fastrtps_cpp: 6.2.7 (/opt/ros/humble/share/rmw_fastrtps_cpp/cmake)
[4.846s] -- Found TinyXML2 via Config file: TinyXML2_DIR-NOTFOUND
[4.846s] -- Found OpenSSL: /usr/lib/x86_64-linux-gnu/libcrypto.so (found version "3.0.2")  
[4.846s] -- Found TinyXML2 via Config file: TinyXML2_DIR-NOTFOUND
[4.846s] -- Found FastRTPS: /opt/ros/humble/include  
[4.846s] -- Found TinyXML2 via Config file: TinyXML2_DIR-NOTFOUND
[4.846s] -- Found TinyXML2 via Config file: TinyXML2_DIR-NOTFOUND
[4.846s] -- Using RMW implementation 'rmw_fastrtps_cpp' as default
[4.846s] -- Looking for C++ include pthread.h
[4.846s] -- Looking for C++ include pthread.h - found
[4.847s] -- Performing Test CMAKE_HAVE_LIBC_PTHREAD
[4.847s] -- Performing Test CMAKE_HAVE_LIBC_PTHREAD - Success
[4.847s] -- Found Threads: TRUE  
[4.847s] -- Found transmission_interface: 2.42.0 (/opt/ros/humble/share/transmission_interface/cmake)
[4.847s] -- Found ament_cmake_pytest: 1.3.10 (/opt/ros/humble/share/ament_cmake_pytest/cmake)
