[0.091s] Invoking command in '/root/dream_ws/build/ros2_control_demo_example_7': AMENT_PREFIX_PATH=/root/dream_ws/install/ros2_control_demo_testing:/root/dream_ws/install/ros2_control_demo_description:${AMENT_PREFIX_PATH} CMAKE_PREFIX_PATH=/root/dream_ws/install/ros2_control_demo_description:/root/dream_ws/install/ros2_control_demo_example_7:/root/dream_ws/install/ros2_control_demo_example_2:/root/dream_ws/install/kr600:/root/dev_ws/install/simple_bot_config:/root/dev_ws/install/movbot_config:/root/dev_ws/install/simple_bot:/root/dev_ws/install/moveit_demo:/root/dev_ws/install/cobot_simulation_config:/root/dev_ws/install/cobot_simulation:/root/dev_ws/install/basic_mobile_robot:/root/dev_ws/install/arm6axis:/opt/ros/humble PYTHONPATH=/root/dream_ws/install/ros2_control_demo_testing/lib/python3.10/site-packages:${PYTHONPATH} /usr/bin/cmake /root/dream_ws/src/ros2_control_demos/example_7 -DCMAKE_INSTALL_PREFIX=/root/dream_ws/install/ros2_control_demo_example_7
[4.982s] -- The CXX compiler identification is GNU 11.4.0
[4.982s] -- Detecting CXX compiler ABI info
[4.983s] -- Detecting CXX compiler ABI info - done
[4.983s] -- Check for working CXX compiler: /usr/bin/c++ - skipped
[4.983s] -- Detecting CXX compile features
[4.983s] -- Detecting CXX compile features - done
[4.983s] -- Found ament_cmake: 1.3.10 (/opt/ros/humble/share/ament_cmake/cmake)
[4.983s] -- Found Python3: /usr/bin/python3 (found version "3.10.12") found components: Interpreter 
[4.984s] -- Found pluginlib: 5.1.0 (/opt/ros/humble/share/pluginlib/cmake)
[4.984s] -- Found hardware_interface: 2.42.0 (/opt/ros/humble/share/hardware_interface/cmake)
[4.984s] -- Found rosidl_generator_c: 3.1.5 (/opt/ros/humble/share/rosidl_generator_c/cmake)
[4.984s] -- Found rosidl_adapter: 3.1.5 (/opt/ros/humble/share/rosidl_adapter/cmake)
[4.984s] -- Found rosidl_generator_cpp: 3.1.5 (/opt/ros/humble/share/rosidl_generator_cpp/cmake)
[4.984s] -- Using all available rosidl_typesupport_c: rosidl_typesupport_fastrtps_c;rosidl_typesupport_introspection_c
[4.985s] -- Using all available rosidl_typesupport_cpp: rosidl_typesupport_fastrtps_cpp;rosidl_typesupport_introspection_cpp
[4.985s] -- Found rmw_implementation_cmake: 6.1.2 (/opt/ros/humble/share/rmw_implementation_cmake/cmake)
[4.985s] -- Found rmw_fastrtps_cpp: 6.2.7 (/opt/ros/humble/share/rmw_fastrtps_cpp/cmake)
[4.985s] -- Found TinyXML2 via Config file: TinyXML2_DIR-NOTFOUND
[4.985s] -- Found OpenSSL: /usr/lib/x86_64-linux-gnu/libcrypto.so (found version "3.0.2")  
[4.986s] -- Found TinyXML2 via Config file: TinyXML2_DIR-NOTFOUND
[4.986s] -- Found FastRTPS: /opt/ros/humble/include  
[4.986s] -- Found TinyXML2 via Config file: TinyXML2_DIR-NOTFOUND
[4.986s] -- Found TinyXML2 via Config file: TinyXML2_DIR-NOTFOUND
[4.986s] -- Using RMW implementation 'rmw_fastrtps_cpp' as default
[4.986s] -- Looking for C++ include pthread.h
[4.987s] -- Looking for C++ include pthread.h - found
[4.987s] -- Performing Test CMAKE_HAVE_LIBC_PTHREAD
[4.987s] -- Performing Test CMAKE_HAVE_LIBC_PTHREAD - Success
[4.987s] -- Found Threads: TRUE  
[4.987s] -- Found kdl_parser: 2.6.4 (/opt/ros/humble/share/kdl_parser/cmake)
[4.987s] -- Found eigen3_cmake_module: 0.1.1 (/opt/ros/humble/share/eigen3_cmake_module/cmake)
[4.988s] -- Found Eigen3: TRUE (found version "3.4.0") 
[4.988s] -- Ensuring Eigen3 include directory is part of orocos-kdl CMake target
[4.988s] -- Found controller_interface: 2.42.0 (/opt/ros/humble/share/controller_interface/cmake)
[4.988s] -- Found realtime_tools: 2.5.0 (/opt/ros/humble/share/realtime_tools/cmake)
[4.988s] -- Found ament_cmake_pytest: 1.3.10 (/opt/ros/humble/share/ament_cmake_pytest/cmake)
[5.080s] -- Configuring done
[5.188s] -- Generating done
[5.189s] -- Build files have been written to: /root/dream_ws/build/ros2_control_demo_example_7
[5.206s] Invoked command in '/root/dream_ws/build/ros2_control_demo_example_7' returned '0': AMENT_PREFIX_PATH=/root/dream_ws/install/ros2_control_demo_testing:/root/dream_ws/install/ros2_control_demo_description:${AMENT_PREFIX_PATH} CMAKE_PREFIX_PATH=/root/dream_ws/install/ros2_control_demo_description:/root/dream_ws/install/ros2_control_demo_example_7:/root/dream_ws/install/ros2_control_demo_example_2:/root/dream_ws/install/kr600:/root/dev_ws/install/simple_bot_config:/root/dev_ws/install/movbot_config:/root/dev_ws/install/simple_bot:/root/dev_ws/install/moveit_demo:/root/dev_ws/install/cobot_simulation_config:/root/dev_ws/install/cobot_simulation:/root/dev_ws/install/basic_mobile_robot:/root/dev_ws/install/arm6axis:/opt/ros/humble PYTHONPATH=/root/dream_ws/install/ros2_control_demo_testing/lib/python3.10/site-packages:${PYTHONPATH} /usr/bin/cmake /root/dream_ws/src/ros2_control_demos/example_7 -DCMAKE_INSTALL_PREFIX=/root/dream_ws/install/ros2_control_demo_example_7
[5.207s] Invoking command in '/root/dream_ws/build/ros2_control_demo_example_7': AMENT_PREFIX_PATH=/root/dream_ws/install/ros2_control_demo_testing:/root/dream_ws/install/ros2_control_demo_description:${AMENT_PREFIX_PATH} CMAKE_PREFIX_PATH=/root/dream_ws/install/ros2_control_demo_description:/root/dream_ws/install/ros2_control_demo_example_7:/root/dream_ws/install/ros2_control_demo_example_2:/root/dream_ws/install/kr600:/root/dev_ws/install/simple_bot_config:/root/dev_ws/install/movbot_config:/root/dev_ws/install/simple_bot:/root/dev_ws/install/moveit_demo:/root/dev_ws/install/cobot_simulation_config:/root/dev_ws/install/cobot_simulation:/root/dev_ws/install/basic_mobile_robot:/root/dev_ws/install/arm6axis:/opt/ros/humble PYTHONPATH=/root/dream_ws/install/ros2_control_demo_testing/lib/python3.10/site-packages:${PYTHONPATH} /usr/bin/cmake --build /root/dream_ws/build/ros2_control_demo_example_7 -- -j12 -l12
[16.465s] [ 20%] [32mBuilding CXX object CMakeFiles/ros2_control_demo_example_7.dir/controller/r6bot_controller.cpp.o[0m
[16.466s] [ 40%] [32mBuilding CXX object CMakeFiles/send_trajectory.dir/reference_generator/send_trajectory.cpp.o[0m
[16.466s] [ 60%] [32mBuilding CXX object CMakeFiles/ros2_control_demo_example_7.dir/hardware/r6bot_hardware.cpp.o[0m
[19.630s] [ 80%] [32m[1mLinking CXX executable send_trajectory[0m
[19.879s] [ 80%] Built target send_trajectory
[23.163s] [100%] [32m[1mLinking CXX shared library libros2_control_demo_example_7.so[0m
[23.978s] [100%] Built target ros2_control_demo_example_7
[23.991s] Invoked command in '/root/dream_ws/build/ros2_control_demo_example_7' returned '0': AMENT_PREFIX_PATH=/root/dream_ws/install/ros2_control_demo_testing:/root/dream_ws/install/ros2_control_demo_description:${AMENT_PREFIX_PATH} CMAKE_PREFIX_PATH=/root/dream_ws/install/ros2_control_demo_description:/root/dream_ws/install/ros2_control_demo_example_7:/root/dream_ws/install/ros2_control_demo_example_2:/root/dream_ws/install/kr600:/root/dev_ws/install/simple_bot_config:/root/dev_ws/install/movbot_config:/root/dev_ws/install/simple_bot:/root/dev_ws/install/moveit_demo:/root/dev_ws/install/cobot_simulation_config:/root/dev_ws/install/cobot_simulation:/root/dev_ws/install/basic_mobile_robot:/root/dev_ws/install/arm6axis:/opt/ros/humble PYTHONPATH=/root/dream_ws/install/ros2_control_demo_testing/lib/python3.10/site-packages:${PYTHONPATH} /usr/bin/cmake --build /root/dream_ws/build/ros2_control_demo_example_7 -- -j12 -l12
[24.023s] Invoking command in '/root/dream_ws/build/ros2_control_demo_example_7': AMENT_PREFIX_PATH=/root/dream_ws/install/ros2_control_demo_testing:/root/dream_ws/install/ros2_control_demo_description:${AMENT_PREFIX_PATH} CMAKE_PREFIX_PATH=/root/dream_ws/install/ros2_control_demo_description:/root/dream_ws/install/ros2_control_demo_example_7:/root/dream_ws/install/ros2_control_demo_example_2:/root/dream_ws/install/kr600:/root/dev_ws/install/simple_bot_config:/root/dev_ws/install/movbot_config:/root/dev_ws/install/simple_bot:/root/dev_ws/install/moveit_demo:/root/dev_ws/install/cobot_simulation_config:/root/dev_ws/install/cobot_simulation:/root/dev_ws/install/basic_mobile_robot:/root/dev_ws/install/arm6axis:/opt/ros/humble PYTHONPATH=/root/dream_ws/install/ros2_control_demo_testing/lib/python3.10/site-packages:${PYTHONPATH} /usr/bin/cmake --install /root/dream_ws/build/ros2_control_demo_example_7
[24.031s] -- Install configuration: ""
[24.032s] -- Installing: /root/dream_ws/install/ros2_control_demo_example_7/share/ros2_control_demo_example_7/ros2_control_demo_example_7.xml
[24.032s] -- Up-to-date: /root/dream_ws/install/ros2_control_demo_example_7/share/ros2_control_demo_example_7/ros2_control_demo_example_7.xml
[24.033s] -- Installing: /root/dream_ws/install/ros2_control_demo_example_7/include/ros2_control_demo_example_7
[24.033s] -- Installing: /root/dream_ws/install/ros2_control_demo_example_7/include/ros2_control_demo_example_7/ros2_control_demo_example_7
[24.033s] -- Installing: /root/dream_ws/install/ros2_control_demo_example_7/include/ros2_control_demo_example_7/ros2_control_demo_example_7/r6bot_hardware.hpp
[24.033s] -- Installing: /root/dream_ws/install/ros2_control_demo_example_7/share/ros2_control_demo_example_7/launch
[24.034s] -- Installing: /root/dream_ws/install/ros2_control_demo_example_7/share/ros2_control_demo_example_7/launch/view_r6bot.launch.py
[24.034s] -- Installing: /root/dream_ws/install/ros2_control_demo_example_7/share/ros2_control_demo_example_7/ros2_control
[24.035s] -- Installing: /root/dream_ws/install/ros2_control_demo_example_7/share/ros2_control_demo_example_7/ros2_control/r6bot.ros2_control.xacro
[24.035s] -- Installing: /root/dream_ws/install/ros2_control_demo_example_7/share/ros2_control_demo_example_7/urdf
[24.035s] -- Installing: /root/dream_ws/install/ros2_control_demo_example_7/share/ros2_control_demo_example_7/urdf/r6bot.urdf.xacro
[24.035s] -- Up-to-date: /root/dream_ws/install/ros2_control_demo_example_7/share/ros2_control_demo_example_7/launch
[24.036s] -- Installing: /root/dream_ws/install/ros2_control_demo_example_7/share/ros2_control_demo_example_7/launch/r6bot_controller.launch.py
[24.036s] -- Installing: /root/dream_ws/install/ros2_control_demo_example_7/share/ros2_control_demo_example_7/launch/send_trajectory.launch.py
[24.036s] -- Installing: /root/dream_ws/install/ros2_control_demo_example_7/share/ros2_control_demo_example_7/config
[24.036s] -- Installing: /root/dream_ws/install/ros2_control_demo_example_7/share/ros2_control_demo_example_7/config/r6bot_controller.yaml
[24.036s] -- Installing: /root/dream_ws/install/ros2_control_demo_example_7/lib/ros2_control_demo_example_7/send_trajectory
[24.037s] -- Set runtime path of "/root/dream_ws/install/ros2_control_demo_example_7/lib/ros2_control_demo_example_7/send_trajectory" to ""
[24.037s] -- Installing: /root/dream_ws/install/ros2_control_demo_example_7/lib/libros2_control_demo_example_7.so
[24.041s] -- Set runtime path of "/root/dream_ws/install/ros2_control_demo_example_7/lib/libros2_control_demo_example_7.so" to ""
[24.041s] -- Installing: /root/dream_ws/install/ros2_control_demo_example_7/share/ros2_control_demo_example_7/environment/library_path.sh
[24.041s] -- Installing: /root/dream_ws/install/ros2_control_demo_example_7/share/ros2_control_demo_example_7/environment/library_path.dsv
[24.042s] -- Installing: /root/dream_ws/install/ros2_control_demo_example_7/share/ament_index/resource_index/package_run_dependencies/ros2_control_demo_example_7
[24.042s] -- Installing: /root/dream_ws/install/ros2_control_demo_example_7/share/ament_index/resource_index/parent_prefix_path/ros2_control_demo_example_7
[24.042s] -- Installing: /root/dream_ws/install/ros2_control_demo_example_7/share/ros2_control_demo_example_7/environment/ament_prefix_path.sh
[24.042s] -- Installing: /root/dream_ws/install/ros2_control_demo_example_7/share/ros2_control_demo_example_7/environment/ament_prefix_path.dsv
[24.042s] -- Installing: /root/dream_ws/install/ros2_control_demo_example_7/share/ros2_control_demo_example_7/environment/path.sh
[24.043s] -- Installing: /root/dream_ws/install/ros2_control_demo_example_7/share/ros2_control_demo_example_7/environment/path.dsv
[24.043s] -- Installing: /root/dream_ws/install/ros2_control_demo_example_7/share/ros2_control_demo_example_7/local_setup.bash
[24.043s] -- Installing: /root/dream_ws/install/ros2_control_demo_example_7/share/ros2_control_demo_example_7/local_setup.sh
[24.043s] -- Installing: /root/dream_ws/install/ros2_control_demo_example_7/share/ros2_control_demo_example_7/local_setup.zsh
[24.044s] -- Installing: /root/dream_ws/install/ros2_control_demo_example_7/share/ros2_control_demo_example_7/local_setup.dsv
[24.044s] -- Installing: /root/dream_ws/install/ros2_control_demo_example_7/share/ros2_control_demo_example_7/package.dsv
[24.044s] -- Installing: /root/dream_ws/install/ros2_control_demo_example_7/share/ament_index/resource_index/packages/ros2_control_demo_example_7
[24.045s] -- Installing: /root/dream_ws/install/ros2_control_demo_example_7/share/ament_index/resource_index/hardware_interface__pluginlib__plugin/ros2_control_demo_example_7
[24.045s] -- Installing: /root/dream_ws/install/ros2_control_demo_example_7/share/ament_index/resource_index/controller_interface__pluginlib__plugin/ros2_control_demo_example_7
[24.045s] -- Installing: /root/dream_ws/install/ros2_control_demo_example_7/share/ros2_control_demo_example_7/cmake/export_ros2_control_demo_example_7Export.cmake
[24.045s] -- Installing: /root/dream_ws/install/ros2_control_demo_example_7/share/ros2_control_demo_example_7/cmake/export_ros2_control_demo_example_7Export-noconfig.cmake
[24.046s] -- Installing: /root/dream_ws/install/ros2_control_demo_example_7/share/ros2_control_demo_example_7/cmake/ament_cmake_export_targets-extras.cmake
[24.046s] -- Installing: /root/dream_ws/install/ros2_control_demo_example_7/share/ros2_control_demo_example_7/cmake/ament_cmake_export_dependencies-extras.cmake
[24.046s] -- Installing: /root/dream_ws/install/ros2_control_demo_example_7/share/ros2_control_demo_example_7/cmake/ros2_control_demo_example_7Config.cmake
[24.046s] -- Installing: /root/dream_ws/install/ros2_control_demo_example_7/share/ros2_control_demo_example_7/cmake/ros2_control_demo_example_7Config-version.cmake
[24.046s] -- Installing: /root/dream_ws/install/ros2_control_demo_example_7/share/ros2_control_demo_example_7/package.xml
[24.048s] Invoked command in '/root/dream_ws/build/ros2_control_demo_example_7' returned '0': AMENT_PREFIX_PATH=/root/dream_ws/install/ros2_control_demo_testing:/root/dream_ws/install/ros2_control_demo_description:${AMENT_PREFIX_PATH} CMAKE_PREFIX_PATH=/root/dream_ws/install/ros2_control_demo_description:/root/dream_ws/install/ros2_control_demo_example_7:/root/dream_ws/install/ros2_control_demo_example_2:/root/dream_ws/install/kr600:/root/dev_ws/install/simple_bot_config:/root/dev_ws/install/movbot_config:/root/dev_ws/install/simple_bot:/root/dev_ws/install/moveit_demo:/root/dev_ws/install/cobot_simulation_config:/root/dev_ws/install/cobot_simulation:/root/dev_ws/install/basic_mobile_robot:/root/dev_ws/install/arm6axis:/opt/ros/humble PYTHONPATH=/root/dream_ws/install/ros2_control_demo_testing/lib/python3.10/site-packages:${PYTHONPATH} /usr/bin/cmake --install /root/dream_ws/build/ros2_control_demo_example_7
