[0.015s] Invoking command in '/root/dream_ws/build/kr600': CMAKE_PREFIX_PATH=${CMAKE_PREFIX_PATH}:/opt/ros/humble /usr/bin/cmake /root/dream_ws/src/kr600 -DCMAKE_INSTALL_PREFIX=/root/dream_ws/install/kr600
[0.072s] -- The C compiler identification is GNU 11.4.0
[0.128s] -- The CXX compiler identification is GNU 11.4.0
[0.135s] -- Detecting C compiler ABI info
[0.198s] -- Detecting C compiler ABI info - done
[0.209s] -- Check for working C compiler: /usr/bin/cc - skipped
[0.209s] -- Detecting C compile features
[0.210s] -- Detecting C compile features - done
[0.213s] -- Detecting CXX compiler ABI info
[0.287s] -- Detecting CXX compiler ABI info - done
[0.298s] -- Check for working CXX compiler: /usr/bin/c++ - skipped
[0.298s] -- Detecting CXX compile features
[0.299s] -- Detecting CXX compile features - done
[0.304s] -- Found ament_cmake: 1.3.10 (/opt/ros/humble/share/ament_cmake/cmake)
[0.458s] -- Found Python3: /usr/bin/python3 (found version "3.10.12") found components: Interpreter 
[0.582s] -- Found ament_lint_auto: 0.12.11 (/opt/ros/humble/share/ament_lint_auto/cmake)
[0.682s] -- Added test 'flake8' to check Python code syntax and style conventions
[0.683s] -- Added test 'lint_cmake' to check CMake code style
[0.684s] -- Added test 'pep257' to check Python code against some of the docstring style conventions in PEP 257
[0.686s] -- Added test 'xmllint' to check XML markup files
[0.688s] -- Configuring done
[0.692s] -- Generating done
[0.693s] -- Build files have been written to: /root/dream_ws/build/kr600
[0.697s] Invoked command in '/root/dream_ws/build/kr600' returned '0': CMAKE_PREFIX_PATH=${CMAKE_PREFIX_PATH}:/opt/ros/humble /usr/bin/cmake /root/dream_ws/src/kr600 -DCMAKE_INSTALL_PREFIX=/root/dream_ws/install/kr600
[0.700s] Invoking command in '/root/dream_ws/build/kr600': CMAKE_PREFIX_PATH=${CMAKE_PREFIX_PATH}:/opt/ros/humble /usr/bin/cmake --build /root/dream_ws/build/kr600 -- -j12 -l12
[0.732s] Invoked command in '/root/dream_ws/build/kr600' returned '0': CMAKE_PREFIX_PATH=${CMAKE_PREFIX_PATH}:/opt/ros/humble /usr/bin/cmake --build /root/dream_ws/build/kr600 -- -j12 -l12
[0.762s] Invoking command in '/root/dream_ws/build/kr600': CMAKE_PREFIX_PATH=${CMAKE_PREFIX_PATH}:/opt/ros/humble /usr/bin/cmake --install /root/dream_ws/build/kr600
[0.768s] -- Install configuration: ""
[0.768s] -- Installing: /root/dream_ws/install/kr600/share/kr600/launch
[0.768s] -- Installing: /root/dream_ws/install/kr600/share/kr600/launch/kr600.launch.py
[0.768s] -- Installing: /root/dream_ws/install/kr600/share/kr600/launch/kr600_1.launch.py
[0.769s] -- Installing: /root/dream_ws/install/kr600/share/kr600/meshes
[0.769s] -- Installing: /root/dream_ws/install/kr600/share/kr600/meshes/link6.stl
[0.769s] -- Installing: /root/dream_ws/install/kr600/share/kr600/meshes/base_link.stl
[0.770s] -- Installing: /root/dream_ws/install/kr600/share/kr600/meshes/link4.stl
[0.771s] -- Installing: /root/dream_ws/install/kr600/share/kr600/meshes/link5.stl
[0.772s] -- Installing: /root/dream_ws/install/kr600/share/kr600/meshes/link3.stl
[0.774s] -- Installing: /root/dream_ws/install/kr600/share/kr600/meshes/link2.stl
[0.775s] -- Installing: /root/dream_ws/install/kr600/share/kr600/meshes/link1.stl
[0.776s] -- Installing: /root/dream_ws/install/kr600/share/kr600/rviz
[0.776s] -- Installing: /root/dream_ws/install/kr600/share/kr600/rviz/config.rviz
[0.776s] -- Installing: /root/dream_ws/install/kr600/share/kr600/urdf
[0.777s] -- Installing: /root/dream_ws/install/kr600/share/kr600/urdf/model.urdf.xacro
[0.777s] -- Installing: /root/dream_ws/install/kr600/share/kr600/urdf/old_model.urdf.xacro
[0.777s] -- Installing: /root/dream_ws/install/kr600/share/ament_index/resource_index/package_run_dependencies/kr600
[0.777s] -- Installing: /root/dream_ws/install/kr600/share/ament_index/resource_index/parent_prefix_path/kr600
[0.777s] -- Installing: /root/dream_ws/install/kr600/share/kr600/environment/ament_prefix_path.sh
[0.778s] -- Installing: /root/dream_ws/install/kr600/share/kr600/environment/ament_prefix_path.dsv
[0.778s] -- Installing: /root/dream_ws/install/kr600/share/kr600/environment/path.sh
[0.778s] -- Installing: /root/dream_ws/install/kr600/share/kr600/environment/path.dsv
[0.778s] -- Installing: /root/dream_ws/install/kr600/share/kr600/local_setup.bash
[0.778s] -- Installing: /root/dream_ws/install/kr600/share/kr600/local_setup.sh
[0.779s] -- Installing: /root/dream_ws/install/kr600/share/kr600/local_setup.zsh
[0.779s] -- Installing: /root/dream_ws/install/kr600/share/kr600/local_setup.dsv
[0.779s] -- Installing: /root/dream_ws/install/kr600/share/kr600/package.dsv
[0.779s] -- Installing: /root/dream_ws/install/kr600/share/ament_index/resource_index/packages/kr600
[0.779s] -- Installing: /root/dream_ws/install/kr600/share/kr600/cmake/kr600Config.cmake
[0.780s] -- Installing: /root/dream_ws/install/kr600/share/kr600/cmake/kr600Config-version.cmake
[0.780s] -- Installing: /root/dream_ws/install/kr600/share/kr600/package.xml
[0.781s] Invoked command in '/root/dream_ws/build/kr600' returned '0': CMAKE_PREFIX_PATH=${CMAKE_PREFIX_PATH}:/opt/ros/humble /usr/bin/cmake --install /root/dream_ws/build/kr600
