[0.014s] Invoking command in '/root/dream_ws/build/kr600_gazebo': CMAKE_PREFIX_PATH=/root/dream_ws/install/kr600:/root/dream_ws/install/kr600_gazebo:/root/ros2_ws/install/mycobot_ros2:/root/ros2_ws/install/mycobot_gazebo:/root/ros2_ws/install/mycobot_description:/root/dev_ws/install/simple_bot_config:/root/dev_ws/install/movbot_config:/root/dev_ws/install/simple_bot:/root/dev_ws/install/moveit_demo:/root/dev_ws/install/cobot_simulation_config:/root/dev_ws/install/cobot_simulation:/root/dev_ws/install/basic_mobile_robot:/root/dev_ws/install/arm6axis:/opt/ros/humble /usr/bin/cmake --build /root/dream_ws/build/kr600_gazebo -- -j12 -l12
[0.049s] Invoked command in '/root/dream_ws/build/kr600_gazebo' returned '0': CMAKE_PREFIX_PATH=/root/dream_ws/install/kr600:/root/dream_ws/install/kr600_gazebo:/root/ros2_ws/install/mycobot_ros2:/root/ros2_ws/install/mycobot_gazebo:/root/ros2_ws/install/mycobot_description:/root/dev_ws/install/simple_bot_config:/root/dev_ws/install/movbot_config:/root/dev_ws/install/simple_bot:/root/dev_ws/install/moveit_demo:/root/dev_ws/install/cobot_simulation_config:/root/dev_ws/install/cobot_simulation:/root/dev_ws/install/basic_mobile_robot:/root/dev_ws/install/arm6axis:/opt/ros/humble /usr/bin/cmake --build /root/dream_ws/build/kr600_gazebo -- -j12 -l12
[0.071s] Invoking command in '/root/dream_ws/build/kr600_gazebo': CMAKE_PREFIX_PATH=/root/dream_ws/install/kr600:/root/dream_ws/install/kr600_gazebo:/root/ros2_ws/install/mycobot_ros2:/root/ros2_ws/install/mycobot_gazebo:/root/ros2_ws/install/mycobot_description:/root/dev_ws/install/simple_bot_config:/root/dev_ws/install/movbot_config:/root/dev_ws/install/simple_bot:/root/dev_ws/install/moveit_demo:/root/dev_ws/install/cobot_simulation_config:/root/dev_ws/install/cobot_simulation:/root/dev_ws/install/basic_mobile_robot:/root/dev_ws/install/arm6axis:/opt/ros/humble /usr/bin/cmake --install /root/dream_ws/build/kr600_gazebo
[0.078s] -- Install configuration: ""
[0.078s] -- Up-to-date: /root/dream_ws/install/kr600_gazebo/share/kr600_gazebo//launch
[0.078s] -- Up-to-date: /root/dream_ws/install/kr600_gazebo/share/kr600_gazebo//launch/gazebo.launch.py
[0.078s] -- Up-to-date: /root/dream_ws/install/kr600_gazebo/share/kr600_gazebo//urdf
[0.079s] -- Up-to-date: /root/dream_ws/install/kr600_gazebo/share/kr600_gazebo//urdf/model.urdf
[0.079s] -- Up-to-date: /root/dream_ws/install/kr600_gazebo/share/ament_index/resource_index/package_run_dependencies/kr600_gazebo
[0.079s] -- Up-to-date: /root/dream_ws/install/kr600_gazebo/share/ament_index/resource_index/parent_prefix_path/kr600_gazebo
[0.079s] -- Up-to-date: /root/dream_ws/install/kr600_gazebo/share/kr600_gazebo/environment/ament_prefix_path.sh
[0.079s] -- Up-to-date: /root/dream_ws/install/kr600_gazebo/share/kr600_gazebo/environment/ament_prefix_path.dsv
[0.079s] -- Up-to-date: /root/dream_ws/install/kr600_gazebo/share/kr600_gazebo/environment/path.sh
[0.079s] -- Up-to-date: /root/dream_ws/install/kr600_gazebo/share/kr600_gazebo/environment/path.dsv
[0.080s] -- Up-to-date: /root/dream_ws/install/kr600_gazebo/share/kr600_gazebo/local_setup.bash
[0.080s] -- Up-to-date: /root/dream_ws/install/kr600_gazebo/share/kr600_gazebo/local_setup.sh
[0.080s] -- Up-to-date: /root/dream_ws/install/kr600_gazebo/share/kr600_gazebo/local_setup.zsh
[0.080s] -- Up-to-date: /root/dream_ws/install/kr600_gazebo/share/kr600_gazebo/local_setup.dsv
[0.080s] -- Installing: /root/dream_ws/install/kr600_gazebo/share/kr600_gazebo/package.dsv
[0.080s] -- Up-to-date: /root/dream_ws/install/kr600_gazebo/share/ament_index/resource_index/packages/kr600_gazebo
[0.080s] -- Up-to-date: /root/dream_ws/install/kr600_gazebo/share/kr600_gazebo/cmake/kr600_gazeboConfig.cmake
[0.081s] -- Up-to-date: /root/dream_ws/install/kr600_gazebo/share/kr600_gazebo/cmake/kr600_gazeboConfig-version.cmake
[0.081s] -- Up-to-date: /root/dream_ws/install/kr600_gazebo/share/kr600_gazebo/package.xml
[0.083s] Invoked command in '/root/dream_ws/build/kr600_gazebo' returned '0': CMAKE_PREFIX_PATH=/root/dream_ws/install/kr600:/root/dream_ws/install/kr600_gazebo:/root/ros2_ws/install/mycobot_ros2:/root/ros2_ws/install/mycobot_gazebo:/root/ros2_ws/install/mycobot_description:/root/dev_ws/install/simple_bot_config:/root/dev_ws/install/movbot_config:/root/dev_ws/install/simple_bot:/root/dev_ws/install/moveit_demo:/root/dev_ws/install/cobot_simulation_config:/root/dev_ws/install/cobot_simulation:/root/dev_ws/install/basic_mobile_robot:/root/dev_ws/install/arm6axis:/opt/ros/humble /usr/bin/cmake --install /root/dream_ws/build/kr600_gazebo
