[0.677s] DEBUG:colcon:Command line arguments: ['/usr/bin/colcon', 'build']
[0.678s] DEBUG:colcon:Parsed command line arguments: Namespace(log_base=None, log_level=None, verb_name='build', build_base='build', install_base='install', merge_install=False, symlink_install=False, test_result_base=None, continue_on_error=False, executor='parallel', parallel_workers=12, event_handlers=None, ignore_user_meta=False, metas=['./colcon.meta'], base_paths=['.'], packages_ignore=None, packages_ignore_regex=None, paths=None, packages_up_to=None, packages_up_to_regex=None, packages_above=None, packages_above_and_dependencies=None, packages_above_depth=None, packages_select_by_dep=None, packages_skip_by_dep=None, packages_skip_up_to=None, packages_select_build_failed=False, packages_skip_build_finished=False, packages_select_test_failures=False, packages_skip_test_passed=False, packages_select=None, packages_skip=None, packages_select_regex=None, packages_skip_regex=None, packages_start=None, packages_end=None, cmake_args=None, cmake_target=None, cmake_target_skip_unavailable=False, cmake_clean_cache=False, cmake_clean_first=False, cmake_force_configure=False, ament_cmake_args=None, catkin_cmake_args=None, catkin_skip_building_tests=False, mixin_files=None, mixin=None, verb_parser=<colcon_mixin.mixin.mixin_argument.MixinArgumentDecorator object at 0x7fe7b3fcc6a0>, verb_extension=<colcon_core.verb.build.BuildVerb object at 0x7fe7b3f97fd0>, main=<bound method BuildVerb.main of <colcon_core.verb.build.BuildVerb object at 0x7fe7b3f97fd0>>, mixin_verb=('build',))
[1.329s] Level 1:colcon.colcon_core.package_discovery:discover_packages(colcon_meta) check parameters
[1.331s] INFO:colcon.colcon_metadata.package_discovery.colcon_meta:Using configuration from '/root/.colcon/metadata/default/Gazebo.meta'
[1.333s] INFO:colcon.colcon_metadata.package_discovery.colcon_meta:Using configuration from '/root/.colcon/metadata/default/fastrtps.meta'
[1.334s] Level 1:colcon.colcon_core.package_discovery:discover_packages(recursive) check parameters
[1.334s] Level 1:colcon.colcon_core.package_discovery:discover_packages(ignore) check parameters
[1.334s] Level 1:colcon.colcon_core.package_discovery:discover_packages(path) check parameters
[1.334s] Level 1:colcon.colcon_core.package_discovery:discover_packages(colcon_meta) discover
[1.334s] Level 1:colcon.colcon_core.package_discovery:discover_packages(recursive) discover
[1.335s] INFO:colcon.colcon_core.package_discovery:Crawling recursively for packages in '/root/dream_ws'
[1.335s] Level 1:colcon.colcon_core.package_identification:_identify(.) by extensions ['ignore', 'ignore_ament_install']
[1.336s] Level 1:colcon.colcon_core.package_identification:_identify(.) by extension 'ignore'
[1.336s] Level 1:colcon.colcon_core.package_identification:_identify(.) by extension 'ignore_ament_install'
[1.336s] Level 1:colcon.colcon_core.package_identification:_identify(.) by extensions ['colcon_pkg']
[1.337s] Level 1:colcon.colcon_core.package_identification:_identify(.) by extension 'colcon_pkg'
[1.337s] Level 1:colcon.colcon_core.package_identification:_identify(.) by extensions ['colcon_meta']
[1.337s] Level 1:colcon.colcon_core.package_identification:_identify(.) by extension 'colcon_meta'
[1.337s] Level 1:colcon.colcon_core.package_identification:_identify(.) by extensions ['ros']
[1.337s] Level 1:colcon.colcon_core.package_identification:_identify(.) by extension 'ros'
[1.398s] Level 1:colcon.colcon_core.package_identification:_identify(.) by extensions ['cmake', 'python']
[1.398s] Level 1:colcon.colcon_core.package_identification:_identify(.) by extension 'cmake'
[1.399s] Level 1:colcon.colcon_core.package_identification:_identify(.) by extension 'python'
[1.399s] Level 1:colcon.colcon_core.package_identification:_identify(.) by extensions ['python_setup_py']
[1.399s] Level 1:colcon.colcon_core.package_identification:_identify(.) by extension 'python_setup_py'
[1.399s] Level 1:colcon.colcon_core.package_identification:_identify(build) by extensions ['ignore', 'ignore_ament_install']
[1.400s] Level 1:colcon.colcon_core.package_identification:_identify(build) by extension 'ignore'
[1.400s] Level 1:colcon.colcon_core.package_identification:_identify(build) ignored
[1.400s] Level 1:colcon.colcon_core.package_identification:_identify(install) by extensions ['ignore', 'ignore_ament_install']
[1.400s] Level 1:colcon.colcon_core.package_identification:_identify(install) by extension 'ignore'
[1.401s] Level 1:colcon.colcon_core.package_identification:_identify(install) ignored
[1.401s] Level 1:colcon.colcon_core.package_identification:_identify(log) by extensions ['ignore', 'ignore_ament_install']
[1.401s] Level 1:colcon.colcon_core.package_identification:_identify(log) by extension 'ignore'
[1.401s] Level 1:colcon.colcon_core.package_identification:_identify(log) ignored
[1.401s] Level 1:colcon.colcon_core.package_identification:_identify(src) by extensions ['ignore', 'ignore_ament_install']
[1.402s] Level 1:colcon.colcon_core.package_identification:_identify(src) by extension 'ignore'
[1.402s] Level 1:colcon.colcon_core.package_identification:_identify(src) by extension 'ignore_ament_install'
[1.402s] Level 1:colcon.colcon_core.package_identification:_identify(src) by extensions ['colcon_pkg']
[1.402s] Level 1:colcon.colcon_core.package_identification:_identify(src) by extension 'colcon_pkg'
[1.402s] Level 1:colcon.colcon_core.package_identification:_identify(src) by extensions ['colcon_meta']
[1.402s] Level 1:colcon.colcon_core.package_identification:_identify(src) by extension 'colcon_meta'
[1.403s] Level 1:colcon.colcon_core.package_identification:_identify(src) by extensions ['ros']
[1.403s] Level 1:colcon.colcon_core.package_identification:_identify(src) by extension 'ros'
[1.403s] Level 1:colcon.colcon_core.package_identification:_identify(src) by extensions ['cmake', 'python']
[1.403s] Level 1:colcon.colcon_core.package_identification:_identify(src) by extension 'cmake'
[1.403s] Level 1:colcon.colcon_core.package_identification:_identify(src) by extension 'python'
[1.403s] Level 1:colcon.colcon_core.package_identification:_identify(src) by extensions ['python_setup_py']
[1.404s] Level 1:colcon.colcon_core.package_identification:_identify(src) by extension 'python_setup_py'
[1.404s] Level 1:colcon.colcon_core.package_identification:_identify(src/KR600_2830_description) by extensions ['ignore', 'ignore_ament_install']
[1.404s] Level 1:colcon.colcon_core.package_identification:_identify(src/KR600_2830_description) by extension 'ignore'
[1.405s] Level 1:colcon.colcon_core.package_identification:_identify(src/KR600_2830_description) by extension 'ignore_ament_install'
[1.405s] Level 1:colcon.colcon_core.package_identification:_identify(src/KR600_2830_description) by extensions ['colcon_pkg']
[1.405s] Level 1:colcon.colcon_core.package_identification:_identify(src/KR600_2830_description) by extension 'colcon_pkg'
[1.405s] Level 1:colcon.colcon_core.package_identification:_identify(src/KR600_2830_description) by extensions ['colcon_meta']
[1.405s] Level 1:colcon.colcon_core.package_identification:_identify(src/KR600_2830_description) by extension 'colcon_meta'
[1.405s] Level 1:colcon.colcon_core.package_identification:_identify(src/KR600_2830_description) by extensions ['ros']
[1.405s] Level 1:colcon.colcon_core.package_identification:_identify(src/KR600_2830_description) by extension 'ros'
[1.415s] DEBUG:colcon.colcon_core.package_identification:Package 'src/KR600_2830_description' with type 'ros.ament_cmake' and name 'KR600_2830_description'
[1.415s] Level 1:colcon.colcon_core.package_discovery:discover_packages(recursive) using defaults
[1.416s] Level 1:colcon.colcon_core.package_discovery:discover_packages(ignore) discover
[1.416s] Level 1:colcon.colcon_core.package_discovery:discover_packages(ignore) using defaults
[1.416s] Level 1:colcon.colcon_core.package_discovery:discover_packages(path) discover
[1.416s] Level 1:colcon.colcon_core.package_discovery:discover_packages(path) using defaults
[1.515s] Level 5:colcon.colcon_core.verb:set package 'KR600_2830_description' build argument 'cmake_args' from command line to 'None'
[1.516s] Level 5:colcon.colcon_core.verb:set package 'KR600_2830_description' build argument 'cmake_target' from command line to 'None'
[1.516s] Level 5:colcon.colcon_core.verb:set package 'KR600_2830_description' build argument 'cmake_target_skip_unavailable' from command line to 'False'
[1.516s] Level 5:colcon.colcon_core.verb:set package 'KR600_2830_description' build argument 'cmake_clean_cache' from command line to 'False'
[1.516s] Level 5:colcon.colcon_core.verb:set package 'KR600_2830_description' build argument 'cmake_clean_first' from command line to 'False'
[1.516s] Level 5:colcon.colcon_core.verb:set package 'KR600_2830_description' build argument 'cmake_force_configure' from command line to 'False'
[1.516s] Level 5:colcon.colcon_core.verb:set package 'KR600_2830_description' build argument 'ament_cmake_args' from command line to 'None'
[1.516s] Level 5:colcon.colcon_core.verb:set package 'KR600_2830_description' build argument 'catkin_cmake_args' from command line to 'None'
[1.517s] Level 5:colcon.colcon_core.verb:set package 'KR600_2830_description' build argument 'catkin_skip_building_tests' from command line to 'False'
[1.517s] DEBUG:colcon.colcon_core.verb:Building package 'KR600_2830_description' with the following arguments: {'ament_cmake_args': None, 'build_base': '/root/dream_ws/build/KR600_2830_description', 'catkin_cmake_args': None, 'catkin_skip_building_tests': False, 'cmake_args': None, 'cmake_clean_cache': False, 'cmake_clean_first': False, 'cmake_force_configure': False, 'cmake_target': None, 'cmake_target_skip_unavailable': False, 'install_base': '/root/dream_ws/install/KR600_2830_description', 'merge_install': False, 'path': '/root/dream_ws/src/KR600_2830_description', 'symlink_install': False, 'test_result_base': None}
[1.518s] INFO:colcon.colcon_core.executor:Executing jobs using 'parallel' executor
[1.522s] DEBUG:colcon.colcon_parallel_executor.executor.parallel:run_until_complete
[1.522s] INFO:colcon.colcon_ros.task.ament_cmake.build:Building ROS package in '/root/dream_ws/src/KR600_2830_description' with build type 'ament_cmake'
[1.523s] INFO:colcon.colcon_cmake.task.cmake.build:Building CMake package in '/root/dream_ws/src/KR600_2830_description'
[1.535s] INFO:colcon.colcon_core.plugin_system:Skipping extension 'colcon_core.shell.bat': Not used on non-Windows systems
[1.536s] INFO:colcon.colcon_core.shell:Skip shell extension 'powershell' for command environment: Not usable outside of PowerShell
[1.537s] DEBUG:colcon.colcon_core.shell:Skip shell extension 'dsv' for command environment
[1.582s] DEBUG:colcon.colcon_core.event_handler.log_command:Invoking command in '/root/dream_ws/build/KR600_2830_description': CMAKE_PREFIX_PATH=${CMAKE_PREFIX_PATH}:/opt/ros/humble /usr/bin/cmake /root/dream_ws/src/KR600_2830_description -DCMAKE_INSTALL_PREFIX=/root/dream_ws/install/KR600_2830_description
[3.928s] DEBUG:colcon.colcon_core.event_handler.log_command:Invoked command in '/root/dream_ws/build/KR600_2830_description' returned '0': CMAKE_PREFIX_PATH=${CMAKE_PREFIX_PATH}:/opt/ros/humble /usr/bin/cmake /root/dream_ws/src/KR600_2830_description -DCMAKE_INSTALL_PREFIX=/root/dream_ws/install/KR600_2830_description
[3.935s] DEBUG:colcon.colcon_core.event_handler.log_command:Invoking command in '/root/dream_ws/build/KR600_2830_description': CMAKE_PREFIX_PATH=${CMAKE_PREFIX_PATH}:/opt/ros/humble /usr/bin/cmake --build /root/dream_ws/build/KR600_2830_description -- -j12 -l12
[4.010s] DEBUG:colcon.colcon_core.event_handler.log_command:Invoked command in '/root/dream_ws/build/KR600_2830_description' returned '0': CMAKE_PREFIX_PATH=${CMAKE_PREFIX_PATH}:/opt/ros/humble /usr/bin/cmake --build /root/dream_ws/build/KR600_2830_description -- -j12 -l12
[4.080s] DEBUG:colcon.colcon_core.event_handler.log_command:Invoking command in '/root/dream_ws/build/KR600_2830_description': CMAKE_PREFIX_PATH=${CMAKE_PREFIX_PATH}:/opt/ros/humble /usr/bin/cmake --install /root/dream_ws/build/KR600_2830_description
[4.196s] Level 1:colcon.colcon_core.environment:create_environment_scripts_only(KR600_2830_description)
[4.196s] DEBUG:colcon.colcon_core.event_handler.log_command:Invoked command in '/root/dream_ws/build/KR600_2830_description' returned '0': CMAKE_PREFIX_PATH=${CMAKE_PREFIX_PATH}:/opt/ros/humble /usr/bin/cmake --install /root/dream_ws/build/KR600_2830_description
[4.207s] Level 1:colcon.colcon_core.environment:checking '/root/dream_ws/install/KR600_2830_description' for CMake module files
[4.209s] Level 1:colcon.colcon_core.environment:checking '/root/dream_ws/install/KR600_2830_description' for CMake config files
[4.210s] Level 1:colcon.colcon_core.shell:create_environment_hook('KR600_2830_description', 'cmake_prefix_path')
[4.211s] INFO:colcon.colcon_core.shell:Creating environment hook '/root/dream_ws/install/KR600_2830_description/share/KR600_2830_description/hook/cmake_prefix_path.ps1'
[4.212s] INFO:colcon.colcon_core.shell:Creating environment descriptor '/root/dream_ws/install/KR600_2830_description/share/KR600_2830_description/hook/cmake_prefix_path.dsv'
[4.214s] INFO:colcon.colcon_core.shell:Creating environment hook '/root/dream_ws/install/KR600_2830_description/share/KR600_2830_description/hook/cmake_prefix_path.sh'
[4.216s] Level 1:colcon.colcon_core.environment:checking '/root/dream_ws/install/KR600_2830_description/bin'
[4.217s] Level 1:colcon.colcon_core.environment:checking '/root/dream_ws/install/KR600_2830_description/lib/pkgconfig/KR600_2830_description.pc'
[4.221s] Level 1:colcon.colcon_core.environment:checking '/root/dream_ws/install/KR600_2830_description/lib/python3.10/site-packages'
[4.221s] Level 1:colcon.colcon_core.environment:checking '/root/dream_ws/install/KR600_2830_description/bin'
[4.222s] INFO:colcon.colcon_core.shell:Creating package script '/root/dream_ws/install/KR600_2830_description/share/KR600_2830_description/package.ps1'
[4.224s] INFO:colcon.colcon_core.shell:Creating package descriptor '/root/dream_ws/install/KR600_2830_description/share/KR600_2830_description/package.dsv'
[4.225s] INFO:colcon.colcon_core.shell:Creating package script '/root/dream_ws/install/KR600_2830_description/share/KR600_2830_description/package.sh'
[4.227s] INFO:colcon.colcon_core.shell:Creating package script '/root/dream_ws/install/KR600_2830_description/share/KR600_2830_description/package.bash'
[4.229s] INFO:colcon.colcon_core.shell:Creating package script '/root/dream_ws/install/KR600_2830_description/share/KR600_2830_description/package.zsh'
[4.232s] Level 1:colcon.colcon_core.environment:create_file_with_runtime_dependencies(/root/dream_ws/install/KR600_2830_description/share/colcon-core/packages/KR600_2830_description)
[4.285s] Level 1:colcon.colcon_core.environment:create_environment_scripts_only(KR600_2830_description)
[4.286s] Level 1:colcon.colcon_core.environment:checking '/root/dream_ws/install/KR600_2830_description' for CMake module files
[4.287s] Level 1:colcon.colcon_core.environment:checking '/root/dream_ws/install/KR600_2830_description' for CMake config files
[4.288s] Level 1:colcon.colcon_core.shell:create_environment_hook('KR600_2830_description', 'cmake_prefix_path')
[4.289s] INFO:colcon.colcon_core.shell:Creating environment hook '/root/dream_ws/install/KR600_2830_description/share/KR600_2830_description/hook/cmake_prefix_path.ps1'
[4.290s] INFO:colcon.colcon_core.shell:Creating environment descriptor '/root/dream_ws/install/KR600_2830_description/share/KR600_2830_description/hook/cmake_prefix_path.dsv'
[4.291s] INFO:colcon.colcon_core.shell:Creating environment hook '/root/dream_ws/install/KR600_2830_description/share/KR600_2830_description/hook/cmake_prefix_path.sh'
[4.292s] Level 1:colcon.colcon_core.environment:checking '/root/dream_ws/install/KR600_2830_description/bin'
[4.292s] Level 1:colcon.colcon_core.environment:checking '/root/dream_ws/install/KR600_2830_description/lib/pkgconfig/KR600_2830_description.pc'
[4.293s] Level 1:colcon.colcon_core.environment:checking '/root/dream_ws/install/KR600_2830_description/lib/python3.10/site-packages'
[4.293s] Level 1:colcon.colcon_core.environment:checking '/root/dream_ws/install/KR600_2830_description/bin'
[4.294s] INFO:colcon.colcon_core.shell:Creating package script '/root/dream_ws/install/KR600_2830_description/share/KR600_2830_description/package.ps1'
[4.295s] INFO:colcon.colcon_core.shell:Creating package descriptor '/root/dream_ws/install/KR600_2830_description/share/KR600_2830_description/package.dsv'
[4.296s] INFO:colcon.colcon_core.shell:Creating package script '/root/dream_ws/install/KR600_2830_description/share/KR600_2830_description/package.sh'
[4.297s] INFO:colcon.colcon_core.shell:Creating package script '/root/dream_ws/install/KR600_2830_description/share/KR600_2830_description/package.bash'
[4.298s] INFO:colcon.colcon_core.shell:Creating package script '/root/dream_ws/install/KR600_2830_description/share/KR600_2830_description/package.zsh'
[4.299s] Level 1:colcon.colcon_core.environment:create_file_with_runtime_dependencies(/root/dream_ws/install/KR600_2830_description/share/colcon-core/packages/KR600_2830_description)
[4.300s] DEBUG:colcon.colcon_parallel_executor.executor.parallel:closing loop
[4.302s] DEBUG:colcon.colcon_parallel_executor.executor.parallel:loop closed
[4.302s] DEBUG:colcon.colcon_parallel_executor.executor.parallel:run_until_complete finished with '0'
[4.302s] DEBUG:colcon.colcon_core.event_reactor:joining thread
[4.327s] INFO:colcon.colcon_core.plugin_system:Skipping extension 'colcon_notification.desktop_notification.notify_send': Could not find 'notify-send'
[4.328s] INFO:colcon.colcon_core.plugin_system:Skipping extension 'colcon_notification.desktop_notification.terminal_notifier': Not used on non-Darwin systems
[4.328s] INFO:colcon.colcon_core.plugin_system:Skipping extension 'colcon_notification.desktop_notification.win32': Not used on non-Windows systems
[4.328s] INFO:colcon.colcon_notification.desktop_notification:Sending desktop notification using 'notify2'
[4.333s] DEBUG:colcon.colcon_notification.desktop_notification.notify2:Failed to initialize notify2: org.freedesktop.DBus.Error.Spawn.ExecFailed: /usr/bin/dbus-launch terminated abnormally without any error message
[4.334s] DEBUG:colcon.colcon_core.event_reactor:joined thread
[4.336s] INFO:colcon.colcon_core.shell:Creating prefix script '/root/dream_ws/install/local_setup.ps1'
[4.341s] INFO:colcon.colcon_core.shell:Creating prefix util module '/root/dream_ws/install/_local_setup_util_ps1.py'
[4.345s] INFO:colcon.colcon_core.shell:Creating prefix chain script '/root/dream_ws/install/setup.ps1'
[4.350s] INFO:colcon.colcon_core.shell:Creating prefix script '/root/dream_ws/install/local_setup.sh'
[4.352s] INFO:colcon.colcon_core.shell:Creating prefix util module '/root/dream_ws/install/_local_setup_util_sh.py'
[4.354s] INFO:colcon.colcon_core.shell:Creating prefix chain script '/root/dream_ws/install/setup.sh'
[4.358s] INFO:colcon.colcon_core.shell:Creating prefix script '/root/dream_ws/install/local_setup.bash'
[4.359s] INFO:colcon.colcon_core.shell:Creating prefix chain script '/root/dream_ws/install/setup.bash'
[4.362s] INFO:colcon.colcon_core.shell:Creating prefix script '/root/dream_ws/install/local_setup.zsh'
[4.364s] INFO:colcon.colcon_core.shell:Creating prefix chain script '/root/dream_ws/install/setup.zsh'
