[0.062s] Invoking command in '/root/dream_ws/build/ros2_control_demo_example_4': AMENT_PREFIX_PATH=/root/dream_ws/install/ros2_control_demo_testing:/root/dream_ws/install/ros2_control_demo_description:${AMENT_PREFIX_PATH} CMAKE_PREFIX_PATH=/root/dream_ws/install/ros2_control_demo_description:/root/dream_ws/install/kr600:/root/dev_ws/install/simple_bot_config:/root/dev_ws/install/movbot_config:/root/dev_ws/install/simple_bot:/root/dev_ws/install/moveit_demo:/root/dev_ws/install/cobot_simulation_config:/root/dev_ws/install/cobot_simulation:/root/dev_ws/install/basic_mobile_robot:/root/dev_ws/install/arm6axis:/opt/ros/humble PYTHONPATH=/root/dream_ws/install/ros2_control_demo_testing/lib/python3.10/site-packages:${PYTHONPATH} /usr/bin/cmake /root/dream_ws/src/ros2_control_demos/example_4 -DCMAKE_INSTALL_PREFIX=/root/dream_ws/install/ros2_control_demo_example_4
[5.478s] -- Found ament_cmake: 1.3.10 (/opt/ros/humble/share/ament_cmake/cmake)
[5.479s] -- Found Python3: /usr/bin/python3 (found version "3.10.12") found components: Interpreter 
[5.479s] -- Found hardware_interface: 2.42.0 (/opt/ros/humble/share/hardware_interface/cmake)
[5.479s] -- Found rosidl_generator_c: 3.1.5 (/opt/ros/humble/share/rosidl_generator_c/cmake)
[5.480s] -- Found rosidl_adapter: 3.1.5 (/opt/ros/humble/share/rosidl_adapter/cmake)
[5.480s] -- Found rosidl_generator_cpp: 3.1.5 (/opt/ros/humble/share/rosidl_generator_cpp/cmake)
[5.481s] -- Using all available rosidl_typesupport_c: rosidl_typesupport_fastrtps_c;rosidl_typesupport_introspection_c
[5.481s] -- Using all available rosidl_typesupport_cpp: rosidl_typesupport_fastrtps_cpp;rosidl_typesupport_introspection_cpp
[5.481s] -- Found rmw_implementation_cmake: 6.1.2 (/opt/ros/humble/share/rmw_implementation_cmake/cmake)
[5.481s] -- Found rmw_fastrtps_cpp: 6.2.7 (/opt/ros/humble/share/rmw_fastrtps_cpp/cmake)
[5.481s] -- Found TinyXML2 via Config file: TinyXML2_DIR-NOTFOUND
[5.483s] -- Found OpenSSL: /usr/lib/x86_64-linux-gnu/libcrypto.so (found version "3.0.2")  
[5.483s] -- Found TinyXML2 via Config file: TinyXML2_DIR-NOTFOUND
[5.484s] -- Found FastRTPS: /opt/ros/humble/include  
[5.484s] -- Found TinyXML2 via Config file: TinyXML2_DIR-NOTFOUND
[5.484s] -- Found TinyXML2 via Config file: TinyXML2_DIR-NOTFOUND
[5.484s] -- Using RMW implementation 'rmw_fastrtps_cpp' as default
[5.484s] -- Looking for C++ include pthread.h
[5.485s] -- Looking for C++ include pthread.h - found
[5.485s] -- Performing Test CMAKE_HAVE_LIBC_PTHREAD
[5.485s] -- Performing Test CMAKE_HAVE_LIBC_PTHREAD - Success
[5.485s] -- Found Threads: TRUE  
[5.485s] -- Found ament_cmake_pytest: 1.3.10 (/opt/ros/humble/share/ament_cmake_pytest/cmake)
[5.486s] -- Configuring done
[5.486s] -- Generating done
[5.486s] -- Build files have been written to: /root/dream_ws/build/ros2_control_demo_example_4
[5.514s] Invoked command in '/root/dream_ws/build/ros2_control_demo_example_4' returned '0': AMENT_PREFIX_PATH=/root/dream_ws/install/ros2_control_demo_testing:/root/dream_ws/install/ros2_control_demo_description:${AMENT_PREFIX_PATH} CMAKE_PREFIX_PATH=/root/dream_ws/install/ros2_control_demo_description:/root/dream_ws/install/kr600:/root/dev_ws/install/simple_bot_config:/root/dev_ws/install/movbot_config:/root/dev_ws/install/simple_bot:/root/dev_ws/install/moveit_demo:/root/dev_ws/install/cobot_simulation_config:/root/dev_ws/install/cobot_simulation:/root/dev_ws/install/basic_mobile_robot:/root/dev_ws/install/arm6axis:/opt/ros/humble PYTHONPATH=/root/dream_ws/install/ros2_control_demo_testing/lib/python3.10/site-packages:${PYTHONPATH} /usr/bin/cmake /root/dream_ws/src/ros2_control_demos/example_4 -DCMAKE_INSTALL_PREFIX=/root/dream_ws/install/ros2_control_demo_example_4
[5.517s] Invoking command in '/root/dream_ws/build/ros2_control_demo_example_4': AMENT_PREFIX_PATH=/root/dream_ws/install/ros2_control_demo_testing:/root/dream_ws/install/ros2_control_demo_description:${AMENT_PREFIX_PATH} CMAKE_PREFIX_PATH=/root/dream_ws/install/ros2_control_demo_description:/root/dream_ws/install/kr600:/root/dev_ws/install/simple_bot_config:/root/dev_ws/install/movbot_config:/root/dev_ws/install/simple_bot:/root/dev_ws/install/moveit_demo:/root/dev_ws/install/cobot_simulation_config:/root/dev_ws/install/cobot_simulation:/root/dev_ws/install/basic_mobile_robot:/root/dev_ws/install/arm6axis:/opt/ros/humble PYTHONPATH=/root/dream_ws/install/ros2_control_demo_testing/lib/python3.10/site-packages:${PYTHONPATH} /usr/bin/cmake --build /root/dream_ws/build/ros2_control_demo_example_4 -- -j12 -l12
[5.596s] [ 50%] [32mBuilding CXX object CMakeFiles/ros2_control_demo_example_4.dir/hardware/rrbot_system_with_sensor.cpp.o[0m
[17.520s] [100%] [32m[1mLinking CXX shared library libros2_control_demo_example_4.so[0m
[17.881s] [100%] Built target ros2_control_demo_example_4
[17.952s] Invoked command in '/root/dream_ws/build/ros2_control_demo_example_4' returned '0': AMENT_PREFIX_PATH=/root/dream_ws/install/ros2_control_demo_testing:/root/dream_ws/install/ros2_control_demo_description:${AMENT_PREFIX_PATH} CMAKE_PREFIX_PATH=/root/dream_ws/install/ros2_control_demo_description:/root/dream_ws/install/kr600:/root/dev_ws/install/simple_bot_config:/root/dev_ws/install/movbot_config:/root/dev_ws/install/simple_bot:/root/dev_ws/install/moveit_demo:/root/dev_ws/install/cobot_simulation_config:/root/dev_ws/install/cobot_simulation:/root/dev_ws/install/basic_mobile_robot:/root/dev_ws/install/arm6axis:/opt/ros/humble PYTHONPATH=/root/dream_ws/install/ros2_control_demo_testing/lib/python3.10/site-packages:${PYTHONPATH} /usr/bin/cmake --build /root/dream_ws/build/ros2_control_demo_example_4 -- -j12 -l12
[17.998s] Invoking command in '/root/dream_ws/build/ros2_control_demo_example_4': AMENT_PREFIX_PATH=/root/dream_ws/install/ros2_control_demo_testing:/root/dream_ws/install/ros2_control_demo_description:${AMENT_PREFIX_PATH} CMAKE_PREFIX_PATH=/root/dream_ws/install/ros2_control_demo_description:/root/dream_ws/install/kr600:/root/dev_ws/install/simple_bot_config:/root/dev_ws/install/movbot_config:/root/dev_ws/install/simple_bot:/root/dev_ws/install/moveit_demo:/root/dev_ws/install/cobot_simulation_config:/root/dev_ws/install/cobot_simulation:/root/dev_ws/install/basic_mobile_robot:/root/dev_ws/install/arm6axis:/opt/ros/humble PYTHONPATH=/root/dream_ws/install/ros2_control_demo_testing/lib/python3.10/site-packages:${PYTHONPATH} /usr/bin/cmake --install /root/dream_ws/build/ros2_control_demo_example_4
[18.009s] -- Install configuration: ""
[18.010s] -- Installing: /root/dream_ws/install/ros2_control_demo_example_4/share/ros2_control_demo_example_4/ros2_control_demo_example_4.xml
[18.010s] -- Installing: /root/dream_ws/install/ros2_control_demo_example_4/include/ros2_control_demo_example_4
[18.011s] -- Installing: /root/dream_ws/install/ros2_control_demo_example_4/include/ros2_control_demo_example_4/ros2_control_demo_example_4
[18.011s] -- Installing: /root/dream_ws/install/ros2_control_demo_example_4/include/ros2_control_demo_example_4/ros2_control_demo_example_4/rrbot_system_with_sensor.hpp
[18.011s] -- Installing: /root/dream_ws/install/ros2_control_demo_example_4/share/ros2_control_demo_example_4/launch
[18.011s] -- Installing: /root/dream_ws/install/ros2_control_demo_example_4/share/ros2_control_demo_example_4/launch/view_robot.launch.py
[18.012s] -- Installing: /root/dream_ws/install/ros2_control_demo_example_4/share/ros2_control_demo_example_4/ros2_control
[18.012s] -- Installing: /root/dream_ws/install/ros2_control_demo_example_4/share/ros2_control_demo_example_4/ros2_control/rrbot_system_with_sensor.ros2_control.xacro
[18.013s] -- Installing: /root/dream_ws/install/ros2_control_demo_example_4/share/ros2_control_demo_example_4/urdf
[18.013s] -- Installing: /root/dream_ws/install/ros2_control_demo_example_4/share/ros2_control_demo_example_4/urdf/rrbot_system_with_sensor.urdf.xacro
[18.013s] -- Installing: /root/dream_ws/install/ros2_control_demo_example_4/share/ros2_control_demo_example_4/rviz
[18.014s] -- Installing: /root/dream_ws/install/ros2_control_demo_example_4/share/ros2_control_demo_example_4/rviz/rrbot.rviz
[18.014s] -- Up-to-date: /root/dream_ws/install/ros2_control_demo_example_4/share/ros2_control_demo_example_4/launch
[18.014s] -- Installing: /root/dream_ws/install/ros2_control_demo_example_4/share/ros2_control_demo_example_4/launch/test_forward_position_controller.launch.py
[18.015s] -- Installing: /root/dream_ws/install/ros2_control_demo_example_4/share/ros2_control_demo_example_4/launch/rrbot_system_with_sensor.launch.py
[18.015s] -- Installing: /root/dream_ws/install/ros2_control_demo_example_4/share/ros2_control_demo_example_4/config
[18.016s] -- Installing: /root/dream_ws/install/ros2_control_demo_example_4/share/ros2_control_demo_example_4/config/rrbot_with_sensor_controllers.yaml
[18.016s] -- Installing: /root/dream_ws/install/ros2_control_demo_example_4/share/ros2_control_demo_example_4/config/rrbot_forward_position_publisher.yaml
[18.016s] -- Installing: /root/dream_ws/install/ros2_control_demo_example_4/lib/libros2_control_demo_example_4.so
[18.016s] -- Set runtime path of "/root/dream_ws/install/ros2_control_demo_example_4/lib/libros2_control_demo_example_4.so" to ""
[18.017s] -- Installing: /root/dream_ws/install/ros2_control_demo_example_4/share/ros2_control_demo_example_4/environment/library_path.sh
[18.017s] -- Installing: /root/dream_ws/install/ros2_control_demo_example_4/share/ros2_control_demo_example_4/environment/library_path.dsv
[18.018s] -- Installing: /root/dream_ws/install/ros2_control_demo_example_4/share/ament_index/resource_index/package_run_dependencies/ros2_control_demo_example_4
[18.018s] -- Installing: /root/dream_ws/install/ros2_control_demo_example_4/share/ament_index/resource_index/parent_prefix_path/ros2_control_demo_example_4
[18.019s] -- Installing: /root/dream_ws/install/ros2_control_demo_example_4/share/ros2_control_demo_example_4/environment/ament_prefix_path.sh
[18.019s] -- Installing: /root/dream_ws/install/ros2_control_demo_example_4/share/ros2_control_demo_example_4/environment/ament_prefix_path.dsv
[18.020s] -- Installing: /root/dream_ws/install/ros2_control_demo_example_4/share/ros2_control_demo_example_4/environment/path.sh
[18.020s] -- Installing: /root/dream_ws/install/ros2_control_demo_example_4/share/ros2_control_demo_example_4/environment/path.dsv
[18.020s] -- Installing: /root/dream_ws/install/ros2_control_demo_example_4/share/ros2_control_demo_example_4/local_setup.bash
[18.021s] -- Installing: /root/dream_ws/install/ros2_control_demo_example_4/share/ros2_control_demo_example_4/local_setup.sh
[18.022s] -- Installing: /root/dream_ws/install/ros2_control_demo_example_4/share/ros2_control_demo_example_4/local_setup.zsh
[18.022s] -- Installing: /root/dream_ws/install/ros2_control_demo_example_4/share/ros2_control_demo_example_4/local_setup.dsv
[18.022s] -- Installing: /root/dream_ws/install/ros2_control_demo_example_4/share/ros2_control_demo_example_4/package.dsv
[18.022s] -- Installing: /root/dream_ws/install/ros2_control_demo_example_4/share/ament_index/resource_index/packages/ros2_control_demo_example_4
[18.023s] -- Installing: /root/dream_ws/install/ros2_control_demo_example_4/share/ament_index/resource_index/hardware_interface__pluginlib__plugin/ros2_control_demo_example_4
[18.024s] -- Installing: /root/dream_ws/install/ros2_control_demo_example_4/share/ros2_control_demo_example_4/cmake/export_ros2_control_demo_example_4Export.cmake
[18.024s] -- Installing: /root/dream_ws/install/ros2_control_demo_example_4/share/ros2_control_demo_example_4/cmake/export_ros2_control_demo_example_4Export-noconfig.cmake
[18.026s] -- Installing: /root/dream_ws/install/ros2_control_demo_example_4/share/ros2_control_demo_example_4/cmake/ament_cmake_export_targets-extras.cmake
[18.027s] -- Installing: /root/dream_ws/install/ros2_control_demo_example_4/share/ros2_control_demo_example_4/cmake/ament_cmake_export_dependencies-extras.cmake
[18.027s] -- Installing: /root/dream_ws/install/ros2_control_demo_example_4/share/ros2_control_demo_example_4/cmake/ros2_control_demo_example_4Config.cmake
[18.027s] -- Installing: /root/dream_ws/install/ros2_control_demo_example_4/share/ros2_control_demo_example_4/cmake/ros2_control_demo_example_4Config-version.cmake
[18.028s] -- Installing: /root/dream_ws/install/ros2_control_demo_example_4/share/ros2_control_demo_example_4/package.xml
[18.036s] Invoked command in '/root/dream_ws/build/ros2_control_demo_example_4' returned '0': AMENT_PREFIX_PATH=/root/dream_ws/install/ros2_control_demo_testing:/root/dream_ws/install/ros2_control_demo_description:${AMENT_PREFIX_PATH} CMAKE_PREFIX_PATH=/root/dream_ws/install/ros2_control_demo_description:/root/dream_ws/install/kr600:/root/dev_ws/install/simple_bot_config:/root/dev_ws/install/movbot_config:/root/dev_ws/install/simple_bot:/root/dev_ws/install/moveit_demo:/root/dev_ws/install/cobot_simulation_config:/root/dev_ws/install/cobot_simulation:/root/dev_ws/install/basic_mobile_robot:/root/dev_ws/install/arm6axis:/opt/ros/humble PYTHONPATH=/root/dream_ws/install/ros2_control_demo_testing/lib/python3.10/site-packages:${PYTHONPATH} /usr/bin/cmake --install /root/dream_ws/build/ros2_control_demo_example_4
