[0.092s] Invoking command in '/root/dream_ws/build/ros2_control_demo_example_1': AMENT_PREFIX_PATH=/root/dream_ws/install/ros2_control_demo_testing:/root/dream_ws/install/ros2_control_demo_description:${AMENT_PREFIX_PATH} CMAKE_PREFIX_PATH=/root/dream_ws/install/ros2_control_demo_description:/root/dream_ws/install/kr600:/root/dev_ws/install/simple_bot_config:/root/dev_ws/install/movbot_config:/root/dev_ws/install/simple_bot:/root/dev_ws/install/moveit_demo:/root/dev_ws/install/cobot_simulation_config:/root/dev_ws/install/cobot_simulation:/root/dev_ws/install/basic_mobile_robot:/root/dev_ws/install/arm6axis:/opt/ros/humble PYTHONPATH=/root/dream_ws/install/ros2_control_demo_testing/lib/python3.10/site-packages:${PYTHONPATH} /usr/bin/cmake /root/dream_ws/src/ros2_control_demos/example_1 -DCMAKE_INSTALL_PREFIX=/root/dream_ws/install/ros2_control_demo_example_1
[0.139s] -- Found ament_cmake: 1.3.10 (/opt/ros/humble/share/ament_cmake/cmake)
[0.462s] -- Found Python3: /usr/bin/python3 (found version "3.10.12") found components: Interpreter 
[0.747s] -- Found hardware_interface: 2.42.0 (/opt/ros/humble/share/hardware_interface/cmake)
[0.904s] -- Found rosidl_generator_c: 3.1.5 (/opt/ros/humble/share/rosidl_generator_c/cmake)
[0.934s] -- Found rosidl_adapter: 3.1.5 (/opt/ros/humble/share/rosidl_adapter/cmake)
[0.973s] -- Found rosidl_generator_cpp: 3.1.5 (/opt/ros/humble/share/rosidl_generator_cpp/cmake)
[1.034s] -- Using all available rosidl_typesupport_c: rosidl_typesupport_fastrtps_c;rosidl_typesupport_introspection_c
[1.102s] -- Using all available rosidl_typesupport_cpp: rosidl_typesupport_fastrtps_cpp;rosidl_typesupport_introspection_cpp
[1.868s] -- Found rmw_implementation_cmake: 6.1.2 (/opt/ros/humble/share/rmw_implementation_cmake/cmake)
[1.877s] -- Found rmw_fastrtps_cpp: 6.2.7 (/opt/ros/humble/share/rmw_fastrtps_cpp/cmake)
[1.991s] -- Found TinyXML2 via Config file: TinyXML2_DIR-NOTFOUND
[2.097s] -- Found OpenSSL: /usr/lib/x86_64-linux-gnu/libcrypto.so (found version "3.0.2")  
[2.103s] -- Found TinyXML2 via Config file: TinyXML2_DIR-NOTFOUND
[2.136s] -- Found FastRTPS: /opt/ros/humble/include  
[2.144s] -- Found TinyXML2 via Config file: TinyXML2_DIR-NOTFOUND
[2.162s] -- Found TinyXML2 via Config file: TinyXML2_DIR-NOTFOUND
[2.187s] -- Using RMW implementation 'rmw_fastrtps_cpp' as default
[2.227s] -- Looking for C++ include pthread.h
[2.546s] -- Looking for C++ include pthread.h - found
[2.552s] -- Performing Test CMAKE_HAVE_LIBC_PTHREAD
[2.744s] -- Performing Test CMAKE_HAVE_LIBC_PTHREAD - Success
[2.746s] -- Found Threads: TRUE  
[2.940s] -- Found ament_cmake_pytest: 1.3.10 (/opt/ros/humble/share/ament_cmake_pytest/cmake)
[5.389s] -- Configuring done
[5.505s] -- Generating done
[5.509s] -- Build files have been written to: /root/dream_ws/build/ros2_control_demo_example_1
[5.563s] Invoked command in '/root/dream_ws/build/ros2_control_demo_example_1' returned '0': AMENT_PREFIX_PATH=/root/dream_ws/install/ros2_control_demo_testing:/root/dream_ws/install/ros2_control_demo_description:${AMENT_PREFIX_PATH} CMAKE_PREFIX_PATH=/root/dream_ws/install/ros2_control_demo_description:/root/dream_ws/install/kr600:/root/dev_ws/install/simple_bot_config:/root/dev_ws/install/movbot_config:/root/dev_ws/install/simple_bot:/root/dev_ws/install/moveit_demo:/root/dev_ws/install/cobot_simulation_config:/root/dev_ws/install/cobot_simulation:/root/dev_ws/install/basic_mobile_robot:/root/dev_ws/install/arm6axis:/opt/ros/humble PYTHONPATH=/root/dream_ws/install/ros2_control_demo_testing/lib/python3.10/site-packages:${PYTHONPATH} /usr/bin/cmake /root/dream_ws/src/ros2_control_demos/example_1 -DCMAKE_INSTALL_PREFIX=/root/dream_ws/install/ros2_control_demo_example_1
[5.565s] Invoking command in '/root/dream_ws/build/ros2_control_demo_example_1': AMENT_PREFIX_PATH=/root/dream_ws/install/ros2_control_demo_testing:/root/dream_ws/install/ros2_control_demo_description:${AMENT_PREFIX_PATH} CMAKE_PREFIX_PATH=/root/dream_ws/install/ros2_control_demo_description:/root/dream_ws/install/kr600:/root/dev_ws/install/simple_bot_config:/root/dev_ws/install/movbot_config:/root/dev_ws/install/simple_bot:/root/dev_ws/install/moveit_demo:/root/dev_ws/install/cobot_simulation_config:/root/dev_ws/install/cobot_simulation:/root/dev_ws/install/basic_mobile_robot:/root/dev_ws/install/arm6axis:/opt/ros/humble PYTHONPATH=/root/dream_ws/install/ros2_control_demo_testing/lib/python3.10/site-packages:${PYTHONPATH} /usr/bin/cmake --build /root/dream_ws/build/ros2_control_demo_example_1 -- -j12 -l12
[5.635s] [ 50%] [32mBuilding CXX object CMakeFiles/ros2_control_demo_example_1.dir/hardware/rrbot.cpp.o[0m
[17.096s] [100%] [32m[1mLinking CXX shared library libros2_control_demo_example_1.so[0m
[17.541s] [100%] Built target ros2_control_demo_example_1
[17.583s] Invoked command in '/root/dream_ws/build/ros2_control_demo_example_1' returned '0': AMENT_PREFIX_PATH=/root/dream_ws/install/ros2_control_demo_testing:/root/dream_ws/install/ros2_control_demo_description:${AMENT_PREFIX_PATH} CMAKE_PREFIX_PATH=/root/dream_ws/install/ros2_control_demo_description:/root/dream_ws/install/kr600:/root/dev_ws/install/simple_bot_config:/root/dev_ws/install/movbot_config:/root/dev_ws/install/simple_bot:/root/dev_ws/install/moveit_demo:/root/dev_ws/install/cobot_simulation_config:/root/dev_ws/install/cobot_simulation:/root/dev_ws/install/basic_mobile_robot:/root/dev_ws/install/arm6axis:/opt/ros/humble PYTHONPATH=/root/dream_ws/install/ros2_control_demo_testing/lib/python3.10/site-packages:${PYTHONPATH} /usr/bin/cmake --build /root/dream_ws/build/ros2_control_demo_example_1 -- -j12 -l12
[17.726s] Invoking command in '/root/dream_ws/build/ros2_control_demo_example_1': AMENT_PREFIX_PATH=/root/dream_ws/install/ros2_control_demo_testing:/root/dream_ws/install/ros2_control_demo_description:${AMENT_PREFIX_PATH} CMAKE_PREFIX_PATH=/root/dream_ws/install/ros2_control_demo_description:/root/dream_ws/install/kr600:/root/dev_ws/install/simple_bot_config:/root/dev_ws/install/movbot_config:/root/dev_ws/install/simple_bot:/root/dev_ws/install/moveit_demo:/root/dev_ws/install/cobot_simulation_config:/root/dev_ws/install/cobot_simulation:/root/dev_ws/install/basic_mobile_robot:/root/dev_ws/install/arm6axis:/opt/ros/humble PYTHONPATH=/root/dream_ws/install/ros2_control_demo_testing/lib/python3.10/site-packages:${PYTHONPATH} /usr/bin/cmake --install /root/dream_ws/build/ros2_control_demo_example_1
[17.764s] -- Install configuration: ""
[17.765s] -- Installing: /root/dream_ws/install/ros2_control_demo_example_1/share/ros2_control_demo_example_1/ros2_control_demo_example_1.xml
[17.765s] -- Installing: /root/dream_ws/install/ros2_control_demo_example_1/include/ros2_control_demo_example_1
[17.765s] -- Installing: /root/dream_ws/install/ros2_control_demo_example_1/include/ros2_control_demo_example_1/ros2_control_demo_example_1
[17.765s] -- Installing: /root/dream_ws/install/ros2_control_demo_example_1/include/ros2_control_demo_example_1/ros2_control_demo_example_1/rrbot.hpp
[17.766s] -- Installing: /root/dream_ws/install/ros2_control_demo_example_1/share/ros2_control_demo_example_1/launch
[17.766s] -- Installing: /root/dream_ws/install/ros2_control_demo_example_1/share/ros2_control_demo_example_1/launch/view_robot.launch.py
[17.768s] -- Installing: /root/dream_ws/install/ros2_control_demo_example_1/share/ros2_control_demo_example_1/ros2_control
[17.768s] -- Installing: /root/dream_ws/install/ros2_control_demo_example_1/share/ros2_control_demo_example_1/ros2_control/rrbot.ros2_control.xacro
[17.769s] -- Installing: /root/dream_ws/install/ros2_control_demo_example_1/share/ros2_control_demo_example_1/urdf
[17.769s] -- Installing: /root/dream_ws/install/ros2_control_demo_example_1/share/ros2_control_demo_example_1/urdf/rrbot.urdf.xacro
[17.769s] -- Up-to-date: /root/dream_ws/install/ros2_control_demo_example_1/share/ros2_control_demo_example_1/launch
[17.769s] -- Installing: /root/dream_ws/install/ros2_control_demo_example_1/share/ros2_control_demo_example_1/launch/test_forward_position_controller.launch.py
[17.770s] -- Installing: /root/dream_ws/install/ros2_control_demo_example_1/share/ros2_control_demo_example_1/launch/test_joint_trajectory_controller.launch.py
[17.770s] -- Installing: /root/dream_ws/install/ros2_control_demo_example_1/share/ros2_control_demo_example_1/launch/rrbot.launch.py
[17.770s] -- Installing: /root/dream_ws/install/ros2_control_demo_example_1/share/ros2_control_demo_example_1/config
[17.770s] -- Installing: /root/dream_ws/install/ros2_control_demo_example_1/share/ros2_control_demo_example_1/config/rrbot_joint_trajectory_publisher.yaml
[17.770s] -- Installing: /root/dream_ws/install/ros2_control_demo_example_1/share/ros2_control_demo_example_1/config/rrbot_controllers.yaml
[17.771s] -- Installing: /root/dream_ws/install/ros2_control_demo_example_1/share/ros2_control_demo_example_1/config/rrbot_forward_position_publisher.yaml
[17.771s] -- Installing: /root/dream_ws/install/ros2_control_demo_example_1/lib/libros2_control_demo_example_1.so
[17.771s] -- Set runtime path of "/root/dream_ws/install/ros2_control_demo_example_1/lib/libros2_control_demo_example_1.so" to ""
[17.771s] -- Installing: /root/dream_ws/install/ros2_control_demo_example_1/share/ros2_control_demo_example_1/environment/library_path.sh
[17.771s] -- Installing: /root/dream_ws/install/ros2_control_demo_example_1/share/ros2_control_demo_example_1/environment/library_path.dsv
[17.771s] -- Installing: /root/dream_ws/install/ros2_control_demo_example_1/share/ament_index/resource_index/package_run_dependencies/ros2_control_demo_example_1
[17.771s] -- Installing: /root/dream_ws/install/ros2_control_demo_example_1/share/ament_index/resource_index/parent_prefix_path/ros2_control_demo_example_1
[17.772s] -- Installing: /root/dream_ws/install/ros2_control_demo_example_1/share/ros2_control_demo_example_1/environment/ament_prefix_path.sh
[17.772s] -- Installing: /root/dream_ws/install/ros2_control_demo_example_1/share/ros2_control_demo_example_1/environment/ament_prefix_path.dsv
[17.772s] -- Installing: /root/dream_ws/install/ros2_control_demo_example_1/share/ros2_control_demo_example_1/environment/path.sh
[17.772s] -- Installing: /root/dream_ws/install/ros2_control_demo_example_1/share/ros2_control_demo_example_1/environment/path.dsv
[17.772s] -- Installing: /root/dream_ws/install/ros2_control_demo_example_1/share/ros2_control_demo_example_1/local_setup.bash
[17.772s] -- Installing: /root/dream_ws/install/ros2_control_demo_example_1/share/ros2_control_demo_example_1/local_setup.sh
[17.772s] -- Installing: /root/dream_ws/install/ros2_control_demo_example_1/share/ros2_control_demo_example_1/local_setup.zsh
[17.773s] -- Installing: /root/dream_ws/install/ros2_control_demo_example_1/share/ros2_control_demo_example_1/local_setup.dsv
[17.773s] -- Installing: /root/dream_ws/install/ros2_control_demo_example_1/share/ros2_control_demo_example_1/package.dsv
[17.773s] -- Installing: /root/dream_ws/install/ros2_control_demo_example_1/share/ament_index/resource_index/packages/ros2_control_demo_example_1
[17.773s] -- Installing: /root/dream_ws/install/ros2_control_demo_example_1/share/ament_index/resource_index/hardware_interface__pluginlib__plugin/ros2_control_demo_example_1
[17.773s] -- Installing: /root/dream_ws/install/ros2_control_demo_example_1/share/ros2_control_demo_example_1/cmake/export_ros2_control_demo_example_1Export.cmake
[17.775s] -- Installing: /root/dream_ws/install/ros2_control_demo_example_1/share/ros2_control_demo_example_1/cmake/export_ros2_control_demo_example_1Export-noconfig.cmake
[17.775s] -- Installing: /root/dream_ws/install/ros2_control_demo_example_1/share/ros2_control_demo_example_1/cmake/ament_cmake_export_targets-extras.cmake
[17.776s] -- Installing: /root/dream_ws/install/ros2_control_demo_example_1/share/ros2_control_demo_example_1/cmake/ament_cmake_export_dependencies-extras.cmake
[17.776s] -- Installing: /root/dream_ws/install/ros2_control_demo_example_1/share/ros2_control_demo_example_1/cmake/ros2_control_demo_example_1Config.cmake
[17.776s] -- Installing: /root/dream_ws/install/ros2_control_demo_example_1/share/ros2_control_demo_example_1/cmake/ros2_control_demo_example_1Config-version.cmake
[17.776s] -- Installing: /root/dream_ws/install/ros2_control_demo_example_1/share/ros2_control_demo_example_1/package.xml
[17.849s] Invoked command in '/root/dream_ws/build/ros2_control_demo_example_1' returned '0': AMENT_PREFIX_PATH=/root/dream_ws/install/ros2_control_demo_testing:/root/dream_ws/install/ros2_control_demo_description:${AMENT_PREFIX_PATH} CMAKE_PREFIX_PATH=/root/dream_ws/install/ros2_control_demo_description:/root/dream_ws/install/kr600:/root/dev_ws/install/simple_bot_config:/root/dev_ws/install/movbot_config:/root/dev_ws/install/simple_bot:/root/dev_ws/install/moveit_demo:/root/dev_ws/install/cobot_simulation_config:/root/dev_ws/install/cobot_simulation:/root/dev_ws/install/basic_mobile_robot:/root/dev_ws/install/arm6axis:/opt/ros/humble PYTHONPATH=/root/dream_ws/install/ros2_control_demo_testing/lib/python3.10/site-packages:${PYTHONPATH} /usr/bin/cmake --install /root/dream_ws/build/ros2_control_demo_example_1
