[0.055s] Invoking command in '/root/dream_ws/build/ros2_control_demo_example_7': AMENT_PREFIX_PATH=/root/dream_ws/install/ros2_control_demo_testing:/root/dream_ws/install/ros2_control_demo_description:${AMENT_PREFIX_PATH} CMAKE_PREFIX_PATH=/root/dream_ws/install/ros2_control_demo_description:/root/dream_ws/install/kr600:/root/dev_ws/install/simple_bot_config:/root/dev_ws/install/movbot_config:/root/dev_ws/install/simple_bot:/root/dev_ws/install/moveit_demo:/root/dev_ws/install/cobot_simulation_config:/root/dev_ws/install/cobot_simulation:/root/dev_ws/install/basic_mobile_robot:/root/dev_ws/install/arm6axis:/opt/ros/humble PYTHONPATH=/root/dream_ws/install/ros2_control_demo_testing/lib/python3.10/site-packages:${PYTHONPATH} /usr/bin/cmake /root/dream_ws/src/ros2_control_demos/example_7 -DCMAKE_INSTALL_PREFIX=/root/dream_ws/install/ros2_control_demo_example_7
[5.478s] -- Found ament_cmake: 1.3.10 (/opt/ros/humble/share/ament_cmake/cmake)
[5.478s] -- Found Python3: /usr/bin/python3 (found version "3.10.12") found components: Interpreter 
[5.478s] -- Found pluginlib: 5.1.0 (/opt/ros/humble/share/pluginlib/cmake)
[5.478s] -- Found hardware_interface: 2.42.0 (/opt/ros/humble/share/hardware_interface/cmake)
[5.479s] -- Found rosidl_generator_c: 3.1.5 (/opt/ros/humble/share/rosidl_generator_c/cmake)
[5.479s] -- Found rosidl_adapter: 3.1.5 (/opt/ros/humble/share/rosidl_adapter/cmake)
[5.479s] -- Found rosidl_generator_cpp: 3.1.5 (/opt/ros/humble/share/rosidl_generator_cpp/cmake)
[5.479s] -- Using all available rosidl_typesupport_c: rosidl_typesupport_fastrtps_c;rosidl_typesupport_introspection_c
[5.479s] -- Using all available rosidl_typesupport_cpp: rosidl_typesupport_fastrtps_cpp;rosidl_typesupport_introspection_cpp
[5.480s] -- Found rmw_implementation_cmake: 6.1.2 (/opt/ros/humble/share/rmw_implementation_cmake/cmake)
[5.480s] -- Found rmw_fastrtps_cpp: 6.2.7 (/opt/ros/humble/share/rmw_fastrtps_cpp/cmake)
[5.480s] -- Found TinyXML2 via Config file: TinyXML2_DIR-NOTFOUND
[5.481s] -- Found OpenSSL: /usr/lib/x86_64-linux-gnu/libcrypto.so (found version "3.0.2")  
[5.481s] -- Found TinyXML2 via Config file: TinyXML2_DIR-NOTFOUND
[5.481s] -- Found FastRTPS: /opt/ros/humble/include  
[5.481s] -- Found TinyXML2 via Config file: TinyXML2_DIR-NOTFOUND
[5.481s] -- Found TinyXML2 via Config file: TinyXML2_DIR-NOTFOUND
[5.482s] -- Using RMW implementation 'rmw_fastrtps_cpp' as default
[5.482s] -- Looking for C++ include pthread.h
[5.482s] -- Looking for C++ include pthread.h - found
[5.482s] -- Performing Test CMAKE_HAVE_LIBC_PTHREAD
[5.482s] -- Performing Test CMAKE_HAVE_LIBC_PTHREAD - Success
[5.483s] -- Found Threads: TRUE  
[5.483s] -- Found kdl_parser: 2.6.4 (/opt/ros/humble/share/kdl_parser/cmake)
[5.483s] -- Found eigen3_cmake_module: 0.1.1 (/opt/ros/humble/share/eigen3_cmake_module/cmake)
[5.483s] -- Found Eigen3: TRUE (found version "3.4.0") 
[5.483s] -- Ensuring Eigen3 include directory is part of orocos-kdl CMake target
[5.483s] -- Found controller_interface: 2.42.0 (/opt/ros/humble/share/controller_interface/cmake)
[5.484s] -- Found realtime_tools: 2.5.0 (/opt/ros/humble/share/realtime_tools/cmake)
[5.484s] -- Found ament_cmake_pytest: 1.3.10 (/opt/ros/humble/share/ament_cmake_pytest/cmake)
[5.484s] -- Configuring done
[5.491s] -- Generating done
[5.491s] -- Build files have been written to: /root/dream_ws/build/ros2_control_demo_example_7
[5.549s] Invoked command in '/root/dream_ws/build/ros2_control_demo_example_7' returned '0': AMENT_PREFIX_PATH=/root/dream_ws/install/ros2_control_demo_testing:/root/dream_ws/install/ros2_control_demo_description:${AMENT_PREFIX_PATH} CMAKE_PREFIX_PATH=/root/dream_ws/install/ros2_control_demo_description:/root/dream_ws/install/kr600:/root/dev_ws/install/simple_bot_config:/root/dev_ws/install/movbot_config:/root/dev_ws/install/simple_bot:/root/dev_ws/install/moveit_demo:/root/dev_ws/install/cobot_simulation_config:/root/dev_ws/install/cobot_simulation:/root/dev_ws/install/basic_mobile_robot:/root/dev_ws/install/arm6axis:/opt/ros/humble PYTHONPATH=/root/dream_ws/install/ros2_control_demo_testing/lib/python3.10/site-packages:${PYTHONPATH} /usr/bin/cmake /root/dream_ws/src/ros2_control_demos/example_7 -DCMAKE_INSTALL_PREFIX=/root/dream_ws/install/ros2_control_demo_example_7
[5.550s] Invoking command in '/root/dream_ws/build/ros2_control_demo_example_7': AMENT_PREFIX_PATH=/root/dream_ws/install/ros2_control_demo_testing:/root/dream_ws/install/ros2_control_demo_description:${AMENT_PREFIX_PATH} CMAKE_PREFIX_PATH=/root/dream_ws/install/ros2_control_demo_description:/root/dream_ws/install/kr600:/root/dev_ws/install/simple_bot_config:/root/dev_ws/install/movbot_config:/root/dev_ws/install/simple_bot:/root/dev_ws/install/moveit_demo:/root/dev_ws/install/cobot_simulation_config:/root/dev_ws/install/cobot_simulation:/root/dev_ws/install/basic_mobile_robot:/root/dev_ws/install/arm6axis:/opt/ros/humble PYTHONPATH=/root/dream_ws/install/ros2_control_demo_testing/lib/python3.10/site-packages:${PYTHONPATH} /usr/bin/cmake --build /root/dream_ws/build/ros2_control_demo_example_7 -- -j12 -l12
[17.439s] [ 20%] [32mBuilding CXX object CMakeFiles/send_trajectory.dir/reference_generator/send_trajectory.cpp.o[0m
[17.440s] [ 40%] [32mBuilding CXX object CMakeFiles/ros2_control_demo_example_7.dir/hardware/r6bot_hardware.cpp.o[0m
[17.441s] [ 60%] [32mBuilding CXX object CMakeFiles/ros2_control_demo_example_7.dir/controller/r6bot_controller.cpp.o[0m
[20.440s] [ 80%] [32m[1mLinking CXX executable send_trajectory[0m
[20.699s] [ 80%] Built target send_trajectory
[24.652s] [100%] [32m[1mLinking CXX shared library libros2_control_demo_example_7.so[0m
[25.329s] [100%] Built target ros2_control_demo_example_7
[25.339s] Invoked command in '/root/dream_ws/build/ros2_control_demo_example_7' returned '0': AMENT_PREFIX_PATH=/root/dream_ws/install/ros2_control_demo_testing:/root/dream_ws/install/ros2_control_demo_description:${AMENT_PREFIX_PATH} CMAKE_PREFIX_PATH=/root/dream_ws/install/ros2_control_demo_description:/root/dream_ws/install/kr600:/root/dev_ws/install/simple_bot_config:/root/dev_ws/install/movbot_config:/root/dev_ws/install/simple_bot:/root/dev_ws/install/moveit_demo:/root/dev_ws/install/cobot_simulation_config:/root/dev_ws/install/cobot_simulation:/root/dev_ws/install/basic_mobile_robot:/root/dev_ws/install/arm6axis:/opt/ros/humble PYTHONPATH=/root/dream_ws/install/ros2_control_demo_testing/lib/python3.10/site-packages:${PYTHONPATH} /usr/bin/cmake --build /root/dream_ws/build/ros2_control_demo_example_7 -- -j12 -l12
[25.369s] Invoking command in '/root/dream_ws/build/ros2_control_demo_example_7': AMENT_PREFIX_PATH=/root/dream_ws/install/ros2_control_demo_testing:/root/dream_ws/install/ros2_control_demo_description:${AMENT_PREFIX_PATH} CMAKE_PREFIX_PATH=/root/dream_ws/install/ros2_control_demo_description:/root/dream_ws/install/kr600:/root/dev_ws/install/simple_bot_config:/root/dev_ws/install/movbot_config:/root/dev_ws/install/simple_bot:/root/dev_ws/install/moveit_demo:/root/dev_ws/install/cobot_simulation_config:/root/dev_ws/install/cobot_simulation:/root/dev_ws/install/basic_mobile_robot:/root/dev_ws/install/arm6axis:/opt/ros/humble PYTHONPATH=/root/dream_ws/install/ros2_control_demo_testing/lib/python3.10/site-packages:${PYTHONPATH} /usr/bin/cmake --install /root/dream_ws/build/ros2_control_demo_example_7
[25.375s] -- Install configuration: ""
[25.375s] -- Installing: /root/dream_ws/install/ros2_control_demo_example_7/share/ros2_control_demo_example_7/ros2_control_demo_example_7.xml
[25.375s] -- Up-to-date: /root/dream_ws/install/ros2_control_demo_example_7/share/ros2_control_demo_example_7/ros2_control_demo_example_7.xml
[25.375s] -- Installing: /root/dream_ws/install/ros2_control_demo_example_7/include/ros2_control_demo_example_7
[25.375s] -- Installing: /root/dream_ws/install/ros2_control_demo_example_7/include/ros2_control_demo_example_7/ros2_control_demo_example_7
[25.375s] -- Installing: /root/dream_ws/install/ros2_control_demo_example_7/include/ros2_control_demo_example_7/ros2_control_demo_example_7/r6bot_hardware.hpp
[25.376s] -- Installing: /root/dream_ws/install/ros2_control_demo_example_7/share/ros2_control_demo_example_7/launch
[25.376s] -- Installing: /root/dream_ws/install/ros2_control_demo_example_7/share/ros2_control_demo_example_7/launch/view_r6bot.launch.py
[25.376s] -- Installing: /root/dream_ws/install/ros2_control_demo_example_7/share/ros2_control_demo_example_7/ros2_control
[25.376s] -- Installing: /root/dream_ws/install/ros2_control_demo_example_7/share/ros2_control_demo_example_7/ros2_control/r6bot.ros2_control.xacro
[25.376s] -- Installing: /root/dream_ws/install/ros2_control_demo_example_7/share/ros2_control_demo_example_7/urdf
[25.376s] -- Installing: /root/dream_ws/install/ros2_control_demo_example_7/share/ros2_control_demo_example_7/urdf/r6bot.urdf.xacro
[25.376s] -- Up-to-date: /root/dream_ws/install/ros2_control_demo_example_7/share/ros2_control_demo_example_7/launch
[25.377s] -- Installing: /root/dream_ws/install/ros2_control_demo_example_7/share/ros2_control_demo_example_7/launch/r6bot_controller.launch.py
[25.377s] -- Installing: /root/dream_ws/install/ros2_control_demo_example_7/share/ros2_control_demo_example_7/launch/send_trajectory.launch.py
[25.377s] -- Installing: /root/dream_ws/install/ros2_control_demo_example_7/share/ros2_control_demo_example_7/config
[25.377s] -- Installing: /root/dream_ws/install/ros2_control_demo_example_7/share/ros2_control_demo_example_7/config/r6bot_controller.yaml
[25.377s] -- Installing: /root/dream_ws/install/ros2_control_demo_example_7/lib/ros2_control_demo_example_7/send_trajectory
[25.378s] -- Set runtime path of "/root/dream_ws/install/ros2_control_demo_example_7/lib/ros2_control_demo_example_7/send_trajectory" to ""
[25.378s] -- Installing: /root/dream_ws/install/ros2_control_demo_example_7/lib/libros2_control_demo_example_7.so
[25.385s] -- Set runtime path of "/root/dream_ws/install/ros2_control_demo_example_7/lib/libros2_control_demo_example_7.so" to ""
[25.385s] -- Installing: /root/dream_ws/install/ros2_control_demo_example_7/share/ros2_control_demo_example_7/environment/library_path.sh
[25.385s] -- Installing: /root/dream_ws/install/ros2_control_demo_example_7/share/ros2_control_demo_example_7/environment/library_path.dsv
[25.385s] -- Installing: /root/dream_ws/install/ros2_control_demo_example_7/share/ament_index/resource_index/package_run_dependencies/ros2_control_demo_example_7
[25.386s] -- Installing: /root/dream_ws/install/ros2_control_demo_example_7/share/ament_index/resource_index/parent_prefix_path/ros2_control_demo_example_7
[25.386s] -- Installing: /root/dream_ws/install/ros2_control_demo_example_7/share/ros2_control_demo_example_7/environment/ament_prefix_path.sh
[25.386s] -- Installing: /root/dream_ws/install/ros2_control_demo_example_7/share/ros2_control_demo_example_7/environment/ament_prefix_path.dsv
[25.386s] -- Installing: /root/dream_ws/install/ros2_control_demo_example_7/share/ros2_control_demo_example_7/environment/path.sh
[25.386s] -- Installing: /root/dream_ws/install/ros2_control_demo_example_7/share/ros2_control_demo_example_7/environment/path.dsv
[25.387s] -- Installing: /root/dream_ws/install/ros2_control_demo_example_7/share/ros2_control_demo_example_7/local_setup.bash
[25.387s] -- Installing: /root/dream_ws/install/ros2_control_demo_example_7/share/ros2_control_demo_example_7/local_setup.sh
[25.387s] -- Installing: /root/dream_ws/install/ros2_control_demo_example_7/share/ros2_control_demo_example_7/local_setup.zsh
[25.387s] -- Installing: /root/dream_ws/install/ros2_control_demo_example_7/share/ros2_control_demo_example_7/local_setup.dsv
[25.387s] -- Installing: /root/dream_ws/install/ros2_control_demo_example_7/share/ros2_control_demo_example_7/package.dsv
[25.388s] -- Installing: /root/dream_ws/install/ros2_control_demo_example_7/share/ament_index/resource_index/packages/ros2_control_demo_example_7
[25.388s] -- Installing: /root/dream_ws/install/ros2_control_demo_example_7/share/ament_index/resource_index/hardware_interface__pluginlib__plugin/ros2_control_demo_example_7
[25.388s] -- Installing: /root/dream_ws/install/ros2_control_demo_example_7/share/ament_index/resource_index/controller_interface__pluginlib__plugin/ros2_control_demo_example_7
[25.388s] -- Installing: /root/dream_ws/install/ros2_control_demo_example_7/share/ros2_control_demo_example_7/cmake/export_ros2_control_demo_example_7Export.cmake
[25.388s] -- Installing: /root/dream_ws/install/ros2_control_demo_example_7/share/ros2_control_demo_example_7/cmake/export_ros2_control_demo_example_7Export-noconfig.cmake
[25.389s] -- Installing: /root/dream_ws/install/ros2_control_demo_example_7/share/ros2_control_demo_example_7/cmake/ament_cmake_export_targets-extras.cmake
[25.389s] -- Installing: /root/dream_ws/install/ros2_control_demo_example_7/share/ros2_control_demo_example_7/cmake/ament_cmake_export_dependencies-extras.cmake
[25.389s] -- Installing: /root/dream_ws/install/ros2_control_demo_example_7/share/ros2_control_demo_example_7/cmake/ros2_control_demo_example_7Config.cmake
[25.389s] -- Installing: /root/dream_ws/install/ros2_control_demo_example_7/share/ros2_control_demo_example_7/cmake/ros2_control_demo_example_7Config-version.cmake
[25.389s] -- Installing: /root/dream_ws/install/ros2_control_demo_example_7/share/ros2_control_demo_example_7/package.xml
[25.392s] Invoked command in '/root/dream_ws/build/ros2_control_demo_example_7' returned '0': AMENT_PREFIX_PATH=/root/dream_ws/install/ros2_control_demo_testing:/root/dream_ws/install/ros2_control_demo_description:${AMENT_PREFIX_PATH} CMAKE_PREFIX_PATH=/root/dream_ws/install/ros2_control_demo_description:/root/dream_ws/install/kr600:/root/dev_ws/install/simple_bot_config:/root/dev_ws/install/movbot_config:/root/dev_ws/install/simple_bot:/root/dev_ws/install/moveit_demo:/root/dev_ws/install/cobot_simulation_config:/root/dev_ws/install/cobot_simulation:/root/dev_ws/install/basic_mobile_robot:/root/dev_ws/install/arm6axis:/opt/ros/humble PYTHONPATH=/root/dream_ws/install/ros2_control_demo_testing/lib/python3.10/site-packages:${PYTHONPATH} /usr/bin/cmake --install /root/dream_ws/build/ros2_control_demo_example_7
