[0.086s] Invoking command in '/root/dream_ws/build/ros2_control_demo_example_9': AMENT_PREFIX_PATH=/root/dream_ws/install/ros2_control_demo_testing:/root/dream_ws/install/ros2_control_demo_description:${AMENT_PREFIX_PATH} CMAKE_PREFIX_PATH=/root/dream_ws/install/ros2_control_demo_description:/root/dream_ws/install/kr600:/root/dev_ws/install/simple_bot_config:/root/dev_ws/install/movbot_config:/root/dev_ws/install/simple_bot:/root/dev_ws/install/moveit_demo:/root/dev_ws/install/cobot_simulation_config:/root/dev_ws/install/cobot_simulation:/root/dev_ws/install/basic_mobile_robot:/root/dev_ws/install/arm6axis:/opt/ros/humble PYTHONPATH=/root/dream_ws/install/ros2_control_demo_testing/lib/python3.10/site-packages:${PYTHONPATH} /usr/bin/cmake /root/dream_ws/src/ros2_control_demos/example_9 -DCMAKE_INSTALL_PREFIX=/root/dream_ws/install/ros2_control_demo_example_9
[0.246s] -- The CXX compiler identification is GNU 11.4.0
[0.269s] -- Detecting CXX compiler ABI info
[0.402s] -- Detecting CXX compiler ABI info - done
[0.422s] -- Check for working CXX compiler: /usr/bin/c++ - skipped
[0.424s] -- Detecting CXX compile features
[0.424s] -- Detecting CXX compile features - done
[0.433s] -- Found ament_cmake: 1.3.10 (/opt/ros/humble/share/ament_cmake/cmake)
[0.713s] -- Found Python3: /usr/bin/python3 (found version "3.10.12") found components: Interpreter 
[0.877s] -- Found hardware_interface: 2.42.0 (/opt/ros/humble/share/hardware_interface/cmake)
[0.971s] -- Found rosidl_generator_c: 3.1.5 (/opt/ros/humble/share/rosidl_generator_c/cmake)
[0.985s] -- Found rosidl_adapter: 3.1.5 (/opt/ros/humble/share/rosidl_adapter/cmake)
[1.003s] -- Found rosidl_generator_cpp: 3.1.5 (/opt/ros/humble/share/rosidl_generator_cpp/cmake)
[1.026s] -- Using all available rosidl_typesupport_c: rosidl_typesupport_fastrtps_c;rosidl_typesupport_introspection_c
[1.063s] -- Using all available rosidl_typesupport_cpp: rosidl_typesupport_fastrtps_cpp;rosidl_typesupport_introspection_cpp
[1.592s] -- Found rmw_implementation_cmake: 6.1.2 (/opt/ros/humble/share/rmw_implementation_cmake/cmake)
[1.601s] -- Found rmw_fastrtps_cpp: 6.2.7 (/opt/ros/humble/share/rmw_fastrtps_cpp/cmake)
[1.667s] -- Found TinyXML2 via Config file: TinyXML2_DIR-NOTFOUND
[1.739s] -- Found OpenSSL: /usr/lib/x86_64-linux-gnu/libcrypto.so (found version "3.0.2")  
[1.743s] -- Found TinyXML2 via Config file: TinyXML2_DIR-NOTFOUND
[1.769s] -- Found FastRTPS: /opt/ros/humble/include  
[1.777s] -- Found TinyXML2 via Config file: TinyXML2_DIR-NOTFOUND
[1.793s] -- Found TinyXML2 via Config file: TinyXML2_DIR-NOTFOUND
[1.808s] -- Using RMW implementation 'rmw_fastrtps_cpp' as default
[1.827s] -- Looking for C++ include pthread.h
[1.937s] -- Looking for C++ include pthread.h - found
[1.937s] -- Performing Test CMAKE_HAVE_LIBC_PTHREAD
[2.057s] -- Performing Test CMAKE_HAVE_LIBC_PTHREAD - Success
[2.058s] -- Found Threads: TRUE  
[2.184s] -- Found ament_cmake_pytest: 1.3.10 (/opt/ros/humble/share/ament_cmake_pytest/cmake)
[3.476s] -- Configuring done
[3.522s] -- Generating done
[3.525s] -- Build files have been written to: /root/dream_ws/build/ros2_control_demo_example_9
[3.538s] Invoked command in '/root/dream_ws/build/ros2_control_demo_example_9' returned '0': AMENT_PREFIX_PATH=/root/dream_ws/install/ros2_control_demo_testing:/root/dream_ws/install/ros2_control_demo_description:${AMENT_PREFIX_PATH} CMAKE_PREFIX_PATH=/root/dream_ws/install/ros2_control_demo_description:/root/dream_ws/install/kr600:/root/dev_ws/install/simple_bot_config:/root/dev_ws/install/movbot_config:/root/dev_ws/install/simple_bot:/root/dev_ws/install/moveit_demo:/root/dev_ws/install/cobot_simulation_config:/root/dev_ws/install/cobot_simulation:/root/dev_ws/install/basic_mobile_robot:/root/dev_ws/install/arm6axis:/opt/ros/humble PYTHONPATH=/root/dream_ws/install/ros2_control_demo_testing/lib/python3.10/site-packages:${PYTHONPATH} /usr/bin/cmake /root/dream_ws/src/ros2_control_demos/example_9 -DCMAKE_INSTALL_PREFIX=/root/dream_ws/install/ros2_control_demo_example_9
[3.541s] Invoking command in '/root/dream_ws/build/ros2_control_demo_example_9': AMENT_PREFIX_PATH=/root/dream_ws/install/ros2_control_demo_testing:/root/dream_ws/install/ros2_control_demo_description:${AMENT_PREFIX_PATH} CMAKE_PREFIX_PATH=/root/dream_ws/install/ros2_control_demo_description:/root/dream_ws/install/kr600:/root/dev_ws/install/simple_bot_config:/root/dev_ws/install/movbot_config:/root/dev_ws/install/simple_bot:/root/dev_ws/install/moveit_demo:/root/dev_ws/install/cobot_simulation_config:/root/dev_ws/install/cobot_simulation:/root/dev_ws/install/basic_mobile_robot:/root/dev_ws/install/arm6axis:/opt/ros/humble PYTHONPATH=/root/dream_ws/install/ros2_control_demo_testing/lib/python3.10/site-packages:${PYTHONPATH} /usr/bin/cmake --build /root/dream_ws/build/ros2_control_demo_example_9 -- -j12 -l12
[3.591s] [ 50%] [32mBuilding CXX object CMakeFiles/ros2_control_demo_example_9.dir/hardware/rrbot.cpp.o[0m
[7.860s] [100%] [32m[1mLinking CXX shared library libros2_control_demo_example_9.so[0m
[8.028s] [100%] Built target ros2_control_demo_example_9
[8.040s] Invoked command in '/root/dream_ws/build/ros2_control_demo_example_9' returned '0': AMENT_PREFIX_PATH=/root/dream_ws/install/ros2_control_demo_testing:/root/dream_ws/install/ros2_control_demo_description:${AMENT_PREFIX_PATH} CMAKE_PREFIX_PATH=/root/dream_ws/install/ros2_control_demo_description:/root/dream_ws/install/kr600:/root/dev_ws/install/simple_bot_config:/root/dev_ws/install/movbot_config:/root/dev_ws/install/simple_bot:/root/dev_ws/install/moveit_demo:/root/dev_ws/install/cobot_simulation_config:/root/dev_ws/install/cobot_simulation:/root/dev_ws/install/basic_mobile_robot:/root/dev_ws/install/arm6axis:/opt/ros/humble PYTHONPATH=/root/dream_ws/install/ros2_control_demo_testing/lib/python3.10/site-packages:${PYTHONPATH} /usr/bin/cmake --build /root/dream_ws/build/ros2_control_demo_example_9 -- -j12 -l12
[8.065s] Invoking command in '/root/dream_ws/build/ros2_control_demo_example_9': AMENT_PREFIX_PATH=/root/dream_ws/install/ros2_control_demo_testing:/root/dream_ws/install/ros2_control_demo_description:${AMENT_PREFIX_PATH} CMAKE_PREFIX_PATH=/root/dream_ws/install/ros2_control_demo_description:/root/dream_ws/install/kr600:/root/dev_ws/install/simple_bot_config:/root/dev_ws/install/movbot_config:/root/dev_ws/install/simple_bot:/root/dev_ws/install/moveit_demo:/root/dev_ws/install/cobot_simulation_config:/root/dev_ws/install/cobot_simulation:/root/dev_ws/install/basic_mobile_robot:/root/dev_ws/install/arm6axis:/opt/ros/humble PYTHONPATH=/root/dream_ws/install/ros2_control_demo_testing/lib/python3.10/site-packages:${PYTHONPATH} /usr/bin/cmake --install /root/dream_ws/build/ros2_control_demo_example_9
[8.071s] -- Install configuration: ""
[8.072s] -- Installing: /root/dream_ws/install/ros2_control_demo_example_9/share/ros2_control_demo_example_9/ros2_control_demo_example_9.xml
[8.072s] -- Installing: /root/dream_ws/install/ros2_control_demo_example_9/include/ros2_control_demo_example_9
[8.072s] -- Installing: /root/dream_ws/install/ros2_control_demo_example_9/include/ros2_control_demo_example_9/ros2_control_demo_example_9
[8.072s] -- Installing: /root/dream_ws/install/ros2_control_demo_example_9/include/ros2_control_demo_example_9/ros2_control_demo_example_9/rrbot.hpp
[8.072s] -- Installing: /root/dream_ws/install/ros2_control_demo_example_9/share/ros2_control_demo_example_9/launch
[8.073s] -- Installing: /root/dream_ws/install/ros2_control_demo_example_9/share/ros2_control_demo_example_9/launch/view_robot.launch.py
[8.073s] -- Installing: /root/dream_ws/install/ros2_control_demo_example_9/share/ros2_control_demo_example_9/ros2_control
[8.073s] -- Installing: /root/dream_ws/install/ros2_control_demo_example_9/share/ros2_control_demo_example_9/ros2_control/rrbot.ros2_control.xacro
[8.073s] -- Installing: /root/dream_ws/install/ros2_control_demo_example_9/share/ros2_control_demo_example_9/urdf
[8.073s] -- Installing: /root/dream_ws/install/ros2_control_demo_example_9/share/ros2_control_demo_example_9/urdf/rrbot.urdf.xacro
[8.074s] -- Installing: /root/dream_ws/install/ros2_control_demo_example_9/share/ros2_control_demo_example_9/gazebo
[8.074s] -- Installing: /root/dream_ws/install/ros2_control_demo_example_9/share/ros2_control_demo_example_9/gazebo/rrbot.gazebo.xacro
[8.074s] -- Up-to-date: /root/dream_ws/install/ros2_control_demo_example_9/share/ros2_control_demo_example_9/launch
[8.074s] -- Installing: /root/dream_ws/install/ros2_control_demo_example_9/share/ros2_control_demo_example_9/launch/test_forward_position_controller.launch.py
[8.074s] -- Installing: /root/dream_ws/install/ros2_control_demo_example_9/share/ros2_control_demo_example_9/launch/rrbot_gazebo_classic.launch.py
[8.074s] -- Installing: /root/dream_ws/install/ros2_control_demo_example_9/share/ros2_control_demo_example_9/launch/rrbot.launch.py
[8.074s] -- Installing: /root/dream_ws/install/ros2_control_demo_example_9/share/ros2_control_demo_example_9/config
[8.074s] -- Installing: /root/dream_ws/install/ros2_control_demo_example_9/share/ros2_control_demo_example_9/config/rrbot_controllers.yaml
[8.074s] -- Installing: /root/dream_ws/install/ros2_control_demo_example_9/share/ros2_control_demo_example_9/config/rrbot_forward_position_publisher.yaml
[8.075s] -- Installing: /root/dream_ws/install/ros2_control_demo_example_9/lib/libros2_control_demo_example_9.so
[8.075s] -- Set runtime path of "/root/dream_ws/install/ros2_control_demo_example_9/lib/libros2_control_demo_example_9.so" to ""
[8.075s] -- Installing: /root/dream_ws/install/ros2_control_demo_example_9/share/ros2_control_demo_example_9/environment/library_path.sh
[8.075s] -- Installing: /root/dream_ws/install/ros2_control_demo_example_9/share/ros2_control_demo_example_9/environment/library_path.dsv
[8.076s] -- Installing: /root/dream_ws/install/ros2_control_demo_example_9/share/ament_index/resource_index/package_run_dependencies/ros2_control_demo_example_9
[8.076s] -- Installing: /root/dream_ws/install/ros2_control_demo_example_9/share/ament_index/resource_index/parent_prefix_path/ros2_control_demo_example_9
[8.076s] -- Installing: /root/dream_ws/install/ros2_control_demo_example_9/share/ros2_control_demo_example_9/environment/ament_prefix_path.sh
[8.076s] -- Installing: /root/dream_ws/install/ros2_control_demo_example_9/share/ros2_control_demo_example_9/environment/ament_prefix_path.dsv
[8.077s] -- Installing: /root/dream_ws/install/ros2_control_demo_example_9/share/ros2_control_demo_example_9/environment/path.sh
[8.077s] -- Installing: /root/dream_ws/install/ros2_control_demo_example_9/share/ros2_control_demo_example_9/environment/path.dsv
[8.077s] -- Installing: /root/dream_ws/install/ros2_control_demo_example_9/share/ros2_control_demo_example_9/local_setup.bash
[8.077s] -- Installing: /root/dream_ws/install/ros2_control_demo_example_9/share/ros2_control_demo_example_9/local_setup.sh
[8.077s] -- Installing: /root/dream_ws/install/ros2_control_demo_example_9/share/ros2_control_demo_example_9/local_setup.zsh
[8.078s] -- Installing: /root/dream_ws/install/ros2_control_demo_example_9/share/ros2_control_demo_example_9/local_setup.dsv
[8.078s] -- Installing: /root/dream_ws/install/ros2_control_demo_example_9/share/ros2_control_demo_example_9/package.dsv
[8.078s] -- Installing: /root/dream_ws/install/ros2_control_demo_example_9/share/ament_index/resource_index/packages/ros2_control_demo_example_9
[8.078s] -- Installing: /root/dream_ws/install/ros2_control_demo_example_9/share/ament_index/resource_index/hardware_interface__pluginlib__plugin/ros2_control_demo_example_9
[8.078s] -- Installing: /root/dream_ws/install/ros2_control_demo_example_9/share/ros2_control_demo_example_9/cmake/export_ros2_control_demo_example_9Export.cmake
[8.079s] -- Installing: /root/dream_ws/install/ros2_control_demo_example_9/share/ros2_control_demo_example_9/cmake/export_ros2_control_demo_example_9Export-noconfig.cmake
[8.079s] -- Installing: /root/dream_ws/install/ros2_control_demo_example_9/share/ros2_control_demo_example_9/cmake/ament_cmake_export_targets-extras.cmake
[8.079s] -- Installing: /root/dream_ws/install/ros2_control_demo_example_9/share/ros2_control_demo_example_9/cmake/ament_cmake_export_dependencies-extras.cmake
[8.079s] -- Installing: /root/dream_ws/install/ros2_control_demo_example_9/share/ros2_control_demo_example_9/cmake/ros2_control_demo_example_9Config.cmake
[8.079s] -- Installing: /root/dream_ws/install/ros2_control_demo_example_9/share/ros2_control_demo_example_9/cmake/ros2_control_demo_example_9Config-version.cmake
[8.080s] -- Installing: /root/dream_ws/install/ros2_control_demo_example_9/share/ros2_control_demo_example_9/package.xml
[8.081s] Invoked command in '/root/dream_ws/build/ros2_control_demo_example_9' returned '0': AMENT_PREFIX_PATH=/root/dream_ws/install/ros2_control_demo_testing:/root/dream_ws/install/ros2_control_demo_description:${AMENT_PREFIX_PATH} CMAKE_PREFIX_PATH=/root/dream_ws/install/ros2_control_demo_description:/root/dream_ws/install/kr600:/root/dev_ws/install/simple_bot_config:/root/dev_ws/install/movbot_config:/root/dev_ws/install/simple_bot:/root/dev_ws/install/moveit_demo:/root/dev_ws/install/cobot_simulation_config:/root/dev_ws/install/cobot_simulation:/root/dev_ws/install/basic_mobile_robot:/root/dev_ws/install/arm6axis:/opt/ros/humble PYTHONPATH=/root/dream_ws/install/ros2_control_demo_testing/lib/python3.10/site-packages:${PYTHONPATH} /usr/bin/cmake --install /root/dream_ws/build/ros2_control_demo_example_9
