[0.075s] Invoking command in '/root/dream_ws/build/ros2_control_demo_example_12': AMENT_PREFIX_PATH=/root/dream_ws/install/ros2_control_demo_testing:/root/dream_ws/install/ros2_control_demo_description:${AMENT_PREFIX_PATH} CMAKE_PREFIX_PATH=/root/dream_ws/install/ros2_control_demo_description:/root/dream_ws/install/kr600:/root/dev_ws/install/simple_bot_config:/root/dev_ws/install/movbot_config:/root/dev_ws/install/simple_bot:/root/dev_ws/install/moveit_demo:/root/dev_ws/install/cobot_simulation_config:/root/dev_ws/install/cobot_simulation:/root/dev_ws/install/basic_mobile_robot:/root/dev_ws/install/arm6axis:/opt/ros/humble PYTHONPATH=/root/dream_ws/install/ros2_control_demo_testing/lib/python3.10/site-packages:${PYTHONPATH} /usr/bin/cmake /root/dream_ws/src/ros2_control_demos/example_12 -DCMAKE_INSTALL_PREFIX=/root/dream_ws/install/ros2_control_demo_example_12
[0.121s] -- Found ament_cmake: 1.3.10 (/opt/ros/humble/share/ament_cmake/cmake)
[0.415s] -- Found Python3: /usr/bin/python3 (found version "3.10.12") found components: Interpreter 
[0.678s] -- Found hardware_interface: 2.42.0 (/opt/ros/humble/share/hardware_interface/cmake)
[0.876s] -- Found rosidl_generator_c: 3.1.5 (/opt/ros/humble/share/rosidl_generator_c/cmake)
[0.905s] -- Found rosidl_adapter: 3.1.5 (/opt/ros/humble/share/rosidl_adapter/cmake)
[0.943s] -- Found rosidl_generator_cpp: 3.1.5 (/opt/ros/humble/share/rosidl_generator_cpp/cmake)
[1.004s] -- Using all available rosidl_typesupport_c: rosidl_typesupport_fastrtps_c;rosidl_typesupport_introspection_c
[1.072s] -- Using all available rosidl_typesupport_cpp: rosidl_typesupport_fastrtps_cpp;rosidl_typesupport_introspection_cpp
[1.840s] -- Found rmw_implementation_cmake: 6.1.2 (/opt/ros/humble/share/rmw_implementation_cmake/cmake)
[1.853s] -- Found rmw_fastrtps_cpp: 6.2.7 (/opt/ros/humble/share/rmw_fastrtps_cpp/cmake)
[1.962s] -- Found TinyXML2 via Config file: TinyXML2_DIR-NOTFOUND
[2.067s] -- Found OpenSSL: /usr/lib/x86_64-linux-gnu/libcrypto.so (found version "3.0.2")  
[2.074s] -- Found TinyXML2 via Config file: TinyXML2_DIR-NOTFOUND
[2.107s] -- Found FastRTPS: /opt/ros/humble/include  
[2.115s] -- Found TinyXML2 via Config file: TinyXML2_DIR-NOTFOUND
[2.131s] -- Found TinyXML2 via Config file: TinyXML2_DIR-NOTFOUND
[2.158s] -- Using RMW implementation 'rmw_fastrtps_cpp' as default
[2.198s] -- Looking for C++ include pthread.h
[2.514s] -- Looking for C++ include pthread.h - found
[2.520s] -- Performing Test CMAKE_HAVE_LIBC_PTHREAD
[2.719s] -- Performing Test CMAKE_HAVE_LIBC_PTHREAD - Success
[2.719s] -- Found Threads: TRUE  
[2.891s] -- Found generate_parameter_library: 0.3.8 (/opt/ros/humble/share/generate_parameter_library/cmake)
[2.900s] -- Found parameter_traits: 0.3.8 (/opt/ros/humble/share/parameter_traits/cmake)
[2.971s] -- Found controller_interface: 2.42.0 (/opt/ros/humble/share/controller_interface/cmake)
[2.993s] -- Found realtime_tools: 2.5.0 (/opt/ros/humble/share/realtime_tools/cmake)
[3.119s] -- Found ament_cmake_pytest: 1.3.10 (/opt/ros/humble/share/ament_cmake_pytest/cmake)
[5.314s] -- Configuring done
[5.538s] -- Generating done
[5.542s] -- Build files have been written to: /root/dream_ws/build/ros2_control_demo_example_12
[5.601s] Invoked command in '/root/dream_ws/build/ros2_control_demo_example_12' returned '0': AMENT_PREFIX_PATH=/root/dream_ws/install/ros2_control_demo_testing:/root/dream_ws/install/ros2_control_demo_description:${AMENT_PREFIX_PATH} CMAKE_PREFIX_PATH=/root/dream_ws/install/ros2_control_demo_description:/root/dream_ws/install/kr600:/root/dev_ws/install/simple_bot_config:/root/dev_ws/install/movbot_config:/root/dev_ws/install/simple_bot:/root/dev_ws/install/moveit_demo:/root/dev_ws/install/cobot_simulation_config:/root/dev_ws/install/cobot_simulation:/root/dev_ws/install/basic_mobile_robot:/root/dev_ws/install/arm6axis:/opt/ros/humble PYTHONPATH=/root/dream_ws/install/ros2_control_demo_testing/lib/python3.10/site-packages:${PYTHONPATH} /usr/bin/cmake /root/dream_ws/src/ros2_control_demos/example_12 -DCMAKE_INSTALL_PREFIX=/root/dream_ws/install/ros2_control_demo_example_12
[5.603s] Invoking command in '/root/dream_ws/build/ros2_control_demo_example_12': AMENT_PREFIX_PATH=/root/dream_ws/install/ros2_control_demo_testing:/root/dream_ws/install/ros2_control_demo_description:${AMENT_PREFIX_PATH} CMAKE_PREFIX_PATH=/root/dream_ws/install/ros2_control_demo_description:/root/dream_ws/install/kr600:/root/dev_ws/install/simple_bot_config:/root/dev_ws/install/movbot_config:/root/dev_ws/install/simple_bot:/root/dev_ws/install/moveit_demo:/root/dev_ws/install/cobot_simulation_config:/root/dev_ws/install/cobot_simulation:/root/dev_ws/install/basic_mobile_robot:/root/dev_ws/install/arm6axis:/opt/ros/humble PYTHONPATH=/root/dream_ws/install/ros2_control_demo_testing/lib/python3.10/site-packages:${PYTHONPATH} /usr/bin/cmake --build /root/dream_ws/build/ros2_control_demo_example_12 -- -j12 -l12
[17.551s] [ 20%] [32mBuilding CXX object CMakeFiles/ros2_control_demo_example_12.dir/hardware/rrbot.cpp.o[0m
[17.551s] [ 40%] [34m[1mRunning `/opt/ros/humble/bin/generate_parameter_library_cpp /root/dream_ws/build/ros2_control_demo_example_12/passthrough_controller_parameters/include//passthrough_controller_parameters.hpp /root/dream_ws/src/ros2_control_demos/example_12/controllers/src/passthrough_controller_parameters.yaml `[0m
[17.552s] [ 40%] Built target passthrough_controller_parameters
[17.552s] [ 60%] [32mBuilding CXX object CMakeFiles/passthrough_controller.dir/controllers/src/passthrough_controller.cpp.o[0m
[17.775s] [ 80%] [32m[1mLinking CXX shared library libros2_control_demo_example_12.so[0m
[18.135s] [ 80%] Built target ros2_control_demo_example_12
[24.419s] [100%] [32m[1mLinking CXX shared library libpassthrough_controller.so[0m
[25.127s] [100%] Built target passthrough_controller
[25.139s] Invoked command in '/root/dream_ws/build/ros2_control_demo_example_12' returned '0': AMENT_PREFIX_PATH=/root/dream_ws/install/ros2_control_demo_testing:/root/dream_ws/install/ros2_control_demo_description:${AMENT_PREFIX_PATH} CMAKE_PREFIX_PATH=/root/dream_ws/install/ros2_control_demo_description:/root/dream_ws/install/kr600:/root/dev_ws/install/simple_bot_config:/root/dev_ws/install/movbot_config:/root/dev_ws/install/simple_bot:/root/dev_ws/install/moveit_demo:/root/dev_ws/install/cobot_simulation_config:/root/dev_ws/install/cobot_simulation:/root/dev_ws/install/basic_mobile_robot:/root/dev_ws/install/arm6axis:/opt/ros/humble PYTHONPATH=/root/dream_ws/install/ros2_control_demo_testing/lib/python3.10/site-packages:${PYTHONPATH} /usr/bin/cmake --build /root/dream_ws/build/ros2_control_demo_example_12 -- -j12 -l12
[25.172s] Invoking command in '/root/dream_ws/build/ros2_control_demo_example_12': AMENT_PREFIX_PATH=/root/dream_ws/install/ros2_control_demo_testing:/root/dream_ws/install/ros2_control_demo_description:${AMENT_PREFIX_PATH} CMAKE_PREFIX_PATH=/root/dream_ws/install/ros2_control_demo_description:/root/dream_ws/install/kr600:/root/dev_ws/install/simple_bot_config:/root/dev_ws/install/movbot_config:/root/dev_ws/install/simple_bot:/root/dev_ws/install/moveit_demo:/root/dev_ws/install/cobot_simulation_config:/root/dev_ws/install/cobot_simulation:/root/dev_ws/install/basic_mobile_robot:/root/dev_ws/install/arm6axis:/opt/ros/humble PYTHONPATH=/root/dream_ws/install/ros2_control_demo_testing/lib/python3.10/site-packages:${PYTHONPATH} /usr/bin/cmake --install /root/dream_ws/build/ros2_control_demo_example_12
[25.178s] -- Install configuration: ""
[25.178s] -- Installing: /root/dream_ws/install/ros2_control_demo_example_12/share/ros2_control_demo_example_12/ros2_control_demo_example_12.xml
[25.179s] -- Installing: /root/dream_ws/install/ros2_control_demo_example_12/include/passthrough_controller_parameters
[25.179s] -- Installing: /root/dream_ws/install/ros2_control_demo_example_12/include/passthrough_controller_parameters/passthrough_controller_parameters.hpp
[25.179s] -- Installing: /root/dream_ws/install/ros2_control_demo_example_12/share/ros2_control_demo_example_12/passthrough_controller.xml
[25.179s] -- Installing: /root/dream_ws/install/ros2_control_demo_example_12/include/ros2_control_demo_example_12
[25.179s] -- Installing: /root/dream_ws/install/ros2_control_demo_example_12/include/ros2_control_demo_example_12/ros2_control_demo_example_12
[25.179s] -- Installing: /root/dream_ws/install/ros2_control_demo_example_12/include/ros2_control_demo_example_12/ros2_control_demo_example_12/rrbot.hpp
[25.180s] -- Installing: /root/dream_ws/install/ros2_control_demo_example_12/share/ros2_control_demo_example_12/launch
[25.180s] -- Installing: /root/dream_ws/install/ros2_control_demo_example_12/share/ros2_control_demo_example_12/launch/view_robot.launch.py
[25.180s] -- Installing: /root/dream_ws/install/ros2_control_demo_example_12/share/ros2_control_demo_example_12/ros2_control
[25.180s] -- Installing: /root/dream_ws/install/ros2_control_demo_example_12/share/ros2_control_demo_example_12/ros2_control/rrbot.ros2_control.xacro
[25.180s] -- Installing: /root/dream_ws/install/ros2_control_demo_example_12/share/ros2_control_demo_example_12/urdf
[25.181s] -- Installing: /root/dream_ws/install/ros2_control_demo_example_12/share/ros2_control_demo_example_12/urdf/rrbot.urdf.xacro
[25.181s] -- Up-to-date: /root/dream_ws/install/ros2_control_demo_example_12/share/ros2_control_demo_example_12/launch
[25.181s] -- Installing: /root/dream_ws/install/ros2_control_demo_example_12/share/ros2_control_demo_example_12/launch/launch_chained_controllers.launch.py
[25.181s] -- Installing: /root/dream_ws/install/ros2_control_demo_example_12/share/ros2_control_demo_example_12/launch/rrbot.launch.py
[25.181s] -- Installing: /root/dream_ws/install/ros2_control_demo_example_12/share/ros2_control_demo_example_12/config
[25.181s] -- Installing: /root/dream_ws/install/ros2_control_demo_example_12/share/ros2_control_demo_example_12/config/rrbot_chained_controllers.yaml
[25.181s] -- Installing: /root/dream_ws/install/ros2_control_demo_example_12/lib/libros2_control_demo_example_12.so
[25.182s] -- Set runtime path of "/root/dream_ws/install/ros2_control_demo_example_12/lib/libros2_control_demo_example_12.so" to ""
[25.182s] -- Installing: /root/dream_ws/install/ros2_control_demo_example_12/include/passthrough_controller
[25.182s] -- Installing: /root/dream_ws/install/ros2_control_demo_example_12/include/passthrough_controller/passthrough_controller
[25.182s] -- Installing: /root/dream_ws/install/ros2_control_demo_example_12/include/passthrough_controller/passthrough_controller/passthrough_controller.hpp
[25.182s] -- Installing: /root/dream_ws/install/ros2_control_demo_example_12/lib/libpassthrough_controller.so
[25.189s] -- Set runtime path of "/root/dream_ws/install/ros2_control_demo_example_12/lib/libpassthrough_controller.so" to ""
[25.189s] -- Installing: /root/dream_ws/install/ros2_control_demo_example_12/share/ros2_control_demo_example_12/environment/library_path.sh
[25.189s] -- Installing: /root/dream_ws/install/ros2_control_demo_example_12/share/ros2_control_demo_example_12/environment/library_path.dsv
[25.189s] -- Installing: /root/dream_ws/install/ros2_control_demo_example_12/share/ament_index/resource_index/package_run_dependencies/ros2_control_demo_example_12
[25.189s] -- Installing: /root/dream_ws/install/ros2_control_demo_example_12/share/ament_index/resource_index/parent_prefix_path/ros2_control_demo_example_12
[25.190s] -- Installing: /root/dream_ws/install/ros2_control_demo_example_12/share/ros2_control_demo_example_12/environment/ament_prefix_path.sh
[25.190s] -- Installing: /root/dream_ws/install/ros2_control_demo_example_12/share/ros2_control_demo_example_12/environment/ament_prefix_path.dsv
[25.190s] -- Installing: /root/dream_ws/install/ros2_control_demo_example_12/share/ros2_control_demo_example_12/environment/path.sh
[25.191s] -- Installing: /root/dream_ws/install/ros2_control_demo_example_12/share/ros2_control_demo_example_12/environment/path.dsv
[25.191s] -- Installing: /root/dream_ws/install/ros2_control_demo_example_12/share/ros2_control_demo_example_12/local_setup.bash
[25.191s] -- Installing: /root/dream_ws/install/ros2_control_demo_example_12/share/ros2_control_demo_example_12/local_setup.sh
[25.191s] -- Installing: /root/dream_ws/install/ros2_control_demo_example_12/share/ros2_control_demo_example_12/local_setup.zsh
[25.191s] -- Installing: /root/dream_ws/install/ros2_control_demo_example_12/share/ros2_control_demo_example_12/local_setup.dsv
[25.191s] -- Installing: /root/dream_ws/install/ros2_control_demo_example_12/share/ros2_control_demo_example_12/package.dsv
[25.192s] -- Installing: /root/dream_ws/install/ros2_control_demo_example_12/share/ament_index/resource_index/packages/ros2_control_demo_example_12
[25.192s] -- Installing: /root/dream_ws/install/ros2_control_demo_example_12/share/ament_index/resource_index/hardware_interface__pluginlib__plugin/ros2_control_demo_example_12
[25.192s] -- Installing: /root/dream_ws/install/ros2_control_demo_example_12/share/ament_index/resource_index/controller_interface__pluginlib__plugin/ros2_control_demo_example_12
[25.192s] -- Installing: /root/dream_ws/install/ros2_control_demo_example_12/share/ros2_control_demo_example_12/cmake/export_passthrough_controllerExport.cmake
[25.193s] -- Installing: /root/dream_ws/install/ros2_control_demo_example_12/share/ros2_control_demo_example_12/cmake/export_passthrough_controllerExport-noconfig.cmake
[25.193s] -- Installing: /root/dream_ws/install/ros2_control_demo_example_12/share/ros2_control_demo_example_12/cmake/export_ros2_control_demo_example_12Export.cmake
[25.193s] -- Installing: /root/dream_ws/install/ros2_control_demo_example_12/share/ros2_control_demo_example_12/cmake/export_ros2_control_demo_example_12Export-noconfig.cmake
[25.193s] -- Installing: /root/dream_ws/install/ros2_control_demo_example_12/share/ros2_control_demo_example_12/cmake/ament_cmake_export_targets-extras.cmake
[25.193s] -- Installing: /root/dream_ws/install/ros2_control_demo_example_12/share/ros2_control_demo_example_12/cmake/ament_cmake_export_dependencies-extras.cmake
[25.194s] -- Installing: /root/dream_ws/install/ros2_control_demo_example_12/share/ros2_control_demo_example_12/cmake/ros2_control_demo_example_12Config.cmake
[25.194s] -- Installing: /root/dream_ws/install/ros2_control_demo_example_12/share/ros2_control_demo_example_12/cmake/ros2_control_demo_example_12Config-version.cmake
[25.194s] -- Installing: /root/dream_ws/install/ros2_control_demo_example_12/share/ros2_control_demo_example_12/package.xml
[25.196s] Invoked command in '/root/dream_ws/build/ros2_control_demo_example_12' returned '0': AMENT_PREFIX_PATH=/root/dream_ws/install/ros2_control_demo_testing:/root/dream_ws/install/ros2_control_demo_description:${AMENT_PREFIX_PATH} CMAKE_PREFIX_PATH=/root/dream_ws/install/ros2_control_demo_description:/root/dream_ws/install/kr600:/root/dev_ws/install/simple_bot_config:/root/dev_ws/install/movbot_config:/root/dev_ws/install/simple_bot:/root/dev_ws/install/moveit_demo:/root/dev_ws/install/cobot_simulation_config:/root/dev_ws/install/cobot_simulation:/root/dev_ws/install/basic_mobile_robot:/root/dev_ws/install/arm6axis:/opt/ros/humble PYTHONPATH=/root/dream_ws/install/ros2_control_demo_testing/lib/python3.10/site-packages:${PYTHONPATH} /usr/bin/cmake --install /root/dream_ws/build/ros2_control_demo_example_12
