[0.066s] Invoking command in '/root/dream_ws/build/ros2_control_demo_example_2': AMENT_PREFIX_PATH=/root/dream_ws/install/ros2_control_demo_testing:/root/dream_ws/install/ros2_control_demo_description:${AMENT_PREFIX_PATH} CMAKE_PREFIX_PATH=/root/dream_ws/install/ros2_control_demo_description:/root/dream_ws/install/ros2_control_demo_example_7:/root/dream_ws/install/ros2_control_demo_example_2:/root/dream_ws/install/kr600:/root/dev_ws/install/simple_bot_config:/root/dev_ws/install/movbot_config:/root/dev_ws/install/simple_bot:/root/dev_ws/install/moveit_demo:/root/dev_ws/install/cobot_simulation_config:/root/dev_ws/install/cobot_simulation:/root/dev_ws/install/basic_mobile_robot:/root/dev_ws/install/arm6axis:/opt/ros/humble PYTHONPATH=/root/dream_ws/install/ros2_control_demo_testing/lib/python3.10/site-packages:${PYTHONPATH} /usr/bin/cmake /root/dream_ws/src/ros2_control_demos/example_2 -DCMAKE_INSTALL_PREFIX=/root/dream_ws/install/ros2_control_demo_example_2
[0.216s] -- The CXX compiler identification is GNU 11.4.0
[0.233s] -- Detecting CXX compiler ABI info
[0.388s] -- Detecting CXX compiler ABI info - done
[0.411s] -- Check for working CXX compiler: /usr/bin/c++ - skipped
[0.411s] -- Detecting CXX compile features
[0.412s] -- Detecting CXX compile features - done
[0.426s] -- Found ament_cmake: 1.3.10 (/opt/ros/humble/share/ament_cmake/cmake)
[0.763s] -- Found Python3: /usr/bin/python3 (found version "3.10.12") found components: Interpreter 
[1.039s] -- Found hardware_interface: 2.42.0 (/opt/ros/humble/share/hardware_interface/cmake)
[1.157s] -- Found rosidl_generator_c: 3.1.5 (/opt/ros/humble/share/rosidl_generator_c/cmake)
[1.176s] -- Found rosidl_adapter: 3.1.5 (/opt/ros/humble/share/rosidl_adapter/cmake)
[1.202s] -- Found rosidl_generator_cpp: 3.1.5 (/opt/ros/humble/share/rosidl_generator_cpp/cmake)
[1.237s] -- Using all available rosidl_typesupport_c: rosidl_typesupport_fastrtps_c;rosidl_typesupport_introspection_c
[1.290s] -- Using all available rosidl_typesupport_cpp: rosidl_typesupport_fastrtps_cpp;rosidl_typesupport_introspection_cpp
[1.914s] -- Found rmw_implementation_cmake: 6.1.2 (/opt/ros/humble/share/rmw_implementation_cmake/cmake)
[1.924s] -- Found rmw_fastrtps_cpp: 6.2.7 (/opt/ros/humble/share/rmw_fastrtps_cpp/cmake)
[2.013s] -- Found TinyXML2 via Config file: TinyXML2_DIR-NOTFOUND
[2.104s] -- Found OpenSSL: /usr/lib/x86_64-linux-gnu/libcrypto.so (found version "3.0.2")  
[2.110s] -- Found TinyXML2 via Config file: TinyXML2_DIR-NOTFOUND
[2.142s] -- Found FastRTPS: /opt/ros/humble/include  
[2.149s] -- Found TinyXML2 via Config file: TinyXML2_DIR-NOTFOUND
[2.166s] -- Found TinyXML2 via Config file: TinyXML2_DIR-NOTFOUND
[2.186s] -- Using RMW implementation 'rmw_fastrtps_cpp' as default
[2.215s] -- Looking for C++ include pthread.h
[2.384s] -- Looking for C++ include pthread.h - found
[2.384s] -- Performing Test CMAKE_HAVE_LIBC_PTHREAD
[2.546s] -- Performing Test CMAKE_HAVE_LIBC_PTHREAD - Success
[2.548s] -- Found Threads: TRUE  
[2.717s] -- Found ament_cmake_pytest: 1.3.10 (/opt/ros/humble/share/ament_cmake_pytest/cmake)
[4.902s] -- Configuring done
[4.971s] -- Generating done
[4.976s] -- Build files have been written to: /root/dream_ws/build/ros2_control_demo_example_2
[5.013s] Invoked command in '/root/dream_ws/build/ros2_control_demo_example_2' returned '0': AMENT_PREFIX_PATH=/root/dream_ws/install/ros2_control_demo_testing:/root/dream_ws/install/ros2_control_demo_description:${AMENT_PREFIX_PATH} CMAKE_PREFIX_PATH=/root/dream_ws/install/ros2_control_demo_description:/root/dream_ws/install/ros2_control_demo_example_7:/root/dream_ws/install/ros2_control_demo_example_2:/root/dream_ws/install/kr600:/root/dev_ws/install/simple_bot_config:/root/dev_ws/install/movbot_config:/root/dev_ws/install/simple_bot:/root/dev_ws/install/moveit_demo:/root/dev_ws/install/cobot_simulation_config:/root/dev_ws/install/cobot_simulation:/root/dev_ws/install/basic_mobile_robot:/root/dev_ws/install/arm6axis:/opt/ros/humble PYTHONPATH=/root/dream_ws/install/ros2_control_demo_testing/lib/python3.10/site-packages:${PYTHONPATH} /usr/bin/cmake /root/dream_ws/src/ros2_control_demos/example_2 -DCMAKE_INSTALL_PREFIX=/root/dream_ws/install/ros2_control_demo_example_2
[5.014s] Invoking command in '/root/dream_ws/build/ros2_control_demo_example_2': AMENT_PREFIX_PATH=/root/dream_ws/install/ros2_control_demo_testing:/root/dream_ws/install/ros2_control_demo_description:${AMENT_PREFIX_PATH} CMAKE_PREFIX_PATH=/root/dream_ws/install/ros2_control_demo_description:/root/dream_ws/install/ros2_control_demo_example_7:/root/dream_ws/install/ros2_control_demo_example_2:/root/dream_ws/install/kr600:/root/dev_ws/install/simple_bot_config:/root/dev_ws/install/movbot_config:/root/dev_ws/install/simple_bot:/root/dev_ws/install/moveit_demo:/root/dev_ws/install/cobot_simulation_config:/root/dev_ws/install/cobot_simulation:/root/dev_ws/install/basic_mobile_robot:/root/dev_ws/install/arm6axis:/opt/ros/humble PYTHONPATH=/root/dream_ws/install/ros2_control_demo_testing/lib/python3.10/site-packages:${PYTHONPATH} /usr/bin/cmake --build /root/dream_ws/build/ros2_control_demo_example_2 -- -j12 -l12
[5.133s] [ 50%] [32mBuilding CXX object CMakeFiles/ros2_control_demo_example_2.dir/hardware/diffbot_system.cpp.o[0m
[15.842s] [100%] [32m[1mLinking CXX shared library libros2_control_demo_example_2.so[0m
[16.332s] [100%] Built target ros2_control_demo_example_2
[16.379s] Invoked command in '/root/dream_ws/build/ros2_control_demo_example_2' returned '0': AMENT_PREFIX_PATH=/root/dream_ws/install/ros2_control_demo_testing:/root/dream_ws/install/ros2_control_demo_description:${AMENT_PREFIX_PATH} CMAKE_PREFIX_PATH=/root/dream_ws/install/ros2_control_demo_description:/root/dream_ws/install/ros2_control_demo_example_7:/root/dream_ws/install/ros2_control_demo_example_2:/root/dream_ws/install/kr600:/root/dev_ws/install/simple_bot_config:/root/dev_ws/install/movbot_config:/root/dev_ws/install/simple_bot:/root/dev_ws/install/moveit_demo:/root/dev_ws/install/cobot_simulation_config:/root/dev_ws/install/cobot_simulation:/root/dev_ws/install/basic_mobile_robot:/root/dev_ws/install/arm6axis:/opt/ros/humble PYTHONPATH=/root/dream_ws/install/ros2_control_demo_testing/lib/python3.10/site-packages:${PYTHONPATH} /usr/bin/cmake --build /root/dream_ws/build/ros2_control_demo_example_2 -- -j12 -l12
[16.529s] Invoking command in '/root/dream_ws/build/ros2_control_demo_example_2': AMENT_PREFIX_PATH=/root/dream_ws/install/ros2_control_demo_testing:/root/dream_ws/install/ros2_control_demo_description:${AMENT_PREFIX_PATH} CMAKE_PREFIX_PATH=/root/dream_ws/install/ros2_control_demo_description:/root/dream_ws/install/ros2_control_demo_example_7:/root/dream_ws/install/ros2_control_demo_example_2:/root/dream_ws/install/kr600:/root/dev_ws/install/simple_bot_config:/root/dev_ws/install/movbot_config:/root/dev_ws/install/simple_bot:/root/dev_ws/install/moveit_demo:/root/dev_ws/install/cobot_simulation_config:/root/dev_ws/install/cobot_simulation:/root/dev_ws/install/basic_mobile_robot:/root/dev_ws/install/arm6axis:/opt/ros/humble PYTHONPATH=/root/dream_ws/install/ros2_control_demo_testing/lib/python3.10/site-packages:${PYTHONPATH} /usr/bin/cmake --install /root/dream_ws/build/ros2_control_demo_example_2
[16.578s] -- Install configuration: ""
[16.579s] -- Installing: /root/dream_ws/install/ros2_control_demo_example_2/share/ros2_control_demo_example_2/ros2_control_demo_example_2.xml
[16.583s] -- Installing: /root/dream_ws/install/ros2_control_demo_example_2/include/ros2_control_demo_example_2
[16.584s] -- Installing: /root/dream_ws/install/ros2_control_demo_example_2/include/ros2_control_demo_example_2/ros2_control_demo_example_2
[16.584s] -- Installing: /root/dream_ws/install/ros2_control_demo_example_2/include/ros2_control_demo_example_2/ros2_control_demo_example_2/diffbot_system.hpp
[16.584s] -- Installing: /root/dream_ws/install/ros2_control_demo_example_2/share/ros2_control_demo_example_2/launch
[16.584s] -- Installing: /root/dream_ws/install/ros2_control_demo_example_2/share/ros2_control_demo_example_2/launch/view_robot.launch.py
[16.584s] -- Installing: /root/dream_ws/install/ros2_control_demo_example_2/share/ros2_control_demo_example_2/ros2_control
[16.585s] -- Installing: /root/dream_ws/install/ros2_control_demo_example_2/share/ros2_control_demo_example_2/ros2_control/diffbot.ros2_control.xacro
[16.585s] -- Installing: /root/dream_ws/install/ros2_control_demo_example_2/share/ros2_control_demo_example_2/urdf
[16.585s] -- Installing: /root/dream_ws/install/ros2_control_demo_example_2/share/ros2_control_demo_example_2/urdf/diffbot.urdf.xacro
[16.585s] -- Up-to-date: /root/dream_ws/install/ros2_control_demo_example_2/share/ros2_control_demo_example_2/launch
[16.585s] -- Installing: /root/dream_ws/install/ros2_control_demo_example_2/share/ros2_control_demo_example_2/launch/diffbot.launch.py
[16.586s] -- Installing: /root/dream_ws/install/ros2_control_demo_example_2/share/ros2_control_demo_example_2/config
[16.586s] -- Installing: /root/dream_ws/install/ros2_control_demo_example_2/share/ros2_control_demo_example_2/config/diffbot_controllers.yaml
[16.586s] -- Installing: /root/dream_ws/install/ros2_control_demo_example_2/lib/libros2_control_demo_example_2.so
[16.587s] -- Set runtime path of "/root/dream_ws/install/ros2_control_demo_example_2/lib/libros2_control_demo_example_2.so" to ""
[16.587s] -- Installing: /root/dream_ws/install/ros2_control_demo_example_2/share/ros2_control_demo_example_2/environment/library_path.sh
[16.587s] -- Installing: /root/dream_ws/install/ros2_control_demo_example_2/share/ros2_control_demo_example_2/environment/library_path.dsv
[16.587s] -- Installing: /root/dream_ws/install/ros2_control_demo_example_2/share/ament_index/resource_index/package_run_dependencies/ros2_control_demo_example_2
[16.587s] -- Installing: /root/dream_ws/install/ros2_control_demo_example_2/share/ament_index/resource_index/parent_prefix_path/ros2_control_demo_example_2
[16.587s] -- Installing: /root/dream_ws/install/ros2_control_demo_example_2/share/ros2_control_demo_example_2/environment/ament_prefix_path.sh
[16.588s] -- Installing: /root/dream_ws/install/ros2_control_demo_example_2/share/ros2_control_demo_example_2/environment/ament_prefix_path.dsv
[16.588s] -- Installing: /root/dream_ws/install/ros2_control_demo_example_2/share/ros2_control_demo_example_2/environment/path.sh
[16.588s] -- Installing: /root/dream_ws/install/ros2_control_demo_example_2/share/ros2_control_demo_example_2/environment/path.dsv
[16.588s] -- Installing: /root/dream_ws/install/ros2_control_demo_example_2/share/ros2_control_demo_example_2/local_setup.bash
[16.588s] -- Installing: /root/dream_ws/install/ros2_control_demo_example_2/share/ros2_control_demo_example_2/local_setup.sh
[16.589s] -- Installing: /root/dream_ws/install/ros2_control_demo_example_2/share/ros2_control_demo_example_2/local_setup.zsh
[16.589s] -- Installing: /root/dream_ws/install/ros2_control_demo_example_2/share/ros2_control_demo_example_2/local_setup.dsv
[16.589s] -- Installing: /root/dream_ws/install/ros2_control_demo_example_2/share/ros2_control_demo_example_2/package.dsv
[16.589s] -- Installing: /root/dream_ws/install/ros2_control_demo_example_2/share/ament_index/resource_index/packages/ros2_control_demo_example_2
[16.589s] -- Installing: /root/dream_ws/install/ros2_control_demo_example_2/share/ament_index/resource_index/hardware_interface__pluginlib__plugin/ros2_control_demo_example_2
[16.589s] -- Installing: /root/dream_ws/install/ros2_control_demo_example_2/share/ros2_control_demo_example_2/cmake/export_ros2_control_demo_example_2Export.cmake
[16.590s] -- Installing: /root/dream_ws/install/ros2_control_demo_example_2/share/ros2_control_demo_example_2/cmake/export_ros2_control_demo_example_2Export-noconfig.cmake
[16.590s] -- Installing: /root/dream_ws/install/ros2_control_demo_example_2/share/ros2_control_demo_example_2/cmake/ament_cmake_export_targets-extras.cmake
[16.590s] -- Installing: /root/dream_ws/install/ros2_control_demo_example_2/share/ros2_control_demo_example_2/cmake/ament_cmake_export_dependencies-extras.cmake
[16.590s] -- Installing: /root/dream_ws/install/ros2_control_demo_example_2/share/ros2_control_demo_example_2/cmake/ros2_control_demo_example_2Config.cmake
[16.590s] -- Installing: /root/dream_ws/install/ros2_control_demo_example_2/share/ros2_control_demo_example_2/cmake/ros2_control_demo_example_2Config-version.cmake
[16.590s] -- Installing: /root/dream_ws/install/ros2_control_demo_example_2/share/ros2_control_demo_example_2/package.xml
[16.598s] Invoked command in '/root/dream_ws/build/ros2_control_demo_example_2' returned '0': AMENT_PREFIX_PATH=/root/dream_ws/install/ros2_control_demo_testing:/root/dream_ws/install/ros2_control_demo_description:${AMENT_PREFIX_PATH} CMAKE_PREFIX_PATH=/root/dream_ws/install/ros2_control_demo_description:/root/dream_ws/install/ros2_control_demo_example_7:/root/dream_ws/install/ros2_control_demo_example_2:/root/dream_ws/install/kr600:/root/dev_ws/install/simple_bot_config:/root/dev_ws/install/movbot_config:/root/dev_ws/install/simple_bot:/root/dev_ws/install/moveit_demo:/root/dev_ws/install/cobot_simulation_config:/root/dev_ws/install/cobot_simulation:/root/dev_ws/install/basic_mobile_robot:/root/dev_ws/install/arm6axis:/opt/ros/humble PYTHONPATH=/root/dream_ws/install/ros2_control_demo_testing/lib/python3.10/site-packages:${PYTHONPATH} /usr/bin/cmake --install /root/dream_ws/build/ros2_control_demo_example_2
