-- Install configuration: ""
-- Up-to-date: /root/dream_ws/install/kr600/share/kr600/launch
-- Up-to-date: /root/dream_ws/install/kr600/share/kr600/launch/kr600.launch.py
-- Up-to-date: /root/dream_ws/install/kr600/share/kr600/launch/kr600_1.launch.py
-- Up-to-date: /root/dream_ws/install/kr600/share/kr600/meshes
-- Up-to-date: /root/dream_ws/install/kr600/share/kr600/meshes/link6.stl
-- Up-to-date: /root/dream_ws/install/kr600/share/kr600/meshes/base_link.stl
-- Up-to-date: /root/dream_ws/install/kr600/share/kr600/meshes/link4.stl
-- Up-to-date: /root/dream_ws/install/kr600/share/kr600/meshes/link5.stl
-- Up-to-date: /root/dream_ws/install/kr600/share/kr600/meshes/link3.stl
-- Up-to-date: /root/dream_ws/install/kr600/share/kr600/meshes/link2.stl
-- Up-to-date: /root/dream_ws/install/kr600/share/kr600/meshes/description.txt
-- Up-to-date: /root/dream_ws/install/kr600/share/kr600/meshes/link1.stl
-- Up-to-date: /root/dream_ws/install/kr600/share/kr600/rviz
-- Up-to-date: /root/dream_ws/install/kr600/share/kr600/rviz/config.rviz
-- Up-to-date: /root/dream_ws/install/kr600/share/kr600/urdf
-- Up-to-date: /root/dream_ws/install/kr600/share/kr600/urdf/model.urdf.xacro
-- Up-to-date: /root/dream_ws/install/kr600/share/ament_index/resource_index/package_run_dependencies/kr600
-- Up-to-date: /root/dream_ws/install/kr600/share/ament_index/resource_index/parent_prefix_path/kr600
-- Up-to-date: /root/dream_ws/install/kr600/share/kr600/environment/ament_prefix_path.sh
-- Up-to-date: /root/dream_ws/install/kr600/share/kr600/environment/ament_prefix_path.dsv
-- Up-to-date: /root/dream_ws/install/kr600/share/kr600/environment/path.sh
-- Up-to-date: /root/dream_ws/install/kr600/share/kr600/environment/path.dsv
-- Up-to-date: /root/dream_ws/install/kr600/share/kr600/local_setup.bash
-- Up-to-date: /root/dream_ws/install/kr600/share/kr600/local_setup.sh
-- Up-to-date: /root/dream_ws/install/kr600/share/kr600/local_setup.zsh
-- Up-to-date: /root/dream_ws/install/kr600/share/kr600/local_setup.dsv
-- Up-to-date: /root/dream_ws/install/kr600/share/kr600/package.dsv
-- Up-to-date: /root/dream_ws/install/kr600/share/ament_index/resource_index/packages/kr600
-- Up-to-date: /root/dream_ws/install/kr600/share/kr600/cmake/kr600Config.cmake
-- Up-to-date: /root/dream_ws/install/kr600/share/kr600/cmake/kr600Config-version.cmake
-- Up-to-date: /root/dream_ws/install/kr600/share/kr600/package.xml
